{"timestamp":"2025-05-29T18:05:36.411038","level":"info","event":"Filling up the DagBag from /opt/airflow/dags/dag_with_catchup_and_backfill.py","logger":"airflow.models.dagbag.DagBag"}
{"timestamp":"2025-05-29T18:06:06.839817","level":"info","event":"Filling up the DagBag from /opt/airflow/dags/dag_with_catchup_and_backfill.py","logger":"airflow.models.dagbag.DagBag"}
{"timestamp":"2025-05-29T18:06:35.255848","level":"info","event":"Filling up the DagBag from /opt/airflow/dags/dag_with_catchup_and_backfill.py","logger":"airflow.models.dagbag.DagBag"}
{"timestamp":"2025-05-29T18:06:35.257043","level":"error","event":"Failed to import: /opt/airflow/dags/dag_with_catchup_and_backfill.py","logger":"airflow.models.dagbag.DagBag","error_detail":[{"exc_type":"SyntaxError","exc_value":"invalid syntax (dag_with_catchup_and_backfill.py, line 14)","exc_notes":[],"syntax_error":{"offset":0,"filename":"/opt/airflow/dags/dag_with_catchup_and_backfill.py","line":")\n","lineno":14,"msg":"invalid syntax"},"is_cause":false,"frames":[{"filename":"/home/airflow/.local/lib/python3.12/site-packages/airflow/models/dagbag.py","lineno":382,"name":"parse"},{"filename":"<frozen importlib._bootstrap_external>","lineno":995,"name":"exec_module"},{"filename":"<frozen importlib._bootstrap_external>","lineno":1133,"name":"get_code"},{"filename":"<frozen importlib._bootstrap_external>","lineno":1063,"name":"source_to_code"},{"filename":"<frozen importlib._bootstrap>","lineno":488,"name":"_call_with_frames_removed"}]}]}
{"timestamp":"2025-05-29T18:07:05.659392","level":"info","event":"Filling up the DagBag from /opt/airflow/dags/dag_with_catchup_and_backfill.py","logger":"airflow.models.dagbag.DagBag"}
{"timestamp":"2025-05-29T18:07:05.660587","level":"error","event":"Failed to import: /opt/airflow/dags/dag_with_catchup_and_backfill.py","logger":"airflow.models.dagbag.DagBag","error_detail":[{"exc_type":"IndentationError","exc_value":"expected an indented block after function definition on line 15 (dag_with_catchup_and_backfill.py, line 18)","exc_notes":[],"syntax_error":{"offset":1,"filename":"/opt/airflow/dags/dag_with_catchup_and_backfill.py","line":"catchup = catchup()\n","lineno":18,"msg":"expected an indented block after function definition on line 15"},"is_cause":false,"frames":[{"filename":"/home/airflow/.local/lib/python3.12/site-packages/airflow/models/dagbag.py","lineno":382,"name":"parse"},{"filename":"<frozen importlib._bootstrap_external>","lineno":995,"name":"exec_module"},{"filename":"<frozen importlib._bootstrap_external>","lineno":1133,"name":"get_code"},{"filename":"<frozen importlib._bootstrap_external>","lineno":1063,"name":"source_to_code"},{"filename":"<frozen importlib._bootstrap>","lineno":488,"name":"_call_with_frames_removed"}]}]}
{"timestamp":"2025-05-29T18:07:36.072535","level":"info","event":"Filling up the DagBag from /opt/airflow/dags/dag_with_catchup_and_backfill.py","logger":"airflow.models.dagbag.DagBag"}
{"timestamp":"2025-05-29T18:07:36.073758","level":"error","event":"Failed to import: /opt/airflow/dags/dag_with_catchup_and_backfill.py","logger":"airflow.models.dagbag.DagBag","error_detail":[{"exc_type":"IndentationError","exc_value":"expected an indented block after function definition on line 15 (dag_with_catchup_and_backfill.py, line 18)","exc_notes":[],"syntax_error":{"offset":1,"filename":"/opt/airflow/dags/dag_with_catchup_and_backfill.py","line":"catchup = catchup()\n","lineno":18,"msg":"expected an indented block after function definition on line 15"},"is_cause":false,"frames":[{"filename":"/home/airflow/.local/lib/python3.12/site-packages/airflow/models/dagbag.py","lineno":382,"name":"parse"},{"filename":"<frozen importlib._bootstrap_external>","lineno":995,"name":"exec_module"},{"filename":"<frozen importlib._bootstrap_external>","lineno":1133,"name":"get_code"},{"filename":"<frozen importlib._bootstrap_external>","lineno":1063,"name":"source_to_code"},{"filename":"<frozen importlib._bootstrap>","lineno":488,"name":"_call_with_frames_removed"}]}]}
{"timestamp":"2025-05-29T18:07:49.196948","level":"info","event":"Filling up the DagBag from /opt/airflow/dags/dag_with_catchup_and_backfill.py","logger":"airflow.models.dagbag.DagBag"}
{"timestamp":"2025-05-29T18:07:52.276342","level":"info","event":"Filling up the DagBag from /opt/airflow/dags/dag_with_catchup_and_backfill.py","logger":"airflow.models.dagbag.DagBag"}
{"timestamp":"2025-05-29T18:08:00.596369","level":"info","event":"Filling up the DagBag from /opt/airflow/dags/dag_with_catchup_and_backfill.py","logger":"airflow.models.dagbag.DagBag"}
{"timestamp":"2025-05-29T18:08:30.974974","level":"info","event":"Filling up the DagBag from /opt/airflow/dags/dag_with_catchup_and_backfill.py","logger":"airflow.models.dagbag.DagBag"}
{"timestamp":"2025-05-29T18:09:01.361984","level":"info","event":"Filling up the DagBag from /opt/airflow/dags/dag_with_catchup_and_backfill.py","logger":"airflow.models.dagbag.DagBag"}
{"timestamp":"2025-05-29T18:09:04.462600","level":"info","event":"Filling up the DagBag from /opt/airflow/dags/dag_with_catchup_and_backfill.py","logger":"airflow.models.dagbag.DagBag"}
{"timestamp":"2025-05-29T18:09:31.819098","level":"info","event":"Filling up the DagBag from /opt/airflow/dags/dag_with_catchup_and_backfill.py","logger":"airflow.models.dagbag.DagBag"}
{"timestamp":"2025-05-29T18:09:32.922838","level":"info","event":"Filling up the DagBag from /opt/airflow/dags/dag_with_catchup_and_backfill.py","logger":"airflow.models.dagbag.DagBag"}
{"timestamp":"2025-05-29T18:09:56.199070","level":"info","event":"Filling up the DagBag from /opt/airflow/dags/dag_with_catchup_and_backfill.py","logger":"airflow.models.dagbag.DagBag"}
{"timestamp":"2025-05-29T18:10:11.530376","level":"info","event":"Filling up the DagBag from /opt/airflow/dags/dag_with_catchup_and_backfill.py","logger":"airflow.models.dagbag.DagBag"}
{"timestamp":"2025-05-29T18:10:41.945992","level":"info","event":"Filling up the DagBag from /opt/airflow/dags/dag_with_catchup_and_backfill.py","logger":"airflow.models.dagbag.DagBag"}
{"timestamp":"2025-05-29T18:11:12.395504","level":"info","event":"Filling up the DagBag from /opt/airflow/dags/dag_with_catchup_and_backfill.py","logger":"airflow.models.dagbag.DagBag"}
{"timestamp":"2025-05-29T18:11:34.784508","level":"info","event":"Filling up the DagBag from /opt/airflow/dags/dag_with_catchup_and_backfill.py","logger":"airflow.models.dagbag.DagBag"}
{"timestamp":"2025-05-29T18:11:39.873456","level":"info","event":"Filling up the DagBag from /opt/airflow/dags/dag_with_catchup_and_backfill.py","logger":"airflow.models.dagbag.DagBag"}
{"timestamp":"2025-05-29T18:11:51.004406","level":"info","event":"Filling up the DagBag from /opt/airflow/dags/dag_with_catchup_and_backfill.py","logger":"airflow.models.dagbag.DagBag"}
{"timestamp":"2025-05-29T18:12:21.465210","level":"info","event":"Filling up the DagBag from /opt/airflow/dags/dag_with_catchup_and_backfill.py","logger":"airflow.models.dagbag.DagBag"}
{"timestamp":"2025-05-29T18:12:23.551651","level":"info","event":"Filling up the DagBag from /opt/airflow/dags/dag_with_catchup_and_backfill.py","logger":"airflow.models.dagbag.DagBag"}
{"timestamp":"2025-05-29T18:12:54.029085","level":"info","event":"Filling up the DagBag from /opt/airflow/dags/dag_with_catchup_and_backfill.py","logger":"airflow.models.dagbag.DagBag"}
{"timestamp":"2025-05-29T18:13:24.523346","level":"info","event":"Filling up the DagBag from /opt/airflow/dags/dag_with_catchup_and_backfill.py","logger":"airflow.models.dagbag.DagBag"}
{"timestamp":"2025-05-29T18:13:54.989544","level":"info","event":"Filling up the DagBag from /opt/airflow/dags/dag_with_catchup_and_backfill.py","logger":"airflow.models.dagbag.DagBag"}
{"timestamp":"2025-05-29T18:14:25.457353","level":"info","event":"Filling up the DagBag from /opt/airflow/dags/dag_with_catchup_and_backfill.py","logger":"airflow.models.dagbag.DagBag"}
{"timestamp":"2025-05-29T18:14:55.889674","level":"info","event":"Filling up the DagBag from /opt/airflow/dags/dag_with_catchup_and_backfill.py","logger":"airflow.models.dagbag.DagBag"}
{"timestamp":"2025-05-29T18:15:26.343865","level":"info","event":"Filling up the DagBag from /opt/airflow/dags/dag_with_catchup_and_backfill.py","logger":"airflow.models.dagbag.DagBag"}
{"timestamp":"2025-05-29T18:15:56.822240","level":"info","event":"Filling up the DagBag from /opt/airflow/dags/dag_with_catchup_and_backfill.py","logger":"airflow.models.dagbag.DagBag"}
{"timestamp":"2025-05-29T18:16:27.262860","level":"info","event":"Filling up the DagBag from /opt/airflow/dags/dag_with_catchup_and_backfill.py","logger":"airflow.models.dagbag.DagBag"}
{"timestamp":"2025-05-29T18:16:57.695038","level":"info","event":"Filling up the DagBag from /opt/airflow/dags/dag_with_catchup_and_backfill.py","logger":"airflow.models.dagbag.DagBag"}
{"timestamp":"2025-05-29T18:17:28.123914","level":"info","event":"Filling up the DagBag from /opt/airflow/dags/dag_with_catchup_and_backfill.py","logger":"airflow.models.dagbag.DagBag"}
{"timestamp":"2025-05-29T18:17:58.574288","level":"info","event":"Filling up the DagBag from /opt/airflow/dags/dag_with_catchup_and_backfill.py","logger":"airflow.models.dagbag.DagBag"}
{"timestamp":"2025-05-29T18:18:29.014082","level":"info","event":"Filling up the DagBag from /opt/airflow/dags/dag_with_catchup_and_backfill.py","logger":"airflow.models.dagbag.DagBag"}
{"timestamp":"2025-05-29T18:18:59.490213","level":"info","event":"Filling up the DagBag from /opt/airflow/dags/dag_with_catchup_and_backfill.py","logger":"airflow.models.dagbag.DagBag"}
{"timestamp":"2025-05-29T18:19:29.936027","level":"info","event":"Filling up the DagBag from /opt/airflow/dags/dag_with_catchup_and_backfill.py","logger":"airflow.models.dagbag.DagBag"}
{"timestamp":"2025-05-29T18:19:58.338255","level":"info","event":"Filling up the DagBag from /opt/airflow/dags/dag_with_catchup_and_backfill.py","logger":"airflow.models.dagbag.DagBag"}
{"timestamp":"2025-05-29T18:19:58.339544","level":"error","event":"Failed to import: /opt/airflow/dags/dag_with_catchup_and_backfill.py","logger":"airflow.models.dagbag.DagBag","error_detail":[{"exc_type":"SyntaxError","exc_value":"invalid syntax (dag_with_catchup_and_backfill.py, line 20)","exc_notes":[],"syntax_error":{"offset":5,"filename":"/opt/airflow/dags/dag_with_catchup_and_backfill.py","line":"    task1 = BashOperator(\n","lineno":20,"msg":"invalid syntax"},"is_cause":false,"frames":[{"filename":"/home/airflow/.local/lib/python3.12/site-packages/airflow/models/dagbag.py","lineno":382,"name":"parse"},{"filename":"<frozen importlib._bootstrap_external>","lineno":995,"name":"exec_module"},{"filename":"<frozen importlib._bootstrap_external>","lineno":1133,"name":"get_code"},{"filename":"<frozen importlib._bootstrap_external>","lineno":1063,"name":"source_to_code"},{"filename":"<frozen importlib._bootstrap>","lineno":488,"name":"_call_with_frames_removed"}]}]}
{"timestamp":"2025-05-29T18:20:00.401569","level":"info","event":"Filling up the DagBag from /opt/airflow/dags/dag_with_catchup_and_backfill.py","logger":"airflow.models.dagbag.DagBag"}
{"timestamp":"2025-05-29T18:20:00.402838","level":"error","event":"Failed to import: /opt/airflow/dags/dag_with_catchup_and_backfill.py","logger":"airflow.models.dagbag.DagBag","error_detail":[{"exc_type":"IndentationError","exc_value":"unexpected indent (dag_with_catchup_and_backfill.py, line 20)","exc_notes":[],"syntax_error":{"offset":5,"filename":"/opt/airflow/dags/dag_with_catchup_and_backfill.py","line":"     = BashOperator(\n","lineno":20,"msg":"unexpected indent"},"is_cause":false,"frames":[{"filename":"/home/airflow/.local/lib/python3.12/site-packages/airflow/models/dagbag.py","lineno":382,"name":"parse"},{"filename":"<frozen importlib._bootstrap_external>","lineno":995,"name":"exec_module"},{"filename":"<frozen importlib._bootstrap_external>","lineno":1133,"name":"get_code"},{"filename":"<frozen importlib._bootstrap_external>","lineno":1063,"name":"source_to_code"},{"filename":"<frozen importlib._bootstrap>","lineno":488,"name":"_call_with_frames_removed"}]}]}
{"timestamp":"2025-05-29T18:20:01.460643","level":"info","event":"Filling up the DagBag from /opt/airflow/dags/dag_with_catchup_and_backfill.py","logger":"airflow.models.dagbag.DagBag"}
{"timestamp":"2025-05-29T18:20:01.461917","level":"error","event":"Failed to import: /opt/airflow/dags/dag_with_catchup_and_backfill.py","logger":"airflow.models.dagbag.DagBag","error_detail":[{"exc_type":"SyntaxError","exc_value":"invalid syntax (dag_with_catchup_and_backfill.py, line 20)","exc_notes":[],"syntax_error":{"offset":5,"filename":"/opt/airflow/dags/dag_with_catchup_and_backfill.py","line":"    BashOperator(\n","lineno":20,"msg":"invalid syntax"},"is_cause":false,"frames":[{"filename":"/home/airflow/.local/lib/python3.12/site-packages/airflow/models/dagbag.py","lineno":382,"name":"parse"},{"filename":"<frozen importlib._bootstrap_external>","lineno":995,"name":"exec_module"},{"filename":"<frozen importlib._bootstrap_external>","lineno":1133,"name":"get_code"},{"filename":"<frozen importlib._bootstrap_external>","lineno":1063,"name":"source_to_code"},{"filename":"<frozen importlib._bootstrap>","lineno":488,"name":"_call_with_frames_removed"}]}]}
{"timestamp":"2025-05-29T18:20:08.553052","level":"info","event":"Filling up the DagBag from /opt/airflow/dags/dag_with_catchup_and_backfill.py","logger":"airflow.models.dagbag.DagBag"}
{"timestamp":"2025-05-29T18:20:08.554351","level":"error","event":"Failed to import: /opt/airflow/dags/dag_with_catchup_and_backfill.py","logger":"airflow.models.dagbag.DagBag","error_detail":[{"exc_type":"IndentationError","exc_value":"unexpected indent (dag_with_catchup_and_backfill.py, line 20)","exc_notes":[],"syntax_error":{"offset":5,"filename":"/opt/airflow/dags/dag_with_catchup_and_backfill.py","line":"     = BashOperator(\n","lineno":20,"msg":"unexpected indent"},"is_cause":false,"frames":[{"filename":"/home/airflow/.local/lib/python3.12/site-packages/airflow/models/dagbag.py","lineno":382,"name":"parse"},{"filename":"<frozen importlib._bootstrap_external>","lineno":995,"name":"exec_module"},{"filename":"<frozen importlib._bootstrap_external>","lineno":1133,"name":"get_code"},{"filename":"<frozen importlib._bootstrap_external>","lineno":1063,"name":"source_to_code"},{"filename":"<frozen importlib._bootstrap>","lineno":488,"name":"_call_with_frames_removed"}]}]}
{"timestamp":"2025-05-29T18:20:09.653574","level":"info","event":"Filling up the DagBag from /opt/airflow/dags/dag_with_catchup_and_backfill.py","logger":"airflow.models.dagbag.DagBag"}
{"timestamp":"2025-05-29T18:20:09.654969","level":"error","event":"Failed to import: /opt/airflow/dags/dag_with_catchup_and_backfill.py","logger":"airflow.models.dagbag.DagBag","error_detail":[{"exc_type":"SyntaxError","exc_value":"invalid syntax (dag_with_catchup_and_backfill.py, line 20)","exc_notes":[],"syntax_error":{"offset":5,"filename":"/opt/airflow/dags/dag_with_catchup_and_backfill.py","line":"    task1 = BashOperator(\n","lineno":20,"msg":"invalid syntax"},"is_cause":false,"frames":[{"filename":"/home/airflow/.local/lib/python3.12/site-packages/airflow/models/dagbag.py","lineno":382,"name":"parse"},{"filename":"<frozen importlib._bootstrap_external>","lineno":995,"name":"exec_module"},{"filename":"<frozen importlib._bootstrap_external>","lineno":1133,"name":"get_code"},{"filename":"<frozen importlib._bootstrap_external>","lineno":1063,"name":"source_to_code"},{"filename":"<frozen importlib._bootstrap>","lineno":488,"name":"_call_with_frames_removed"}]}]}
{"timestamp":"2025-05-29T18:20:10.750987","level":"info","event":"Filling up the DagBag from /opt/airflow/dags/dag_with_catchup_and_backfill.py","logger":"airflow.models.dagbag.DagBag"}
{"timestamp":"2025-05-29T18:20:24.958010","level":"info","event":"Filling up the DagBag from /opt/airflow/dags/dag_with_catchup_and_backfill.py","logger":"airflow.models.dagbag.DagBag"}
{"timestamp":"2025-05-29T18:20:24.959291","level":"error","event":"Failed to import: /opt/airflow/dags/dag_with_catchup_and_backfill.py","logger":"airflow.models.dagbag.DagBag","error_detail":[{"exc_type":"SyntaxError","exc_value":"invalid syntax (dag_with_catchup_and_backfill.py, line 20)","exc_notes":[],"syntax_error":{"offset":5,"filename":"/opt/airflow/dags/dag_with_catchup_and_backfill.py","line":"    task1 = BashOperator(\n","lineno":20,"msg":"invalid syntax"},"is_cause":false,"frames":[{"filename":"/home/airflow/.local/lib/python3.12/site-packages/airflow/models/dagbag.py","lineno":382,"name":"parse"},{"filename":"<frozen importlib._bootstrap_external>","lineno":995,"name":"exec_module"},{"filename":"<frozen importlib._bootstrap_external>","lineno":1133,"name":"get_code"},{"filename":"<frozen importlib._bootstrap_external>","lineno":1063,"name":"source_to_code"},{"filename":"<frozen importlib._bootstrap>","lineno":488,"name":"_call_with_frames_removed"}]}]}
{"timestamp":"2025-05-29T18:20:36.081047","level":"info","event":"Filling up the DagBag from /opt/airflow/dags/dag_with_catchup_and_backfill.py","logger":"airflow.models.dagbag.DagBag"}
{"timestamp":"2025-05-29T18:20:36.082294","level":"error","event":"Failed to import: /opt/airflow/dags/dag_with_catchup_and_backfill.py","logger":"airflow.models.dagbag.DagBag","error_detail":[{"exc_type":"SyntaxError","exc_value":"expected '(' (dag_with_catchup_and_backfill.py, line 20)","exc_notes":[],"syntax_error":{"offset":22,"filename":"/opt/airflow/dags/dag_with_catchup_and_backfill.py","line":"    def BashOperator task1 (\n","lineno":20,"msg":"expected '('"},"is_cause":false,"frames":[{"filename":"/home/airflow/.local/lib/python3.12/site-packages/airflow/models/dagbag.py","lineno":382,"name":"parse"},{"filename":"<frozen importlib._bootstrap_external>","lineno":995,"name":"exec_module"},{"filename":"<frozen importlib._bootstrap_external>","lineno":1133,"name":"get_code"},{"filename":"<frozen importlib._bootstrap_external>","lineno":1063,"name":"source_to_code"},{"filename":"<frozen importlib._bootstrap>","lineno":488,"name":"_call_with_frames_removed"}]}]}
{"timestamp":"2025-05-29T18:21:06.514719","level":"info","event":"Filling up the DagBag from /opt/airflow/dags/dag_with_catchup_and_backfill.py","logger":"airflow.models.dagbag.DagBag"}
{"timestamp":"2025-05-29T18:21:06.515942","level":"error","event":"Failed to import: /opt/airflow/dags/dag_with_catchup_and_backfill.py","logger":"airflow.models.dagbag.DagBag","error_detail":[{"exc_type":"SyntaxError","exc_value":"expected '(' (dag_with_catchup_and_backfill.py, line 20)","exc_notes":[],"syntax_error":{"offset":22,"filename":"/opt/airflow/dags/dag_with_catchup_and_backfill.py","line":"    def BashOperator task1 (\n","lineno":20,"msg":"expected '('"},"is_cause":false,"frames":[{"filename":"/home/airflow/.local/lib/python3.12/site-packages/airflow/models/dagbag.py","lineno":382,"name":"parse"},{"filename":"<frozen importlib._bootstrap_external>","lineno":995,"name":"exec_module"},{"filename":"<frozen importlib._bootstrap_external>","lineno":1133,"name":"get_code"},{"filename":"<frozen importlib._bootstrap_external>","lineno":1063,"name":"source_to_code"},{"filename":"<frozen importlib._bootstrap>","lineno":488,"name":"_call_with_frames_removed"}]}]}
{"timestamp":"2025-05-29T18:21:36.927123","level":"info","event":"Filling up the DagBag from /opt/airflow/dags/dag_with_catchup_and_backfill.py","logger":"airflow.models.dagbag.DagBag"}
{"timestamp":"2025-05-29T18:21:36.928303","level":"error","event":"Failed to import: /opt/airflow/dags/dag_with_catchup_and_backfill.py","logger":"airflow.models.dagbag.DagBag","error_detail":[{"exc_type":"SyntaxError","exc_value":"expected '(' (dag_with_catchup_and_backfill.py, line 20)","exc_notes":[],"syntax_error":{"offset":22,"filename":"/opt/airflow/dags/dag_with_catchup_and_backfill.py","line":"    def BashOperator task1 (\n","lineno":20,"msg":"expected '('"},"is_cause":false,"frames":[{"filename":"/home/airflow/.local/lib/python3.12/site-packages/airflow/models/dagbag.py","lineno":382,"name":"parse"},{"filename":"<frozen importlib._bootstrap_external>","lineno":995,"name":"exec_module"},{"filename":"<frozen importlib._bootstrap_external>","lineno":1133,"name":"get_code"},{"filename":"<frozen importlib._bootstrap_external>","lineno":1063,"name":"source_to_code"},{"filename":"<frozen importlib._bootstrap>","lineno":488,"name":"_call_with_frames_removed"}]}]}
{"timestamp":"2025-05-29T18:21:49.234220","level":"info","event":"Filling up the DagBag from /opt/airflow/dags/dag_with_catchup_and_backfill.py","logger":"airflow.models.dagbag.DagBag"}
{"timestamp":"2025-05-29T18:21:49.235503","level":"error","event":"Failed to import: /opt/airflow/dags/dag_with_catchup_and_backfill.py","logger":"airflow.models.dagbag.DagBag","error_detail":[{"exc_type":"SyntaxError","exc_value":"invalid syntax (dag_with_catchup_and_backfill.py, line 20)","exc_notes":[],"syntax_error":{"offset":5,"filename":"/opt/airflow/dags/dag_with_catchup_and_backfill.py","line":"    task1 = BashOperator(\n","lineno":20,"msg":"invalid syntax"},"is_cause":false,"frames":[{"filename":"/home/airflow/.local/lib/python3.12/site-packages/airflow/models/dagbag.py","lineno":382,"name":"parse"},{"filename":"<frozen importlib._bootstrap_external>","lineno":995,"name":"exec_module"},{"filename":"<frozen importlib._bootstrap_external>","lineno":1133,"name":"get_code"},{"filename":"<frozen importlib._bootstrap_external>","lineno":1063,"name":"source_to_code"},{"filename":"<frozen importlib._bootstrap>","lineno":488,"name":"_call_with_frames_removed"}]}]}
{"timestamp":"2025-05-29T18:21:50.288680","level":"info","event":"Filling up the DagBag from /opt/airflow/dags/dag_with_catchup_and_backfill.py","logger":"airflow.models.dagbag.DagBag"}
{"timestamp":"2025-05-29T18:21:55.379406","level":"info","event":"Filling up the DagBag from /opt/airflow/dags/dag_with_catchup_and_backfill.py","logger":"airflow.models.dagbag.DagBag"}
{"timestamp":"2025-05-29T18:22:03.514253","level":"info","event":"Filling up the DagBag from /opt/airflow/dags/dag_with_catchup_and_backfill.py","logger":"airflow.models.dagbag.DagBag"}
{"timestamp":"2025-05-29T18:22:03.515523","level":"error","event":"Failed to import: /opt/airflow/dags/dag_with_catchup_and_backfill.py","logger":"airflow.models.dagbag.DagBag","error_detail":[{"exc_type":"SyntaxError","exc_value":"trailing comma not allowed without surrounding parentheses (dag_with_catchup_and_backfill.py, line 1)","exc_notes":[],"syntax_error":{"offset":37,"filename":"/opt/airflow/dags/dag_with_catchup_and_backfill.py","line":"from airflow.decorators import dag, \n","lineno":1,"msg":"trailing comma not allowed without surrounding parentheses"},"is_cause":false,"frames":[{"filename":"/home/airflow/.local/lib/python3.12/site-packages/airflow/models/dagbag.py","lineno":382,"name":"parse"},{"filename":"<frozen importlib._bootstrap_external>","lineno":995,"name":"exec_module"},{"filename":"<frozen importlib._bootstrap_external>","lineno":1133,"name":"get_code"},{"filename":"<frozen importlib._bootstrap_external>","lineno":1063,"name":"source_to_code"},{"filename":"<frozen importlib._bootstrap>","lineno":488,"name":"_call_with_frames_removed"}]}]}
{"timestamp":"2025-05-29T18:22:04.572398","level":"info","event":"Filling up the DagBag from /opt/airflow/dags/dag_with_catchup_and_backfill.py","logger":"airflow.models.dagbag.DagBag"}
{"timestamp":"2025-05-29T18:22:35.028576","level":"info","event":"Filling up the DagBag from /opt/airflow/dags/dag_with_catchup_and_backfill.py","logger":"airflow.models.dagbag.DagBag"}
{"timestamp":"2025-05-29T18:23:05.449330","level":"info","event":"Filling up the DagBag from /opt/airflow/dags/dag_with_catchup_and_backfill.py","logger":"airflow.models.dagbag.DagBag"}
{"timestamp":"2025-05-29T18:23:35.882392","level":"info","event":"Filling up the DagBag from /opt/airflow/dags/dag_with_catchup_and_backfill.py","logger":"airflow.models.dagbag.DagBag"}
{"timestamp":"2025-05-29T18:24:06.325829","level":"info","event":"Filling up the DagBag from /opt/airflow/dags/dag_with_catchup_and_backfill.py","logger":"airflow.models.dagbag.DagBag"}
{"timestamp":"2025-05-29T18:24:36.771486","level":"info","event":"Filling up the DagBag from /opt/airflow/dags/dag_with_catchup_and_backfill.py","logger":"airflow.models.dagbag.DagBag"}
{"timestamp":"2025-05-29T18:25:07.207078","level":"info","event":"Filling up the DagBag from /opt/airflow/dags/dag_with_catchup_and_backfill.py","logger":"airflow.models.dagbag.DagBag"}
{"timestamp":"2025-05-29T18:25:37.661210","level":"info","event":"Filling up the DagBag from /opt/airflow/dags/dag_with_catchup_and_backfill.py","logger":"airflow.models.dagbag.DagBag"}
{"timestamp":"2025-05-29T18:26:08.174089","level":"info","event":"Filling up the DagBag from /opt/airflow/dags/dag_with_catchup_and_backfill.py","logger":"airflow.models.dagbag.DagBag"}
{"timestamp":"2025-05-29T18:26:38.825042","level":"info","event":"Filling up the DagBag from /opt/airflow/dags/dag_with_catchup_and_backfill.py","logger":"airflow.models.dagbag.DagBag"}
{"timestamp":"2025-05-29T18:27:09.370975","level":"info","event":"Filling up the DagBag from /opt/airflow/dags/dag_with_catchup_and_backfill.py","logger":"airflow.models.dagbag.DagBag"}
{"timestamp":"2025-05-29T18:27:39.927518","level":"info","event":"Filling up the DagBag from /opt/airflow/dags/dag_with_catchup_and_backfill.py","logger":"airflow.models.dagbag.DagBag"}
{"timestamp":"2025-05-29T18:28:10.472368","level":"info","event":"Filling up the DagBag from /opt/airflow/dags/dag_with_catchup_and_backfill.py","logger":"airflow.models.dagbag.DagBag"}
{"timestamp":"2025-05-29T18:28:41.000567","level":"info","event":"Filling up the DagBag from /opt/airflow/dags/dag_with_catchup_and_backfill.py","logger":"airflow.models.dagbag.DagBag"}
{"timestamp":"2025-05-29T18:29:05.518464","level":"info","event":"Filling up the DagBag from /opt/airflow/dags/dag_with_catchup_and_backfill.py","logger":"airflow.models.dagbag.DagBag"}
{"timestamp":"2025-05-29T18:29:36.275150","level":"info","event":"Filling up the DagBag from /opt/airflow/dags/dag_with_catchup_and_backfill.py","logger":"airflow.models.dagbag.DagBag"}
{"timestamp":"2025-05-29T18:30:06.933003","level":"info","event":"Filling up the DagBag from /opt/airflow/dags/dag_with_catchup_and_backfill.py","logger":"airflow.models.dagbag.DagBag"}
{"timestamp":"2025-05-29T18:30:37.477477","level":"info","event":"Filling up the DagBag from /opt/airflow/dags/dag_with_catchup_and_backfill.py","logger":"airflow.models.dagbag.DagBag"}
{"timestamp":"2025-05-29T18:31:08.067487","level":"info","event":"Filling up the DagBag from /opt/airflow/dags/dag_with_catchup_and_backfill.py","logger":"airflow.models.dagbag.DagBag"}
{"timestamp":"2025-05-29T18:31:38.733627","level":"info","event":"Filling up the DagBag from /opt/airflow/dags/dag_with_catchup_and_backfill.py","logger":"airflow.models.dagbag.DagBag"}
{"timestamp":"2025-05-29T18:32:09.267149","level":"info","event":"Filling up the DagBag from /opt/airflow/dags/dag_with_catchup_and_backfill.py","logger":"airflow.models.dagbag.DagBag"}
{"timestamp":"2025-05-29T18:32:39.787721","level":"info","event":"Filling up the DagBag from /opt/airflow/dags/dag_with_catchup_and_backfill.py","logger":"airflow.models.dagbag.DagBag"}
{"timestamp":"2025-05-29T18:33:10.300122","level":"info","event":"Filling up the DagBag from /opt/airflow/dags/dag_with_catchup_and_backfill.py","logger":"airflow.models.dagbag.DagBag"}
{"timestamp":"2025-05-29T18:33:40.849638","level":"info","event":"Filling up the DagBag from /opt/airflow/dags/dag_with_catchup_and_backfill.py","logger":"airflow.models.dagbag.DagBag"}
{"timestamp":"2025-05-29T18:34:11.464284","level":"info","event":"Filling up the DagBag from /opt/airflow/dags/dag_with_catchup_and_backfill.py","logger":"airflow.models.dagbag.DagBag"}
{"timestamp":"2025-05-29T18:34:41.995900","level":"info","event":"Filling up the DagBag from /opt/airflow/dags/dag_with_catchup_and_backfill.py","logger":"airflow.models.dagbag.DagBag"}
{"timestamp":"2025-05-29T18:35:12.612677","level":"info","event":"Filling up the DagBag from /opt/airflow/dags/dag_with_catchup_and_backfill.py","logger":"airflow.models.dagbag.DagBag"}
{"timestamp":"2025-05-29T18:35:43.183872","level":"info","event":"Filling up the DagBag from /opt/airflow/dags/dag_with_catchup_and_backfill.py","logger":"airflow.models.dagbag.DagBag"}
{"timestamp":"2025-05-29T18:36:13.730918","level":"info","event":"Filling up the DagBag from /opt/airflow/dags/dag_with_catchup_and_backfill.py","logger":"airflow.models.dagbag.DagBag"}
{"timestamp":"2025-05-29T18:36:44.234851","level":"info","event":"Filling up the DagBag from /opt/airflow/dags/dag_with_catchup_and_backfill.py","logger":"airflow.models.dagbag.DagBag"}
{"timestamp":"2025-05-29T18:37:14.733833","level":"info","event":"Filling up the DagBag from /opt/airflow/dags/dag_with_catchup_and_backfill.py","logger":"airflow.models.dagbag.DagBag"}
{"timestamp":"2025-05-29T18:37:45.253166","level":"info","event":"Filling up the DagBag from /opt/airflow/dags/dag_with_catchup_and_backfill.py","logger":"airflow.models.dagbag.DagBag"}
{"timestamp":"2025-05-29T18:38:15.757474","level":"info","event":"Filling up the DagBag from /opt/airflow/dags/dag_with_catchup_and_backfill.py","logger":"airflow.models.dagbag.DagBag"}
{"timestamp":"2025-05-29T18:38:46.269507","level":"info","event":"Filling up the DagBag from /opt/airflow/dags/dag_with_catchup_and_backfill.py","logger":"airflow.models.dagbag.DagBag"}
{"timestamp":"2025-05-29T18:39:16.763696","level":"info","event":"Filling up the DagBag from /opt/airflow/dags/dag_with_catchup_and_backfill.py","logger":"airflow.models.dagbag.DagBag"}
{"timestamp":"2025-05-29T18:39:47.272760","level":"info","event":"Filling up the DagBag from /opt/airflow/dags/dag_with_catchup_and_backfill.py","logger":"airflow.models.dagbag.DagBag"}
{"timestamp":"2025-05-29T18:40:17.814842","level":"info","event":"Filling up the DagBag from /opt/airflow/dags/dag_with_catchup_and_backfill.py","logger":"airflow.models.dagbag.DagBag"}
{"timestamp":"2025-05-29T18:40:48.304199","level":"info","event":"Filling up the DagBag from /opt/airflow/dags/dag_with_catchup_and_backfill.py","logger":"airflow.models.dagbag.DagBag"}
{"timestamp":"2025-05-29T18:41:18.825528","level":"info","event":"Filling up the DagBag from /opt/airflow/dags/dag_with_catchup_and_backfill.py","logger":"airflow.models.dagbag.DagBag"}
{"timestamp":"2025-05-29T18:41:49.362477","level":"info","event":"Filling up the DagBag from /opt/airflow/dags/dag_with_catchup_and_backfill.py","logger":"airflow.models.dagbag.DagBag"}
{"timestamp":"2025-05-29T18:42:19.925325","level":"info","event":"Filling up the DagBag from /opt/airflow/dags/dag_with_catchup_and_backfill.py","logger":"airflow.models.dagbag.DagBag"}
{"timestamp":"2025-05-29T18:42:50.405600","level":"info","event":"Filling up the DagBag from /opt/airflow/dags/dag_with_catchup_and_backfill.py","logger":"airflow.models.dagbag.DagBag"}
{"timestamp":"2025-05-29T18:43:20.955864","level":"info","event":"Filling up the DagBag from /opt/airflow/dags/dag_with_catchup_and_backfill.py","logger":"airflow.models.dagbag.DagBag"}
{"timestamp":"2025-05-29T18:43:51.434378","level":"info","event":"Filling up the DagBag from /opt/airflow/dags/dag_with_catchup_and_backfill.py","logger":"airflow.models.dagbag.DagBag"}
{"timestamp":"2025-05-29T18:44:21.974777","level":"info","event":"Filling up the DagBag from /opt/airflow/dags/dag_with_catchup_and_backfill.py","logger":"airflow.models.dagbag.DagBag"}
{"timestamp":"2025-05-29T18:44:52.508334","level":"info","event":"Filling up the DagBag from /opt/airflow/dags/dag_with_catchup_and_backfill.py","logger":"airflow.models.dagbag.DagBag"}
{"timestamp":"2025-05-29T18:45:23.048148","level":"info","event":"Filling up the DagBag from /opt/airflow/dags/dag_with_catchup_and_backfill.py","logger":"airflow.models.dagbag.DagBag"}
{"timestamp":"2025-05-29T18:45:53.624481","level":"info","event":"Filling up the DagBag from /opt/airflow/dags/dag_with_catchup_and_backfill.py","logger":"airflow.models.dagbag.DagBag"}
{"timestamp":"2025-05-29T18:46:24.172422","level":"info","event":"Filling up the DagBag from /opt/airflow/dags/dag_with_catchup_and_backfill.py","logger":"airflow.models.dagbag.DagBag"}
{"timestamp":"2025-05-29T18:46:54.677631","level":"info","event":"Filling up the DagBag from /opt/airflow/dags/dag_with_catchup_and_backfill.py","logger":"airflow.models.dagbag.DagBag"}
{"timestamp":"2025-05-29T18:47:25.223648","level":"info","event":"Filling up the DagBag from /opt/airflow/dags/dag_with_catchup_and_backfill.py","logger":"airflow.models.dagbag.DagBag"}
{"timestamp":"2025-05-29T18:47:55.755576","level":"info","event":"Filling up the DagBag from /opt/airflow/dags/dag_with_catchup_and_backfill.py","logger":"airflow.models.dagbag.DagBag"}
{"timestamp":"2025-05-29T18:48:26.289816","level":"info","event":"Filling up the DagBag from /opt/airflow/dags/dag_with_catchup_and_backfill.py","logger":"airflow.models.dagbag.DagBag"}
{"timestamp":"2025-05-29T18:48:56.788430","level":"info","event":"Filling up the DagBag from /opt/airflow/dags/dag_with_catchup_and_backfill.py","logger":"airflow.models.dagbag.DagBag"}
{"timestamp":"2025-05-29T18:49:27.298371","level":"info","event":"Filling up the DagBag from /opt/airflow/dags/dag_with_catchup_and_backfill.py","logger":"airflow.models.dagbag.DagBag"}
{"timestamp":"2025-05-29T18:49:57.873159","level":"info","event":"Filling up the DagBag from /opt/airflow/dags/dag_with_catchup_and_backfill.py","logger":"airflow.models.dagbag.DagBag"}
{"timestamp":"2025-05-29T18:50:28.405684","level":"info","event":"Filling up the DagBag from /opt/airflow/dags/dag_with_catchup_and_backfill.py","logger":"airflow.models.dagbag.DagBag"}
{"timestamp":"2025-05-29T18:50:58.920606","level":"info","event":"Filling up the DagBag from /opt/airflow/dags/dag_with_catchup_and_backfill.py","logger":"airflow.models.dagbag.DagBag"}
{"timestamp":"2025-05-29T18:51:29.482639","level":"info","event":"Filling up the DagBag from /opt/airflow/dags/dag_with_catchup_and_backfill.py","logger":"airflow.models.dagbag.DagBag"}
{"timestamp":"2025-05-29T18:52:00.022564","level":"info","event":"Filling up the DagBag from /opt/airflow/dags/dag_with_catchup_and_backfill.py","logger":"airflow.models.dagbag.DagBag"}
{"timestamp":"2025-05-29T18:52:30.599512","level":"info","event":"Filling up the DagBag from /opt/airflow/dags/dag_with_catchup_and_backfill.py","logger":"airflow.models.dagbag.DagBag"}
{"timestamp":"2025-05-29T18:53:01.140599","level":"info","event":"Filling up the DagBag from /opt/airflow/dags/dag_with_catchup_and_backfill.py","logger":"airflow.models.dagbag.DagBag"}
{"timestamp":"2025-05-29T18:53:31.644658","level":"info","event":"Filling up the DagBag from /opt/airflow/dags/dag_with_catchup_and_backfill.py","logger":"airflow.models.dagbag.DagBag"}
{"timestamp":"2025-05-29T18:54:02.207412","level":"info","event":"Filling up the DagBag from /opt/airflow/dags/dag_with_catchup_and_backfill.py","logger":"airflow.models.dagbag.DagBag"}
{"timestamp":"2025-05-29T18:54:32.755488","level":"info","event":"Filling up the DagBag from /opt/airflow/dags/dag_with_catchup_and_backfill.py","logger":"airflow.models.dagbag.DagBag"}
{"timestamp":"2025-05-29T18:55:03.291539","level":"info","event":"Filling up the DagBag from /opt/airflow/dags/dag_with_catchup_and_backfill.py","logger":"airflow.models.dagbag.DagBag"}
{"timestamp":"2025-05-29T18:55:33.817047","level":"info","event":"Filling up the DagBag from /opt/airflow/dags/dag_with_catchup_and_backfill.py","logger":"airflow.models.dagbag.DagBag"}
{"timestamp":"2025-05-29T18:56:04.354976","level":"info","event":"Filling up the DagBag from /opt/airflow/dags/dag_with_catchup_and_backfill.py","logger":"airflow.models.dagbag.DagBag"}
{"timestamp":"2025-05-29T18:56:34.887464","level":"info","event":"Filling up the DagBag from /opt/airflow/dags/dag_with_catchup_and_backfill.py","logger":"airflow.models.dagbag.DagBag"}
{"timestamp":"2025-05-29T18:57:05.415242","level":"info","event":"Filling up the DagBag from /opt/airflow/dags/dag_with_catchup_and_backfill.py","logger":"airflow.models.dagbag.DagBag"}
{"timestamp":"2025-05-29T18:57:35.952348","level":"info","event":"Filling up the DagBag from /opt/airflow/dags/dag_with_catchup_and_backfill.py","logger":"airflow.models.dagbag.DagBag"}
{"timestamp":"2025-05-29T18:58:06.487624","level":"info","event":"Filling up the DagBag from /opt/airflow/dags/dag_with_catchup_and_backfill.py","logger":"airflow.models.dagbag.DagBag"}
{"timestamp":"2025-05-29T18:58:37.065470","level":"info","event":"Filling up the DagBag from /opt/airflow/dags/dag_with_catchup_and_backfill.py","logger":"airflow.models.dagbag.DagBag"}
{"timestamp":"2025-05-29T18:59:07.601104","level":"info","event":"Filling up the DagBag from /opt/airflow/dags/dag_with_catchup_and_backfill.py","logger":"airflow.models.dagbag.DagBag"}
{"timestamp":"2025-05-29T18:59:38.098406","level":"info","event":"Filling up the DagBag from /opt/airflow/dags/dag_with_catchup_and_backfill.py","logger":"airflow.models.dagbag.DagBag"}
{"timestamp":"2025-05-29T19:00:08.638432","level":"info","event":"Filling up the DagBag from /opt/airflow/dags/dag_with_catchup_and_backfill.py","logger":"airflow.models.dagbag.DagBag"}
{"timestamp":"2025-05-29T19:00:39.147143","level":"info","event":"Filling up the DagBag from /opt/airflow/dags/dag_with_catchup_and_backfill.py","logger":"airflow.models.dagbag.DagBag"}
{"timestamp":"2025-05-29T19:01:09.684060","level":"info","event":"Filling up the DagBag from /opt/airflow/dags/dag_with_catchup_and_backfill.py","logger":"airflow.models.dagbag.DagBag"}
{"timestamp":"2025-05-29T19:01:40.206323","level":"info","event":"Filling up the DagBag from /opt/airflow/dags/dag_with_catchup_and_backfill.py","logger":"airflow.models.dagbag.DagBag"}
{"timestamp":"2025-05-29T19:02:10.758468","level":"info","event":"Filling up the DagBag from /opt/airflow/dags/dag_with_catchup_and_backfill.py","logger":"airflow.models.dagbag.DagBag"}
{"timestamp":"2025-05-29T19:02:41.277207","level":"info","event":"Filling up the DagBag from /opt/airflow/dags/dag_with_catchup_and_backfill.py","logger":"airflow.models.dagbag.DagBag"}
{"timestamp":"2025-05-29T19:03:11.767973","level":"info","event":"Filling up the DagBag from /opt/airflow/dags/dag_with_catchup_and_backfill.py","logger":"airflow.models.dagbag.DagBag"}
{"timestamp":"2025-05-29T19:03:42.304196","level":"info","event":"Filling up the DagBag from /opt/airflow/dags/dag_with_catchup_and_backfill.py","logger":"airflow.models.dagbag.DagBag"}
{"timestamp":"2025-05-29T19:04:12.826446","level":"info","event":"Filling up the DagBag from /opt/airflow/dags/dag_with_catchup_and_backfill.py","logger":"airflow.models.dagbag.DagBag"}
{"timestamp":"2025-05-29T19:04:43.316370","level":"info","event":"Filling up the DagBag from /opt/airflow/dags/dag_with_catchup_and_backfill.py","logger":"airflow.models.dagbag.DagBag"}
{"timestamp":"2025-05-29T19:05:13.854165","level":"info","event":"Filling up the DagBag from /opt/airflow/dags/dag_with_catchup_and_backfill.py","logger":"airflow.models.dagbag.DagBag"}
{"timestamp":"2025-05-29T19:05:44.373255","level":"info","event":"Filling up the DagBag from /opt/airflow/dags/dag_with_catchup_and_backfill.py","logger":"airflow.models.dagbag.DagBag"}
{"timestamp":"2025-05-29T19:06:14.866185","level":"info","event":"Filling up the DagBag from /opt/airflow/dags/dag_with_catchup_and_backfill.py","logger":"airflow.models.dagbag.DagBag"}
{"timestamp":"2025-05-29T19:06:45.396063","level":"info","event":"Filling up the DagBag from /opt/airflow/dags/dag_with_catchup_and_backfill.py","logger":"airflow.models.dagbag.DagBag"}
{"timestamp":"2025-05-29T19:07:15.945860","level":"info","event":"Filling up the DagBag from /opt/airflow/dags/dag_with_catchup_and_backfill.py","logger":"airflow.models.dagbag.DagBag"}
{"timestamp":"2025-05-29T19:07:46.480911","level":"info","event":"Filling up the DagBag from /opt/airflow/dags/dag_with_catchup_and_backfill.py","logger":"airflow.models.dagbag.DagBag"}
{"timestamp":"2025-05-29T19:08:17.042017","level":"info","event":"Filling up the DagBag from /opt/airflow/dags/dag_with_catchup_and_backfill.py","logger":"airflow.models.dagbag.DagBag"}
{"timestamp":"2025-05-29T19:08:47.572415","level":"info","event":"Filling up the DagBag from /opt/airflow/dags/dag_with_catchup_and_backfill.py","logger":"airflow.models.dagbag.DagBag"}
{"timestamp":"2025-05-29T19:09:18.081841","level":"info","event":"Filling up the DagBag from /opt/airflow/dags/dag_with_catchup_and_backfill.py","logger":"airflow.models.dagbag.DagBag"}
{"timestamp":"2025-05-29T19:09:48.626124","level":"info","event":"Filling up the DagBag from /opt/airflow/dags/dag_with_catchup_and_backfill.py","logger":"airflow.models.dagbag.DagBag"}
{"timestamp":"2025-05-29T19:10:19.137210","level":"info","event":"Filling up the DagBag from /opt/airflow/dags/dag_with_catchup_and_backfill.py","logger":"airflow.models.dagbag.DagBag"}
{"timestamp":"2025-05-29T19:10:49.654093","level":"info","event":"Filling up the DagBag from /opt/airflow/dags/dag_with_catchup_and_backfill.py","logger":"airflow.models.dagbag.DagBag"}
{"timestamp":"2025-05-29T19:11:20.174705","level":"info","event":"Filling up the DagBag from /opt/airflow/dags/dag_with_catchup_and_backfill.py","logger":"airflow.models.dagbag.DagBag"}
{"timestamp":"2025-05-29T19:11:50.694733","level":"info","event":"Filling up the DagBag from /opt/airflow/dags/dag_with_catchup_and_backfill.py","logger":"airflow.models.dagbag.DagBag"}
{"timestamp":"2025-05-29T19:12:21.219377","level":"info","event":"Filling up the DagBag from /opt/airflow/dags/dag_with_catchup_and_backfill.py","logger":"airflow.models.dagbag.DagBag"}
{"timestamp":"2025-05-29T19:12:51.713871","level":"info","event":"Filling up the DagBag from /opt/airflow/dags/dag_with_catchup_and_backfill.py","logger":"airflow.models.dagbag.DagBag"}
{"timestamp":"2025-05-29T19:13:22.239010","level":"info","event":"Filling up the DagBag from /opt/airflow/dags/dag_with_catchup_and_backfill.py","logger":"airflow.models.dagbag.DagBag"}
{"timestamp":"2025-05-29T19:13:52.783376","level":"info","event":"Filling up the DagBag from /opt/airflow/dags/dag_with_catchup_and_backfill.py","logger":"airflow.models.dagbag.DagBag"}
{"timestamp":"2025-05-29T19:14:23.305653","level":"info","event":"Filling up the DagBag from /opt/airflow/dags/dag_with_catchup_and_backfill.py","logger":"airflow.models.dagbag.DagBag"}
{"timestamp":"2025-05-29T19:14:53.860318","level":"info","event":"Filling up the DagBag from /opt/airflow/dags/dag_with_catchup_and_backfill.py","logger":"airflow.models.dagbag.DagBag"}
{"timestamp":"2025-05-29T19:15:24.363141","level":"info","event":"Filling up the DagBag from /opt/airflow/dags/dag_with_catchup_and_backfill.py","logger":"airflow.models.dagbag.DagBag"}
{"timestamp":"2025-05-29T19:15:54.917441","level":"info","event":"Filling up the DagBag from /opt/airflow/dags/dag_with_catchup_and_backfill.py","logger":"airflow.models.dagbag.DagBag"}
{"timestamp":"2025-05-29T19:16:25.452007","level":"info","event":"Filling up the DagBag from /opt/airflow/dags/dag_with_catchup_and_backfill.py","logger":"airflow.models.dagbag.DagBag"}
{"timestamp":"2025-05-29T19:16:55.977940","level":"info","event":"Filling up the DagBag from /opt/airflow/dags/dag_with_catchup_and_backfill.py","logger":"airflow.models.dagbag.DagBag"}
{"timestamp":"2025-05-29T19:17:26.470000","level":"info","event":"Filling up the DagBag from /opt/airflow/dags/dag_with_catchup_and_backfill.py","logger":"airflow.models.dagbag.DagBag"}
{"timestamp":"2025-05-29T19:17:56.995046","level":"info","event":"Filling up the DagBag from /opt/airflow/dags/dag_with_catchup_and_backfill.py","logger":"airflow.models.dagbag.DagBag"}
{"timestamp":"2025-05-29T19:18:27.506373","level":"info","event":"Filling up the DagBag from /opt/airflow/dags/dag_with_catchup_and_backfill.py","logger":"airflow.models.dagbag.DagBag"}
{"timestamp":"2025-05-29T19:18:58.046451","level":"info","event":"Filling up the DagBag from /opt/airflow/dags/dag_with_catchup_and_backfill.py","logger":"airflow.models.dagbag.DagBag"}
{"timestamp":"2025-05-29T19:19:28.537679","level":"info","event":"Filling up the DagBag from /opt/airflow/dags/dag_with_catchup_and_backfill.py","logger":"airflow.models.dagbag.DagBag"}
{"timestamp":"2025-05-29T19:19:59.076191","level":"info","event":"Filling up the DagBag from /opt/airflow/dags/dag_with_catchup_and_backfill.py","logger":"airflow.models.dagbag.DagBag"}
{"timestamp":"2025-05-29T19:20:29.585876","level":"info","event":"Filling up the DagBag from /opt/airflow/dags/dag_with_catchup_and_backfill.py","logger":"airflow.models.dagbag.DagBag"}
{"timestamp":"2025-05-29T19:21:00.075123","level":"info","event":"Filling up the DagBag from /opt/airflow/dags/dag_with_catchup_and_backfill.py","logger":"airflow.models.dagbag.DagBag"}
{"timestamp":"2025-05-29T19:21:30.603600","level":"info","event":"Filling up the DagBag from /opt/airflow/dags/dag_with_catchup_and_backfill.py","logger":"airflow.models.dagbag.DagBag"}
{"timestamp":"2025-05-29T19:22:01.139422","level":"info","event":"Filling up the DagBag from /opt/airflow/dags/dag_with_catchup_and_backfill.py","logger":"airflow.models.dagbag.DagBag"}
{"timestamp":"2025-05-29T19:22:31.683609","level":"info","event":"Filling up the DagBag from /opt/airflow/dags/dag_with_catchup_and_backfill.py","logger":"airflow.models.dagbag.DagBag"}
{"timestamp":"2025-05-29T19:23:02.266567","level":"info","event":"Filling up the DagBag from /opt/airflow/dags/dag_with_catchup_and_backfill.py","logger":"airflow.models.dagbag.DagBag"}
{"timestamp":"2025-05-29T19:23:32.784530","level":"info","event":"Filling up the DagBag from /opt/airflow/dags/dag_with_catchup_and_backfill.py","logger":"airflow.models.dagbag.DagBag"}
{"timestamp":"2025-05-29T19:24:03.268362","level":"info","event":"Filling up the DagBag from /opt/airflow/dags/dag_with_catchup_and_backfill.py","logger":"airflow.models.dagbag.DagBag"}
{"timestamp":"2025-05-29T19:24:33.799900","level":"info","event":"Filling up the DagBag from /opt/airflow/dags/dag_with_catchup_and_backfill.py","logger":"airflow.models.dagbag.DagBag"}
{"timestamp":"2025-05-29T19:25:04.321747","level":"info","event":"Filling up the DagBag from /opt/airflow/dags/dag_with_catchup_and_backfill.py","logger":"airflow.models.dagbag.DagBag"}
{"timestamp":"2025-05-29T19:25:34.840883","level":"info","event":"Filling up the DagBag from /opt/airflow/dags/dag_with_catchup_and_backfill.py","logger":"airflow.models.dagbag.DagBag"}
{"timestamp":"2025-05-29T19:26:05.351442","level":"info","event":"Filling up the DagBag from /opt/airflow/dags/dag_with_catchup_and_backfill.py","logger":"airflow.models.dagbag.DagBag"}
{"timestamp":"2025-05-29T19:26:35.885542","level":"info","event":"Filling up the DagBag from /opt/airflow/dags/dag_with_catchup_and_backfill.py","logger":"airflow.models.dagbag.DagBag"}
{"timestamp":"2025-05-29T19:27:06.396697","level":"info","event":"Filling up the DagBag from /opt/airflow/dags/dag_with_catchup_and_backfill.py","logger":"airflow.models.dagbag.DagBag"}
{"timestamp":"2025-05-29T19:27:36.926232","level":"info","event":"Filling up the DagBag from /opt/airflow/dags/dag_with_catchup_and_backfill.py","logger":"airflow.models.dagbag.DagBag"}
{"timestamp":"2025-05-29T19:28:07.467573","level":"info","event":"Filling up the DagBag from /opt/airflow/dags/dag_with_catchup_and_backfill.py","logger":"airflow.models.dagbag.DagBag"}
{"timestamp":"2025-05-29T19:28:37.989159","level":"info","event":"Filling up the DagBag from /opt/airflow/dags/dag_with_catchup_and_backfill.py","logger":"airflow.models.dagbag.DagBag"}
{"timestamp":"2025-05-29T19:29:08.494542","level":"info","event":"Filling up the DagBag from /opt/airflow/dags/dag_with_catchup_and_backfill.py","logger":"airflow.models.dagbag.DagBag"}
{"timestamp":"2025-05-29T19:29:39.040482","level":"info","event":"Filling up the DagBag from /opt/airflow/dags/dag_with_catchup_and_backfill.py","logger":"airflow.models.dagbag.DagBag"}
{"timestamp":"2025-05-29T19:30:09.591688","level":"info","event":"Filling up the DagBag from /opt/airflow/dags/dag_with_catchup_and_backfill.py","logger":"airflow.models.dagbag.DagBag"}
{"timestamp":"2025-05-29T19:30:40.092162","level":"info","event":"Filling up the DagBag from /opt/airflow/dags/dag_with_catchup_and_backfill.py","logger":"airflow.models.dagbag.DagBag"}
{"timestamp":"2025-05-29T19:31:10.639765","level":"info","event":"Filling up the DagBag from /opt/airflow/dags/dag_with_catchup_and_backfill.py","logger":"airflow.models.dagbag.DagBag"}
{"timestamp":"2025-05-29T19:31:41.169067","level":"info","event":"Filling up the DagBag from /opt/airflow/dags/dag_with_catchup_and_backfill.py","logger":"airflow.models.dagbag.DagBag"}
{"timestamp":"2025-05-29T19:32:11.679503","level":"info","event":"Filling up the DagBag from /opt/airflow/dags/dag_with_catchup_and_backfill.py","logger":"airflow.models.dagbag.DagBag"}
{"timestamp":"2025-05-29T19:32:42.217802","level":"info","event":"Filling up the DagBag from /opt/airflow/dags/dag_with_catchup_and_backfill.py","logger":"airflow.models.dagbag.DagBag"}
{"timestamp":"2025-05-29T19:33:12.773475","level":"info","event":"Filling up the DagBag from /opt/airflow/dags/dag_with_catchup_and_backfill.py","logger":"airflow.models.dagbag.DagBag"}
{"timestamp":"2025-05-29T19:33:43.307488","level":"info","event":"Filling up the DagBag from /opt/airflow/dags/dag_with_catchup_and_backfill.py","logger":"airflow.models.dagbag.DagBag"}
{"timestamp":"2025-05-29T19:34:13.848947","level":"info","event":"Filling up the DagBag from /opt/airflow/dags/dag_with_catchup_and_backfill.py","logger":"airflow.models.dagbag.DagBag"}
{"timestamp":"2025-05-29T19:34:44.391975","level":"info","event":"Filling up the DagBag from /opt/airflow/dags/dag_with_catchup_and_backfill.py","logger":"airflow.models.dagbag.DagBag"}
{"timestamp":"2025-05-29T19:35:14.930962","level":"info","event":"Filling up the DagBag from /opt/airflow/dags/dag_with_catchup_and_backfill.py","logger":"airflow.models.dagbag.DagBag"}
{"timestamp":"2025-05-29T19:35:45.481186","level":"info","event":"Filling up the DagBag from /opt/airflow/dags/dag_with_catchup_and_backfill.py","logger":"airflow.models.dagbag.DagBag"}
{"timestamp":"2025-05-29T19:36:16.022595","level":"info","event":"Filling up the DagBag from /opt/airflow/dags/dag_with_catchup_and_backfill.py","logger":"airflow.models.dagbag.DagBag"}
{"timestamp":"2025-05-29T19:36:46.528618","level":"info","event":"Filling up the DagBag from /opt/airflow/dags/dag_with_catchup_and_backfill.py","logger":"airflow.models.dagbag.DagBag"}
{"timestamp":"2025-05-29T19:37:17.049000","level":"info","event":"Filling up the DagBag from /opt/airflow/dags/dag_with_catchup_and_backfill.py","logger":"airflow.models.dagbag.DagBag"}
{"timestamp":"2025-05-29T19:37:47.574639","level":"info","event":"Filling up the DagBag from /opt/airflow/dags/dag_with_catchup_and_backfill.py","logger":"airflow.models.dagbag.DagBag"}
{"timestamp":"2025-05-29T19:38:18.080025","level":"info","event":"Filling up the DagBag from /opt/airflow/dags/dag_with_catchup_and_backfill.py","logger":"airflow.models.dagbag.DagBag"}
{"timestamp":"2025-05-29T19:38:48.616937","level":"info","event":"Filling up the DagBag from /opt/airflow/dags/dag_with_catchup_and_backfill.py","logger":"airflow.models.dagbag.DagBag"}
{"timestamp":"2025-05-29T19:39:19.192249","level":"info","event":"Filling up the DagBag from /opt/airflow/dags/dag_with_catchup_and_backfill.py","logger":"airflow.models.dagbag.DagBag"}
{"timestamp":"2025-05-29T19:39:49.699836","level":"info","event":"Filling up the DagBag from /opt/airflow/dags/dag_with_catchup_and_backfill.py","logger":"airflow.models.dagbag.DagBag"}
{"timestamp":"2025-05-29T19:40:20.233043","level":"info","event":"Filling up the DagBag from /opt/airflow/dags/dag_with_catchup_and_backfill.py","logger":"airflow.models.dagbag.DagBag"}
{"timestamp":"2025-05-29T19:40:50.785847","level":"info","event":"Filling up the DagBag from /opt/airflow/dags/dag_with_catchup_and_backfill.py","logger":"airflow.models.dagbag.DagBag"}
{"timestamp":"2025-05-29T19:41:21.314290","level":"info","event":"Filling up the DagBag from /opt/airflow/dags/dag_with_catchup_and_backfill.py","logger":"airflow.models.dagbag.DagBag"}
{"timestamp":"2025-05-29T19:41:51.826692","level":"info","event":"Filling up the DagBag from /opt/airflow/dags/dag_with_catchup_and_backfill.py","logger":"airflow.models.dagbag.DagBag"}
{"timestamp":"2025-05-29T19:42:22.353214","level":"info","event":"Filling up the DagBag from /opt/airflow/dags/dag_with_catchup_and_backfill.py","logger":"airflow.models.dagbag.DagBag"}
{"timestamp":"2025-05-29T19:42:52.871527","level":"info","event":"Filling up the DagBag from /opt/airflow/dags/dag_with_catchup_and_backfill.py","logger":"airflow.models.dagbag.DagBag"}
{"timestamp":"2025-05-29T19:43:23.404160","level":"info","event":"Filling up the DagBag from /opt/airflow/dags/dag_with_catchup_and_backfill.py","logger":"airflow.models.dagbag.DagBag"}
{"timestamp":"2025-05-29T19:43:53.928350","level":"info","event":"Filling up the DagBag from /opt/airflow/dags/dag_with_catchup_and_backfill.py","logger":"airflow.models.dagbag.DagBag"}
{"timestamp":"2025-05-29T19:44:24.479516","level":"info","event":"Filling up the DagBag from /opt/airflow/dags/dag_with_catchup_and_backfill.py","logger":"airflow.models.dagbag.DagBag"}
{"timestamp":"2025-05-29T19:44:55.014206","level":"info","event":"Filling up the DagBag from /opt/airflow/dags/dag_with_catchup_and_backfill.py","logger":"airflow.models.dagbag.DagBag"}
{"timestamp":"2025-05-29T19:45:25.569641","level":"info","event":"Filling up the DagBag from /opt/airflow/dags/dag_with_catchup_and_backfill.py","logger":"airflow.models.dagbag.DagBag"}
{"timestamp":"2025-05-29T19:45:56.108667","level":"info","event":"Filling up the DagBag from /opt/airflow/dags/dag_with_catchup_and_backfill.py","logger":"airflow.models.dagbag.DagBag"}
{"timestamp":"2025-05-29T19:46:26.802651","level":"info","event":"Filling up the DagBag from /opt/airflow/dags/dag_with_catchup_and_backfill.py","logger":"airflow.models.dagbag.DagBag"}
{"timestamp":"2025-05-29T19:46:57.402002","level":"info","event":"Filling up the DagBag from /opt/airflow/dags/dag_with_catchup_and_backfill.py","logger":"airflow.models.dagbag.DagBag"}
{"timestamp":"2025-05-29T19:47:27.999898","level":"info","event":"Filling up the DagBag from /opt/airflow/dags/dag_with_catchup_and_backfill.py","logger":"airflow.models.dagbag.DagBag"}
{"timestamp":"2025-05-29T19:47:58.594869","level":"info","event":"Filling up the DagBag from /opt/airflow/dags/dag_with_catchup_and_backfill.py","logger":"airflow.models.dagbag.DagBag"}
{"timestamp":"2025-05-29T19:48:29.331165","level":"info","event":"Filling up the DagBag from /opt/airflow/dags/dag_with_catchup_and_backfill.py","logger":"airflow.models.dagbag.DagBag"}
{"timestamp":"2025-05-29T19:48:59.962814","level":"info","event":"Filling up the DagBag from /opt/airflow/dags/dag_with_catchup_and_backfill.py","logger":"airflow.models.dagbag.DagBag"}
{"timestamp":"2025-05-29T19:49:30.192798","level":"info","event":"Filling up the DagBag from /opt/airflow/dags/dag_with_catchup_and_backfill.py","logger":"airflow.models.dagbag.DagBag"}
{"timestamp":"2025-05-29T19:50:00.818156","level":"info","event":"Filling up the DagBag from /opt/airflow/dags/dag_with_catchup_and_backfill.py","logger":"airflow.models.dagbag.DagBag"}
{"timestamp":"2025-05-29T19:50:31.126673","level":"info","event":"Filling up the DagBag from /opt/airflow/dags/dag_with_catchup_and_backfill.py","logger":"airflow.models.dagbag.DagBag"}
{"timestamp":"2025-05-29T19:51:01.644367","level":"info","event":"Filling up the DagBag from /opt/airflow/dags/dag_with_catchup_and_backfill.py","logger":"airflow.models.dagbag.DagBag"}
{"timestamp":"2025-05-29T19:51:32.250641","level":"info","event":"Filling up the DagBag from /opt/airflow/dags/dag_with_catchup_and_backfill.py","logger":"airflow.models.dagbag.DagBag"}
{"timestamp":"2025-05-29T19:52:02.841795","level":"info","event":"Filling up the DagBag from /opt/airflow/dags/dag_with_catchup_and_backfill.py","logger":"airflow.models.dagbag.DagBag"}
{"timestamp":"2025-05-29T19:52:33.465267","level":"info","event":"Filling up the DagBag from /opt/airflow/dags/dag_with_catchup_and_backfill.py","logger":"airflow.models.dagbag.DagBag"}
{"timestamp":"2025-05-29T19:53:03.995244","level":"info","event":"Filling up the DagBag from /opt/airflow/dags/dag_with_catchup_and_backfill.py","logger":"airflow.models.dagbag.DagBag"}
{"timestamp":"2025-05-29T19:53:34.561945","level":"info","event":"Filling up the DagBag from /opt/airflow/dags/dag_with_catchup_and_backfill.py","logger":"airflow.models.dagbag.DagBag"}
{"timestamp":"2025-05-29T19:54:05.089842","level":"info","event":"Filling up the DagBag from /opt/airflow/dags/dag_with_catchup_and_backfill.py","logger":"airflow.models.dagbag.DagBag"}
{"timestamp":"2025-05-29T19:54:35.634178","level":"info","event":"Filling up the DagBag from /opt/airflow/dags/dag_with_catchup_and_backfill.py","logger":"airflow.models.dagbag.DagBag"}
{"timestamp":"2025-05-29T19:55:06.171903","level":"info","event":"Filling up the DagBag from /opt/airflow/dags/dag_with_catchup_and_backfill.py","logger":"airflow.models.dagbag.DagBag"}
{"timestamp":"2025-05-29T19:55:36.733389","level":"info","event":"Filling up the DagBag from /opt/airflow/dags/dag_with_catchup_and_backfill.py","logger":"airflow.models.dagbag.DagBag"}
{"timestamp":"2025-05-29T19:56:07.279414","level":"info","event":"Filling up the DagBag from /opt/airflow/dags/dag_with_catchup_and_backfill.py","logger":"airflow.models.dagbag.DagBag"}
{"timestamp":"2025-05-29T19:56:37.870958","level":"info","event":"Filling up the DagBag from /opt/airflow/dags/dag_with_catchup_and_backfill.py","logger":"airflow.models.dagbag.DagBag"}
{"timestamp":"2025-05-29T19:57:08.382246","level":"info","event":"Filling up the DagBag from /opt/airflow/dags/dag_with_catchup_and_backfill.py","logger":"airflow.models.dagbag.DagBag"}
{"timestamp":"2025-05-29T19:57:38.921231","level":"info","event":"Filling up the DagBag from /opt/airflow/dags/dag_with_catchup_and_backfill.py","logger":"airflow.models.dagbag.DagBag"}
{"timestamp":"2025-05-29T19:58:09.473863","level":"info","event":"Filling up the DagBag from /opt/airflow/dags/dag_with_catchup_and_backfill.py","logger":"airflow.models.dagbag.DagBag"}
{"timestamp":"2025-05-29T19:58:40.026224","level":"info","event":"Filling up the DagBag from /opt/airflow/dags/dag_with_catchup_and_backfill.py","logger":"airflow.models.dagbag.DagBag"}
{"timestamp":"2025-05-29T19:59:10.572015","level":"info","event":"Filling up the DagBag from /opt/airflow/dags/dag_with_catchup_and_backfill.py","logger":"airflow.models.dagbag.DagBag"}
{"timestamp":"2025-05-29T19:59:41.124406","level":"info","event":"Filling up the DagBag from /opt/airflow/dags/dag_with_catchup_and_backfill.py","logger":"airflow.models.dagbag.DagBag"}
{"timestamp":"2025-05-29T20:01:14.515627","level":"info","event":"Filling up the DagBag from /opt/airflow/dags/dag_with_catchup_and_backfill.py","logger":"airflow.models.dagbag.DagBag"}
{"timestamp":"2025-05-29T20:01:45.072813","level":"info","event":"Filling up the DagBag from /opt/airflow/dags/dag_with_catchup_and_backfill.py","logger":"airflow.models.dagbag.DagBag"}
{"timestamp":"2025-05-29T20:02:15.566293","level":"info","event":"Filling up the DagBag from /opt/airflow/dags/dag_with_catchup_and_backfill.py","logger":"airflow.models.dagbag.DagBag"}
{"timestamp":"2025-05-29T20:02:46.021145","level":"info","event":"Filling up the DagBag from /opt/airflow/dags/dag_with_catchup_and_backfill.py","logger":"airflow.models.dagbag.DagBag"}
{"timestamp":"2025-05-29T20:03:16.478933","level":"info","event":"Filling up the DagBag from /opt/airflow/dags/dag_with_catchup_and_backfill.py","logger":"airflow.models.dagbag.DagBag"}
{"timestamp":"2025-05-29T20:03:46.951923","level":"info","event":"Filling up the DagBag from /opt/airflow/dags/dag_with_catchup_and_backfill.py","logger":"airflow.models.dagbag.DagBag"}
{"timestamp":"2025-05-29T20:10:38.924190","level":"info","event":"Filling up the DagBag from /opt/airflow/dags/dag_with_catchup_and_backfill.py","logger":"airflow.models.dagbag.DagBag"}
{"timestamp":"2025-05-29T20:11:09.535732","level":"info","event":"Filling up the DagBag from /opt/airflow/dags/dag_with_catchup_and_backfill.py","logger":"airflow.models.dagbag.DagBag"}
{"timestamp":"2025-05-29T20:11:40.035085","level":"info","event":"Filling up the DagBag from /opt/airflow/dags/dag_with_catchup_and_backfill.py","logger":"airflow.models.dagbag.DagBag"}
{"timestamp":"2025-05-29T20:12:10.492133","level":"info","event":"Filling up the DagBag from /opt/airflow/dags/dag_with_catchup_and_backfill.py","logger":"airflow.models.dagbag.DagBag"}
{"timestamp":"2025-05-29T20:12:40.958852","level":"info","event":"Filling up the DagBag from /opt/airflow/dags/dag_with_catchup_and_backfill.py","logger":"airflow.models.dagbag.DagBag"}
{"timestamp":"2025-05-29T20:13:11.422863","level":"info","event":"Filling up the DagBag from /opt/airflow/dags/dag_with_catchup_and_backfill.py","logger":"airflow.models.dagbag.DagBag"}
{"timestamp":"2025-05-29T20:13:42.270381","level":"info","event":"Filling up the DagBag from /opt/airflow/dags/dag_with_catchup_and_backfill.py","logger":"airflow.models.dagbag.DagBag"}
{"timestamp":"2025-05-29T20:14:13.015619","level":"info","event":"Filling up the DagBag from /opt/airflow/dags/dag_with_catchup_and_backfill.py","logger":"airflow.models.dagbag.DagBag"}
{"timestamp":"2025-05-29T20:14:43.636077","level":"info","event":"Filling up the DagBag from /opt/airflow/dags/dag_with_catchup_and_backfill.py","logger":"airflow.models.dagbag.DagBag"}
{"timestamp":"2025-05-29T20:15:14.197524","level":"info","event":"Filling up the DagBag from /opt/airflow/dags/dag_with_catchup_and_backfill.py","logger":"airflow.models.dagbag.DagBag"}
{"timestamp":"2025-05-29T20:15:44.766745","level":"info","event":"Filling up the DagBag from /opt/airflow/dags/dag_with_catchup_and_backfill.py","logger":"airflow.models.dagbag.DagBag"}
{"timestamp":"2025-05-29T20:16:15.324019","level":"info","event":"Filling up the DagBag from /opt/airflow/dags/dag_with_catchup_and_backfill.py","logger":"airflow.models.dagbag.DagBag"}
{"timestamp":"2025-05-29T20:16:45.874247","level":"info","event":"Filling up the DagBag from /opt/airflow/dags/dag_with_catchup_and_backfill.py","logger":"airflow.models.dagbag.DagBag"}
{"timestamp":"2025-05-29T20:17:16.535331","level":"info","event":"Filling up the DagBag from /opt/airflow/dags/dag_with_catchup_and_backfill.py","logger":"airflow.models.dagbag.DagBag"}
{"timestamp":"2025-05-29T20:17:47.154636","level":"info","event":"Filling up the DagBag from /opt/airflow/dags/dag_with_catchup_and_backfill.py","logger":"airflow.models.dagbag.DagBag"}
{"timestamp":"2025-05-29T20:18:17.851465","level":"info","event":"Filling up the DagBag from /opt/airflow/dags/dag_with_catchup_and_backfill.py","logger":"airflow.models.dagbag.DagBag"}
{"timestamp":"2025-05-29T20:18:48.677133","level":"info","event":"Filling up the DagBag from /opt/airflow/dags/dag_with_catchup_and_backfill.py","logger":"airflow.models.dagbag.DagBag"}
{"timestamp":"2025-05-29T20:19:19.292660","level":"info","event":"Filling up the DagBag from /opt/airflow/dags/dag_with_catchup_and_backfill.py","logger":"airflow.models.dagbag.DagBag"}
{"timestamp":"2025-05-29T20:19:49.827630","level":"info","event":"Filling up the DagBag from /opt/airflow/dags/dag_with_catchup_and_backfill.py","logger":"airflow.models.dagbag.DagBag"}
{"timestamp":"2025-05-29T20:20:20.359633","level":"info","event":"Filling up the DagBag from /opt/airflow/dags/dag_with_catchup_and_backfill.py","logger":"airflow.models.dagbag.DagBag"}
{"timestamp":"2025-05-29T20:20:51.004828","level":"info","event":"Filling up the DagBag from /opt/airflow/dags/dag_with_catchup_and_backfill.py","logger":"airflow.models.dagbag.DagBag"}
{"timestamp":"2025-05-29T20:21:21.548443","level":"info","event":"Filling up the DagBag from /opt/airflow/dags/dag_with_catchup_and_backfill.py","logger":"airflow.models.dagbag.DagBag"}
{"timestamp":"2025-05-29T20:21:52.128555","level":"info","event":"Filling up the DagBag from /opt/airflow/dags/dag_with_catchup_and_backfill.py","logger":"airflow.models.dagbag.DagBag"}
{"timestamp":"2025-05-29T20:22:22.665848","level":"info","event":"Filling up the DagBag from /opt/airflow/dags/dag_with_catchup_and_backfill.py","logger":"airflow.models.dagbag.DagBag"}
{"timestamp":"2025-05-29T20:22:53.229117","level":"info","event":"Filling up the DagBag from /opt/airflow/dags/dag_with_catchup_and_backfill.py","logger":"airflow.models.dagbag.DagBag"}
{"timestamp":"2025-05-29T20:23:23.758633","level":"info","event":"Filling up the DagBag from /opt/airflow/dags/dag_with_catchup_and_backfill.py","logger":"airflow.models.dagbag.DagBag"}
{"timestamp":"2025-05-29T20:23:54.347316","level":"info","event":"Filling up the DagBag from /opt/airflow/dags/dag_with_catchup_and_backfill.py","logger":"airflow.models.dagbag.DagBag"}
{"timestamp":"2025-05-29T20:24:24.881784","level":"info","event":"Filling up the DagBag from /opt/airflow/dags/dag_with_catchup_and_backfill.py","logger":"airflow.models.dagbag.DagBag"}
{"timestamp":"2025-05-29T20:24:55.403669","level":"info","event":"Filling up the DagBag from /opt/airflow/dags/dag_with_catchup_and_backfill.py","logger":"airflow.models.dagbag.DagBag"}
{"timestamp":"2025-05-29T20:25:25.945194","level":"info","event":"Filling up the DagBag from /opt/airflow/dags/dag_with_catchup_and_backfill.py","logger":"airflow.models.dagbag.DagBag"}
{"timestamp":"2025-05-29T20:25:56.478206","level":"info","event":"Filling up the DagBag from /opt/airflow/dags/dag_with_catchup_and_backfill.py","logger":"airflow.models.dagbag.DagBag"}
{"timestamp":"2025-05-29T20:26:27.008103","level":"info","event":"Filling up the DagBag from /opt/airflow/dags/dag_with_catchup_and_backfill.py","logger":"airflow.models.dagbag.DagBag"}
{"timestamp":"2025-05-29T20:26:57.550559","level":"info","event":"Filling up the DagBag from /opt/airflow/dags/dag_with_catchup_and_backfill.py","logger":"airflow.models.dagbag.DagBag"}
{"timestamp":"2025-05-29T20:27:28.058639","level":"info","event":"Filling up the DagBag from /opt/airflow/dags/dag_with_catchup_and_backfill.py","logger":"airflow.models.dagbag.DagBag"}
{"timestamp":"2025-05-29T20:27:58.577765","level":"info","event":"Filling up the DagBag from /opt/airflow/dags/dag_with_catchup_and_backfill.py","logger":"airflow.models.dagbag.DagBag"}
{"timestamp":"2025-05-29T20:28:29.092755","level":"info","event":"Filling up the DagBag from /opt/airflow/dags/dag_with_catchup_and_backfill.py","logger":"airflow.models.dagbag.DagBag"}
{"timestamp":"2025-05-29T20:28:59.638327","level":"info","event":"Filling up the DagBag from /opt/airflow/dags/dag_with_catchup_and_backfill.py","logger":"airflow.models.dagbag.DagBag"}
{"timestamp":"2025-05-29T20:29:30.139340","level":"info","event":"Filling up the DagBag from /opt/airflow/dags/dag_with_catchup_and_backfill.py","logger":"airflow.models.dagbag.DagBag"}
{"timestamp":"2025-05-29T20:30:00.656582","level":"info","event":"Filling up the DagBag from /opt/airflow/dags/dag_with_catchup_and_backfill.py","logger":"airflow.models.dagbag.DagBag"}
{"timestamp":"2025-05-29T20:30:31.216914","level":"info","event":"Filling up the DagBag from /opt/airflow/dags/dag_with_catchup_and_backfill.py","logger":"airflow.models.dagbag.DagBag"}
{"timestamp":"2025-05-29T20:31:01.730712","level":"info","event":"Filling up the DagBag from /opt/airflow/dags/dag_with_catchup_and_backfill.py","logger":"airflow.models.dagbag.DagBag"}
{"timestamp":"2025-05-29T20:31:32.257427","level":"info","event":"Filling up the DagBag from /opt/airflow/dags/dag_with_catchup_and_backfill.py","logger":"airflow.models.dagbag.DagBag"}
{"timestamp":"2025-05-29T20:32:02.804508","level":"info","event":"Filling up the DagBag from /opt/airflow/dags/dag_with_catchup_and_backfill.py","logger":"airflow.models.dagbag.DagBag"}
{"timestamp":"2025-05-29T20:32:33.377641","level":"info","event":"Filling up the DagBag from /opt/airflow/dags/dag_with_catchup_and_backfill.py","logger":"airflow.models.dagbag.DagBag"}
{"timestamp":"2025-05-29T20:33:03.906088","level":"info","event":"Filling up the DagBag from /opt/airflow/dags/dag_with_catchup_and_backfill.py","logger":"airflow.models.dagbag.DagBag"}
{"timestamp":"2025-05-29T20:33:34.429673","level":"info","event":"Filling up the DagBag from /opt/airflow/dags/dag_with_catchup_and_backfill.py","logger":"airflow.models.dagbag.DagBag"}
{"timestamp":"2025-05-29T20:34:04.976171","level":"info","event":"Filling up the DagBag from /opt/airflow/dags/dag_with_catchup_and_backfill.py","logger":"airflow.models.dagbag.DagBag"}
{"timestamp":"2025-05-29T20:34:35.518903","level":"info","event":"Filling up the DagBag from /opt/airflow/dags/dag_with_catchup_and_backfill.py","logger":"airflow.models.dagbag.DagBag"}
{"timestamp":"2025-05-29T20:35:06.067730","level":"info","event":"Filling up the DagBag from /opt/airflow/dags/dag_with_catchup_and_backfill.py","logger":"airflow.models.dagbag.DagBag"}
{"timestamp":"2025-05-29T20:35:36.583158","level":"info","event":"Filling up the DagBag from /opt/airflow/dags/dag_with_catchup_and_backfill.py","logger":"airflow.models.dagbag.DagBag"}
{"timestamp":"2025-05-29T20:36:07.138805","level":"info","event":"Filling up the DagBag from /opt/airflow/dags/dag_with_catchup_and_backfill.py","logger":"airflow.models.dagbag.DagBag"}
{"timestamp":"2025-05-29T20:36:37.686268","level":"info","event":"Filling up the DagBag from /opt/airflow/dags/dag_with_catchup_and_backfill.py","logger":"airflow.models.dagbag.DagBag"}
{"timestamp":"2025-05-29T20:37:08.237684","level":"info","event":"Filling up the DagBag from /opt/airflow/dags/dag_with_catchup_and_backfill.py","logger":"airflow.models.dagbag.DagBag"}
{"timestamp":"2025-05-29T20:37:38.744179","level":"info","event":"Filling up the DagBag from /opt/airflow/dags/dag_with_catchup_and_backfill.py","logger":"airflow.models.dagbag.DagBag"}
{"timestamp":"2025-05-29T20:38:09.274944","level":"info","event":"Filling up the DagBag from /opt/airflow/dags/dag_with_catchup_and_backfill.py","logger":"airflow.models.dagbag.DagBag"}
{"timestamp":"2025-05-29T20:38:39.792593","level":"info","event":"Filling up the DagBag from /opt/airflow/dags/dag_with_catchup_and_backfill.py","logger":"airflow.models.dagbag.DagBag"}
{"timestamp":"2025-05-29T20:39:10.297974","level":"info","event":"Filling up the DagBag from /opt/airflow/dags/dag_with_catchup_and_backfill.py","logger":"airflow.models.dagbag.DagBag"}
{"timestamp":"2025-05-29T20:39:40.816908","level":"info","event":"Filling up the DagBag from /opt/airflow/dags/dag_with_catchup_and_backfill.py","logger":"airflow.models.dagbag.DagBag"}
{"timestamp":"2025-05-29T20:40:11.326294","level":"info","event":"Filling up the DagBag from /opt/airflow/dags/dag_with_catchup_and_backfill.py","logger":"airflow.models.dagbag.DagBag"}
{"timestamp":"2025-05-29T20:40:41.843558","level":"info","event":"Filling up the DagBag from /opt/airflow/dags/dag_with_catchup_and_backfill.py","logger":"airflow.models.dagbag.DagBag"}
{"timestamp":"2025-05-29T20:41:12.355812","level":"info","event":"Filling up the DagBag from /opt/airflow/dags/dag_with_catchup_and_backfill.py","logger":"airflow.models.dagbag.DagBag"}
{"timestamp":"2025-05-29T20:41:42.880974","level":"info","event":"Filling up the DagBag from /opt/airflow/dags/dag_with_catchup_and_backfill.py","logger":"airflow.models.dagbag.DagBag"}
{"timestamp":"2025-05-29T20:42:13.404855","level":"info","event":"Filling up the DagBag from /opt/airflow/dags/dag_with_catchup_and_backfill.py","logger":"airflow.models.dagbag.DagBag"}
{"timestamp":"2025-05-29T20:42:43.944066","level":"info","event":"Filling up the DagBag from /opt/airflow/dags/dag_with_catchup_and_backfill.py","logger":"airflow.models.dagbag.DagBag"}
{"timestamp":"2025-05-29T20:43:14.454663","level":"info","event":"Filling up the DagBag from /opt/airflow/dags/dag_with_catchup_and_backfill.py","logger":"airflow.models.dagbag.DagBag"}
{"timestamp":"2025-05-29T20:43:44.981141","level":"info","event":"Filling up the DagBag from /opt/airflow/dags/dag_with_catchup_and_backfill.py","logger":"airflow.models.dagbag.DagBag"}
{"timestamp":"2025-05-29T20:44:15.495468","level":"info","event":"Filling up the DagBag from /opt/airflow/dags/dag_with_catchup_and_backfill.py","logger":"airflow.models.dagbag.DagBag"}
{"timestamp":"2025-05-29T20:44:46.039833","level":"info","event":"Filling up the DagBag from /opt/airflow/dags/dag_with_catchup_and_backfill.py","logger":"airflow.models.dagbag.DagBag"}
{"timestamp":"2025-05-29T20:45:16.579068","level":"info","event":"Filling up the DagBag from /opt/airflow/dags/dag_with_catchup_and_backfill.py","logger":"airflow.models.dagbag.DagBag"}
{"timestamp":"2025-05-29T20:45:47.147401","level":"info","event":"Filling up the DagBag from /opt/airflow/dags/dag_with_catchup_and_backfill.py","logger":"airflow.models.dagbag.DagBag"}
{"timestamp":"2025-05-29T20:46:17.689134","level":"info","event":"Filling up the DagBag from /opt/airflow/dags/dag_with_catchup_and_backfill.py","logger":"airflow.models.dagbag.DagBag"}
{"timestamp":"2025-05-29T20:46:48.216990","level":"info","event":"Filling up the DagBag from /opt/airflow/dags/dag_with_catchup_and_backfill.py","logger":"airflow.models.dagbag.DagBag"}
{"timestamp":"2025-05-29T20:47:18.819862","level":"info","event":"Filling up the DagBag from /opt/airflow/dags/dag_with_catchup_and_backfill.py","logger":"airflow.models.dagbag.DagBag"}
{"timestamp":"2025-05-29T20:47:49.386038","level":"info","event":"Filling up the DagBag from /opt/airflow/dags/dag_with_catchup_and_backfill.py","logger":"airflow.models.dagbag.DagBag"}
{"timestamp":"2025-05-29T20:48:19.915301","level":"info","event":"Filling up the DagBag from /opt/airflow/dags/dag_with_catchup_and_backfill.py","logger":"airflow.models.dagbag.DagBag"}
{"timestamp":"2025-05-29T20:48:50.438629","level":"info","event":"Filling up the DagBag from /opt/airflow/dags/dag_with_catchup_and_backfill.py","logger":"airflow.models.dagbag.DagBag"}
{"timestamp":"2025-05-29T20:49:20.945994","level":"info","event":"Filling up the DagBag from /opt/airflow/dags/dag_with_catchup_and_backfill.py","logger":"airflow.models.dagbag.DagBag"}
{"timestamp":"2025-05-29T20:49:51.490455","level":"info","event":"Filling up the DagBag from /opt/airflow/dags/dag_with_catchup_and_backfill.py","logger":"airflow.models.dagbag.DagBag"}
{"timestamp":"2025-05-29T20:50:22.024099","level":"info","event":"Filling up the DagBag from /opt/airflow/dags/dag_with_catchup_and_backfill.py","logger":"airflow.models.dagbag.DagBag"}
{"timestamp":"2025-05-29T20:50:52.580604","level":"info","event":"Filling up the DagBag from /opt/airflow/dags/dag_with_catchup_and_backfill.py","logger":"airflow.models.dagbag.DagBag"}
{"timestamp":"2025-05-29T20:51:23.107353","level":"info","event":"Filling up the DagBag from /opt/airflow/dags/dag_with_catchup_and_backfill.py","logger":"airflow.models.dagbag.DagBag"}
{"timestamp":"2025-05-29T20:51:53.648808","level":"info","event":"Filling up the DagBag from /opt/airflow/dags/dag_with_catchup_and_backfill.py","logger":"airflow.models.dagbag.DagBag"}
{"timestamp":"2025-05-29T20:52:24.194106","level":"info","event":"Filling up the DagBag from /opt/airflow/dags/dag_with_catchup_and_backfill.py","logger":"airflow.models.dagbag.DagBag"}
{"timestamp":"2025-05-29T20:52:54.715966","level":"info","event":"Filling up the DagBag from /opt/airflow/dags/dag_with_catchup_and_backfill.py","logger":"airflow.models.dagbag.DagBag"}
{"timestamp":"2025-05-29T20:53:25.225342","level":"info","event":"Filling up the DagBag from /opt/airflow/dags/dag_with_catchup_and_backfill.py","logger":"airflow.models.dagbag.DagBag"}
{"timestamp":"2025-05-29T20:53:55.734276","level":"info","event":"Filling up the DagBag from /opt/airflow/dags/dag_with_catchup_and_backfill.py","logger":"airflow.models.dagbag.DagBag"}
{"timestamp":"2025-05-29T20:54:26.262161","level":"info","event":"Filling up the DagBag from /opt/airflow/dags/dag_with_catchup_and_backfill.py","logger":"airflow.models.dagbag.DagBag"}
{"timestamp":"2025-05-29T20:54:56.797041","level":"info","event":"Filling up the DagBag from /opt/airflow/dags/dag_with_catchup_and_backfill.py","logger":"airflow.models.dagbag.DagBag"}
{"timestamp":"2025-05-29T20:55:27.337471","level":"info","event":"Filling up the DagBag from /opt/airflow/dags/dag_with_catchup_and_backfill.py","logger":"airflow.models.dagbag.DagBag"}
{"timestamp":"2025-05-29T20:55:57.876520","level":"info","event":"Filling up the DagBag from /opt/airflow/dags/dag_with_catchup_and_backfill.py","logger":"airflow.models.dagbag.DagBag"}
{"timestamp":"2025-05-29T20:56:28.423142","level":"info","event":"Filling up the DagBag from /opt/airflow/dags/dag_with_catchup_and_backfill.py","logger":"airflow.models.dagbag.DagBag"}
{"timestamp":"2025-05-29T20:56:58.944444","level":"info","event":"Filling up the DagBag from /opt/airflow/dags/dag_with_catchup_and_backfill.py","logger":"airflow.models.dagbag.DagBag"}
{"timestamp":"2025-05-29T20:57:29.499517","level":"info","event":"Filling up the DagBag from /opt/airflow/dags/dag_with_catchup_and_backfill.py","logger":"airflow.models.dagbag.DagBag"}
{"timestamp":"2025-05-29T20:58:00.038566","level":"info","event":"Filling up the DagBag from /opt/airflow/dags/dag_with_catchup_and_backfill.py","logger":"airflow.models.dagbag.DagBag"}
{"timestamp":"2025-05-29T20:58:30.570241","level":"info","event":"Filling up the DagBag from /opt/airflow/dags/dag_with_catchup_and_backfill.py","logger":"airflow.models.dagbag.DagBag"}
{"timestamp":"2025-05-29T20:59:01.094943","level":"info","event":"Filling up the DagBag from /opt/airflow/dags/dag_with_catchup_and_backfill.py","logger":"airflow.models.dagbag.DagBag"}
{"timestamp":"2025-05-29T20:59:31.601852","level":"info","event":"Filling up the DagBag from /opt/airflow/dags/dag_with_catchup_and_backfill.py","logger":"airflow.models.dagbag.DagBag"}
{"timestamp":"2025-05-29T21:00:02.174157","level":"info","event":"Filling up the DagBag from /opt/airflow/dags/dag_with_catchup_and_backfill.py","logger":"airflow.models.dagbag.DagBag"}
{"timestamp":"2025-05-29T21:00:32.690978","level":"info","event":"Filling up the DagBag from /opt/airflow/dags/dag_with_catchup_and_backfill.py","logger":"airflow.models.dagbag.DagBag"}
{"timestamp":"2025-05-29T21:01:03.222364","level":"info","event":"Filling up the DagBag from /opt/airflow/dags/dag_with_catchup_and_backfill.py","logger":"airflow.models.dagbag.DagBag"}
{"timestamp":"2025-05-29T21:01:33.730400","level":"info","event":"Filling up the DagBag from /opt/airflow/dags/dag_with_catchup_and_backfill.py","logger":"airflow.models.dagbag.DagBag"}
{"timestamp":"2025-05-29T21:02:04.274160","level":"info","event":"Filling up the DagBag from /opt/airflow/dags/dag_with_catchup_and_backfill.py","logger":"airflow.models.dagbag.DagBag"}
{"timestamp":"2025-05-29T21:02:34.836001","level":"info","event":"Filling up the DagBag from /opt/airflow/dags/dag_with_catchup_and_backfill.py","logger":"airflow.models.dagbag.DagBag"}
{"timestamp":"2025-05-29T21:03:05.352874","level":"info","event":"Filling up the DagBag from /opt/airflow/dags/dag_with_catchup_and_backfill.py","logger":"airflow.models.dagbag.DagBag"}
{"timestamp":"2025-05-29T21:03:35.895952","level":"info","event":"Filling up the DagBag from /opt/airflow/dags/dag_with_catchup_and_backfill.py","logger":"airflow.models.dagbag.DagBag"}
{"timestamp":"2025-05-29T21:04:06.557077","level":"info","event":"Filling up the DagBag from /opt/airflow/dags/dag_with_catchup_and_backfill.py","logger":"airflow.models.dagbag.DagBag"}
{"timestamp":"2025-05-29T21:04:37.073212","level":"info","event":"Filling up the DagBag from /opt/airflow/dags/dag_with_catchup_and_backfill.py","logger":"airflow.models.dagbag.DagBag"}
{"timestamp":"2025-05-29T21:05:07.617053","level":"info","event":"Filling up the DagBag from /opt/airflow/dags/dag_with_catchup_and_backfill.py","logger":"airflow.models.dagbag.DagBag"}
{"timestamp":"2025-05-29T21:05:38.449898","level":"info","event":"Filling up the DagBag from /opt/airflow/dags/dag_with_catchup_and_backfill.py","logger":"airflow.models.dagbag.DagBag"}
{"timestamp":"2025-05-29T21:06:08.989316","level":"info","event":"Filling up the DagBag from /opt/airflow/dags/dag_with_catchup_and_backfill.py","logger":"airflow.models.dagbag.DagBag"}
{"timestamp":"2025-05-29T21:06:39.533829","level":"info","event":"Filling up the DagBag from /opt/airflow/dags/dag_with_catchup_and_backfill.py","logger":"airflow.models.dagbag.DagBag"}
{"timestamp":"2025-05-29T21:07:10.320823","level":"info","event":"Filling up the DagBag from /opt/airflow/dags/dag_with_catchup_and_backfill.py","logger":"airflow.models.dagbag.DagBag"}
{"timestamp":"2025-05-29T21:07:41.004510","level":"info","event":"Filling up the DagBag from /opt/airflow/dags/dag_with_catchup_and_backfill.py","logger":"airflow.models.dagbag.DagBag"}
{"timestamp":"2025-05-29T21:08:11.919877","level":"info","event":"Filling up the DagBag from /opt/airflow/dags/dag_with_catchup_and_backfill.py","logger":"airflow.models.dagbag.DagBag"}
{"timestamp":"2025-05-29T21:08:42.451336","level":"info","event":"Filling up the DagBag from /opt/airflow/dags/dag_with_catchup_and_backfill.py","logger":"airflow.models.dagbag.DagBag"}
{"timestamp":"2025-05-29T21:09:12.988672","level":"info","event":"Filling up the DagBag from /opt/airflow/dags/dag_with_catchup_and_backfill.py","logger":"airflow.models.dagbag.DagBag"}
{"timestamp":"2025-05-29T21:09:43.499926","level":"info","event":"Filling up the DagBag from /opt/airflow/dags/dag_with_catchup_and_backfill.py","logger":"airflow.models.dagbag.DagBag"}
{"timestamp":"2025-05-29T21:10:14.028687","level":"info","event":"Filling up the DagBag from /opt/airflow/dags/dag_with_catchup_and_backfill.py","logger":"airflow.models.dagbag.DagBag"}
{"timestamp":"2025-05-29T21:10:44.584164","level":"info","event":"Filling up the DagBag from /opt/airflow/dags/dag_with_catchup_and_backfill.py","logger":"airflow.models.dagbag.DagBag"}
{"timestamp":"2025-05-29T21:11:15.134852","level":"info","event":"Filling up the DagBag from /opt/airflow/dags/dag_with_catchup_and_backfill.py","logger":"airflow.models.dagbag.DagBag"}
{"timestamp":"2025-05-29T21:11:45.660460","level":"info","event":"Filling up the DagBag from /opt/airflow/dags/dag_with_catchup_and_backfill.py","logger":"airflow.models.dagbag.DagBag"}
{"timestamp":"2025-05-29T21:12:16.173827","level":"info","event":"Filling up the DagBag from /opt/airflow/dags/dag_with_catchup_and_backfill.py","logger":"airflow.models.dagbag.DagBag"}
{"timestamp":"2025-05-29T21:12:46.685470","level":"info","event":"Filling up the DagBag from /opt/airflow/dags/dag_with_catchup_and_backfill.py","logger":"airflow.models.dagbag.DagBag"}
{"timestamp":"2025-05-29T21:13:17.208750","level":"info","event":"Filling up the DagBag from /opt/airflow/dags/dag_with_catchup_and_backfill.py","logger":"airflow.models.dagbag.DagBag"}
{"timestamp":"2025-05-29T21:13:47.758301","level":"info","event":"Filling up the DagBag from /opt/airflow/dags/dag_with_catchup_and_backfill.py","logger":"airflow.models.dagbag.DagBag"}
{"timestamp":"2025-05-29T21:14:18.293241","level":"info","event":"Filling up the DagBag from /opt/airflow/dags/dag_with_catchup_and_backfill.py","logger":"airflow.models.dagbag.DagBag"}
{"timestamp":"2025-05-29T21:14:48.827327","level":"info","event":"Filling up the DagBag from /opt/airflow/dags/dag_with_catchup_and_backfill.py","logger":"airflow.models.dagbag.DagBag"}
{"timestamp":"2025-05-29T21:15:19.351352","level":"info","event":"Filling up the DagBag from /opt/airflow/dags/dag_with_catchup_and_backfill.py","logger":"airflow.models.dagbag.DagBag"}
{"timestamp":"2025-05-29T21:15:49.899920","level":"info","event":"Filling up the DagBag from /opt/airflow/dags/dag_with_catchup_and_backfill.py","logger":"airflow.models.dagbag.DagBag"}
{"timestamp":"2025-05-29T21:16:20.414457","level":"info","event":"Filling up the DagBag from /opt/airflow/dags/dag_with_catchup_and_backfill.py","logger":"airflow.models.dagbag.DagBag"}
{"timestamp":"2025-05-29T21:16:50.971655","level":"info","event":"Filling up the DagBag from /opt/airflow/dags/dag_with_catchup_and_backfill.py","logger":"airflow.models.dagbag.DagBag"}
