{"timestamp":"2025-05-29T18:25:55.041463","level":"info","event":"Filling up the DagBag from /opt/airflow/dags/dag_with_cron_expression.py","logger":"airflow.models.dagbag.DagBag"}
{"timestamp":"2025-05-29T18:25:55.042687","level":"error","event":"Failed to import: /opt/airflow/dags/dag_with_cron_expression.py","logger":"airflow.models.dagbag.DagBag","error_detail":[{"exc_type":"SyntaxError","exc_value":"invalid syntax (dag_with_cron_expression.py, line 17)","exc_notes":[],"syntax_error":{"offset":0,"filename":"/opt/airflow/dags/dag_with_cron_expression.py","line":"\n","lineno":17,"msg":"invalid syntax"},"is_cause":false,"frames":[{"filename":"/home/airflow/.local/lib/python3.12/site-packages/airflow/models/dagbag.py","lineno":382,"name":"parse"},{"filename":"<frozen importlib._bootstrap_external>","lineno":995,"name":"exec_module"},{"filename":"<frozen importlib._bootstrap_external>","lineno":1133,"name":"get_code"},{"filename":"<frozen importlib._bootstrap_external>","lineno":1063,"name":"source_to_code"},{"filename":"<frozen importlib._bootstrap>","lineno":488,"name":"_call_with_frames_removed"}]}]}
{"timestamp":"2025-05-29T18:26:11.256727","level":"info","event":"Filling up the DagBag from /opt/airflow/dags/dag_with_cron_expression.py","logger":"airflow.models.dagbag.DagBag"}
{"timestamp":"2025-05-29T18:26:33.664596","level":"info","event":"Filling up the DagBag from /opt/airflow/dags/dag_with_cron_expression.py","logger":"airflow.models.dagbag.DagBag"}
{"timestamp":"2025-05-29T18:26:33.665810","level":"error","event":"Failed to import: /opt/airflow/dags/dag_with_cron_expression.py","logger":"airflow.models.dagbag.DagBag","error_detail":[{"exc_type":"SyntaxError","exc_value":"invalid syntax. Perhaps you forgot a comma? (dag_with_cron_expression.py, line 13)","exc_notes":[],"syntax_error":{"offset":18,"filename":"/opt/airflow/dags/dag_with_cron_expression.py","line":"    default_args=default_args\n","lineno":13,"msg":"invalid syntax. Perhaps you forgot a comma?"},"is_cause":false,"frames":[{"filename":"/home/airflow/.local/lib/python3.12/site-packages/airflow/models/dagbag.py","lineno":382,"name":"parse"},{"filename":"<frozen importlib._bootstrap_external>","lineno":995,"name":"exec_module"},{"filename":"<frozen importlib._bootstrap_external>","lineno":1133,"name":"get_code"},{"filename":"<frozen importlib._bootstrap_external>","lineno":1063,"name":"source_to_code"},{"filename":"<frozen importlib._bootstrap>","lineno":488,"name":"_call_with_frames_removed"}]}]}
{"timestamp":"2025-05-29T18:26:37.764967","level":"info","event":"Filling up the DagBag from /opt/airflow/dags/dag_with_cron_expression.py","logger":"airflow.models.dagbag.DagBag"}
{"timestamp":"2025-05-29T18:26:42.916273","level":"info","event":"Filling up the DagBag from /opt/airflow/dags/dag_with_cron_expression.py","logger":"airflow.models.dagbag.DagBag"}
{"timestamp":"2025-05-29T18:26:50.204462","level":"info","event":"Filling up the DagBag from /opt/airflow/dags/dag_with_cron_expression.py","logger":"airflow.models.dagbag.DagBag"}
{"timestamp":"2025-05-29T18:27:20.754286","level":"info","event":"Filling up the DagBag from /opt/airflow/dags/dag_with_cron_expression.py","logger":"airflow.models.dagbag.DagBag"}
{"timestamp":"2025-05-29T18:27:51.292438","level":"info","event":"Filling up the DagBag from /opt/airflow/dags/dag_with_cron_expression.py","logger":"airflow.models.dagbag.DagBag"}
{"timestamp":"2025-05-29T18:28:21.784089","level":"info","event":"Filling up the DagBag from /opt/airflow/dags/dag_with_cron_expression.py","logger":"airflow.models.dagbag.DagBag"}
{"timestamp":"2025-05-29T18:28:21.785368","level":"error","event":"Failed to import: /opt/airflow/dags/dag_with_cron_expression.py","logger":"airflow.models.dagbag.DagBag","error_detail":[{"exc_type":"SyntaxError","exc_value":"invalid syntax. Perhaps you forgot a comma? (dag_with_cron_expression.py, line 15)","exc_notes":[],"syntax_error":{"offset":14,"filename":"/opt/airflow/dags/dag_with_cron_expression.py","line":"    schedule='@daily'\n","lineno":15,"msg":"invalid syntax. Perhaps you forgot a comma?"},"is_cause":false,"frames":[{"filename":"/home/airflow/.local/lib/python3.12/site-packages/airflow/models/dagbag.py","lineno":382,"name":"parse"},{"filename":"<frozen importlib._bootstrap_external>","lineno":995,"name":"exec_module"},{"filename":"<frozen importlib._bootstrap_external>","lineno":1133,"name":"get_code"},{"filename":"<frozen importlib._bootstrap_external>","lineno":1063,"name":"source_to_code"},{"filename":"<frozen importlib._bootstrap>","lineno":488,"name":"_call_with_frames_removed"}]}]}
{"timestamp":"2025-05-29T18:28:26.862370","level":"info","event":"Filling up the DagBag from /opt/airflow/dags/dag_with_cron_expression.py","logger":"airflow.models.dagbag.DagBag"}
{"timestamp":"2025-05-29T18:28:57.378872","level":"info","event":"Filling up the DagBag from /opt/airflow/dags/dag_with_cron_expression.py","logger":"airflow.models.dagbag.DagBag"}
{"timestamp":"2025-05-29T18:29:13.631921","level":"info","event":"Filling up the DagBag from /opt/airflow/dags/dag_with_cron_expression.py","logger":"airflow.models.dagbag.DagBag"}
{"timestamp":"2025-05-29T18:29:14.790271","level":"info","event":"Filling up the DagBag from /opt/airflow/dags/dag_with_cron_expression.py","logger":"airflow.models.dagbag.DagBag"}
{"timestamp":"2025-05-29T18:29:16.860763","level":"info","event":"Filling up the DagBag from /opt/airflow/dags/dag_with_cron_expression.py","logger":"airflow.models.dagbag.DagBag"}
{"timestamp":"2025-05-29T18:29:24.139989","level":"info","event":"Filling up the DagBag from /opt/airflow/dags/dag_with_cron_expression.py","logger":"airflow.models.dagbag.DagBag"}
{"timestamp":"2025-05-29T18:29:54.645490","level":"info","event":"Filling up the DagBag from /opt/airflow/dags/dag_with_cron_expression.py","logger":"airflow.models.dagbag.DagBag"}
{"timestamp":"2025-05-29T18:29:59.742037","level":"info","event":"Filling up the DagBag from /opt/airflow/dags/dag_with_cron_expression.py","logger":"airflow.models.dagbag.DagBag"}
{"timestamp":"2025-05-29T18:30:02.824480","level":"info","event":"Filling up the DagBag from /opt/airflow/dags/dag_with_cron_expression.py","logger":"airflow.models.dagbag.DagBag"}
{"timestamp":"2025-05-29T18:30:09.006693","level":"info","event":"Filling up the DagBag from /opt/airflow/dags/dag_with_cron_expression.py","logger":"airflow.models.dagbag.DagBag"}
{"timestamp":"2025-05-29T18:30:22.286419","level":"info","event":"Filling up the DagBag from /opt/airflow/dags/dag_with_cron_expression.py","logger":"airflow.models.dagbag.DagBag"}
{"timestamp":"2025-05-29T18:30:22.298056","level":"error","event":"Failed to bag_dag: /opt/airflow/dags/dag_with_cron_expression.py","logger":"airflow.models.dagbag.DagBag","error_detail":[{"exc_type":"AirflowTimetableInvalid","exc_value":"Exactly 5, 6 or 7 columns has to be specified for iterator expression.","exc_notes":[],"syntax_error":null,"is_cause":false,"frames":[{"filename":"/home/airflow/.local/lib/python3.12/site-packages/airflow/models/dagbag.py","lineno":490,"name":"_process_modules"},{"filename":"/home/airflow/.local/lib/python3.12/site-packages/airflow/sdk/definitions/dag.py","lineno":604,"name":"validate"},{"filename":"/home/airflow/.local/lib/python3.12/site-packages/airflow/timetables/_cron.py","lineno":104,"name":"validate"}]},{"exc_type":"CroniterBadCronError","exc_value":"Exactly 5, 6 or 7 columns has to be specified for iterator expression.","exc_notes":[],"syntax_error":null,"is_cause":false,"frames":[{"filename":"/home/airflow/.local/lib/python3.12/site-packages/airflow/timetables/_cron.py","lineno":102,"name":"validate"},{"filename":"/home/airflow/.local/lib/python3.12/site-packages/croniter/croniter.py","lineno":268,"name":"__init__"},{"filename":"/home/airflow/.local/lib/python3.12/site-packages/croniter/croniter.py","lineno":1113,"name":"expand"},{"filename":"/home/airflow/.local/lib/python3.12/site-packages/croniter/croniter.py","lineno":852,"name":"_expand"}]}]}
{"timestamp":"2025-05-29T18:30:52.785503","level":"info","event":"Filling up the DagBag from /opt/airflow/dags/dag_with_cron_expression.py","logger":"airflow.models.dagbag.DagBag"}
{"timestamp":"2025-05-29T18:30:52.796284","level":"error","event":"Failed to bag_dag: /opt/airflow/dags/dag_with_cron_expression.py","logger":"airflow.models.dagbag.DagBag","error_detail":[{"exc_type":"AirflowTimetableInvalid","exc_value":"Exactly 5, 6 or 7 columns has to be specified for iterator expression.","exc_notes":[],"syntax_error":null,"is_cause":false,"frames":[{"filename":"/home/airflow/.local/lib/python3.12/site-packages/airflow/models/dagbag.py","lineno":490,"name":"_process_modules"},{"filename":"/home/airflow/.local/lib/python3.12/site-packages/airflow/sdk/definitions/dag.py","lineno":604,"name":"validate"},{"filename":"/home/airflow/.local/lib/python3.12/site-packages/airflow/timetables/_cron.py","lineno":104,"name":"validate"}]},{"exc_type":"CroniterBadCronError","exc_value":"Exactly 5, 6 or 7 columns has to be specified for iterator expression.","exc_notes":[],"syntax_error":null,"is_cause":false,"frames":[{"filename":"/home/airflow/.local/lib/python3.12/site-packages/airflow/timetables/_cron.py","lineno":102,"name":"validate"},{"filename":"/home/airflow/.local/lib/python3.12/site-packages/croniter/croniter.py","lineno":268,"name":"__init__"},{"filename":"/home/airflow/.local/lib/python3.12/site-packages/croniter/croniter.py","lineno":1113,"name":"expand"},{"filename":"/home/airflow/.local/lib/python3.12/site-packages/croniter/croniter.py","lineno":852,"name":"_expand"}]}]}
{"timestamp":"2025-05-29T18:31:01.959902","level":"info","event":"Filling up the DagBag from /opt/airflow/dags/dag_with_cron_expression.py","logger":"airflow.models.dagbag.DagBag"}
{"timestamp":"2025-05-29T18:31:32.523475","level":"info","event":"Filling up the DagBag from /opt/airflow/dags/dag_with_cron_expression.py","logger":"airflow.models.dagbag.DagBag"}
{"timestamp":"2025-05-29T18:31:33.615607","level":"info","event":"Filling up the DagBag from /opt/airflow/dags/dag_with_cron_expression.py","logger":"airflow.models.dagbag.DagBag"}
{"timestamp":"2025-05-29T18:32:04.150779","level":"info","event":"Filling up the DagBag from /opt/airflow/dags/dag_with_cron_expression.py","logger":"airflow.models.dagbag.DagBag"}
{"timestamp":"2025-05-29T18:32:34.697423","level":"info","event":"Filling up the DagBag from /opt/airflow/dags/dag_with_cron_expression.py","logger":"airflow.models.dagbag.DagBag"}
{"timestamp":"2025-05-29T18:33:05.201521","level":"info","event":"Filling up the DagBag from /opt/airflow/dags/dag_with_cron_expression.py","logger":"airflow.models.dagbag.DagBag"}
{"timestamp":"2025-05-29T18:33:35.735190","level":"info","event":"Filling up the DagBag from /opt/airflow/dags/dag_with_cron_expression.py","logger":"airflow.models.dagbag.DagBag"}
{"timestamp":"2025-05-29T18:33:47.950124","level":"info","event":"Filling up the DagBag from /opt/airflow/dags/dag_with_cron_expression.py","logger":"airflow.models.dagbag.DagBag"}
{"timestamp":"2025-05-29T18:33:47.960906","level":"error","event":"Failed to bag_dag: /opt/airflow/dags/dag_with_cron_expression.py","logger":"airflow.models.dagbag.DagBag","error_detail":[{"exc_type":"AirflowTimetableInvalid","exc_value":"Exactly 5, 6 or 7 columns has to be specified for iterator expression.","exc_notes":[],"syntax_error":null,"is_cause":false,"frames":[{"filename":"/home/airflow/.local/lib/python3.12/site-packages/airflow/models/dagbag.py","lineno":490,"name":"_process_modules"},{"filename":"/home/airflow/.local/lib/python3.12/site-packages/airflow/sdk/definitions/dag.py","lineno":604,"name":"validate"},{"filename":"/home/airflow/.local/lib/python3.12/site-packages/airflow/timetables/_cron.py","lineno":104,"name":"validate"}]},{"exc_type":"CroniterBadCronError","exc_value":"Exactly 5, 6 or 7 columns has to be specified for iterator expression.","exc_notes":[],"syntax_error":null,"is_cause":false,"frames":[{"filename":"/home/airflow/.local/lib/python3.12/site-packages/airflow/timetables/_cron.py","lineno":102,"name":"validate"},{"filename":"/home/airflow/.local/lib/python3.12/site-packages/croniter/croniter.py","lineno":268,"name":"__init__"},{"filename":"/home/airflow/.local/lib/python3.12/site-packages/croniter/croniter.py","lineno":1113,"name":"expand"},{"filename":"/home/airflow/.local/lib/python3.12/site-packages/croniter/croniter.py","lineno":852,"name":"_expand"}]}]}
{"timestamp":"2025-05-29T18:33:54.114504","level":"info","event":"Filling up the DagBag from /opt/airflow/dags/dag_with_cron_expression.py","logger":"airflow.models.dagbag.DagBag"}
{"timestamp":"2025-05-29T18:34:04.357953","level":"info","event":"Filling up the DagBag from /opt/airflow/dags/dag_with_cron_expression.py","logger":"airflow.models.dagbag.DagBag"}
{"timestamp":"2025-05-29T18:34:34.856813","level":"info","event":"Filling up the DagBag from /opt/airflow/dags/dag_with_cron_expression.py","logger":"airflow.models.dagbag.DagBag"}
{"timestamp":"2025-05-29T18:34:54.126578","level":"info","event":"Filling up the DagBag from /opt/airflow/dags/dag_with_cron_expression.py","logger":"airflow.models.dagbag.DagBag"}
{"timestamp":"2025-05-29T18:34:58.453190","level":"info","event":"Filling up the DagBag from /opt/airflow/dags/dag_with_cron_expression.py","logger":"airflow.models.dagbag.DagBag"}
{"timestamp":"2025-05-29T18:35:29.046284","level":"info","event":"Filling up the DagBag from /opt/airflow/dags/dag_with_cron_expression.py","logger":"airflow.models.dagbag.DagBag"}
{"timestamp":"2025-05-29T18:35:59.557165","level":"info","event":"Filling up the DagBag from /opt/airflow/dags/dag_with_cron_expression.py","logger":"airflow.models.dagbag.DagBag"}
{"timestamp":"2025-05-29T18:36:30.063028","level":"info","event":"Filling up the DagBag from /opt/airflow/dags/dag_with_cron_expression.py","logger":"airflow.models.dagbag.DagBag"}
{"timestamp":"2025-05-29T18:37:00.581520","level":"info","event":"Filling up the DagBag from /opt/airflow/dags/dag_with_cron_expression.py","logger":"airflow.models.dagbag.DagBag"}
{"timestamp":"2025-05-29T18:37:31.085149","level":"info","event":"Filling up the DagBag from /opt/airflow/dags/dag_with_cron_expression.py","logger":"airflow.models.dagbag.DagBag"}
{"timestamp":"2025-05-29T18:38:01.599477","level":"info","event":"Filling up the DagBag from /opt/airflow/dags/dag_with_cron_expression.py","logger":"airflow.models.dagbag.DagBag"}
{"timestamp":"2025-05-29T18:38:32.117630","level":"info","event":"Filling up the DagBag from /opt/airflow/dags/dag_with_cron_expression.py","logger":"airflow.models.dagbag.DagBag"}
{"timestamp":"2025-05-29T18:39:02.621206","level":"info","event":"Filling up the DagBag from /opt/airflow/dags/dag_with_cron_expression.py","logger":"airflow.models.dagbag.DagBag"}
{"timestamp":"2025-05-29T18:39:33.111571","level":"info","event":"Filling up the DagBag from /opt/airflow/dags/dag_with_cron_expression.py","logger":"airflow.models.dagbag.DagBag"}
{"timestamp":"2025-05-29T18:40:03.645133","level":"info","event":"Filling up the DagBag from /opt/airflow/dags/dag_with_cron_expression.py","logger":"airflow.models.dagbag.DagBag"}
{"timestamp":"2025-05-29T18:40:34.160348","level":"info","event":"Filling up the DagBag from /opt/airflow/dags/dag_with_cron_expression.py","logger":"airflow.models.dagbag.DagBag"}
{"timestamp":"2025-05-29T18:41:04.673145","level":"info","event":"Filling up the DagBag from /opt/airflow/dags/dag_with_cron_expression.py","logger":"airflow.models.dagbag.DagBag"}
{"timestamp":"2025-05-29T18:41:35.193370","level":"info","event":"Filling up the DagBag from /opt/airflow/dags/dag_with_cron_expression.py","logger":"airflow.models.dagbag.DagBag"}
{"timestamp":"2025-05-29T18:42:05.769086","level":"info","event":"Filling up the DagBag from /opt/airflow/dags/dag_with_cron_expression.py","logger":"airflow.models.dagbag.DagBag"}
{"timestamp":"2025-05-29T18:42:36.262673","level":"info","event":"Filling up the DagBag from /opt/airflow/dags/dag_with_cron_expression.py","logger":"airflow.models.dagbag.DagBag"}
{"timestamp":"2025-05-29T18:43:06.782415","level":"info","event":"Filling up the DagBag from /opt/airflow/dags/dag_with_cron_expression.py","logger":"airflow.models.dagbag.DagBag"}
{"timestamp":"2025-05-29T18:43:37.295166","level":"info","event":"Filling up the DagBag from /opt/airflow/dags/dag_with_cron_expression.py","logger":"airflow.models.dagbag.DagBag"}
{"timestamp":"2025-05-29T18:44:07.799207","level":"info","event":"Filling up the DagBag from /opt/airflow/dags/dag_with_cron_expression.py","logger":"airflow.models.dagbag.DagBag"}
{"timestamp":"2025-05-29T18:44:38.363315","level":"info","event":"Filling up the DagBag from /opt/airflow/dags/dag_with_cron_expression.py","logger":"airflow.models.dagbag.DagBag"}
{"timestamp":"2025-05-29T18:45:08.893855","level":"info","event":"Filling up the DagBag from /opt/airflow/dags/dag_with_cron_expression.py","logger":"airflow.models.dagbag.DagBag"}
{"timestamp":"2025-05-29T18:45:39.455521","level":"info","event":"Filling up the DagBag from /opt/airflow/dags/dag_with_cron_expression.py","logger":"airflow.models.dagbag.DagBag"}
{"timestamp":"2025-05-29T18:46:10.019842","level":"info","event":"Filling up the DagBag from /opt/airflow/dags/dag_with_cron_expression.py","logger":"airflow.models.dagbag.DagBag"}
{"timestamp":"2025-05-29T18:46:40.522374","level":"info","event":"Filling up the DagBag from /opt/airflow/dags/dag_with_cron_expression.py","logger":"airflow.models.dagbag.DagBag"}
{"timestamp":"2025-05-29T18:47:11.045595","level":"info","event":"Filling up the DagBag from /opt/airflow/dags/dag_with_cron_expression.py","logger":"airflow.models.dagbag.DagBag"}
{"timestamp":"2025-05-29T18:47:41.601525","level":"info","event":"Filling up the DagBag from /opt/airflow/dags/dag_with_cron_expression.py","logger":"airflow.models.dagbag.DagBag"}
{"timestamp":"2025-05-29T18:48:12.127013","level":"info","event":"Filling up the DagBag from /opt/airflow/dags/dag_with_cron_expression.py","logger":"airflow.models.dagbag.DagBag"}
{"timestamp":"2025-05-29T18:48:42.627329","level":"info","event":"Filling up the DagBag from /opt/airflow/dags/dag_with_cron_expression.py","logger":"airflow.models.dagbag.DagBag"}
{"timestamp":"2025-05-29T18:49:13.136690","level":"info","event":"Filling up the DagBag from /opt/airflow/dags/dag_with_cron_expression.py","logger":"airflow.models.dagbag.DagBag"}
{"timestamp":"2025-05-29T18:49:43.690517","level":"info","event":"Filling up the DagBag from /opt/airflow/dags/dag_with_cron_expression.py","logger":"airflow.models.dagbag.DagBag"}
{"timestamp":"2025-05-29T18:50:14.237056","level":"info","event":"Filling up the DagBag from /opt/airflow/dags/dag_with_cron_expression.py","logger":"airflow.models.dagbag.DagBag"}
{"timestamp":"2025-05-29T18:50:44.761968","level":"info","event":"Filling up the DagBag from /opt/airflow/dags/dag_with_cron_expression.py","logger":"airflow.models.dagbag.DagBag"}
{"timestamp":"2025-05-29T18:51:15.295497","level":"info","event":"Filling up the DagBag from /opt/airflow/dags/dag_with_cron_expression.py","logger":"airflow.models.dagbag.DagBag"}
{"timestamp":"2025-05-29T18:51:45.869670","level":"info","event":"Filling up the DagBag from /opt/airflow/dags/dag_with_cron_expression.py","logger":"airflow.models.dagbag.DagBag"}
{"timestamp":"2025-05-29T18:52:16.392814","level":"info","event":"Filling up the DagBag from /opt/airflow/dags/dag_with_cron_expression.py","logger":"airflow.models.dagbag.DagBag"}
{"timestamp":"2025-05-29T18:52:46.956551","level":"info","event":"Filling up the DagBag from /opt/airflow/dags/dag_with_cron_expression.py","logger":"airflow.models.dagbag.DagBag"}
{"timestamp":"2025-05-29T18:53:17.495570","level":"info","event":"Filling up the DagBag from /opt/airflow/dags/dag_with_cron_expression.py","logger":"airflow.models.dagbag.DagBag"}
{"timestamp":"2025-05-29T18:53:48.048496","level":"info","event":"Filling up the DagBag from /opt/airflow/dags/dag_with_cron_expression.py","logger":"airflow.models.dagbag.DagBag"}
{"timestamp":"2025-05-29T18:54:18.583794","level":"info","event":"Filling up the DagBag from /opt/airflow/dags/dag_with_cron_expression.py","logger":"airflow.models.dagbag.DagBag"}
{"timestamp":"2025-05-29T18:54:49.141139","level":"info","event":"Filling up the DagBag from /opt/airflow/dags/dag_with_cron_expression.py","logger":"airflow.models.dagbag.DagBag"}
{"timestamp":"2025-05-29T18:55:19.677024","level":"info","event":"Filling up the DagBag from /opt/airflow/dags/dag_with_cron_expression.py","logger":"airflow.models.dagbag.DagBag"}
{"timestamp":"2025-05-29T18:55:50.202037","level":"info","event":"Filling up the DagBag from /opt/airflow/dags/dag_with_cron_expression.py","logger":"airflow.models.dagbag.DagBag"}
{"timestamp":"2025-05-29T18:56:20.734136","level":"info","event":"Filling up the DagBag from /opt/airflow/dags/dag_with_cron_expression.py","logger":"airflow.models.dagbag.DagBag"}
{"timestamp":"2025-05-29T18:56:51.239492","level":"info","event":"Filling up the DagBag from /opt/airflow/dags/dag_with_cron_expression.py","logger":"airflow.models.dagbag.DagBag"}
{"timestamp":"2025-05-29T18:57:21.784456","level":"info","event":"Filling up the DagBag from /opt/airflow/dags/dag_with_cron_expression.py","logger":"airflow.models.dagbag.DagBag"}
{"timestamp":"2025-05-29T18:57:52.332734","level":"info","event":"Filling up the DagBag from /opt/airflow/dags/dag_with_cron_expression.py","logger":"airflow.models.dagbag.DagBag"}
{"timestamp":"2025-05-29T18:58:22.861378","level":"info","event":"Filling up the DagBag from /opt/airflow/dags/dag_with_cron_expression.py","logger":"airflow.models.dagbag.DagBag"}
{"timestamp":"2025-05-29T18:58:53.443456","level":"info","event":"Filling up the DagBag from /opt/airflow/dags/dag_with_cron_expression.py","logger":"airflow.models.dagbag.DagBag"}
{"timestamp":"2025-05-29T18:59:23.946316","level":"info","event":"Filling up the DagBag from /opt/airflow/dags/dag_with_cron_expression.py","logger":"airflow.models.dagbag.DagBag"}
{"timestamp":"2025-05-29T18:59:54.482346","level":"info","event":"Filling up the DagBag from /opt/airflow/dags/dag_with_cron_expression.py","logger":"airflow.models.dagbag.DagBag"}
{"timestamp":"2025-05-29T19:00:24.992407","level":"info","event":"Filling up the DagBag from /opt/airflow/dags/dag_with_cron_expression.py","logger":"airflow.models.dagbag.DagBag"}
{"timestamp":"2025-05-29T19:00:55.512064","level":"info","event":"Filling up the DagBag from /opt/airflow/dags/dag_with_cron_expression.py","logger":"airflow.models.dagbag.DagBag"}
{"timestamp":"2025-05-29T19:01:26.042093","level":"info","event":"Filling up the DagBag from /opt/airflow/dags/dag_with_cron_expression.py","logger":"airflow.models.dagbag.DagBag"}
{"timestamp":"2025-05-29T19:01:56.608253","level":"info","event":"Filling up the DagBag from /opt/airflow/dags/dag_with_cron_expression.py","logger":"airflow.models.dagbag.DagBag"}
{"timestamp":"2025-05-29T19:02:27.120019","level":"info","event":"Filling up the DagBag from /opt/airflow/dags/dag_with_cron_expression.py","logger":"airflow.models.dagbag.DagBag"}
{"timestamp":"2025-05-29T19:02:57.621058","level":"info","event":"Filling up the DagBag from /opt/airflow/dags/dag_with_cron_expression.py","logger":"airflow.models.dagbag.DagBag"}
{"timestamp":"2025-05-29T19:03:28.134206","level":"info","event":"Filling up the DagBag from /opt/airflow/dags/dag_with_cron_expression.py","logger":"airflow.models.dagbag.DagBag"}
{"timestamp":"2025-05-29T19:03:58.677048","level":"info","event":"Filling up the DagBag from /opt/airflow/dags/dag_with_cron_expression.py","logger":"airflow.models.dagbag.DagBag"}
{"timestamp":"2025-05-29T19:04:29.174465","level":"info","event":"Filling up the DagBag from /opt/airflow/dags/dag_with_cron_expression.py","logger":"airflow.models.dagbag.DagBag"}
{"timestamp":"2025-05-29T19:04:59.678329","level":"info","event":"Filling up the DagBag from /opt/airflow/dags/dag_with_cron_expression.py","logger":"airflow.models.dagbag.DagBag"}
{"timestamp":"2025-05-29T19:05:30.229172","level":"info","event":"Filling up the DagBag from /opt/airflow/dags/dag_with_cron_expression.py","logger":"airflow.models.dagbag.DagBag"}
{"timestamp":"2025-05-29T19:06:00.717416","level":"info","event":"Filling up the DagBag from /opt/airflow/dags/dag_with_cron_expression.py","logger":"airflow.models.dagbag.DagBag"}
{"timestamp":"2025-05-29T19:06:31.212955","level":"info","event":"Filling up the DagBag from /opt/airflow/dags/dag_with_cron_expression.py","logger":"airflow.models.dagbag.DagBag"}
{"timestamp":"2025-05-29T19:07:01.777001","level":"info","event":"Filling up the DagBag from /opt/airflow/dags/dag_with_cron_expression.py","logger":"airflow.models.dagbag.DagBag"}
{"timestamp":"2025-05-29T19:07:32.320544","level":"info","event":"Filling up the DagBag from /opt/airflow/dags/dag_with_cron_expression.py","logger":"airflow.models.dagbag.DagBag"}
{"timestamp":"2025-05-29T19:08:02.871506","level":"info","event":"Filling up the DagBag from /opt/airflow/dags/dag_with_cron_expression.py","logger":"airflow.models.dagbag.DagBag"}
{"timestamp":"2025-05-29T19:08:33.402230","level":"info","event":"Filling up the DagBag from /opt/airflow/dags/dag_with_cron_expression.py","logger":"airflow.models.dagbag.DagBag"}
{"timestamp":"2025-05-29T19:09:03.936721","level":"info","event":"Filling up the DagBag from /opt/airflow/dags/dag_with_cron_expression.py","logger":"airflow.models.dagbag.DagBag"}
{"timestamp":"2025-05-29T19:09:34.453375","level":"info","event":"Filling up the DagBag from /opt/airflow/dags/dag_with_cron_expression.py","logger":"airflow.models.dagbag.DagBag"}
{"timestamp":"2025-05-29T19:10:04.972208","level":"info","event":"Filling up the DagBag from /opt/airflow/dags/dag_with_cron_expression.py","logger":"airflow.models.dagbag.DagBag"}
{"timestamp":"2025-05-29T19:10:35.500884","level":"info","event":"Filling up the DagBag from /opt/airflow/dags/dag_with_cron_expression.py","logger":"airflow.models.dagbag.DagBag"}
{"timestamp":"2025-05-29T19:11:06.030765","level":"info","event":"Filling up the DagBag from /opt/airflow/dags/dag_with_cron_expression.py","logger":"airflow.models.dagbag.DagBag"}
{"timestamp":"2025-05-29T19:11:36.519446","level":"info","event":"Filling up the DagBag from /opt/airflow/dags/dag_with_cron_expression.py","logger":"airflow.models.dagbag.DagBag"}
{"timestamp":"2025-05-29T19:12:07.068521","level":"info","event":"Filling up the DagBag from /opt/airflow/dags/dag_with_cron_expression.py","logger":"airflow.models.dagbag.DagBag"}
{"timestamp":"2025-05-29T19:12:37.564965","level":"info","event":"Filling up the DagBag from /opt/airflow/dags/dag_with_cron_expression.py","logger":"airflow.models.dagbag.DagBag"}
{"timestamp":"2025-05-29T19:13:08.083873","level":"info","event":"Filling up the DagBag from /opt/airflow/dags/dag_with_cron_expression.py","logger":"airflow.models.dagbag.DagBag"}
{"timestamp":"2025-05-29T19:13:38.630510","level":"info","event":"Filling up the DagBag from /opt/airflow/dags/dag_with_cron_expression.py","logger":"airflow.models.dagbag.DagBag"}
{"timestamp":"2025-05-29T19:14:09.141401","level":"info","event":"Filling up the DagBag from /opt/airflow/dags/dag_with_cron_expression.py","logger":"airflow.models.dagbag.DagBag"}
{"timestamp":"2025-05-29T19:14:39.690062","level":"info","event":"Filling up the DagBag from /opt/airflow/dags/dag_with_cron_expression.py","logger":"airflow.models.dagbag.DagBag"}
{"timestamp":"2025-05-29T19:15:10.219154","level":"info","event":"Filling up the DagBag from /opt/airflow/dags/dag_with_cron_expression.py","logger":"airflow.models.dagbag.DagBag"}
{"timestamp":"2025-05-29T19:15:40.734017","level":"info","event":"Filling up the DagBag from /opt/airflow/dags/dag_with_cron_expression.py","logger":"airflow.models.dagbag.DagBag"}
{"timestamp":"2025-05-29T19:16:11.301328","level":"info","event":"Filling up the DagBag from /opt/airflow/dags/dag_with_cron_expression.py","logger":"airflow.models.dagbag.DagBag"}
{"timestamp":"2025-05-29T19:16:41.835201","level":"info","event":"Filling up the DagBag from /opt/airflow/dags/dag_with_cron_expression.py","logger":"airflow.models.dagbag.DagBag"}
{"timestamp":"2025-05-29T19:17:12.333054","level":"info","event":"Filling up the DagBag from /opt/airflow/dags/dag_with_cron_expression.py","logger":"airflow.models.dagbag.DagBag"}
{"timestamp":"2025-05-29T19:17:42.826811","level":"info","event":"Filling up the DagBag from /opt/airflow/dags/dag_with_cron_expression.py","logger":"airflow.models.dagbag.DagBag"}
{"timestamp":"2025-05-29T19:18:13.342907","level":"info","event":"Filling up the DagBag from /opt/airflow/dags/dag_with_cron_expression.py","logger":"airflow.models.dagbag.DagBag"}
{"timestamp":"2025-05-29T19:18:43.874290","level":"info","event":"Filling up the DagBag from /opt/airflow/dags/dag_with_cron_expression.py","logger":"airflow.models.dagbag.DagBag"}
{"timestamp":"2025-05-29T19:19:14.399437","level":"info","event":"Filling up the DagBag from /opt/airflow/dags/dag_with_cron_expression.py","logger":"airflow.models.dagbag.DagBag"}
{"timestamp":"2025-05-29T19:19:44.907659","level":"info","event":"Filling up the DagBag from /opt/airflow/dags/dag_with_cron_expression.py","logger":"airflow.models.dagbag.DagBag"}
{"timestamp":"2025-05-29T19:20:15.443437","level":"info","event":"Filling up the DagBag from /opt/airflow/dags/dag_with_cron_expression.py","logger":"airflow.models.dagbag.DagBag"}
{"timestamp":"2025-05-29T19:20:45.928798","level":"info","event":"Filling up the DagBag from /opt/airflow/dags/dag_with_cron_expression.py","logger":"airflow.models.dagbag.DagBag"}
{"timestamp":"2025-05-29T19:21:16.434192","level":"info","event":"Filling up the DagBag from /opt/airflow/dags/dag_with_cron_expression.py","logger":"airflow.models.dagbag.DagBag"}
{"timestamp":"2025-05-29T19:21:46.976184","level":"info","event":"Filling up the DagBag from /opt/airflow/dags/dag_with_cron_expression.py","logger":"airflow.models.dagbag.DagBag"}
{"timestamp":"2025-05-29T19:22:17.507495","level":"info","event":"Filling up the DagBag from /opt/airflow/dags/dag_with_cron_expression.py","logger":"airflow.models.dagbag.DagBag"}
{"timestamp":"2025-05-29T19:22:48.050033","level":"info","event":"Filling up the DagBag from /opt/airflow/dags/dag_with_cron_expression.py","logger":"airflow.models.dagbag.DagBag"}
{"timestamp":"2025-05-29T19:23:18.632906","level":"info","event":"Filling up the DagBag from /opt/airflow/dags/dag_with_cron_expression.py","logger":"airflow.models.dagbag.DagBag"}
{"timestamp":"2025-05-29T19:23:49.125786","level":"info","event":"Filling up the DagBag from /opt/airflow/dags/dag_with_cron_expression.py","logger":"airflow.models.dagbag.DagBag"}
{"timestamp":"2025-05-29T19:24:19.644081","level":"info","event":"Filling up the DagBag from /opt/airflow/dags/dag_with_cron_expression.py","logger":"airflow.models.dagbag.DagBag"}
{"timestamp":"2025-05-29T19:24:50.176615","level":"info","event":"Filling up the DagBag from /opt/airflow/dags/dag_with_cron_expression.py","logger":"airflow.models.dagbag.DagBag"}
{"timestamp":"2025-05-29T19:25:20.697066","level":"info","event":"Filling up the DagBag from /opt/airflow/dags/dag_with_cron_expression.py","logger":"airflow.models.dagbag.DagBag"}
{"timestamp":"2025-05-29T19:25:51.202291","level":"info","event":"Filling up the DagBag from /opt/airflow/dags/dag_with_cron_expression.py","logger":"airflow.models.dagbag.DagBag"}
{"timestamp":"2025-05-29T19:26:21.719181","level":"info","event":"Filling up the DagBag from /opt/airflow/dags/dag_with_cron_expression.py","logger":"airflow.models.dagbag.DagBag"}
{"timestamp":"2025-05-29T19:26:52.252734","level":"info","event":"Filling up the DagBag from /opt/airflow/dags/dag_with_cron_expression.py","logger":"airflow.models.dagbag.DagBag"}
{"timestamp":"2025-05-29T19:27:22.761098","level":"info","event":"Filling up the DagBag from /opt/airflow/dags/dag_with_cron_expression.py","logger":"airflow.models.dagbag.DagBag"}
{"timestamp":"2025-05-29T19:27:53.295244","level":"info","event":"Filling up the DagBag from /opt/airflow/dags/dag_with_cron_expression.py","logger":"airflow.models.dagbag.DagBag"}
{"timestamp":"2025-05-29T19:28:23.827173","level":"info","event":"Filling up the DagBag from /opt/airflow/dags/dag_with_cron_expression.py","logger":"airflow.models.dagbag.DagBag"}
{"timestamp":"2025-05-29T19:28:54.346197","level":"info","event":"Filling up the DagBag from /opt/airflow/dags/dag_with_cron_expression.py","logger":"airflow.models.dagbag.DagBag"}
{"timestamp":"2025-05-29T19:29:24.871099","level":"info","event":"Filling up the DagBag from /opt/airflow/dags/dag_with_cron_expression.py","logger":"airflow.models.dagbag.DagBag"}
{"timestamp":"2025-05-29T19:29:55.414234","level":"info","event":"Filling up the DagBag from /opt/airflow/dags/dag_with_cron_expression.py","logger":"airflow.models.dagbag.DagBag"}
{"timestamp":"2025-05-29T19:30:25.939292","level":"info","event":"Filling up the DagBag from /opt/airflow/dags/dag_with_cron_expression.py","logger":"airflow.models.dagbag.DagBag"}
{"timestamp":"2025-05-29T19:30:56.477478","level":"info","event":"Filling up the DagBag from /opt/airflow/dags/dag_with_cron_expression.py","logger":"airflow.models.dagbag.DagBag"}
{"timestamp":"2025-05-29T19:31:26.999667","level":"info","event":"Filling up the DagBag from /opt/airflow/dags/dag_with_cron_expression.py","logger":"airflow.models.dagbag.DagBag"}
{"timestamp":"2025-05-29T19:31:57.532182","level":"info","event":"Filling up the DagBag from /opt/airflow/dags/dag_with_cron_expression.py","logger":"airflow.models.dagbag.DagBag"}
{"timestamp":"2025-05-29T19:32:28.051859","level":"info","event":"Filling up the DagBag from /opt/airflow/dags/dag_with_cron_expression.py","logger":"airflow.models.dagbag.DagBag"}
{"timestamp":"2025-05-29T19:32:58.608218","level":"info","event":"Filling up the DagBag from /opt/airflow/dags/dag_with_cron_expression.py","logger":"airflow.models.dagbag.DagBag"}
{"timestamp":"2025-05-29T19:33:29.154412","level":"info","event":"Filling up the DagBag from /opt/airflow/dags/dag_with_cron_expression.py","logger":"airflow.models.dagbag.DagBag"}
{"timestamp":"2025-05-29T19:33:59.686705","level":"info","event":"Filling up the DagBag from /opt/airflow/dags/dag_with_cron_expression.py","logger":"airflow.models.dagbag.DagBag"}
{"timestamp":"2025-05-29T19:34:30.218522","level":"info","event":"Filling up the DagBag from /opt/airflow/dags/dag_with_cron_expression.py","logger":"airflow.models.dagbag.DagBag"}
{"timestamp":"2025-05-29T19:35:00.777095","level":"info","event":"Filling up the DagBag from /opt/airflow/dags/dag_with_cron_expression.py","logger":"airflow.models.dagbag.DagBag"}
{"timestamp":"2025-05-29T19:35:31.336227","level":"info","event":"Filling up the DagBag from /opt/airflow/dags/dag_with_cron_expression.py","logger":"airflow.models.dagbag.DagBag"}
{"timestamp":"2025-05-29T19:36:01.866810","level":"info","event":"Filling up the DagBag from /opt/airflow/dags/dag_with_cron_expression.py","logger":"airflow.models.dagbag.DagBag"}
{"timestamp":"2025-05-29T19:36:32.382577","level":"info","event":"Filling up the DagBag from /opt/airflow/dags/dag_with_cron_expression.py","logger":"airflow.models.dagbag.DagBag"}
{"timestamp":"2025-05-29T19:37:02.893384","level":"info","event":"Filling up the DagBag from /opt/airflow/dags/dag_with_cron_expression.py","logger":"airflow.models.dagbag.DagBag"}
{"timestamp":"2025-05-29T19:37:33.416143","level":"info","event":"Filling up the DagBag from /opt/airflow/dags/dag_with_cron_expression.py","logger":"airflow.models.dagbag.DagBag"}
{"timestamp":"2025-05-29T19:38:03.912929","level":"info","event":"Filling up the DagBag from /opt/airflow/dags/dag_with_cron_expression.py","logger":"airflow.models.dagbag.DagBag"}
{"timestamp":"2025-05-29T19:38:34.449662","level":"info","event":"Filling up the DagBag from /opt/airflow/dags/dag_with_cron_expression.py","logger":"airflow.models.dagbag.DagBag"}
{"timestamp":"2025-05-29T19:39:05.012908","level":"info","event":"Filling up the DagBag from /opt/airflow/dags/dag_with_cron_expression.py","logger":"airflow.models.dagbag.DagBag"}
{"timestamp":"2025-05-29T19:39:35.555332","level":"info","event":"Filling up the DagBag from /opt/airflow/dags/dag_with_cron_expression.py","logger":"airflow.models.dagbag.DagBag"}
{"timestamp":"2025-05-29T19:40:06.069488","level":"info","event":"Filling up the DagBag from /opt/airflow/dags/dag_with_cron_expression.py","logger":"airflow.models.dagbag.DagBag"}
{"timestamp":"2025-05-29T19:40:36.609225","level":"info","event":"Filling up the DagBag from /opt/airflow/dags/dag_with_cron_expression.py","logger":"airflow.models.dagbag.DagBag"}
{"timestamp":"2025-05-29T19:41:07.169602","level":"info","event":"Filling up the DagBag from /opt/airflow/dags/dag_with_cron_expression.py","logger":"airflow.models.dagbag.DagBag"}
{"timestamp":"2025-05-29T19:41:37.651446","level":"info","event":"Filling up the DagBag from /opt/airflow/dags/dag_with_cron_expression.py","logger":"airflow.models.dagbag.DagBag"}
{"timestamp":"2025-05-29T19:42:08.189899","level":"info","event":"Filling up the DagBag from /opt/airflow/dags/dag_with_cron_expression.py","logger":"airflow.models.dagbag.DagBag"}
{"timestamp":"2025-05-29T19:42:38.712237","level":"info","event":"Filling up the DagBag from /opt/airflow/dags/dag_with_cron_expression.py","logger":"airflow.models.dagbag.DagBag"}
{"timestamp":"2025-05-29T19:43:09.231285","level":"info","event":"Filling up the DagBag from /opt/airflow/dags/dag_with_cron_expression.py","logger":"airflow.models.dagbag.DagBag"}
{"timestamp":"2025-05-29T19:43:39.756205","level":"info","event":"Filling up the DagBag from /opt/airflow/dags/dag_with_cron_expression.py","logger":"airflow.models.dagbag.DagBag"}
{"timestamp":"2025-05-29T19:44:10.333365","level":"info","event":"Filling up the DagBag from /opt/airflow/dags/dag_with_cron_expression.py","logger":"airflow.models.dagbag.DagBag"}
{"timestamp":"2025-05-29T19:44:40.831654","level":"info","event":"Filling up the DagBag from /opt/airflow/dags/dag_with_cron_expression.py","logger":"airflow.models.dagbag.DagBag"}
{"timestamp":"2025-05-29T19:45:11.390568","level":"info","event":"Filling up the DagBag from /opt/airflow/dags/dag_with_cron_expression.py","logger":"airflow.models.dagbag.DagBag"}
{"timestamp":"2025-05-29T19:45:41.950880","level":"info","event":"Filling up the DagBag from /opt/airflow/dags/dag_with_cron_expression.py","logger":"airflow.models.dagbag.DagBag"}
{"timestamp":"2025-05-29T19:46:12.628170","level":"info","event":"Filling up the DagBag from /opt/airflow/dags/dag_with_cron_expression.py","logger":"airflow.models.dagbag.DagBag"}
{"timestamp":"2025-05-29T19:46:43.235140","level":"info","event":"Filling up the DagBag from /opt/airflow/dags/dag_with_cron_expression.py","logger":"airflow.models.dagbag.DagBag"}
{"timestamp":"2025-05-29T19:47:13.828479","level":"info","event":"Filling up the DagBag from /opt/airflow/dags/dag_with_cron_expression.py","logger":"airflow.models.dagbag.DagBag"}
{"timestamp":"2025-05-29T19:47:44.432524","level":"info","event":"Filling up the DagBag from /opt/airflow/dags/dag_with_cron_expression.py","logger":"airflow.models.dagbag.DagBag"}
{"timestamp":"2025-05-29T19:48:15.046807","level":"info","event":"Filling up the DagBag from /opt/airflow/dags/dag_with_cron_expression.py","logger":"airflow.models.dagbag.DagBag"}
{"timestamp":"2025-05-29T19:48:45.799005","level":"info","event":"Filling up the DagBag from /opt/airflow/dags/dag_with_cron_expression.py","logger":"airflow.models.dagbag.DagBag"}
{"timestamp":"2025-05-29T19:49:16.043608","level":"info","event":"Filling up the DagBag from /opt/airflow/dags/dag_with_cron_expression.py","logger":"airflow.models.dagbag.DagBag"}
{"timestamp":"2025-05-29T19:49:46.663660","level":"info","event":"Filling up the DagBag from /opt/airflow/dags/dag_with_cron_expression.py","logger":"airflow.models.dagbag.DagBag"}
{"timestamp":"2025-05-29T19:50:16.989492","level":"info","event":"Filling up the DagBag from /opt/airflow/dags/dag_with_cron_expression.py","logger":"airflow.models.dagbag.DagBag"}
{"timestamp":"2025-05-29T19:50:47.505268","level":"info","event":"Filling up the DagBag from /opt/airflow/dags/dag_with_cron_expression.py","logger":"airflow.models.dagbag.DagBag"}
{"timestamp":"2025-05-29T19:51:18.090338","level":"info","event":"Filling up the DagBag from /opt/airflow/dags/dag_with_cron_expression.py","logger":"airflow.models.dagbag.DagBag"}
{"timestamp":"2025-05-29T19:51:48.681227","level":"info","event":"Filling up the DagBag from /opt/airflow/dags/dag_with_cron_expression.py","logger":"airflow.models.dagbag.DagBag"}
{"timestamp":"2025-05-29T19:52:19.295582","level":"info","event":"Filling up the DagBag from /opt/airflow/dags/dag_with_cron_expression.py","logger":"airflow.models.dagbag.DagBag"}
{"timestamp":"2025-05-29T19:52:49.851782","level":"info","event":"Filling up the DagBag from /opt/airflow/dags/dag_with_cron_expression.py","logger":"airflow.models.dagbag.DagBag"}
{"timestamp":"2025-05-29T19:53:20.419158","level":"info","event":"Filling up the DagBag from /opt/airflow/dags/dag_with_cron_expression.py","logger":"airflow.models.dagbag.DagBag"}
{"timestamp":"2025-05-29T19:53:50.953468","level":"info","event":"Filling up the DagBag from /opt/airflow/dags/dag_with_cron_expression.py","logger":"airflow.models.dagbag.DagBag"}
{"timestamp":"2025-05-29T19:54:21.482842","level":"info","event":"Filling up the DagBag from /opt/airflow/dags/dag_with_cron_expression.py","logger":"airflow.models.dagbag.DagBag"}
{"timestamp":"2025-05-29T19:54:52.022181","level":"info","event":"Filling up the DagBag from /opt/airflow/dags/dag_with_cron_expression.py","logger":"airflow.models.dagbag.DagBag"}
{"timestamp":"2025-05-29T19:55:22.589345","level":"info","event":"Filling up the DagBag from /opt/airflow/dags/dag_with_cron_expression.py","logger":"airflow.models.dagbag.DagBag"}
{"timestamp":"2025-05-29T19:55:53.112583","level":"info","event":"Filling up the DagBag from /opt/airflow/dags/dag_with_cron_expression.py","logger":"airflow.models.dagbag.DagBag"}
{"timestamp":"2025-05-29T19:56:23.723280","level":"info","event":"Filling up the DagBag from /opt/airflow/dags/dag_with_cron_expression.py","logger":"airflow.models.dagbag.DagBag"}
{"timestamp":"2025-05-29T19:56:54.238698","level":"info","event":"Filling up the DagBag from /opt/airflow/dags/dag_with_cron_expression.py","logger":"airflow.models.dagbag.DagBag"}
{"timestamp":"2025-05-29T19:57:24.780895","level":"info","event":"Filling up the DagBag from /opt/airflow/dags/dag_with_cron_expression.py","logger":"airflow.models.dagbag.DagBag"}
{"timestamp":"2025-05-29T19:57:55.327695","level":"info","event":"Filling up the DagBag from /opt/airflow/dags/dag_with_cron_expression.py","logger":"airflow.models.dagbag.DagBag"}
{"timestamp":"2025-05-29T19:58:25.879580","level":"info","event":"Filling up the DagBag from /opt/airflow/dags/dag_with_cron_expression.py","logger":"airflow.models.dagbag.DagBag"}
{"timestamp":"2025-05-29T19:58:56.435050","level":"info","event":"Filling up the DagBag from /opt/airflow/dags/dag_with_cron_expression.py","logger":"airflow.models.dagbag.DagBag"}
{"timestamp":"2025-05-29T19:59:26.973652","level":"info","event":"Filling up the DagBag from /opt/airflow/dags/dag_with_cron_expression.py","logger":"airflow.models.dagbag.DagBag"}
{"timestamp":"2025-05-29T20:01:12.370412","level":"info","event":"Filling up the DagBag from /opt/airflow/dags/dag_with_cron_expression.py","logger":"airflow.models.dagbag.DagBag"}
{"timestamp":"2025-05-29T20:01:44.976611","level":"info","event":"Filling up the DagBag from /opt/airflow/dags/dag_with_cron_expression.py","logger":"airflow.models.dagbag.DagBag"}
{"timestamp":"2025-05-29T20:02:15.485728","level":"info","event":"Filling up the DagBag from /opt/airflow/dags/dag_with_cron_expression.py","logger":"airflow.models.dagbag.DagBag"}
{"timestamp":"2025-05-29T20:02:45.960347","level":"info","event":"Filling up the DagBag from /opt/airflow/dags/dag_with_cron_expression.py","logger":"airflow.models.dagbag.DagBag"}
{"timestamp":"2025-05-29T20:03:16.410109","level":"info","event":"Filling up the DagBag from /opt/airflow/dags/dag_with_cron_expression.py","logger":"airflow.models.dagbag.DagBag"}
{"timestamp":"2025-05-29T20:03:46.885825","level":"info","event":"Filling up the DagBag from /opt/airflow/dags/dag_with_cron_expression.py","logger":"airflow.models.dagbag.DagBag"}
{"timestamp":"2025-05-29T20:10:36.689916","level":"info","event":"Filling up the DagBag from /opt/airflow/dags/dag_with_cron_expression.py","logger":"airflow.models.dagbag.DagBag"}
{"timestamp":"2025-05-29T20:11:09.443961","level":"info","event":"Filling up the DagBag from /opt/airflow/dags/dag_with_cron_expression.py","logger":"airflow.models.dagbag.DagBag"}
{"timestamp":"2025-05-29T20:11:39.943355","level":"info","event":"Filling up the DagBag from /opt/airflow/dags/dag_with_cron_expression.py","logger":"airflow.models.dagbag.DagBag"}
{"timestamp":"2025-05-29T20:12:10.425824","level":"info","event":"Filling up the DagBag from /opt/airflow/dags/dag_with_cron_expression.py","logger":"airflow.models.dagbag.DagBag"}
{"timestamp":"2025-05-29T20:12:40.892071","level":"info","event":"Filling up the DagBag from /opt/airflow/dags/dag_with_cron_expression.py","logger":"airflow.models.dagbag.DagBag"}
{"timestamp":"2025-05-29T20:13:11.360889","level":"info","event":"Filling up the DagBag from /opt/airflow/dags/dag_with_cron_expression.py","logger":"airflow.models.dagbag.DagBag"}
{"timestamp":"2025-05-29T20:13:42.259020","level":"info","event":"Filling up the DagBag from /opt/airflow/dags/dag_with_cron_expression.py","logger":"airflow.models.dagbag.DagBag"}
{"timestamp":"2025-05-29T20:14:13.005912","level":"info","event":"Filling up the DagBag from /opt/airflow/dags/dag_with_cron_expression.py","logger":"airflow.models.dagbag.DagBag"}
{"timestamp":"2025-05-29T20:14:43.625510","level":"info","event":"Filling up the DagBag from /opt/airflow/dags/dag_with_cron_expression.py","logger":"airflow.models.dagbag.DagBag"}
{"timestamp":"2025-05-29T20:15:14.185950","level":"info","event":"Filling up the DagBag from /opt/airflow/dags/dag_with_cron_expression.py","logger":"airflow.models.dagbag.DagBag"}
{"timestamp":"2025-05-29T20:15:44.755255","level":"info","event":"Filling up the DagBag from /opt/airflow/dags/dag_with_cron_expression.py","logger":"airflow.models.dagbag.DagBag"}
{"timestamp":"2025-05-29T20:16:15.310976","level":"info","event":"Filling up the DagBag from /opt/airflow/dags/dag_with_cron_expression.py","logger":"airflow.models.dagbag.DagBag"}
{"timestamp":"2025-05-29T20:16:45.863870","level":"info","event":"Filling up the DagBag from /opt/airflow/dags/dag_with_cron_expression.py","logger":"airflow.models.dagbag.DagBag"}
{"timestamp":"2025-05-29T20:17:16.525027","level":"info","event":"Filling up the DagBag from /opt/airflow/dags/dag_with_cron_expression.py","logger":"airflow.models.dagbag.DagBag"}
{"timestamp":"2025-05-29T20:17:47.144790","level":"info","event":"Filling up the DagBag from /opt/airflow/dags/dag_with_cron_expression.py","logger":"airflow.models.dagbag.DagBag"}
{"timestamp":"2025-05-29T20:18:17.844068","level":"info","event":"Filling up the DagBag from /opt/airflow/dags/dag_with_cron_expression.py","logger":"airflow.models.dagbag.DagBag"}
{"timestamp":"2025-05-29T20:18:48.666570","level":"info","event":"Filling up the DagBag from /opt/airflow/dags/dag_with_cron_expression.py","logger":"airflow.models.dagbag.DagBag"}
{"timestamp":"2025-05-29T20:19:19.281310","level":"info","event":"Filling up the DagBag from /opt/airflow/dags/dag_with_cron_expression.py","logger":"airflow.models.dagbag.DagBag"}
{"timestamp":"2025-05-29T20:19:49.817775","level":"info","event":"Filling up the DagBag from /opt/airflow/dags/dag_with_cron_expression.py","logger":"airflow.models.dagbag.DagBag"}
{"timestamp":"2025-05-29T20:20:20.348396","level":"info","event":"Filling up the DagBag from /opt/airflow/dags/dag_with_cron_expression.py","logger":"airflow.models.dagbag.DagBag"}
{"timestamp":"2025-05-29T20:20:50.993997","level":"info","event":"Filling up the DagBag from /opt/airflow/dags/dag_with_cron_expression.py","logger":"airflow.models.dagbag.DagBag"}
{"timestamp":"2025-05-29T20:21:21.538269","level":"info","event":"Filling up the DagBag from /opt/airflow/dags/dag_with_cron_expression.py","logger":"airflow.models.dagbag.DagBag"}
{"timestamp":"2025-05-29T20:21:52.118421","level":"info","event":"Filling up the DagBag from /opt/airflow/dags/dag_with_cron_expression.py","logger":"airflow.models.dagbag.DagBag"}
{"timestamp":"2025-05-29T20:22:22.653898","level":"info","event":"Filling up the DagBag from /opt/airflow/dags/dag_with_cron_expression.py","logger":"airflow.models.dagbag.DagBag"}
{"timestamp":"2025-05-29T20:22:53.214402","level":"info","event":"Filling up the DagBag from /opt/airflow/dags/dag_with_cron_expression.py","logger":"airflow.models.dagbag.DagBag"}
{"timestamp":"2025-05-29T20:23:23.747292","level":"info","event":"Filling up the DagBag from /opt/airflow/dags/dag_with_cron_expression.py","logger":"airflow.models.dagbag.DagBag"}
{"timestamp":"2025-05-29T20:23:54.338386","level":"info","event":"Filling up the DagBag from /opt/airflow/dags/dag_with_cron_expression.py","logger":"airflow.models.dagbag.DagBag"}
{"timestamp":"2025-05-29T20:24:24.869936","level":"info","event":"Filling up the DagBag from /opt/airflow/dags/dag_with_cron_expression.py","logger":"airflow.models.dagbag.DagBag"}
{"timestamp":"2025-05-29T20:24:55.392647","level":"info","event":"Filling up the DagBag from /opt/airflow/dags/dag_with_cron_expression.py","logger":"airflow.models.dagbag.DagBag"}
{"timestamp":"2025-05-29T20:25:25.936315","level":"info","event":"Filling up the DagBag from /opt/airflow/dags/dag_with_cron_expression.py","logger":"airflow.models.dagbag.DagBag"}
{"timestamp":"2025-05-29T20:25:56.467925","level":"info","event":"Filling up the DagBag from /opt/airflow/dags/dag_with_cron_expression.py","logger":"airflow.models.dagbag.DagBag"}
{"timestamp":"2025-05-29T20:26:26.997836","level":"info","event":"Filling up the DagBag from /opt/airflow/dags/dag_with_cron_expression.py","logger":"airflow.models.dagbag.DagBag"}
{"timestamp":"2025-05-29T20:26:57.539546","level":"info","event":"Filling up the DagBag from /opt/airflow/dags/dag_with_cron_expression.py","logger":"airflow.models.dagbag.DagBag"}
{"timestamp":"2025-05-29T20:27:28.048233","level":"info","event":"Filling up the DagBag from /opt/airflow/dags/dag_with_cron_expression.py","logger":"airflow.models.dagbag.DagBag"}
{"timestamp":"2025-05-29T20:27:58.566946","level":"info","event":"Filling up the DagBag from /opt/airflow/dags/dag_with_cron_expression.py","logger":"airflow.models.dagbag.DagBag"}
{"timestamp":"2025-05-29T20:28:29.084059","level":"info","event":"Filling up the DagBag from /opt/airflow/dags/dag_with_cron_expression.py","logger":"airflow.models.dagbag.DagBag"}
{"timestamp":"2025-05-29T20:28:59.625840","level":"info","event":"Filling up the DagBag from /opt/airflow/dags/dag_with_cron_expression.py","logger":"airflow.models.dagbag.DagBag"}
{"timestamp":"2025-05-29T20:29:30.128594","level":"info","event":"Filling up the DagBag from /opt/airflow/dags/dag_with_cron_expression.py","logger":"airflow.models.dagbag.DagBag"}
{"timestamp":"2025-05-29T20:30:00.645650","level":"info","event":"Filling up the DagBag from /opt/airflow/dags/dag_with_cron_expression.py","logger":"airflow.models.dagbag.DagBag"}
{"timestamp":"2025-05-29T20:30:31.207687","level":"info","event":"Filling up the DagBag from /opt/airflow/dags/dag_with_cron_expression.py","logger":"airflow.models.dagbag.DagBag"}
{"timestamp":"2025-05-29T20:31:01.721605","level":"info","event":"Filling up the DagBag from /opt/airflow/dags/dag_with_cron_expression.py","logger":"airflow.models.dagbag.DagBag"}
{"timestamp":"2025-05-29T20:31:32.246215","level":"info","event":"Filling up the DagBag from /opt/airflow/dags/dag_with_cron_expression.py","logger":"airflow.models.dagbag.DagBag"}
{"timestamp":"2025-05-29T20:32:02.794713","level":"info","event":"Filling up the DagBag from /opt/airflow/dags/dag_with_cron_expression.py","logger":"airflow.models.dagbag.DagBag"}
{"timestamp":"2025-05-29T20:32:33.367908","level":"info","event":"Filling up the DagBag from /opt/airflow/dags/dag_with_cron_expression.py","logger":"airflow.models.dagbag.DagBag"}
{"timestamp":"2025-05-29T20:33:03.895615","level":"info","event":"Filling up the DagBag from /opt/airflow/dags/dag_with_cron_expression.py","logger":"airflow.models.dagbag.DagBag"}
{"timestamp":"2025-05-29T20:33:34.418076","level":"info","event":"Filling up the DagBag from /opt/airflow/dags/dag_with_cron_expression.py","logger":"airflow.models.dagbag.DagBag"}
{"timestamp":"2025-05-29T20:34:04.965026","level":"info","event":"Filling up the DagBag from /opt/airflow/dags/dag_with_cron_expression.py","logger":"airflow.models.dagbag.DagBag"}
{"timestamp":"2025-05-29T20:34:35.508183","level":"info","event":"Filling up the DagBag from /opt/airflow/dags/dag_with_cron_expression.py","logger":"airflow.models.dagbag.DagBag"}
{"timestamp":"2025-05-29T20:35:06.058355","level":"info","event":"Filling up the DagBag from /opt/airflow/dags/dag_with_cron_expression.py","logger":"airflow.models.dagbag.DagBag"}
{"timestamp":"2025-05-29T20:35:36.573762","level":"info","event":"Filling up the DagBag from /opt/airflow/dags/dag_with_cron_expression.py","logger":"airflow.models.dagbag.DagBag"}
{"timestamp":"2025-05-29T20:36:07.129151","level":"info","event":"Filling up the DagBag from /opt/airflow/dags/dag_with_cron_expression.py","logger":"airflow.models.dagbag.DagBag"}
{"timestamp":"2025-05-29T20:36:37.676003","level":"info","event":"Filling up the DagBag from /opt/airflow/dags/dag_with_cron_expression.py","logger":"airflow.models.dagbag.DagBag"}
{"timestamp":"2025-05-29T20:37:08.227904","level":"info","event":"Filling up the DagBag from /opt/airflow/dags/dag_with_cron_expression.py","logger":"airflow.models.dagbag.DagBag"}
{"timestamp":"2025-05-29T20:37:38.734162","level":"info","event":"Filling up the DagBag from /opt/airflow/dags/dag_with_cron_expression.py","logger":"airflow.models.dagbag.DagBag"}
{"timestamp":"2025-05-29T20:38:09.265905","level":"info","event":"Filling up the DagBag from /opt/airflow/dags/dag_with_cron_expression.py","logger":"airflow.models.dagbag.DagBag"}
{"timestamp":"2025-05-29T20:38:39.785143","level":"info","event":"Filling up the DagBag from /opt/airflow/dags/dag_with_cron_expression.py","logger":"airflow.models.dagbag.DagBag"}
{"timestamp":"2025-05-29T20:39:10.287363","level":"info","event":"Filling up the DagBag from /opt/airflow/dags/dag_with_cron_expression.py","logger":"airflow.models.dagbag.DagBag"}
{"timestamp":"2025-05-29T20:39:40.800716","level":"info","event":"Filling up the DagBag from /opt/airflow/dags/dag_with_cron_expression.py","logger":"airflow.models.dagbag.DagBag"}
{"timestamp":"2025-05-29T20:40:11.316142","level":"info","event":"Filling up the DagBag from /opt/airflow/dags/dag_with_cron_expression.py","logger":"airflow.models.dagbag.DagBag"}
{"timestamp":"2025-05-29T20:40:41.832920","level":"info","event":"Filling up the DagBag from /opt/airflow/dags/dag_with_cron_expression.py","logger":"airflow.models.dagbag.DagBag"}
{"timestamp":"2025-05-29T20:41:12.344632","level":"info","event":"Filling up the DagBag from /opt/airflow/dags/dag_with_cron_expression.py","logger":"airflow.models.dagbag.DagBag"}
{"timestamp":"2025-05-29T20:41:42.872840","level":"info","event":"Filling up the DagBag from /opt/airflow/dags/dag_with_cron_expression.py","logger":"airflow.models.dagbag.DagBag"}
{"timestamp":"2025-05-29T20:42:13.394710","level":"info","event":"Filling up the DagBag from /opt/airflow/dags/dag_with_cron_expression.py","logger":"airflow.models.dagbag.DagBag"}
{"timestamp":"2025-05-29T20:42:43.933321","level":"info","event":"Filling up the DagBag from /opt/airflow/dags/dag_with_cron_expression.py","logger":"airflow.models.dagbag.DagBag"}
{"timestamp":"2025-05-29T20:43:14.446138","level":"info","event":"Filling up the DagBag from /opt/airflow/dags/dag_with_cron_expression.py","logger":"airflow.models.dagbag.DagBag"}
{"timestamp":"2025-05-29T20:43:44.970256","level":"info","event":"Filling up the DagBag from /opt/airflow/dags/dag_with_cron_expression.py","logger":"airflow.models.dagbag.DagBag"}
{"timestamp":"2025-05-29T20:44:15.485746","level":"info","event":"Filling up the DagBag from /opt/airflow/dags/dag_with_cron_expression.py","logger":"airflow.models.dagbag.DagBag"}
{"timestamp":"2025-05-29T20:44:46.031171","level":"info","event":"Filling up the DagBag from /opt/airflow/dags/dag_with_cron_expression.py","logger":"airflow.models.dagbag.DagBag"}
{"timestamp":"2025-05-29T20:45:16.569356","level":"info","event":"Filling up the DagBag from /opt/airflow/dags/dag_with_cron_expression.py","logger":"airflow.models.dagbag.DagBag"}
{"timestamp":"2025-05-29T20:45:47.136444","level":"info","event":"Filling up the DagBag from /opt/airflow/dags/dag_with_cron_expression.py","logger":"airflow.models.dagbag.DagBag"}
{"timestamp":"2025-05-29T20:46:17.678896","level":"info","event":"Filling up the DagBag from /opt/airflow/dags/dag_with_cron_expression.py","logger":"airflow.models.dagbag.DagBag"}
{"timestamp":"2025-05-29T20:46:48.206261","level":"info","event":"Filling up the DagBag from /opt/airflow/dags/dag_with_cron_expression.py","logger":"airflow.models.dagbag.DagBag"}
{"timestamp":"2025-05-29T20:47:18.809495","level":"info","event":"Filling up the DagBag from /opt/airflow/dags/dag_with_cron_expression.py","logger":"airflow.models.dagbag.DagBag"}
{"timestamp":"2025-05-29T20:47:49.376334","level":"info","event":"Filling up the DagBag from /opt/airflow/dags/dag_with_cron_expression.py","logger":"airflow.models.dagbag.DagBag"}
{"timestamp":"2025-05-29T20:48:19.905512","level":"info","event":"Filling up the DagBag from /opt/airflow/dags/dag_with_cron_expression.py","logger":"airflow.models.dagbag.DagBag"}
{"timestamp":"2025-05-29T20:48:50.429323","level":"info","event":"Filling up the DagBag from /opt/airflow/dags/dag_with_cron_expression.py","logger":"airflow.models.dagbag.DagBag"}
{"timestamp":"2025-05-29T20:49:20.936959","level":"info","event":"Filling up the DagBag from /opt/airflow/dags/dag_with_cron_expression.py","logger":"airflow.models.dagbag.DagBag"}
{"timestamp":"2025-05-29T20:49:51.479474","level":"info","event":"Filling up the DagBag from /opt/airflow/dags/dag_with_cron_expression.py","logger":"airflow.models.dagbag.DagBag"}
{"timestamp":"2025-05-29T20:50:22.013461","level":"info","event":"Filling up the DagBag from /opt/airflow/dags/dag_with_cron_expression.py","logger":"airflow.models.dagbag.DagBag"}
{"timestamp":"2025-05-29T20:50:52.570938","level":"info","event":"Filling up the DagBag from /opt/airflow/dags/dag_with_cron_expression.py","logger":"airflow.models.dagbag.DagBag"}
{"timestamp":"2025-05-29T20:51:23.098534","level":"info","event":"Filling up the DagBag from /opt/airflow/dags/dag_with_cron_expression.py","logger":"airflow.models.dagbag.DagBag"}
{"timestamp":"2025-05-29T20:51:53.639143","level":"info","event":"Filling up the DagBag from /opt/airflow/dags/dag_with_cron_expression.py","logger":"airflow.models.dagbag.DagBag"}
{"timestamp":"2025-05-29T20:52:24.184656","level":"info","event":"Filling up the DagBag from /opt/airflow/dags/dag_with_cron_expression.py","logger":"airflow.models.dagbag.DagBag"}
{"timestamp":"2025-05-29T20:52:54.706060","level":"info","event":"Filling up the DagBag from /opt/airflow/dags/dag_with_cron_expression.py","logger":"airflow.models.dagbag.DagBag"}
{"timestamp":"2025-05-29T20:53:25.213966","level":"info","event":"Filling up the DagBag from /opt/airflow/dags/dag_with_cron_expression.py","logger":"airflow.models.dagbag.DagBag"}
{"timestamp":"2025-05-29T20:53:55.724116","level":"info","event":"Filling up the DagBag from /opt/airflow/dags/dag_with_cron_expression.py","logger":"airflow.models.dagbag.DagBag"}
{"timestamp":"2025-05-29T20:54:26.251042","level":"info","event":"Filling up the DagBag from /opt/airflow/dags/dag_with_cron_expression.py","logger":"airflow.models.dagbag.DagBag"}
{"timestamp":"2025-05-29T20:54:56.786927","level":"info","event":"Filling up the DagBag from /opt/airflow/dags/dag_with_cron_expression.py","logger":"airflow.models.dagbag.DagBag"}
{"timestamp":"2025-05-29T20:55:27.325466","level":"info","event":"Filling up the DagBag from /opt/airflow/dags/dag_with_cron_expression.py","logger":"airflow.models.dagbag.DagBag"}
{"timestamp":"2025-05-29T20:55:57.866467","level":"info","event":"Filling up the DagBag from /opt/airflow/dags/dag_with_cron_expression.py","logger":"airflow.models.dagbag.DagBag"}
{"timestamp":"2025-05-29T20:56:28.412972","level":"info","event":"Filling up the DagBag from /opt/airflow/dags/dag_with_cron_expression.py","logger":"airflow.models.dagbag.DagBag"}
{"timestamp":"2025-05-29T20:56:58.932484","level":"info","event":"Filling up the DagBag from /opt/airflow/dags/dag_with_cron_expression.py","logger":"airflow.models.dagbag.DagBag"}
{"timestamp":"2025-05-29T20:57:29.490710","level":"info","event":"Filling up the DagBag from /opt/airflow/dags/dag_with_cron_expression.py","logger":"airflow.models.dagbag.DagBag"}
{"timestamp":"2025-05-29T20:58:00.031760","level":"info","event":"Filling up the DagBag from /opt/airflow/dags/dag_with_cron_expression.py","logger":"airflow.models.dagbag.DagBag"}
{"timestamp":"2025-05-29T20:58:30.558992","level":"info","event":"Filling up the DagBag from /opt/airflow/dags/dag_with_cron_expression.py","logger":"airflow.models.dagbag.DagBag"}
{"timestamp":"2025-05-29T20:59:01.081992","level":"info","event":"Filling up the DagBag from /opt/airflow/dags/dag_with_cron_expression.py","logger":"airflow.models.dagbag.DagBag"}
{"timestamp":"2025-05-29T20:59:31.592337","level":"info","event":"Filling up the DagBag from /opt/airflow/dags/dag_with_cron_expression.py","logger":"airflow.models.dagbag.DagBag"}
{"timestamp":"2025-05-29T21:00:02.164591","level":"info","event":"Filling up the DagBag from /opt/airflow/dags/dag_with_cron_expression.py","logger":"airflow.models.dagbag.DagBag"}
{"timestamp":"2025-05-29T21:00:32.681194","level":"info","event":"Filling up the DagBag from /opt/airflow/dags/dag_with_cron_expression.py","logger":"airflow.models.dagbag.DagBag"}
{"timestamp":"2025-05-29T21:01:03.210671","level":"info","event":"Filling up the DagBag from /opt/airflow/dags/dag_with_cron_expression.py","logger":"airflow.models.dagbag.DagBag"}
{"timestamp":"2025-05-29T21:01:33.720584","level":"info","event":"Filling up the DagBag from /opt/airflow/dags/dag_with_cron_expression.py","logger":"airflow.models.dagbag.DagBag"}
{"timestamp":"2025-05-29T21:02:04.263610","level":"info","event":"Filling up the DagBag from /opt/airflow/dags/dag_with_cron_expression.py","logger":"airflow.models.dagbag.DagBag"}
{"timestamp":"2025-05-29T21:02:34.825000","level":"info","event":"Filling up the DagBag from /opt/airflow/dags/dag_with_cron_expression.py","logger":"airflow.models.dagbag.DagBag"}
{"timestamp":"2025-05-29T21:03:05.344708","level":"info","event":"Filling up the DagBag from /opt/airflow/dags/dag_with_cron_expression.py","logger":"airflow.models.dagbag.DagBag"}
{"timestamp":"2025-05-29T21:03:35.885485","level":"info","event":"Filling up the DagBag from /opt/airflow/dags/dag_with_cron_expression.py","logger":"airflow.models.dagbag.DagBag"}
{"timestamp":"2025-05-29T21:04:06.547646","level":"info","event":"Filling up the DagBag from /opt/airflow/dags/dag_with_cron_expression.py","logger":"airflow.models.dagbag.DagBag"}
{"timestamp":"2025-05-29T21:04:37.062760","level":"info","event":"Filling up the DagBag from /opt/airflow/dags/dag_with_cron_expression.py","logger":"airflow.models.dagbag.DagBag"}
{"timestamp":"2025-05-29T21:05:07.605970","level":"info","event":"Filling up the DagBag from /opt/airflow/dags/dag_with_cron_expression.py","logger":"airflow.models.dagbag.DagBag"}
{"timestamp":"2025-05-29T21:05:38.441108","level":"info","event":"Filling up the DagBag from /opt/airflow/dags/dag_with_cron_expression.py","logger":"airflow.models.dagbag.DagBag"}
{"timestamp":"2025-05-29T21:06:08.980081","level":"info","event":"Filling up the DagBag from /opt/airflow/dags/dag_with_cron_expression.py","logger":"airflow.models.dagbag.DagBag"}
{"timestamp":"2025-05-29T21:06:39.522482","level":"info","event":"Filling up the DagBag from /opt/airflow/dags/dag_with_cron_expression.py","logger":"airflow.models.dagbag.DagBag"}
{"timestamp":"2025-05-29T21:07:10.315070","level":"info","event":"Filling up the DagBag from /opt/airflow/dags/dag_with_cron_expression.py","logger":"airflow.models.dagbag.DagBag"}
{"timestamp":"2025-05-29T21:07:40.995956","level":"info","event":"Filling up the DagBag from /opt/airflow/dags/dag_with_cron_expression.py","logger":"airflow.models.dagbag.DagBag"}
{"timestamp":"2025-05-29T21:08:11.910910","level":"info","event":"Filling up the DagBag from /opt/airflow/dags/dag_with_cron_expression.py","logger":"airflow.models.dagbag.DagBag"}
{"timestamp":"2025-05-29T21:08:42.441770","level":"info","event":"Filling up the DagBag from /opt/airflow/dags/dag_with_cron_expression.py","logger":"airflow.models.dagbag.DagBag"}
{"timestamp":"2025-05-29T21:09:12.977311","level":"info","event":"Filling up the DagBag from /opt/airflow/dags/dag_with_cron_expression.py","logger":"airflow.models.dagbag.DagBag"}
{"timestamp":"2025-05-29T21:09:43.490894","level":"info","event":"Filling up the DagBag from /opt/airflow/dags/dag_with_cron_expression.py","logger":"airflow.models.dagbag.DagBag"}
{"timestamp":"2025-05-29T21:10:14.016892","level":"info","event":"Filling up the DagBag from /opt/airflow/dags/dag_with_cron_expression.py","logger":"airflow.models.dagbag.DagBag"}
{"timestamp":"2025-05-29T21:10:44.570265","level":"info","event":"Filling up the DagBag from /opt/airflow/dags/dag_with_cron_expression.py","logger":"airflow.models.dagbag.DagBag"}
{"timestamp":"2025-05-29T21:11:15.124106","level":"info","event":"Filling up the DagBag from /opt/airflow/dags/dag_with_cron_expression.py","logger":"airflow.models.dagbag.DagBag"}
{"timestamp":"2025-05-29T21:11:45.651922","level":"info","event":"Filling up the DagBag from /opt/airflow/dags/dag_with_cron_expression.py","logger":"airflow.models.dagbag.DagBag"}
{"timestamp":"2025-05-29T21:12:16.164102","level":"info","event":"Filling up the DagBag from /opt/airflow/dags/dag_with_cron_expression.py","logger":"airflow.models.dagbag.DagBag"}
{"timestamp":"2025-05-29T21:12:46.674364","level":"info","event":"Filling up the DagBag from /opt/airflow/dags/dag_with_cron_expression.py","logger":"airflow.models.dagbag.DagBag"}
{"timestamp":"2025-05-29T21:13:17.198454","level":"info","event":"Filling up the DagBag from /opt/airflow/dags/dag_with_cron_expression.py","logger":"airflow.models.dagbag.DagBag"}
{"timestamp":"2025-05-29T21:13:47.749015","level":"info","event":"Filling up the DagBag from /opt/airflow/dags/dag_with_cron_expression.py","logger":"airflow.models.dagbag.DagBag"}
{"timestamp":"2025-05-29T21:14:18.281670","level":"info","event":"Filling up the DagBag from /opt/airflow/dags/dag_with_cron_expression.py","logger":"airflow.models.dagbag.DagBag"}
{"timestamp":"2025-05-29T21:14:48.817018","level":"info","event":"Filling up the DagBag from /opt/airflow/dags/dag_with_cron_expression.py","logger":"airflow.models.dagbag.DagBag"}
{"timestamp":"2025-05-29T21:15:19.342082","level":"info","event":"Filling up the DagBag from /opt/airflow/dags/dag_with_cron_expression.py","logger":"airflow.models.dagbag.DagBag"}
{"timestamp":"2025-05-29T21:15:49.888681","level":"info","event":"Filling up the DagBag from /opt/airflow/dags/dag_with_cron_expression.py","logger":"airflow.models.dagbag.DagBag"}
{"timestamp":"2025-05-29T21:16:20.404407","level":"info","event":"Filling up the DagBag from /opt/airflow/dags/dag_with_cron_expression.py","logger":"airflow.models.dagbag.DagBag"}
{"timestamp":"2025-05-29T21:16:50.959038","level":"info","event":"Filling up the DagBag from /opt/airflow/dags/dag_with_cron_expression.py","logger":"airflow.models.dagbag.DagBag"}
