{"timestamp":"2025-05-28T01:58:25.868812","level":"info","event":"Filling up the DagBag from /opt/airflow/dags/create_dag_with_python_operator.py","logger":"airflow.models.dagbag.DagBag"}
{"timestamp":"2025-05-28T01:58:32.959676","level":"info","event":"Filling up the DagBag from /opt/airflow/dags/create_dag_with_python_operator.py","logger":"airflow.models.dagbag.DagBag"}
{"timestamp":"2025-05-28T01:58:57.208078","level":"info","event":"Filling up the DagBag from /opt/airflow/dags/create_dag_with_python_operator.py","logger":"airflow.models.dagbag.DagBag"}
{"timestamp":"2025-05-28T01:58:57.209191","level":"error","event":"Failed to import: /opt/airflow/dags/create_dag_with_python_operator.py","logger":"airflow.models.dagbag.DagBag","error_detail":[{"exc_type":"SyntaxError","exc_value":"':' expected after dictionary key (create_dag_with_python_operator.py, line 7)","exc_notes":[],"syntax_error":{"offset":13,"filename":"/opt/airflow/dags/create_dag_with_python_operator.py","line":"    'retries'\n","lineno":7,"msg":"':' expected after dictionary key"},"is_cause":false,"frames":[{"filename":"/home/airflow/.local/lib/python3.12/site-packages/airflow/models/dagbag.py","lineno":382,"name":"parse"},{"filename":"<frozen importlib._bootstrap_external>","lineno":995,"name":"exec_module"},{"filename":"<frozen importlib._bootstrap_external>","lineno":1133,"name":"get_code"},{"filename":"<frozen importlib._bootstrap_external>","lineno":1063,"name":"source_to_code"},{"filename":"<frozen importlib._bootstrap>","lineno":488,"name":"_call_with_frames_removed"}]}]}
{"timestamp":"2025-05-28T01:59:11.398368","level":"info","event":"Filling up the DagBag from /opt/airflow/dags/create_dag_with_python_operator.py","logger":"airflow.models.dagbag.DagBag"}
{"timestamp":"2025-05-28T01:59:11.399608","level":"error","event":"Failed to import: /opt/airflow/dags/create_dag_with_python_operator.py","logger":"airflow.models.dagbag.DagBag","error_detail":[{"exc_type":"SyntaxError","exc_value":"':' expected after dictionary key (create_dag_with_python_operator.py, line 8)","exc_notes":[],"syntax_error":{"offset":17,"filename":"/opt/airflow/dags/create_dag_with_python_operator.py","line":"    'retry_delay'\n","lineno":8,"msg":"':' expected after dictionary key"},"is_cause":false,"frames":[{"filename":"/home/airflow/.local/lib/python3.12/site-packages/airflow/models/dagbag.py","lineno":382,"name":"parse"},{"filename":"<frozen importlib._bootstrap_external>","lineno":995,"name":"exec_module"},{"filename":"<frozen importlib._bootstrap_external>","lineno":1133,"name":"get_code"},{"filename":"<frozen importlib._bootstrap_external>","lineno":1063,"name":"source_to_code"},{"filename":"<frozen importlib._bootstrap>","lineno":488,"name":"_call_with_frames_removed"}]}]}
{"timestamp":"2025-05-28T01:59:21.500614","level":"info","event":"Filling up the DagBag from /opt/airflow/dags/create_dag_with_python_operator.py","logger":"airflow.models.dagbag.DagBag"}
{"timestamp":"2025-05-28T01:59:51.783427","level":"info","event":"Filling up the DagBag from /opt/airflow/dags/create_dag_with_python_operator.py","logger":"airflow.models.dagbag.DagBag"}
{"timestamp":"2025-05-28T02:00:22.068900","level":"info","event":"Filling up the DagBag from /opt/airflow/dags/create_dag_with_python_operator.py","logger":"airflow.models.dagbag.DagBag"}
{"timestamp":"2025-05-28T02:00:46.354735","level":"info","event":"Filling up the DagBag from /opt/airflow/dags/create_dag_with_python_operator.py","logger":"airflow.models.dagbag.DagBag"}
{"timestamp":"2025-05-28T02:00:46.355967","level":"error","event":"Failed to import: /opt/airflow/dags/create_dag_with_python_operator.py","logger":"airflow.models.dagbag.DagBag","error_detail":[{"exc_type":"SyntaxError","exc_value":"expected argument value expression (create_dag_with_python_operator.py, line 15)","exc_notes":[],"syntax_error":{"offset":5,"filename":"/opt/airflow/dags/create_dag_with_python_operator.py","line":"    start_date=\n","lineno":15,"msg":"expected argument value expression"},"is_cause":false,"frames":[{"filename":"/home/airflow/.local/lib/python3.12/site-packages/airflow/models/dagbag.py","lineno":382,"name":"parse"},{"filename":"<frozen importlib._bootstrap_external>","lineno":995,"name":"exec_module"},{"filename":"<frozen importlib._bootstrap_external>","lineno":1133,"name":"get_code"},{"filename":"<frozen importlib._bootstrap_external>","lineno":1063,"name":"source_to_code"},{"filename":"<frozen importlib._bootstrap>","lineno":488,"name":"_call_with_frames_removed"}]}]}
{"timestamp":"2025-05-28T02:01:11.611850","level":"info","event":"Filling up the DagBag from /opt/airflow/dags/create_dag_with_python_operator.py","logger":"airflow.models.dagbag.DagBag"}
{"timestamp":"2025-05-28T02:01:11.613322","level":"error","event":"Failed to import: /opt/airflow/dags/create_dag_with_python_operator.py","logger":"airflow.models.dagbag.DagBag","error_detail":[{"exc_type":"SyntaxError","exc_value":"expected ':' (create_dag_with_python_operator.py, line 17)","exc_notes":[],"syntax_error":{"offset":2,"filename":"/opt/airflow/dags/create_dag_with_python_operator.py","line":")\n","lineno":17,"msg":"expected ':'"},"is_cause":false,"frames":[{"filename":"/home/airflow/.local/lib/python3.12/site-packages/airflow/models/dagbag.py","lineno":382,"name":"parse"},{"filename":"<frozen importlib._bootstrap_external>","lineno":995,"name":"exec_module"},{"filename":"<frozen importlib._bootstrap_external>","lineno":1133,"name":"get_code"},{"filename":"<frozen importlib._bootstrap_external>","lineno":1063,"name":"source_to_code"},{"filename":"<frozen importlib._bootstrap>","lineno":488,"name":"_call_with_frames_removed"}]}]}
{"timestamp":"2025-05-28T02:01:24.743860","level":"info","event":"Filling up the DagBag from /opt/airflow/dags/create_dag_with_python_operator.py","logger":"airflow.models.dagbag.DagBag"}
{"timestamp":"2025-05-28T02:01:24.745299","level":"error","event":"Failed to import: /opt/airflow/dags/create_dag_with_python_operator.py","logger":"airflow.models.dagbag.DagBag","error_detail":[{"exc_type":"IndentationError","exc_value":"expected an indented block after 'with' statement on line 11 (create_dag_with_python_operator.py, line 17)","exc_notes":[],"syntax_error":{"offset":14,"filename":"/opt/airflow/dags/create_dag_with_python_operator.py","line":"    ) as dag:\n","lineno":17,"msg":"expected an indented block after 'with' statement on line 11"},"is_cause":false,"frames":[{"filename":"/home/airflow/.local/lib/python3.12/site-packages/airflow/models/dagbag.py","lineno":382,"name":"parse"},{"filename":"<frozen importlib._bootstrap_external>","lineno":995,"name":"exec_module"},{"filename":"<frozen importlib._bootstrap_external>","lineno":1133,"name":"get_code"},{"filename":"<frozen importlib._bootstrap_external>","lineno":1063,"name":"source_to_code"},{"filename":"<frozen importlib._bootstrap>","lineno":488,"name":"_call_with_frames_removed"}]}]}
{"timestamp":"2025-05-28T02:01:27.816503","level":"info","event":"Filling up the DagBag from /opt/airflow/dags/create_dag_with_python_operator.py","logger":"airflow.models.dagbag.DagBag"}
{"timestamp":"2025-05-28T02:01:27.817775","level":"error","event":"Failed to import: /opt/airflow/dags/create_dag_with_python_operator.py","logger":"airflow.models.dagbag.DagBag","error_detail":[{"exc_type":"IndentationError","exc_value":"expected an indented block after 'with' statement on line 11 (create_dag_with_python_operator.py, line 17)","exc_notes":[],"syntax_error":{"offset":10,"filename":"/opt/airflow/dags/create_dag_with_python_operator.py","line":") as dag:\n","lineno":17,"msg":"expected an indented block after 'with' statement on line 11"},"is_cause":false,"frames":[{"filename":"/home/airflow/.local/lib/python3.12/site-packages/airflow/models/dagbag.py","lineno":382,"name":"parse"},{"filename":"<frozen importlib._bootstrap_external>","lineno":995,"name":"exec_module"},{"filename":"<frozen importlib._bootstrap_external>","lineno":1133,"name":"get_code"},{"filename":"<frozen importlib._bootstrap_external>","lineno":1063,"name":"source_to_code"},{"filename":"<frozen importlib._bootstrap>","lineno":488,"name":"_call_with_frames_removed"}]}]}
{"timestamp":"2025-05-28T02:01:43.030953","level":"info","event":"Filling up the DagBag from /opt/airflow/dags/create_dag_with_python_operator.py","logger":"airflow.models.dagbag.DagBag"}
{"timestamp":"2025-05-28T02:01:43.032664","level":"error","event":"Failed to import: /opt/airflow/dags/create_dag_with_python_operator.py","logger":"airflow.models.dagbag.DagBag","error_detail":[{"exc_type":"IndentationError","exc_value":"expected an indented block after 'with' statement on line 11 (create_dag_with_python_operator.py, line 17)","exc_notes":[],"syntax_error":{"offset":10,"filename":"/opt/airflow/dags/create_dag_with_python_operator.py","line":") as dag:\n","lineno":17,"msg":"expected an indented block after 'with' statement on line 11"},"is_cause":false,"frames":[{"filename":"/home/airflow/.local/lib/python3.12/site-packages/airflow/models/dagbag.py","lineno":382,"name":"parse"},{"filename":"<frozen importlib._bootstrap_external>","lineno":995,"name":"exec_module"},{"filename":"<frozen importlib._bootstrap_external>","lineno":1133,"name":"get_code"},{"filename":"<frozen importlib._bootstrap_external>","lineno":1063,"name":"source_to_code"},{"filename":"<frozen importlib._bootstrap>","lineno":488,"name":"_call_with_frames_removed"}]}]}
{"timestamp":"2025-05-28T02:01:54.153002","level":"info","event":"Filling up the DagBag from /opt/airflow/dags/create_dag_with_python_operator.py","logger":"airflow.models.dagbag.DagBag"}
{"timestamp":"2025-05-28T02:01:54.156386","level":"error","event":"Failed to import: /opt/airflow/dags/create_dag_with_python_operator.py","logger":"airflow.models.dagbag.DagBag","error_detail":[{"exc_type":"TypeError","exc_value":"missing keyword argument 'python_callable'","exc_notes":[],"syntax_error":null,"is_cause":false,"frames":[{"filename":"/home/airflow/.local/lib/python3.12/site-packages/airflow/models/dagbag.py","lineno":382,"name":"parse"},{"filename":"<frozen importlib._bootstrap_external>","lineno":999,"name":"exec_module"},{"filename":"<frozen importlib._bootstrap>","lineno":488,"name":"_call_with_frames_removed"},{"filename":"/opt/airflow/dags/create_dag_with_python_operator.py","lineno":18,"name":"<module>"},{"filename":"/home/airflow/.local/lib/python3.12/site-packages/airflow/sdk/bases/operator.py","lineno":496,"name":"apply_defaults"}]}]}
{"timestamp":"2025-05-28T02:02:24.445620","level":"info","event":"Filling up the DagBag from /opt/airflow/dags/create_dag_with_python_operator.py","logger":"airflow.models.dagbag.DagBag"}
{"timestamp":"2025-05-28T02:02:24.448661","level":"error","event":"Failed to import: /opt/airflow/dags/create_dag_with_python_operator.py","logger":"airflow.models.dagbag.DagBag","error_detail":[{"exc_type":"TypeError","exc_value":"missing keyword argument 'python_callable'","exc_notes":[],"syntax_error":null,"is_cause":false,"frames":[{"filename":"/home/airflow/.local/lib/python3.12/site-packages/airflow/models/dagbag.py","lineno":382,"name":"parse"},{"filename":"<frozen importlib._bootstrap_external>","lineno":999,"name":"exec_module"},{"filename":"<frozen importlib._bootstrap>","lineno":488,"name":"_call_with_frames_removed"},{"filename":"/opt/airflow/dags/create_dag_with_python_operator.py","lineno":18,"name":"<module>"},{"filename":"/home/airflow/.local/lib/python3.12/site-packages/airflow/sdk/bases/operator.py","lineno":496,"name":"apply_defaults"}]}]}
{"timestamp":"2025-05-28T02:02:51.720727","level":"info","event":"Filling up the DagBag from /opt/airflow/dags/create_dag_with_python_operator.py","logger":"airflow.models.dagbag.DagBag"}
{"timestamp":"2025-05-28T02:02:51.724722","level":"error","event":"Failed to import: /opt/airflow/dags/create_dag_with_python_operator.py","logger":"airflow.models.dagbag.DagBag","error_detail":[{"exc_type":"TypeError","exc_value":"missing keyword argument 'python_callable'","exc_notes":[],"syntax_error":null,"is_cause":false,"frames":[{"filename":"/home/airflow/.local/lib/python3.12/site-packages/airflow/models/dagbag.py","lineno":382,"name":"parse"},{"filename":"<frozen importlib._bootstrap_external>","lineno":999,"name":"exec_module"},{"filename":"<frozen importlib._bootstrap>","lineno":488,"name":"_call_with_frames_removed"},{"filename":"/opt/airflow/dags/create_dag_with_python_operator.py","lineno":21,"name":"<module>"},{"filename":"/home/airflow/.local/lib/python3.12/site-packages/airflow/sdk/bases/operator.py","lineno":496,"name":"apply_defaults"}]}]}
{"timestamp":"2025-05-28T02:03:22.002815","level":"info","event":"Filling up the DagBag from /opt/airflow/dags/create_dag_with_python_operator.py","logger":"airflow.models.dagbag.DagBag"}
{"timestamp":"2025-05-28T02:03:22.005667","level":"error","event":"Failed to import: /opt/airflow/dags/create_dag_with_python_operator.py","logger":"airflow.models.dagbag.DagBag","error_detail":[{"exc_type":"TypeError","exc_value":"missing keyword argument 'python_callable'","exc_notes":[],"syntax_error":null,"is_cause":false,"frames":[{"filename":"/home/airflow/.local/lib/python3.12/site-packages/airflow/models/dagbag.py","lineno":382,"name":"parse"},{"filename":"<frozen importlib._bootstrap_external>","lineno":999,"name":"exec_module"},{"filename":"<frozen importlib._bootstrap>","lineno":488,"name":"_call_with_frames_removed"},{"filename":"/opt/airflow/dags/create_dag_with_python_operator.py","lineno":21,"name":"<module>"},{"filename":"/home/airflow/.local/lib/python3.12/site-packages/airflow/sdk/bases/operator.py","lineno":496,"name":"apply_defaults"}]}]}
{"timestamp":"2025-05-28T02:03:23.061696","level":"info","event":"Filling up the DagBag from /opt/airflow/dags/create_dag_with_python_operator.py","logger":"airflow.models.dagbag.DagBag"}
{"timestamp":"2025-05-28T02:03:53.452311","level":"info","event":"Filling up the DagBag from /opt/airflow/dags/create_dag_with_python_operator.py","logger":"airflow.models.dagbag.DagBag"}
{"timestamp":"2025-05-28T02:04:23.793994","level":"info","event":"Filling up the DagBag from /opt/airflow/dags/create_dag_with_python_operator.py","logger":"airflow.models.dagbag.DagBag"}
{"timestamp":"2025-05-28T02:04:54.094871","level":"info","event":"Filling up the DagBag from /opt/airflow/dags/create_dag_with_python_operator.py","logger":"airflow.models.dagbag.DagBag"}
{"timestamp":"2025-05-28T02:05:24.382391","level":"info","event":"Filling up the DagBag from /opt/airflow/dags/create_dag_with_python_operator.py","logger":"airflow.models.dagbag.DagBag"}
{"timestamp":"2025-05-28T02:05:54.721058","level":"info","event":"Filling up the DagBag from /opt/airflow/dags/create_dag_with_python_operator.py","logger":"airflow.models.dagbag.DagBag"}
{"timestamp":"2025-05-28T02:06:22.019338","level":"info","event":"Filling up the DagBag from /opt/airflow/dags/create_dag_with_python_operator.py","logger":"airflow.models.dagbag.DagBag"}
{"timestamp":"2025-05-28T02:06:29.121200","level":"info","event":"Filling up the DagBag from /opt/airflow/dags/create_dag_with_python_operator.py","logger":"airflow.models.dagbag.DagBag"}
{"timestamp":"2025-05-28T02:06:45.295649","level":"info","event":"Filling up the DagBag from /opt/airflow/dags/create_dag_with_python_operator.py","logger":"airflow.models.dagbag.DagBag"}
{"timestamp":"2025-05-28T02:07:04.506263","level":"info","event":"Filling up the DagBag from /opt/airflow/dags/create_dag_with_python_operator.py","logger":"airflow.models.dagbag.DagBag"}
{"timestamp":"2025-05-28T02:07:06.584717","level":"info","event":"Filling up the DagBag from /opt/airflow/dags/create_dag_with_python_operator.py","logger":"airflow.models.dagbag.DagBag"}
{"timestamp":"2025-05-28T02:07:20.814243","level":"info","event":"Filling up the DagBag from /opt/airflow/dags/create_dag_with_python_operator.py","logger":"airflow.models.dagbag.DagBag"}
{"timestamp":"2025-05-28T02:07:51.114228","level":"info","event":"Filling up the DagBag from /opt/airflow/dags/create_dag_with_python_operator.py","logger":"airflow.models.dagbag.DagBag"}
{"timestamp":"2025-05-28T02:08:21.437677","level":"info","event":"Filling up the DagBag from /opt/airflow/dags/create_dag_with_python_operator.py","logger":"airflow.models.dagbag.DagBag"}
{"timestamp":"2025-05-28T02:08:51.775619","level":"info","event":"Filling up the DagBag from /opt/airflow/dags/create_dag_with_python_operator.py","logger":"airflow.models.dagbag.DagBag"}
{"timestamp":"2025-05-28T02:09:01.893651","level":"info","event":"Filling up the DagBag from /opt/airflow/dags/create_dag_with_python_operator.py","logger":"airflow.models.dagbag.DagBag"}
{"timestamp":"2025-05-28T02:09:32.238557","level":"info","event":"Filling up the DagBag from /opt/airflow/dags/create_dag_with_python_operator.py","logger":"airflow.models.dagbag.DagBag"}
{"timestamp":"2025-05-28T02:09:36.318377","level":"info","event":"Filling up the DagBag from /opt/airflow/dags/create_dag_with_python_operator.py","logger":"airflow.models.dagbag.DagBag"}
{"timestamp":"2025-05-28T02:09:36.319569","level":"error","event":"Failed to import: /opt/airflow/dags/create_dag_with_python_operator.py","logger":"airflow.models.dagbag.DagBag","error_detail":[{"exc_type":"SyntaxError","exc_value":"unterminated string literal (detected at line 24) (create_dag_with_python_operator.py, line 24)","exc_notes":[],"syntax_error":{"offset":46,"filename":"/opt/airflow/dags/create_dag_with_python_operator.py","line":"        op_kwargs={'name': 'Violet', 'age':32'}","lineno":24,"msg":"unterminated string literal (detected at line 24)"},"is_cause":false,"frames":[{"filename":"/home/airflow/.local/lib/python3.12/site-packages/airflow/models/dagbag.py","lineno":382,"name":"parse"},{"filename":"<frozen importlib._bootstrap_external>","lineno":995,"name":"exec_module"},{"filename":"<frozen importlib._bootstrap_external>","lineno":1133,"name":"get_code"},{"filename":"<frozen importlib._bootstrap_external>","lineno":1063,"name":"source_to_code"},{"filename":"<frozen importlib._bootstrap>","lineno":488,"name":"_call_with_frames_removed"}]}]}
{"timestamp":"2025-05-28T02:09:37.398103","level":"info","event":"Filling up the DagBag from /opt/airflow/dags/create_dag_with_python_operator.py","logger":"airflow.models.dagbag.DagBag"}
{"timestamp":"2025-05-28T02:10:07.711234","level":"info","event":"Filling up the DagBag from /opt/airflow/dags/create_dag_with_python_operator.py","logger":"airflow.models.dagbag.DagBag"}
{"timestamp":"2025-05-28T02:10:38.050992","level":"info","event":"Filling up the DagBag from /opt/airflow/dags/create_dag_with_python_operator.py","logger":"airflow.models.dagbag.DagBag"}
{"timestamp":"2025-05-28T17:38:59.594974","level":"info","event":"Filling up the DagBag from /opt/airflow/dags/create_dag_with_python_operator.py","logger":"airflow.models.dagbag.DagBag"}
{"timestamp":"2025-05-28T17:39:31.574745","level":"info","event":"Filling up the DagBag from /opt/airflow/dags/create_dag_with_python_operator.py","logger":"airflow.models.dagbag.DagBag"}
{"timestamp":"2025-05-28T17:40:01.857611","level":"info","event":"Filling up the DagBag from /opt/airflow/dags/create_dag_with_python_operator.py","logger":"airflow.models.dagbag.DagBag"}
{"timestamp":"2025-05-28T17:40:32.109248","level":"info","event":"Filling up the DagBag from /opt/airflow/dags/create_dag_with_python_operator.py","logger":"airflow.models.dagbag.DagBag"}
{"timestamp":"2025-05-28T17:41:02.377458","level":"info","event":"Filling up the DagBag from /opt/airflow/dags/create_dag_with_python_operator.py","logger":"airflow.models.dagbag.DagBag"}
{"timestamp":"2025-05-28T17:41:32.639726","level":"info","event":"Filling up the DagBag from /opt/airflow/dags/create_dag_with_python_operator.py","logger":"airflow.models.dagbag.DagBag"}
{"timestamp":"2025-05-28T17:42:02.896256","level":"info","event":"Filling up the DagBag from /opt/airflow/dags/create_dag_with_python_operator.py","logger":"airflow.models.dagbag.DagBag"}
{"timestamp":"2025-05-28T17:42:33.152142","level":"info","event":"Filling up the DagBag from /opt/airflow/dags/create_dag_with_python_operator.py","logger":"airflow.models.dagbag.DagBag"}
{"timestamp":"2025-05-28T17:43:03.452326","level":"info","event":"Filling up the DagBag from /opt/airflow/dags/create_dag_with_python_operator.py","logger":"airflow.models.dagbag.DagBag"}
{"timestamp":"2025-05-28T17:43:33.718559","level":"info","event":"Filling up the DagBag from /opt/airflow/dags/create_dag_with_python_operator.py","logger":"airflow.models.dagbag.DagBag"}
{"timestamp":"2025-05-28T17:44:03.992208","level":"info","event":"Filling up the DagBag from /opt/airflow/dags/create_dag_with_python_operator.py","logger":"airflow.models.dagbag.DagBag"}
{"timestamp":"2025-05-28T17:44:34.256680","level":"info","event":"Filling up the DagBag from /opt/airflow/dags/create_dag_with_python_operator.py","logger":"airflow.models.dagbag.DagBag"}
{"timestamp":"2025-05-28T17:45:04.541782","level":"info","event":"Filling up the DagBag from /opt/airflow/dags/create_dag_with_python_operator.py","logger":"airflow.models.dagbag.DagBag"}
{"timestamp":"2025-05-28T17:45:34.821377","level":"info","event":"Filling up the DagBag from /opt/airflow/dags/create_dag_with_python_operator.py","logger":"airflow.models.dagbag.DagBag"}
{"timestamp":"2025-05-28T17:46:05.088454","level":"info","event":"Filling up the DagBag from /opt/airflow/dags/create_dag_with_python_operator.py","logger":"airflow.models.dagbag.DagBag"}
{"timestamp":"2025-05-28T17:46:35.352669","level":"info","event":"Filling up the DagBag from /opt/airflow/dags/create_dag_with_python_operator.py","logger":"airflow.models.dagbag.DagBag"}
{"timestamp":"2025-05-28T17:47:05.608426","level":"info","event":"Filling up the DagBag from /opt/airflow/dags/create_dag_with_python_operator.py","logger":"airflow.models.dagbag.DagBag"}
{"timestamp":"2025-05-28T17:47:35.864270","level":"info","event":"Filling up the DagBag from /opt/airflow/dags/create_dag_with_python_operator.py","logger":"airflow.models.dagbag.DagBag"}
{"timestamp":"2025-05-28T17:48:06.146407","level":"info","event":"Filling up the DagBag from /opt/airflow/dags/create_dag_with_python_operator.py","logger":"airflow.models.dagbag.DagBag"}
{"timestamp":"2025-05-28T17:48:36.408801","level":"info","event":"Filling up the DagBag from /opt/airflow/dags/create_dag_with_python_operator.py","logger":"airflow.models.dagbag.DagBag"}
{"timestamp":"2025-05-28T17:49:06.680774","level":"info","event":"Filling up the DagBag from /opt/airflow/dags/create_dag_with_python_operator.py","logger":"airflow.models.dagbag.DagBag"}
{"timestamp":"2025-05-28T17:49:36.943504","level":"info","event":"Filling up the DagBag from /opt/airflow/dags/create_dag_with_python_operator.py","logger":"airflow.models.dagbag.DagBag"}
{"timestamp":"2025-05-28T17:50:07.205289","level":"info","event":"Filling up the DagBag from /opt/airflow/dags/create_dag_with_python_operator.py","logger":"airflow.models.dagbag.DagBag"}
{"timestamp":"2025-05-28T17:50:37.480176","level":"info","event":"Filling up the DagBag from /opt/airflow/dags/create_dag_with_python_operator.py","logger":"airflow.models.dagbag.DagBag"}
{"timestamp":"2025-05-28T17:51:07.779844","level":"info","event":"Filling up the DagBag from /opt/airflow/dags/create_dag_with_python_operator.py","logger":"airflow.models.dagbag.DagBag"}
{"timestamp":"2025-05-28T17:51:38.049087","level":"info","event":"Filling up the DagBag from /opt/airflow/dags/create_dag_with_python_operator.py","logger":"airflow.models.dagbag.DagBag"}
{"timestamp":"2025-05-28T17:52:08.315755","level":"info","event":"Filling up the DagBag from /opt/airflow/dags/create_dag_with_python_operator.py","logger":"airflow.models.dagbag.DagBag"}
{"timestamp":"2025-05-28T17:52:38.578704","level":"info","event":"Filling up the DagBag from /opt/airflow/dags/create_dag_with_python_operator.py","logger":"airflow.models.dagbag.DagBag"}
{"timestamp":"2025-05-28T17:53:08.867295","level":"info","event":"Filling up the DagBag from /opt/airflow/dags/create_dag_with_python_operator.py","logger":"airflow.models.dagbag.DagBag"}
{"timestamp":"2025-05-28T17:53:39.132611","level":"info","event":"Filling up the DagBag from /opt/airflow/dags/create_dag_with_python_operator.py","logger":"airflow.models.dagbag.DagBag"}
{"timestamp":"2025-05-28T17:54:09.424432","level":"info","event":"Filling up the DagBag from /opt/airflow/dags/create_dag_with_python_operator.py","logger":"airflow.models.dagbag.DagBag"}
{"timestamp":"2025-05-28T17:54:39.697910","level":"info","event":"Filling up the DagBag from /opt/airflow/dags/create_dag_with_python_operator.py","logger":"airflow.models.dagbag.DagBag"}
{"timestamp":"2025-05-28T17:55:09.961251","level":"info","event":"Filling up the DagBag from /opt/airflow/dags/create_dag_with_python_operator.py","logger":"airflow.models.dagbag.DagBag"}
{"timestamp":"2025-05-28T17:55:40.221059","level":"info","event":"Filling up the DagBag from /opt/airflow/dags/create_dag_with_python_operator.py","logger":"airflow.models.dagbag.DagBag"}
{"timestamp":"2025-05-28T17:56:10.476846","level":"info","event":"Filling up the DagBag from /opt/airflow/dags/create_dag_with_python_operator.py","logger":"airflow.models.dagbag.DagBag"}
{"timestamp":"2025-05-28T17:56:40.735246","level":"info","event":"Filling up the DagBag from /opt/airflow/dags/create_dag_with_python_operator.py","logger":"airflow.models.dagbag.DagBag"}
{"timestamp":"2025-05-28T17:57:10.998374","level":"info","event":"Filling up the DagBag from /opt/airflow/dags/create_dag_with_python_operator.py","logger":"airflow.models.dagbag.DagBag"}
{"timestamp":"2025-05-28T17:57:41.272970","level":"info","event":"Filling up the DagBag from /opt/airflow/dags/create_dag_with_python_operator.py","logger":"airflow.models.dagbag.DagBag"}
{"timestamp":"2025-05-28T17:58:11.540013","level":"info","event":"Filling up the DagBag from /opt/airflow/dags/create_dag_with_python_operator.py","logger":"airflow.models.dagbag.DagBag"}
{"timestamp":"2025-05-28T17:58:41.812974","level":"info","event":"Filling up the DagBag from /opt/airflow/dags/create_dag_with_python_operator.py","logger":"airflow.models.dagbag.DagBag"}
{"timestamp":"2025-05-28T17:59:12.102606","level":"info","event":"Filling up the DagBag from /opt/airflow/dags/create_dag_with_python_operator.py","logger":"airflow.models.dagbag.DagBag"}
{"timestamp":"2025-05-28T17:59:42.382937","level":"info","event":"Filling up the DagBag from /opt/airflow/dags/create_dag_with_python_operator.py","logger":"airflow.models.dagbag.DagBag"}
{"timestamp":"2025-05-28T18:00:12.644250","level":"info","event":"Filling up the DagBag from /opt/airflow/dags/create_dag_with_python_operator.py","logger":"airflow.models.dagbag.DagBag"}
{"timestamp":"2025-05-28T18:00:42.942669","level":"info","event":"Filling up the DagBag from /opt/airflow/dags/create_dag_with_python_operator.py","logger":"airflow.models.dagbag.DagBag"}
{"timestamp":"2025-05-28T18:01:13.244782","level":"info","event":"Filling up the DagBag from /opt/airflow/dags/create_dag_with_python_operator.py","logger":"airflow.models.dagbag.DagBag"}
{"timestamp":"2025-05-28T18:01:43.528541","level":"info","event":"Filling up the DagBag from /opt/airflow/dags/create_dag_with_python_operator.py","logger":"airflow.models.dagbag.DagBag"}
{"timestamp":"2025-05-28T18:02:13.811796","level":"info","event":"Filling up the DagBag from /opt/airflow/dags/create_dag_with_python_operator.py","logger":"airflow.models.dagbag.DagBag"}
{"timestamp":"2025-05-28T18:02:44.072084","level":"info","event":"Filling up the DagBag from /opt/airflow/dags/create_dag_with_python_operator.py","logger":"airflow.models.dagbag.DagBag"}
{"timestamp":"2025-05-28T18:03:14.342568","level":"info","event":"Filling up the DagBag from /opt/airflow/dags/create_dag_with_python_operator.py","logger":"airflow.models.dagbag.DagBag"}
{"timestamp":"2025-05-28T18:03:44.612431","level":"info","event":"Filling up the DagBag from /opt/airflow/dags/create_dag_with_python_operator.py","logger":"airflow.models.dagbag.DagBag"}
{"timestamp":"2025-05-28T18:04:14.894986","level":"info","event":"Filling up the DagBag from /opt/airflow/dags/create_dag_with_python_operator.py","logger":"airflow.models.dagbag.DagBag"}
{"timestamp":"2025-05-28T18:04:45.154804","level":"info","event":"Filling up the DagBag from /opt/airflow/dags/create_dag_with_python_operator.py","logger":"airflow.models.dagbag.DagBag"}
{"timestamp":"2025-05-28T18:05:15.421173","level":"info","event":"Filling up the DagBag from /opt/airflow/dags/create_dag_with_python_operator.py","logger":"airflow.models.dagbag.DagBag"}
{"timestamp":"2025-05-28T18:05:45.691604","level":"info","event":"Filling up the DagBag from /opt/airflow/dags/create_dag_with_python_operator.py","logger":"airflow.models.dagbag.DagBag"}
{"timestamp":"2025-05-28T18:06:15.975066","level":"info","event":"Filling up the DagBag from /opt/airflow/dags/create_dag_with_python_operator.py","logger":"airflow.models.dagbag.DagBag"}
{"timestamp":"2025-05-28T18:06:46.262531","level":"info","event":"Filling up the DagBag from /opt/airflow/dags/create_dag_with_python_operator.py","logger":"airflow.models.dagbag.DagBag"}
{"timestamp":"2025-05-28T18:07:16.526436","level":"info","event":"Filling up the DagBag from /opt/airflow/dags/create_dag_with_python_operator.py","logger":"airflow.models.dagbag.DagBag"}
{"timestamp":"2025-05-28T18:07:46.812740","level":"info","event":"Filling up the DagBag from /opt/airflow/dags/create_dag_with_python_operator.py","logger":"airflow.models.dagbag.DagBag"}
{"timestamp":"2025-05-28T18:08:17.098548","level":"info","event":"Filling up the DagBag from /opt/airflow/dags/create_dag_with_python_operator.py","logger":"airflow.models.dagbag.DagBag"}
{"timestamp":"2025-05-28T18:08:47.397753","level":"info","event":"Filling up the DagBag from /opt/airflow/dags/create_dag_with_python_operator.py","logger":"airflow.models.dagbag.DagBag"}
{"timestamp":"2025-05-28T18:09:17.680484","level":"info","event":"Filling up the DagBag from /opt/airflow/dags/create_dag_with_python_operator.py","logger":"airflow.models.dagbag.DagBag"}
{"timestamp":"2025-05-28T18:09:47.942888","level":"info","event":"Filling up the DagBag from /opt/airflow/dags/create_dag_with_python_operator.py","logger":"airflow.models.dagbag.DagBag"}
{"timestamp":"2025-05-28T18:10:18.201850","level":"info","event":"Filling up the DagBag from /opt/airflow/dags/create_dag_with_python_operator.py","logger":"airflow.models.dagbag.DagBag"}
{"timestamp":"2025-05-28T18:10:48.465875","level":"info","event":"Filling up the DagBag from /opt/airflow/dags/create_dag_with_python_operator.py","logger":"airflow.models.dagbag.DagBag"}
{"timestamp":"2025-05-28T18:11:18.720986","level":"info","event":"Filling up the DagBag from /opt/airflow/dags/create_dag_with_python_operator.py","logger":"airflow.models.dagbag.DagBag"}
{"timestamp":"2025-05-28T18:11:48.974922","level":"info","event":"Filling up the DagBag from /opt/airflow/dags/create_dag_with_python_operator.py","logger":"airflow.models.dagbag.DagBag"}
{"timestamp":"2025-05-28T18:12:19.240831","level":"info","event":"Filling up the DagBag from /opt/airflow/dags/create_dag_with_python_operator.py","logger":"airflow.models.dagbag.DagBag"}
{"timestamp":"2025-05-28T18:12:49.503856","level":"info","event":"Filling up the DagBag from /opt/airflow/dags/create_dag_with_python_operator.py","logger":"airflow.models.dagbag.DagBag"}
{"timestamp":"2025-05-28T18:13:19.763296","level":"info","event":"Filling up the DagBag from /opt/airflow/dags/create_dag_with_python_operator.py","logger":"airflow.models.dagbag.DagBag"}
{"timestamp":"2025-05-28T18:13:50.071872","level":"info","event":"Filling up the DagBag from /opt/airflow/dags/create_dag_with_python_operator.py","logger":"airflow.models.dagbag.DagBag"}
{"timestamp":"2025-05-28T18:14:20.334840","level":"info","event":"Filling up the DagBag from /opt/airflow/dags/create_dag_with_python_operator.py","logger":"airflow.models.dagbag.DagBag"}
{"timestamp":"2025-05-28T18:14:50.659393","level":"info","event":"Filling up the DagBag from /opt/airflow/dags/create_dag_with_python_operator.py","logger":"airflow.models.dagbag.DagBag"}
{"timestamp":"2025-05-28T18:15:20.951878","level":"info","event":"Filling up the DagBag from /opt/airflow/dags/create_dag_with_python_operator.py","logger":"airflow.models.dagbag.DagBag"}
{"timestamp":"2025-05-28T18:15:51.237998","level":"info","event":"Filling up the DagBag from /opt/airflow/dags/create_dag_with_python_operator.py","logger":"airflow.models.dagbag.DagBag"}
{"timestamp":"2025-05-28T18:16:21.523086","level":"info","event":"Filling up the DagBag from /opt/airflow/dags/create_dag_with_python_operator.py","logger":"airflow.models.dagbag.DagBag"}
{"timestamp":"2025-05-28T18:16:51.792648","level":"info","event":"Filling up the DagBag from /opt/airflow/dags/create_dag_with_python_operator.py","logger":"airflow.models.dagbag.DagBag"}
{"timestamp":"2025-05-28T18:17:22.062228","level":"info","event":"Filling up the DagBag from /opt/airflow/dags/create_dag_with_python_operator.py","logger":"airflow.models.dagbag.DagBag"}
{"timestamp":"2025-05-28T18:17:52.328239","level":"info","event":"Filling up the DagBag from /opt/airflow/dags/create_dag_with_python_operator.py","logger":"airflow.models.dagbag.DagBag"}
{"timestamp":"2025-05-28T18:18:22.615279","level":"info","event":"Filling up the DagBag from /opt/airflow/dags/create_dag_with_python_operator.py","logger":"airflow.models.dagbag.DagBag"}
{"timestamp":"2025-05-28T18:18:52.889461","level":"info","event":"Filling up the DagBag from /opt/airflow/dags/create_dag_with_python_operator.py","logger":"airflow.models.dagbag.DagBag"}
{"timestamp":"2025-05-28T18:19:23.156836","level":"info","event":"Filling up the DagBag from /opt/airflow/dags/create_dag_with_python_operator.py","logger":"airflow.models.dagbag.DagBag"}
{"timestamp":"2025-05-28T18:19:53.418676","level":"info","event":"Filling up the DagBag from /opt/airflow/dags/create_dag_with_python_operator.py","logger":"airflow.models.dagbag.DagBag"}
{"timestamp":"2025-05-28T18:20:23.687912","level":"info","event":"Filling up the DagBag from /opt/airflow/dags/create_dag_with_python_operator.py","logger":"airflow.models.dagbag.DagBag"}
{"timestamp":"2025-05-28T18:20:53.974124","level":"info","event":"Filling up the DagBag from /opt/airflow/dags/create_dag_with_python_operator.py","logger":"airflow.models.dagbag.DagBag"}
{"timestamp":"2025-05-28T18:21:24.249071","level":"info","event":"Filling up the DagBag from /opt/airflow/dags/create_dag_with_python_operator.py","logger":"airflow.models.dagbag.DagBag"}
{"timestamp":"2025-05-28T18:21:54.537208","level":"info","event":"Filling up the DagBag from /opt/airflow/dags/create_dag_with_python_operator.py","logger":"airflow.models.dagbag.DagBag"}
{"timestamp":"2025-05-28T18:22:24.810554","level":"info","event":"Filling up the DagBag from /opt/airflow/dags/create_dag_with_python_operator.py","logger":"airflow.models.dagbag.DagBag"}
{"timestamp":"2025-05-28T18:22:55.080105","level":"info","event":"Filling up the DagBag from /opt/airflow/dags/create_dag_with_python_operator.py","logger":"airflow.models.dagbag.DagBag"}
{"timestamp":"2025-05-28T18:23:25.377417","level":"info","event":"Filling up the DagBag from /opt/airflow/dags/create_dag_with_python_operator.py","logger":"airflow.models.dagbag.DagBag"}
{"timestamp":"2025-05-28T18:23:55.660362","level":"info","event":"Filling up the DagBag from /opt/airflow/dags/create_dag_with_python_operator.py","logger":"airflow.models.dagbag.DagBag"}
{"timestamp":"2025-05-28T18:24:25.947866","level":"info","event":"Filling up the DagBag from /opt/airflow/dags/create_dag_with_python_operator.py","logger":"airflow.models.dagbag.DagBag"}
{"timestamp":"2025-05-28T18:24:56.207784","level":"info","event":"Filling up the DagBag from /opt/airflow/dags/create_dag_with_python_operator.py","logger":"airflow.models.dagbag.DagBag"}
{"timestamp":"2025-05-28T18:25:26.496281","level":"info","event":"Filling up the DagBag from /opt/airflow/dags/create_dag_with_python_operator.py","logger":"airflow.models.dagbag.DagBag"}
{"timestamp":"2025-05-28T18:25:56.788743","level":"info","event":"Filling up the DagBag from /opt/airflow/dags/create_dag_with_python_operator.py","logger":"airflow.models.dagbag.DagBag"}
{"timestamp":"2025-05-28T18:26:27.064093","level":"info","event":"Filling up the DagBag from /opt/airflow/dags/create_dag_with_python_operator.py","logger":"airflow.models.dagbag.DagBag"}
{"timestamp":"2025-05-28T18:26:57.329362","level":"info","event":"Filling up the DagBag from /opt/airflow/dags/create_dag_with_python_operator.py","logger":"airflow.models.dagbag.DagBag"}
{"timestamp":"2025-05-28T18:27:27.643282","level":"info","event":"Filling up the DagBag from /opt/airflow/dags/create_dag_with_python_operator.py","logger":"airflow.models.dagbag.DagBag"}
{"timestamp":"2025-05-28T18:27:57.886485","level":"info","event":"Filling up the DagBag from /opt/airflow/dags/create_dag_with_python_operator.py","logger":"airflow.models.dagbag.DagBag"}
{"timestamp":"2025-05-28T18:28:28.188313","level":"info","event":"Filling up the DagBag from /opt/airflow/dags/create_dag_with_python_operator.py","logger":"airflow.models.dagbag.DagBag"}
{"timestamp":"2025-05-28T18:28:58.449480","level":"info","event":"Filling up the DagBag from /opt/airflow/dags/create_dag_with_python_operator.py","logger":"airflow.models.dagbag.DagBag"}
{"timestamp":"2025-05-28T18:29:28.711673","level":"info","event":"Filling up the DagBag from /opt/airflow/dags/create_dag_with_python_operator.py","logger":"airflow.models.dagbag.DagBag"}
{"timestamp":"2025-05-28T18:29:59.002929","level":"info","event":"Filling up the DagBag from /opt/airflow/dags/create_dag_with_python_operator.py","logger":"airflow.models.dagbag.DagBag"}
{"timestamp":"2025-05-28T18:30:29.290984","level":"info","event":"Filling up the DagBag from /opt/airflow/dags/create_dag_with_python_operator.py","logger":"airflow.models.dagbag.DagBag"}
{"timestamp":"2025-05-28T18:30:59.555280","level":"info","event":"Filling up the DagBag from /opt/airflow/dags/create_dag_with_python_operator.py","logger":"airflow.models.dagbag.DagBag"}
{"timestamp":"2025-05-28T18:31:29.853017","level":"info","event":"Filling up the DagBag from /opt/airflow/dags/create_dag_with_python_operator.py","logger":"airflow.models.dagbag.DagBag"}
{"timestamp":"2025-05-28T18:32:00.142120","level":"info","event":"Filling up the DagBag from /opt/airflow/dags/create_dag_with_python_operator.py","logger":"airflow.models.dagbag.DagBag"}
{"timestamp":"2025-05-28T18:32:30.412400","level":"info","event":"Filling up the DagBag from /opt/airflow/dags/create_dag_with_python_operator.py","logger":"airflow.models.dagbag.DagBag"}
{"timestamp":"2025-05-28T18:33:00.706297","level":"info","event":"Filling up the DagBag from /opt/airflow/dags/create_dag_with_python_operator.py","logger":"airflow.models.dagbag.DagBag"}
{"timestamp":"2025-05-28T18:33:30.961963","level":"info","event":"Filling up the DagBag from /opt/airflow/dags/create_dag_with_python_operator.py","logger":"airflow.models.dagbag.DagBag"}
{"timestamp":"2025-05-28T18:34:01.218688","level":"info","event":"Filling up the DagBag from /opt/airflow/dags/create_dag_with_python_operator.py","logger":"airflow.models.dagbag.DagBag"}
{"timestamp":"2025-05-28T18:34:31.482717","level":"info","event":"Filling up the DagBag from /opt/airflow/dags/create_dag_with_python_operator.py","logger":"airflow.models.dagbag.DagBag"}
{"timestamp":"2025-05-28T18:35:01.734901","level":"info","event":"Filling up the DagBag from /opt/airflow/dags/create_dag_with_python_operator.py","logger":"airflow.models.dagbag.DagBag"}
{"timestamp":"2025-05-28T18:35:31.993770","level":"info","event":"Filling up the DagBag from /opt/airflow/dags/create_dag_with_python_operator.py","logger":"airflow.models.dagbag.DagBag"}
{"timestamp":"2025-05-28T18:36:02.256604","level":"info","event":"Filling up the DagBag from /opt/airflow/dags/create_dag_with_python_operator.py","logger":"airflow.models.dagbag.DagBag"}
{"timestamp":"2025-05-28T18:36:32.580596","level":"info","event":"Filling up the DagBag from /opt/airflow/dags/create_dag_with_python_operator.py","logger":"airflow.models.dagbag.DagBag"}
{"timestamp":"2025-05-28T18:37:02.876594","level":"info","event":"Filling up the DagBag from /opt/airflow/dags/create_dag_with_python_operator.py","logger":"airflow.models.dagbag.DagBag"}
{"timestamp":"2025-05-28T18:37:33.173732","level":"info","event":"Filling up the DagBag from /opt/airflow/dags/create_dag_with_python_operator.py","logger":"airflow.models.dagbag.DagBag"}
{"timestamp":"2025-05-28T18:38:03.458413","level":"info","event":"Filling up the DagBag from /opt/airflow/dags/create_dag_with_python_operator.py","logger":"airflow.models.dagbag.DagBag"}
{"timestamp":"2025-05-28T18:38:33.742519","level":"info","event":"Filling up the DagBag from /opt/airflow/dags/create_dag_with_python_operator.py","logger":"airflow.models.dagbag.DagBag"}
{"timestamp":"2025-05-28T18:39:04.034072","level":"info","event":"Filling up the DagBag from /opt/airflow/dags/create_dag_with_python_operator.py","logger":"airflow.models.dagbag.DagBag"}
{"timestamp":"2025-05-28T18:39:34.293416","level":"info","event":"Filling up the DagBag from /opt/airflow/dags/create_dag_with_python_operator.py","logger":"airflow.models.dagbag.DagBag"}
{"timestamp":"2025-05-28T18:40:04.560425","level":"info","event":"Filling up the DagBag from /opt/airflow/dags/create_dag_with_python_operator.py","logger":"airflow.models.dagbag.DagBag"}
{"timestamp":"2025-05-28T18:40:34.843121","level":"info","event":"Filling up the DagBag from /opt/airflow/dags/create_dag_with_python_operator.py","logger":"airflow.models.dagbag.DagBag"}
{"timestamp":"2025-05-28T18:41:05.134052","level":"info","event":"Filling up the DagBag from /opt/airflow/dags/create_dag_with_python_operator.py","logger":"airflow.models.dagbag.DagBag"}
{"timestamp":"2025-05-28T18:41:35.395019","level":"info","event":"Filling up the DagBag from /opt/airflow/dags/create_dag_with_python_operator.py","logger":"airflow.models.dagbag.DagBag"}
{"timestamp":"2025-05-28T18:42:05.659860","level":"info","event":"Filling up the DagBag from /opt/airflow/dags/create_dag_with_python_operator.py","logger":"airflow.models.dagbag.DagBag"}
{"timestamp":"2025-05-28T18:42:35.926208","level":"info","event":"Filling up the DagBag from /opt/airflow/dags/create_dag_with_python_operator.py","logger":"airflow.models.dagbag.DagBag"}
{"timestamp":"2025-05-28T18:43:06.208568","level":"info","event":"Filling up the DagBag from /opt/airflow/dags/create_dag_with_python_operator.py","logger":"airflow.models.dagbag.DagBag"}
{"timestamp":"2025-05-28T18:43:36.492719","level":"info","event":"Filling up the DagBag from /opt/airflow/dags/create_dag_with_python_operator.py","logger":"airflow.models.dagbag.DagBag"}
{"timestamp":"2025-05-28T18:44:06.763880","level":"info","event":"Filling up the DagBag from /opt/airflow/dags/create_dag_with_python_operator.py","logger":"airflow.models.dagbag.DagBag"}
{"timestamp":"2025-05-28T18:44:37.059583","level":"info","event":"Filling up the DagBag from /opt/airflow/dags/create_dag_with_python_operator.py","logger":"airflow.models.dagbag.DagBag"}
{"timestamp":"2025-05-28T18:45:07.344110","level":"info","event":"Filling up the DagBag from /opt/airflow/dags/create_dag_with_python_operator.py","logger":"airflow.models.dagbag.DagBag"}
{"timestamp":"2025-05-28T18:45:37.617179","level":"info","event":"Filling up the DagBag from /opt/airflow/dags/create_dag_with_python_operator.py","logger":"airflow.models.dagbag.DagBag"}
{"timestamp":"2025-05-28T18:46:07.876359","level":"info","event":"Filling up the DagBag from /opt/airflow/dags/create_dag_with_python_operator.py","logger":"airflow.models.dagbag.DagBag"}
{"timestamp":"2025-05-28T18:46:38.160803","level":"info","event":"Filling up the DagBag from /opt/airflow/dags/create_dag_with_python_operator.py","logger":"airflow.models.dagbag.DagBag"}
{"timestamp":"2025-05-28T18:47:08.436167","level":"info","event":"Filling up the DagBag from /opt/airflow/dags/create_dag_with_python_operator.py","logger":"airflow.models.dagbag.DagBag"}
{"timestamp":"2025-05-28T18:47:38.703792","level":"info","event":"Filling up the DagBag from /opt/airflow/dags/create_dag_with_python_operator.py","logger":"airflow.models.dagbag.DagBag"}
{"timestamp":"2025-05-28T18:48:08.989905","level":"info","event":"Filling up the DagBag from /opt/airflow/dags/create_dag_with_python_operator.py","logger":"airflow.models.dagbag.DagBag"}
{"timestamp":"2025-05-28T18:48:39.252733","level":"info","event":"Filling up the DagBag from /opt/airflow/dags/create_dag_with_python_operator.py","logger":"airflow.models.dagbag.DagBag"}
{"timestamp":"2025-05-28T18:49:09.542420","level":"info","event":"Filling up the DagBag from /opt/airflow/dags/create_dag_with_python_operator.py","logger":"airflow.models.dagbag.DagBag"}
{"timestamp":"2025-05-28T18:49:39.844023","level":"info","event":"Filling up the DagBag from /opt/airflow/dags/create_dag_with_python_operator.py","logger":"airflow.models.dagbag.DagBag"}
{"timestamp":"2025-05-28T18:50:10.136436","level":"info","event":"Filling up the DagBag from /opt/airflow/dags/create_dag_with_python_operator.py","logger":"airflow.models.dagbag.DagBag"}
{"timestamp":"2025-05-28T18:50:40.417657","level":"info","event":"Filling up the DagBag from /opt/airflow/dags/create_dag_with_python_operator.py","logger":"airflow.models.dagbag.DagBag"}
{"timestamp":"2025-05-28T18:51:10.689273","level":"info","event":"Filling up the DagBag from /opt/airflow/dags/create_dag_with_python_operator.py","logger":"airflow.models.dagbag.DagBag"}
{"timestamp":"2025-05-28T18:51:40.953309","level":"info","event":"Filling up the DagBag from /opt/airflow/dags/create_dag_with_python_operator.py","logger":"airflow.models.dagbag.DagBag"}
{"timestamp":"2025-05-28T18:52:11.209821","level":"info","event":"Filling up the DagBag from /opt/airflow/dags/create_dag_with_python_operator.py","logger":"airflow.models.dagbag.DagBag"}
{"timestamp":"2025-05-28T18:52:41.463661","level":"info","event":"Filling up the DagBag from /opt/airflow/dags/create_dag_with_python_operator.py","logger":"airflow.models.dagbag.DagBag"}
{"timestamp":"2025-05-28T18:53:11.739949","level":"info","event":"Filling up the DagBag from /opt/airflow/dags/create_dag_with_python_operator.py","logger":"airflow.models.dagbag.DagBag"}
{"timestamp":"2025-05-28T18:53:42.016280","level":"info","event":"Filling up the DagBag from /opt/airflow/dags/create_dag_with_python_operator.py","logger":"airflow.models.dagbag.DagBag"}
{"timestamp":"2025-05-28T18:54:12.309906","level":"info","event":"Filling up the DagBag from /opt/airflow/dags/create_dag_with_python_operator.py","logger":"airflow.models.dagbag.DagBag"}
{"timestamp":"2025-05-28T18:54:42.576747","level":"info","event":"Filling up the DagBag from /opt/airflow/dags/create_dag_with_python_operator.py","logger":"airflow.models.dagbag.DagBag"}
{"timestamp":"2025-05-28T18:55:12.848276","level":"info","event":"Filling up the DagBag from /opt/airflow/dags/create_dag_with_python_operator.py","logger":"airflow.models.dagbag.DagBag"}
{"timestamp":"2025-05-28T18:55:43.137279","level":"info","event":"Filling up the DagBag from /opt/airflow/dags/create_dag_with_python_operator.py","logger":"airflow.models.dagbag.DagBag"}
{"timestamp":"2025-05-28T18:56:13.462120","level":"info","event":"Filling up the DagBag from /opt/airflow/dags/create_dag_with_python_operator.py","logger":"airflow.models.dagbag.DagBag"}
{"timestamp":"2025-05-28T18:56:43.748316","level":"info","event":"Filling up the DagBag from /opt/airflow/dags/create_dag_with_python_operator.py","logger":"airflow.models.dagbag.DagBag"}
{"timestamp":"2025-05-28T18:57:14.009752","level":"info","event":"Filling up the DagBag from /opt/airflow/dags/create_dag_with_python_operator.py","logger":"airflow.models.dagbag.DagBag"}
{"timestamp":"2025-05-28T18:57:44.295860","level":"info","event":"Filling up the DagBag from /opt/airflow/dags/create_dag_with_python_operator.py","logger":"airflow.models.dagbag.DagBag"}
{"timestamp":"2025-05-28T18:58:14.585842","level":"info","event":"Filling up the DagBag from /opt/airflow/dags/create_dag_with_python_operator.py","logger":"airflow.models.dagbag.DagBag"}
{"timestamp":"2025-05-28T18:58:44.854180","level":"info","event":"Filling up the DagBag from /opt/airflow/dags/create_dag_with_python_operator.py","logger":"airflow.models.dagbag.DagBag"}
{"timestamp":"2025-05-28T18:59:15.120404","level":"info","event":"Filling up the DagBag from /opt/airflow/dags/create_dag_with_python_operator.py","logger":"airflow.models.dagbag.DagBag"}
{"timestamp":"2025-05-28T18:59:45.414248","level":"info","event":"Filling up the DagBag from /opt/airflow/dags/create_dag_with_python_operator.py","logger":"airflow.models.dagbag.DagBag"}
{"timestamp":"2025-05-28T19:00:15.683860","level":"info","event":"Filling up the DagBag from /opt/airflow/dags/create_dag_with_python_operator.py","logger":"airflow.models.dagbag.DagBag"}
{"timestamp":"2025-05-28T19:00:45.949351","level":"info","event":"Filling up the DagBag from /opt/airflow/dags/create_dag_with_python_operator.py","logger":"airflow.models.dagbag.DagBag"}
{"timestamp":"2025-05-28T19:01:16.216655","level":"info","event":"Filling up the DagBag from /opt/airflow/dags/create_dag_with_python_operator.py","logger":"airflow.models.dagbag.DagBag"}
{"timestamp":"2025-05-28T19:01:46.478551","level":"info","event":"Filling up the DagBag from /opt/airflow/dags/create_dag_with_python_operator.py","logger":"airflow.models.dagbag.DagBag"}
{"timestamp":"2025-05-28T19:02:16.735571","level":"info","event":"Filling up the DagBag from /opt/airflow/dags/create_dag_with_python_operator.py","logger":"airflow.models.dagbag.DagBag"}
{"timestamp":"2025-05-28T19:02:46.996867","level":"info","event":"Filling up the DagBag from /opt/airflow/dags/create_dag_with_python_operator.py","logger":"airflow.models.dagbag.DagBag"}
{"timestamp":"2025-05-28T19:03:17.268593","level":"info","event":"Filling up the DagBag from /opt/airflow/dags/create_dag_with_python_operator.py","logger":"airflow.models.dagbag.DagBag"}
{"timestamp":"2025-05-28T19:03:47.531968","level":"info","event":"Filling up the DagBag from /opt/airflow/dags/create_dag_with_python_operator.py","logger":"airflow.models.dagbag.DagBag"}
{"timestamp":"2025-05-28T19:04:17.795641","level":"info","event":"Filling up the DagBag from /opt/airflow/dags/create_dag_with_python_operator.py","logger":"airflow.models.dagbag.DagBag"}
{"timestamp":"2025-05-28T19:04:48.087811","level":"info","event":"Filling up the DagBag from /opt/airflow/dags/create_dag_with_python_operator.py","logger":"airflow.models.dagbag.DagBag"}
{"timestamp":"2025-05-28T19:05:18.382693","level":"info","event":"Filling up the DagBag from /opt/airflow/dags/create_dag_with_python_operator.py","logger":"airflow.models.dagbag.DagBag"}
{"timestamp":"2025-05-28T19:05:48.699601","level":"info","event":"Filling up the DagBag from /opt/airflow/dags/create_dag_with_python_operator.py","logger":"airflow.models.dagbag.DagBag"}
{"timestamp":"2025-05-28T19:06:18.971055","level":"info","event":"Filling up the DagBag from /opt/airflow/dags/create_dag_with_python_operator.py","logger":"airflow.models.dagbag.DagBag"}
{"timestamp":"2025-05-28T19:06:49.236017","level":"info","event":"Filling up the DagBag from /opt/airflow/dags/create_dag_with_python_operator.py","logger":"airflow.models.dagbag.DagBag"}
{"timestamp":"2025-05-28T19:07:19.510853","level":"info","event":"Filling up the DagBag from /opt/airflow/dags/create_dag_with_python_operator.py","logger":"airflow.models.dagbag.DagBag"}
{"timestamp":"2025-05-28T19:07:49.778416","level":"info","event":"Filling up the DagBag from /opt/airflow/dags/create_dag_with_python_operator.py","logger":"airflow.models.dagbag.DagBag"}
{"timestamp":"2025-05-28T19:08:20.047700","level":"info","event":"Filling up the DagBag from /opt/airflow/dags/create_dag_with_python_operator.py","logger":"airflow.models.dagbag.DagBag"}
{"timestamp":"2025-05-28T19:08:50.321646","level":"info","event":"Filling up the DagBag from /opt/airflow/dags/create_dag_with_python_operator.py","logger":"airflow.models.dagbag.DagBag"}
{"timestamp":"2025-05-28T19:09:20.575093","level":"info","event":"Filling up the DagBag from /opt/airflow/dags/create_dag_with_python_operator.py","logger":"airflow.models.dagbag.DagBag"}
{"timestamp":"2025-05-28T19:09:50.846487","level":"info","event":"Filling up the DagBag from /opt/airflow/dags/create_dag_with_python_operator.py","logger":"airflow.models.dagbag.DagBag"}
{"timestamp":"2025-05-28T19:10:21.120692","level":"info","event":"Filling up the DagBag from /opt/airflow/dags/create_dag_with_python_operator.py","logger":"airflow.models.dagbag.DagBag"}
{"timestamp":"2025-05-28T19:10:51.377799","level":"info","event":"Filling up the DagBag from /opt/airflow/dags/create_dag_with_python_operator.py","logger":"airflow.models.dagbag.DagBag"}
{"timestamp":"2025-05-28T19:11:21.632726","level":"info","event":"Filling up the DagBag from /opt/airflow/dags/create_dag_with_python_operator.py","logger":"airflow.models.dagbag.DagBag"}
{"timestamp":"2025-05-28T19:11:51.908103","level":"info","event":"Filling up the DagBag from /opt/airflow/dags/create_dag_with_python_operator.py","logger":"airflow.models.dagbag.DagBag"}
{"timestamp":"2025-05-28T19:12:22.190588","level":"info","event":"Filling up the DagBag from /opt/airflow/dags/create_dag_with_python_operator.py","logger":"airflow.models.dagbag.DagBag"}
{"timestamp":"2025-05-28T19:12:52.460944","level":"info","event":"Filling up the DagBag from /opt/airflow/dags/create_dag_with_python_operator.py","logger":"airflow.models.dagbag.DagBag"}
{"timestamp":"2025-05-28T19:13:22.737649","level":"info","event":"Filling up the DagBag from /opt/airflow/dags/create_dag_with_python_operator.py","logger":"airflow.models.dagbag.DagBag"}
{"timestamp":"2025-05-28T19:13:53.014087","level":"info","event":"Filling up the DagBag from /opt/airflow/dags/create_dag_with_python_operator.py","logger":"airflow.models.dagbag.DagBag"}
{"timestamp":"2025-05-28T19:14:23.268078","level":"info","event":"Filling up the DagBag from /opt/airflow/dags/create_dag_with_python_operator.py","logger":"airflow.models.dagbag.DagBag"}
{"timestamp":"2025-05-28T19:14:53.525456","level":"info","event":"Filling up the DagBag from /opt/airflow/dags/create_dag_with_python_operator.py","logger":"airflow.models.dagbag.DagBag"}
{"timestamp":"2025-05-28T19:15:23.777022","level":"info","event":"Filling up the DagBag from /opt/airflow/dags/create_dag_with_python_operator.py","logger":"airflow.models.dagbag.DagBag"}
{"timestamp":"2025-05-28T19:15:54.059595","level":"info","event":"Filling up the DagBag from /opt/airflow/dags/create_dag_with_python_operator.py","logger":"airflow.models.dagbag.DagBag"}
{"timestamp":"2025-05-28T19:16:24.314876","level":"info","event":"Filling up the DagBag from /opt/airflow/dags/create_dag_with_python_operator.py","logger":"airflow.models.dagbag.DagBag"}
{"timestamp":"2025-05-28T19:16:54.590946","level":"info","event":"Filling up the DagBag from /opt/airflow/dags/create_dag_with_python_operator.py","logger":"airflow.models.dagbag.DagBag"}
{"timestamp":"2025-05-28T19:17:24.865940","level":"info","event":"Filling up the DagBag from /opt/airflow/dags/create_dag_with_python_operator.py","logger":"airflow.models.dagbag.DagBag"}
{"timestamp":"2025-05-28T19:17:55.137660","level":"info","event":"Filling up the DagBag from /opt/airflow/dags/create_dag_with_python_operator.py","logger":"airflow.models.dagbag.DagBag"}
{"timestamp":"2025-05-28T19:18:25.382253","level":"info","event":"Filling up the DagBag from /opt/airflow/dags/create_dag_with_python_operator.py","logger":"airflow.models.dagbag.DagBag"}
{"timestamp":"2025-05-28T19:18:55.630115","level":"info","event":"Filling up the DagBag from /opt/airflow/dags/create_dag_with_python_operator.py","logger":"airflow.models.dagbag.DagBag"}
{"timestamp":"2025-05-28T19:19:25.891882","level":"info","event":"Filling up the DagBag from /opt/airflow/dags/create_dag_with_python_operator.py","logger":"airflow.models.dagbag.DagBag"}
{"timestamp":"2025-05-28T19:19:56.153720","level":"info","event":"Filling up the DagBag from /opt/airflow/dags/create_dag_with_python_operator.py","logger":"airflow.models.dagbag.DagBag"}
{"timestamp":"2025-05-28T19:20:26.411567","level":"info","event":"Filling up the DagBag from /opt/airflow/dags/create_dag_with_python_operator.py","logger":"airflow.models.dagbag.DagBag"}
{"timestamp":"2025-05-28T19:20:56.677406","level":"info","event":"Filling up the DagBag from /opt/airflow/dags/create_dag_with_python_operator.py","logger":"airflow.models.dagbag.DagBag"}
{"timestamp":"2025-05-28T19:21:26.953468","level":"info","event":"Filling up the DagBag from /opt/airflow/dags/create_dag_with_python_operator.py","logger":"airflow.models.dagbag.DagBag"}
{"timestamp":"2025-05-28T19:21:57.204025","level":"info","event":"Filling up the DagBag from /opt/airflow/dags/create_dag_with_python_operator.py","logger":"airflow.models.dagbag.DagBag"}
{"timestamp":"2025-05-28T19:22:27.466059","level":"info","event":"Filling up the DagBag from /opt/airflow/dags/create_dag_with_python_operator.py","logger":"airflow.models.dagbag.DagBag"}
{"timestamp":"2025-05-28T19:22:57.739031","level":"info","event":"Filling up the DagBag from /opt/airflow/dags/create_dag_with_python_operator.py","logger":"airflow.models.dagbag.DagBag"}
{"timestamp":"2025-05-28T19:23:28.018669","level":"info","event":"Filling up the DagBag from /opt/airflow/dags/create_dag_with_python_operator.py","logger":"airflow.models.dagbag.DagBag"}
{"timestamp":"2025-05-28T19:23:58.294713","level":"info","event":"Filling up the DagBag from /opt/airflow/dags/create_dag_with_python_operator.py","logger":"airflow.models.dagbag.DagBag"}
{"timestamp":"2025-05-28T19:24:28.591620","level":"info","event":"Filling up the DagBag from /opt/airflow/dags/create_dag_with_python_operator.py","logger":"airflow.models.dagbag.DagBag"}
{"timestamp":"2025-05-28T19:24:58.856029","level":"info","event":"Filling up the DagBag from /opt/airflow/dags/create_dag_with_python_operator.py","logger":"airflow.models.dagbag.DagBag"}
{"timestamp":"2025-05-28T19:25:29.127416","level":"info","event":"Filling up the DagBag from /opt/airflow/dags/create_dag_with_python_operator.py","logger":"airflow.models.dagbag.DagBag"}
{"timestamp":"2025-05-28T19:25:59.410334","level":"info","event":"Filling up the DagBag from /opt/airflow/dags/create_dag_with_python_operator.py","logger":"airflow.models.dagbag.DagBag"}
{"timestamp":"2025-05-28T19:26:29.686267","level":"info","event":"Filling up the DagBag from /opt/airflow/dags/create_dag_with_python_operator.py","logger":"airflow.models.dagbag.DagBag"}
{"timestamp":"2025-05-28T19:26:59.942780","level":"info","event":"Filling up the DagBag from /opt/airflow/dags/create_dag_with_python_operator.py","logger":"airflow.models.dagbag.DagBag"}
{"timestamp":"2025-05-28T19:27:30.214425","level":"info","event":"Filling up the DagBag from /opt/airflow/dags/create_dag_with_python_operator.py","logger":"airflow.models.dagbag.DagBag"}
{"timestamp":"2025-05-28T19:28:00.468007","level":"info","event":"Filling up the DagBag from /opt/airflow/dags/create_dag_with_python_operator.py","logger":"airflow.models.dagbag.DagBag"}
{"timestamp":"2025-05-28T19:28:30.726064","level":"info","event":"Filling up the DagBag from /opt/airflow/dags/create_dag_with_python_operator.py","logger":"airflow.models.dagbag.DagBag"}
{"timestamp":"2025-05-28T19:29:00.975440","level":"info","event":"Filling up the DagBag from /opt/airflow/dags/create_dag_with_python_operator.py","logger":"airflow.models.dagbag.DagBag"}
{"timestamp":"2025-05-28T19:29:31.237707","level":"info","event":"Filling up the DagBag from /opt/airflow/dags/create_dag_with_python_operator.py","logger":"airflow.models.dagbag.DagBag"}
{"timestamp":"2025-05-28T19:30:01.541716","level":"info","event":"Filling up the DagBag from /opt/airflow/dags/create_dag_with_python_operator.py","logger":"airflow.models.dagbag.DagBag"}
{"timestamp":"2025-05-28T19:30:31.823216","level":"info","event":"Filling up the DagBag from /opt/airflow/dags/create_dag_with_python_operator.py","logger":"airflow.models.dagbag.DagBag"}
{"timestamp":"2025-05-28T19:31:02.103368","level":"info","event":"Filling up the DagBag from /opt/airflow/dags/create_dag_with_python_operator.py","logger":"airflow.models.dagbag.DagBag"}
{"timestamp":"2025-05-28T19:31:32.392779","level":"info","event":"Filling up the DagBag from /opt/airflow/dags/create_dag_with_python_operator.py","logger":"airflow.models.dagbag.DagBag"}
{"timestamp":"2025-05-28T19:32:02.658430","level":"info","event":"Filling up the DagBag from /opt/airflow/dags/create_dag_with_python_operator.py","logger":"airflow.models.dagbag.DagBag"}
{"timestamp":"2025-05-28T19:32:32.888924","level":"info","event":"Filling up the DagBag from /opt/airflow/dags/create_dag_with_python_operator.py","logger":"airflow.models.dagbag.DagBag"}
{"timestamp":"2025-05-28T19:33:03.153743","level":"info","event":"Filling up the DagBag from /opt/airflow/dags/create_dag_with_python_operator.py","logger":"airflow.models.dagbag.DagBag"}
{"timestamp":"2025-05-28T19:33:33.433267","level":"info","event":"Filling up the DagBag from /opt/airflow/dags/create_dag_with_python_operator.py","logger":"airflow.models.dagbag.DagBag"}
{"timestamp":"2025-05-28T19:34:03.700893","level":"info","event":"Filling up the DagBag from /opt/airflow/dags/create_dag_with_python_operator.py","logger":"airflow.models.dagbag.DagBag"}
{"timestamp":"2025-05-28T19:34:33.964149","level":"info","event":"Filling up the DagBag from /opt/airflow/dags/create_dag_with_python_operator.py","logger":"airflow.models.dagbag.DagBag"}
{"timestamp":"2025-05-28T19:35:04.224696","level":"info","event":"Filling up the DagBag from /opt/airflow/dags/create_dag_with_python_operator.py","logger":"airflow.models.dagbag.DagBag"}
{"timestamp":"2025-05-28T19:35:34.465873","level":"info","event":"Filling up the DagBag from /opt/airflow/dags/create_dag_with_python_operator.py","logger":"airflow.models.dagbag.DagBag"}
{"timestamp":"2025-05-28T19:36:04.719494","level":"info","event":"Filling up the DagBag from /opt/airflow/dags/create_dag_with_python_operator.py","logger":"airflow.models.dagbag.DagBag"}
{"timestamp":"2025-05-28T19:36:34.979015","level":"info","event":"Filling up the DagBag from /opt/airflow/dags/create_dag_with_python_operator.py","logger":"airflow.models.dagbag.DagBag"}
{"timestamp":"2025-05-28T19:37:05.262066","level":"info","event":"Filling up the DagBag from /opt/airflow/dags/create_dag_with_python_operator.py","logger":"airflow.models.dagbag.DagBag"}
{"timestamp":"2025-05-28T19:37:35.533291","level":"info","event":"Filling up the DagBag from /opt/airflow/dags/create_dag_with_python_operator.py","logger":"airflow.models.dagbag.DagBag"}
{"timestamp":"2025-05-28T19:38:05.818512","level":"info","event":"Filling up the DagBag from /opt/airflow/dags/create_dag_with_python_operator.py","logger":"airflow.models.dagbag.DagBag"}
{"timestamp":"2025-05-28T19:38:36.096666","level":"info","event":"Filling up the DagBag from /opt/airflow/dags/create_dag_with_python_operator.py","logger":"airflow.models.dagbag.DagBag"}
{"timestamp":"2025-05-28T19:39:06.371434","level":"info","event":"Filling up the DagBag from /opt/airflow/dags/create_dag_with_python_operator.py","logger":"airflow.models.dagbag.DagBag"}
{"timestamp":"2025-05-28T19:39:36.630119","level":"info","event":"Filling up the DagBag from /opt/airflow/dags/create_dag_with_python_operator.py","logger":"airflow.models.dagbag.DagBag"}
{"timestamp":"2025-05-28T19:40:06.904936","level":"info","event":"Filling up the DagBag from /opt/airflow/dags/create_dag_with_python_operator.py","logger":"airflow.models.dagbag.DagBag"}
{"timestamp":"2025-05-28T19:40:37.177254","level":"info","event":"Filling up the DagBag from /opt/airflow/dags/create_dag_with_python_operator.py","logger":"airflow.models.dagbag.DagBag"}
{"timestamp":"2025-05-28T19:41:07.445160","level":"info","event":"Filling up the DagBag from /opt/airflow/dags/create_dag_with_python_operator.py","logger":"airflow.models.dagbag.DagBag"}
{"timestamp":"2025-05-28T19:41:37.705406","level":"info","event":"Filling up the DagBag from /opt/airflow/dags/create_dag_with_python_operator.py","logger":"airflow.models.dagbag.DagBag"}
{"timestamp":"2025-05-28T19:42:07.982727","level":"info","event":"Filling up the DagBag from /opt/airflow/dags/create_dag_with_python_operator.py","logger":"airflow.models.dagbag.DagBag"}
{"timestamp":"2025-05-28T19:42:38.251641","level":"info","event":"Filling up the DagBag from /opt/airflow/dags/create_dag_with_python_operator.py","logger":"airflow.models.dagbag.DagBag"}
{"timestamp":"2025-05-28T19:43:08.527840","level":"info","event":"Filling up the DagBag from /opt/airflow/dags/create_dag_with_python_operator.py","logger":"airflow.models.dagbag.DagBag"}
{"timestamp":"2025-05-28T19:43:38.793763","level":"info","event":"Filling up the DagBag from /opt/airflow/dags/create_dag_with_python_operator.py","logger":"airflow.models.dagbag.DagBag"}
{"timestamp":"2025-05-28T19:44:09.049446","level":"info","event":"Filling up the DagBag from /opt/airflow/dags/create_dag_with_python_operator.py","logger":"airflow.models.dagbag.DagBag"}
{"timestamp":"2025-05-28T19:44:39.314498","level":"info","event":"Filling up the DagBag from /opt/airflow/dags/create_dag_with_python_operator.py","logger":"airflow.models.dagbag.DagBag"}
{"timestamp":"2025-05-28T19:45:09.581019","level":"info","event":"Filling up the DagBag from /opt/airflow/dags/create_dag_with_python_operator.py","logger":"airflow.models.dagbag.DagBag"}
{"timestamp":"2025-05-28T19:45:39.837209","level":"info","event":"Filling up the DagBag from /opt/airflow/dags/create_dag_with_python_operator.py","logger":"airflow.models.dagbag.DagBag"}
{"timestamp":"2025-05-28T19:46:10.099865","level":"info","event":"Filling up the DagBag from /opt/airflow/dags/create_dag_with_python_operator.py","logger":"airflow.models.dagbag.DagBag"}
{"timestamp":"2025-05-28T19:46:40.362942","level":"info","event":"Filling up the DagBag from /opt/airflow/dags/create_dag_with_python_operator.py","logger":"airflow.models.dagbag.DagBag"}
{"timestamp":"2025-05-28T19:47:10.631384","level":"info","event":"Filling up the DagBag from /opt/airflow/dags/create_dag_with_python_operator.py","logger":"airflow.models.dagbag.DagBag"}
{"timestamp":"2025-05-28T19:47:40.885388","level":"info","event":"Filling up the DagBag from /opt/airflow/dags/create_dag_with_python_operator.py","logger":"airflow.models.dagbag.DagBag"}
{"timestamp":"2025-05-28T19:48:11.166664","level":"info","event":"Filling up the DagBag from /opt/airflow/dags/create_dag_with_python_operator.py","logger":"airflow.models.dagbag.DagBag"}
{"timestamp":"2025-05-28T19:48:41.435254","level":"info","event":"Filling up the DagBag from /opt/airflow/dags/create_dag_with_python_operator.py","logger":"airflow.models.dagbag.DagBag"}
{"timestamp":"2025-05-28T19:49:11.696489","level":"info","event":"Filling up the DagBag from /opt/airflow/dags/create_dag_with_python_operator.py","logger":"airflow.models.dagbag.DagBag"}
{"timestamp":"2025-05-28T19:49:41.976766","level":"info","event":"Filling up the DagBag from /opt/airflow/dags/create_dag_with_python_operator.py","logger":"airflow.models.dagbag.DagBag"}
{"timestamp":"2025-05-28T19:50:12.229737","level":"info","event":"Filling up the DagBag from /opt/airflow/dags/create_dag_with_python_operator.py","logger":"airflow.models.dagbag.DagBag"}
{"timestamp":"2025-05-28T19:50:42.494510","level":"info","event":"Filling up the DagBag from /opt/airflow/dags/create_dag_with_python_operator.py","logger":"airflow.models.dagbag.DagBag"}
{"timestamp":"2025-05-28T19:51:12.772942","level":"info","event":"Filling up the DagBag from /opt/airflow/dags/create_dag_with_python_operator.py","logger":"airflow.models.dagbag.DagBag"}
{"timestamp":"2025-05-28T19:51:43.047548","level":"info","event":"Filling up the DagBag from /opt/airflow/dags/create_dag_with_python_operator.py","logger":"airflow.models.dagbag.DagBag"}
{"timestamp":"2025-05-28T19:52:13.333840","level":"info","event":"Filling up the DagBag from /opt/airflow/dags/create_dag_with_python_operator.py","logger":"airflow.models.dagbag.DagBag"}
{"timestamp":"2025-05-28T19:52:43.566498","level":"info","event":"Filling up the DagBag from /opt/airflow/dags/create_dag_with_python_operator.py","logger":"airflow.models.dagbag.DagBag"}
{"timestamp":"2025-05-28T19:53:13.827895","level":"info","event":"Filling up the DagBag from /opt/airflow/dags/create_dag_with_python_operator.py","logger":"airflow.models.dagbag.DagBag"}
{"timestamp":"2025-05-28T19:53:44.096689","level":"info","event":"Filling up the DagBag from /opt/airflow/dags/create_dag_with_python_operator.py","logger":"airflow.models.dagbag.DagBag"}
{"timestamp":"2025-05-28T19:54:14.365831","level":"info","event":"Filling up the DagBag from /opt/airflow/dags/create_dag_with_python_operator.py","logger":"airflow.models.dagbag.DagBag"}
{"timestamp":"2025-05-28T19:54:44.620585","level":"info","event":"Filling up the DagBag from /opt/airflow/dags/create_dag_with_python_operator.py","logger":"airflow.models.dagbag.DagBag"}
{"timestamp":"2025-05-28T19:55:14.873432","level":"info","event":"Filling up the DagBag from /opt/airflow/dags/create_dag_with_python_operator.py","logger":"airflow.models.dagbag.DagBag"}
{"timestamp":"2025-05-28T19:55:45.143192","level":"info","event":"Filling up the DagBag from /opt/airflow/dags/create_dag_with_python_operator.py","logger":"airflow.models.dagbag.DagBag"}
{"timestamp":"2025-05-28T19:56:15.416155","level":"info","event":"Filling up the DagBag from /opt/airflow/dags/create_dag_with_python_operator.py","logger":"airflow.models.dagbag.DagBag"}
{"timestamp":"2025-05-28T19:56:45.681090","level":"info","event":"Filling up the DagBag from /opt/airflow/dags/create_dag_with_python_operator.py","logger":"airflow.models.dagbag.DagBag"}
{"timestamp":"2025-05-28T19:57:15.926922","level":"info","event":"Filling up the DagBag from /opt/airflow/dags/create_dag_with_python_operator.py","logger":"airflow.models.dagbag.DagBag"}
{"timestamp":"2025-05-28T19:57:46.176720","level":"info","event":"Filling up the DagBag from /opt/airflow/dags/create_dag_with_python_operator.py","logger":"airflow.models.dagbag.DagBag"}
{"timestamp":"2025-05-28T19:58:16.458600","level":"info","event":"Filling up the DagBag from /opt/airflow/dags/create_dag_with_python_operator.py","logger":"airflow.models.dagbag.DagBag"}
{"timestamp":"2025-05-28T19:58:46.745019","level":"info","event":"Filling up the DagBag from /opt/airflow/dags/create_dag_with_python_operator.py","logger":"airflow.models.dagbag.DagBag"}
{"timestamp":"2025-05-28T19:59:17.004927","level":"info","event":"Filling up the DagBag from /opt/airflow/dags/create_dag_with_python_operator.py","logger":"airflow.models.dagbag.DagBag"}
{"timestamp":"2025-05-28T19:59:47.268995","level":"info","event":"Filling up the DagBag from /opt/airflow/dags/create_dag_with_python_operator.py","logger":"airflow.models.dagbag.DagBag"}
{"timestamp":"2025-05-28T20:00:17.527994","level":"info","event":"Filling up the DagBag from /opt/airflow/dags/create_dag_with_python_operator.py","logger":"airflow.models.dagbag.DagBag"}
{"timestamp":"2025-05-28T20:00:47.804084","level":"info","event":"Filling up the DagBag from /opt/airflow/dags/create_dag_with_python_operator.py","logger":"airflow.models.dagbag.DagBag"}
{"timestamp":"2025-05-28T20:01:18.048295","level":"info","event":"Filling up the DagBag from /opt/airflow/dags/create_dag_with_python_operator.py","logger":"airflow.models.dagbag.DagBag"}
{"timestamp":"2025-05-28T20:01:48.290993","level":"info","event":"Filling up the DagBag from /opt/airflow/dags/create_dag_with_python_operator.py","logger":"airflow.models.dagbag.DagBag"}
{"timestamp":"2025-05-28T20:02:18.562478","level":"info","event":"Filling up the DagBag from /opt/airflow/dags/create_dag_with_python_operator.py","logger":"airflow.models.dagbag.DagBag"}
{"timestamp":"2025-05-28T20:02:48.841464","level":"info","event":"Filling up the DagBag from /opt/airflow/dags/create_dag_with_python_operator.py","logger":"airflow.models.dagbag.DagBag"}
{"timestamp":"2025-05-28T20:03:19.112175","level":"info","event":"Filling up the DagBag from /opt/airflow/dags/create_dag_with_python_operator.py","logger":"airflow.models.dagbag.DagBag"}
{"timestamp":"2025-05-28T20:03:49.358311","level":"info","event":"Filling up the DagBag from /opt/airflow/dags/create_dag_with_python_operator.py","logger":"airflow.models.dagbag.DagBag"}
{"timestamp":"2025-05-28T20:04:19.610633","level":"info","event":"Filling up the DagBag from /opt/airflow/dags/create_dag_with_python_operator.py","logger":"airflow.models.dagbag.DagBag"}
{"timestamp":"2025-05-28T20:04:49.882269","level":"info","event":"Filling up the DagBag from /opt/airflow/dags/create_dag_with_python_operator.py","logger":"airflow.models.dagbag.DagBag"}
{"timestamp":"2025-05-28T20:05:20.163054","level":"info","event":"Filling up the DagBag from /opt/airflow/dags/create_dag_with_python_operator.py","logger":"airflow.models.dagbag.DagBag"}
{"timestamp":"2025-05-28T20:05:50.435092","level":"info","event":"Filling up the DagBag from /opt/airflow/dags/create_dag_with_python_operator.py","logger":"airflow.models.dagbag.DagBag"}
{"timestamp":"2025-05-28T20:06:20.712313","level":"info","event":"Filling up the DagBag from /opt/airflow/dags/create_dag_with_python_operator.py","logger":"airflow.models.dagbag.DagBag"}
{"timestamp":"2025-05-28T20:06:50.973125","level":"info","event":"Filling up the DagBag from /opt/airflow/dags/create_dag_with_python_operator.py","logger":"airflow.models.dagbag.DagBag"}
{"timestamp":"2025-05-28T20:07:21.270080","level":"info","event":"Filling up the DagBag from /opt/airflow/dags/create_dag_with_python_operator.py","logger":"airflow.models.dagbag.DagBag"}
{"timestamp":"2025-05-28T20:07:51.547457","level":"info","event":"Filling up the DagBag from /opt/airflow/dags/create_dag_with_python_operator.py","logger":"airflow.models.dagbag.DagBag"}
{"timestamp":"2025-05-28T20:08:21.811272","level":"info","event":"Filling up the DagBag from /opt/airflow/dags/create_dag_with_python_operator.py","logger":"airflow.models.dagbag.DagBag"}
{"timestamp":"2025-05-28T20:08:52.064737","level":"info","event":"Filling up the DagBag from /opt/airflow/dags/create_dag_with_python_operator.py","logger":"airflow.models.dagbag.DagBag"}
{"timestamp":"2025-05-28T20:09:22.332434","level":"info","event":"Filling up the DagBag from /opt/airflow/dags/create_dag_with_python_operator.py","logger":"airflow.models.dagbag.DagBag"}
{"timestamp":"2025-05-28T20:09:52.588328","level":"info","event":"Filling up the DagBag from /opt/airflow/dags/create_dag_with_python_operator.py","logger":"airflow.models.dagbag.DagBag"}
{"timestamp":"2025-05-28T20:10:22.836504","level":"info","event":"Filling up the DagBag from /opt/airflow/dags/create_dag_with_python_operator.py","logger":"airflow.models.dagbag.DagBag"}
{"timestamp":"2025-05-28T20:10:53.132788","level":"info","event":"Filling up the DagBag from /opt/airflow/dags/create_dag_with_python_operator.py","logger":"airflow.models.dagbag.DagBag"}
{"timestamp":"2025-05-28T20:11:23.410119","level":"info","event":"Filling up the DagBag from /opt/airflow/dags/create_dag_with_python_operator.py","logger":"airflow.models.dagbag.DagBag"}
{"timestamp":"2025-05-28T20:11:53.675523","level":"info","event":"Filling up the DagBag from /opt/airflow/dags/create_dag_with_python_operator.py","logger":"airflow.models.dagbag.DagBag"}
{"timestamp":"2025-05-28T20:12:23.955930","level":"info","event":"Filling up the DagBag from /opt/airflow/dags/create_dag_with_python_operator.py","logger":"airflow.models.dagbag.DagBag"}
{"timestamp":"2025-05-28T20:12:54.228889","level":"info","event":"Filling up the DagBag from /opt/airflow/dags/create_dag_with_python_operator.py","logger":"airflow.models.dagbag.DagBag"}
{"timestamp":"2025-05-28T20:13:24.481913","level":"info","event":"Filling up the DagBag from /opt/airflow/dags/create_dag_with_python_operator.py","logger":"airflow.models.dagbag.DagBag"}
{"timestamp":"2025-05-28T20:13:54.738105","level":"info","event":"Filling up the DagBag from /opt/airflow/dags/create_dag_with_python_operator.py","logger":"airflow.models.dagbag.DagBag"}
{"timestamp":"2025-05-28T20:14:25.045894","level":"info","event":"Filling up the DagBag from /opt/airflow/dags/create_dag_with_python_operator.py","logger":"airflow.models.dagbag.DagBag"}
{"timestamp":"2025-05-28T20:14:55.321151","level":"info","event":"Filling up the DagBag from /opt/airflow/dags/create_dag_with_python_operator.py","logger":"airflow.models.dagbag.DagBag"}
{"timestamp":"2025-05-28T20:15:25.590906","level":"info","event":"Filling up the DagBag from /opt/airflow/dags/create_dag_with_python_operator.py","logger":"airflow.models.dagbag.DagBag"}
{"timestamp":"2025-05-28T20:15:55.845617","level":"info","event":"Filling up the DagBag from /opt/airflow/dags/create_dag_with_python_operator.py","logger":"airflow.models.dagbag.DagBag"}
{"timestamp":"2025-05-28T20:16:26.099111","level":"info","event":"Filling up the DagBag from /opt/airflow/dags/create_dag_with_python_operator.py","logger":"airflow.models.dagbag.DagBag"}
{"timestamp":"2025-05-28T20:16:56.347954","level":"info","event":"Filling up the DagBag from /opt/airflow/dags/create_dag_with_python_operator.py","logger":"airflow.models.dagbag.DagBag"}
{"timestamp":"2025-05-28T20:17:26.600869","level":"info","event":"Filling up the DagBag from /opt/airflow/dags/create_dag_with_python_operator.py","logger":"airflow.models.dagbag.DagBag"}
{"timestamp":"2025-05-28T20:17:56.919404","level":"info","event":"Filling up the DagBag from /opt/airflow/dags/create_dag_with_python_operator.py","logger":"airflow.models.dagbag.DagBag"}
{"timestamp":"2025-05-28T20:18:27.194923","level":"info","event":"Filling up the DagBag from /opt/airflow/dags/create_dag_with_python_operator.py","logger":"airflow.models.dagbag.DagBag"}
{"timestamp":"2025-05-28T20:18:57.474720","level":"info","event":"Filling up the DagBag from /opt/airflow/dags/create_dag_with_python_operator.py","logger":"airflow.models.dagbag.DagBag"}
{"timestamp":"2025-05-28T20:19:27.736488","level":"info","event":"Filling up the DagBag from /opt/airflow/dags/create_dag_with_python_operator.py","logger":"airflow.models.dagbag.DagBag"}
{"timestamp":"2025-05-28T20:19:57.993687","level":"info","event":"Filling up the DagBag from /opt/airflow/dags/create_dag_with_python_operator.py","logger":"airflow.models.dagbag.DagBag"}
{"timestamp":"2025-05-28T20:20:28.266189","level":"info","event":"Filling up the DagBag from /opt/airflow/dags/create_dag_with_python_operator.py","logger":"airflow.models.dagbag.DagBag"}
{"timestamp":"2025-05-28T20:20:58.536533","level":"info","event":"Filling up the DagBag from /opt/airflow/dags/create_dag_with_python_operator.py","logger":"airflow.models.dagbag.DagBag"}
{"timestamp":"2025-05-28T20:21:28.812175","level":"info","event":"Filling up the DagBag from /opt/airflow/dags/create_dag_with_python_operator.py","logger":"airflow.models.dagbag.DagBag"}
{"timestamp":"2025-05-28T20:21:59.089742","level":"info","event":"Filling up the DagBag from /opt/airflow/dags/create_dag_with_python_operator.py","logger":"airflow.models.dagbag.DagBag"}
{"timestamp":"2025-05-28T20:22:29.370080","level":"info","event":"Filling up the DagBag from /opt/airflow/dags/create_dag_with_python_operator.py","logger":"airflow.models.dagbag.DagBag"}
{"timestamp":"2025-05-28T20:22:59.655461","level":"info","event":"Filling up the DagBag from /opt/airflow/dags/create_dag_with_python_operator.py","logger":"airflow.models.dagbag.DagBag"}
{"timestamp":"2025-05-28T20:23:29.903699","level":"info","event":"Filling up the DagBag from /opt/airflow/dags/create_dag_with_python_operator.py","logger":"airflow.models.dagbag.DagBag"}
{"timestamp":"2025-05-28T20:24:00.163452","level":"info","event":"Filling up the DagBag from /opt/airflow/dags/create_dag_with_python_operator.py","logger":"airflow.models.dagbag.DagBag"}
{"timestamp":"2025-05-28T20:24:30.419062","level":"info","event":"Filling up the DagBag from /opt/airflow/dags/create_dag_with_python_operator.py","logger":"airflow.models.dagbag.DagBag"}
{"timestamp":"2025-05-28T20:25:00.667454","level":"info","event":"Filling up the DagBag from /opt/airflow/dags/create_dag_with_python_operator.py","logger":"airflow.models.dagbag.DagBag"}
{"timestamp":"2025-05-28T20:25:30.925613","level":"info","event":"Filling up the DagBag from /opt/airflow/dags/create_dag_with_python_operator.py","logger":"airflow.models.dagbag.DagBag"}
{"timestamp":"2025-05-28T20:26:01.180778","level":"info","event":"Filling up the DagBag from /opt/airflow/dags/create_dag_with_python_operator.py","logger":"airflow.models.dagbag.DagBag"}
{"timestamp":"2025-05-28T20:26:31.433362","level":"info","event":"Filling up the DagBag from /opt/airflow/dags/create_dag_with_python_operator.py","logger":"airflow.models.dagbag.DagBag"}
{"timestamp":"2025-05-28T20:27:01.683778","level":"info","event":"Filling up the DagBag from /opt/airflow/dags/create_dag_with_python_operator.py","logger":"airflow.models.dagbag.DagBag"}
{"timestamp":"2025-05-28T20:27:31.960908","level":"info","event":"Filling up the DagBag from /opt/airflow/dags/create_dag_with_python_operator.py","logger":"airflow.models.dagbag.DagBag"}
{"timestamp":"2025-05-28T20:28:02.232363","level":"info","event":"Filling up the DagBag from /opt/airflow/dags/create_dag_with_python_operator.py","logger":"airflow.models.dagbag.DagBag"}
{"timestamp":"2025-05-28T20:28:32.507935","level":"info","event":"Filling up the DagBag from /opt/airflow/dags/create_dag_with_python_operator.py","logger":"airflow.models.dagbag.DagBag"}
{"timestamp":"2025-05-28T20:29:02.784796","level":"info","event":"Filling up the DagBag from /opt/airflow/dags/create_dag_with_python_operator.py","logger":"airflow.models.dagbag.DagBag"}
{"timestamp":"2025-05-28T20:29:33.047526","level":"info","event":"Filling up the DagBag from /opt/airflow/dags/create_dag_with_python_operator.py","logger":"airflow.models.dagbag.DagBag"}
{"timestamp":"2025-05-28T20:30:03.292243","level":"info","event":"Filling up the DagBag from /opt/airflow/dags/create_dag_with_python_operator.py","logger":"airflow.models.dagbag.DagBag"}
{"timestamp":"2025-05-28T20:30:33.553240","level":"info","event":"Filling up the DagBag from /opt/airflow/dags/create_dag_with_python_operator.py","logger":"airflow.models.dagbag.DagBag"}
{"timestamp":"2025-05-28T20:31:03.835914","level":"info","event":"Filling up the DagBag from /opt/airflow/dags/create_dag_with_python_operator.py","logger":"airflow.models.dagbag.DagBag"}
{"timestamp":"2025-05-28T20:31:34.116117","level":"info","event":"Filling up the DagBag from /opt/airflow/dags/create_dag_with_python_operator.py","logger":"airflow.models.dagbag.DagBag"}
{"timestamp":"2025-05-28T20:32:04.370806","level":"info","event":"Filling up the DagBag from /opt/airflow/dags/create_dag_with_python_operator.py","logger":"airflow.models.dagbag.DagBag"}
{"timestamp":"2025-05-28T20:32:34.636382","level":"info","event":"Filling up the DagBag from /opt/airflow/dags/create_dag_with_python_operator.py","logger":"airflow.models.dagbag.DagBag"}
{"timestamp":"2025-05-28T20:33:04.910768","level":"info","event":"Filling up the DagBag from /opt/airflow/dags/create_dag_with_python_operator.py","logger":"airflow.models.dagbag.DagBag"}
{"timestamp":"2025-05-28T20:33:35.193426","level":"info","event":"Filling up the DagBag from /opt/airflow/dags/create_dag_with_python_operator.py","logger":"airflow.models.dagbag.DagBag"}
{"timestamp":"2025-05-28T20:34:05.480576","level":"info","event":"Filling up the DagBag from /opt/airflow/dags/create_dag_with_python_operator.py","logger":"airflow.models.dagbag.DagBag"}
{"timestamp":"2025-05-28T20:34:35.753087","level":"info","event":"Filling up the DagBag from /opt/airflow/dags/create_dag_with_python_operator.py","logger":"airflow.models.dagbag.DagBag"}
{"timestamp":"2025-05-28T20:35:06.029590","level":"info","event":"Filling up the DagBag from /opt/airflow/dags/create_dag_with_python_operator.py","logger":"airflow.models.dagbag.DagBag"}
{"timestamp":"2025-05-28T20:35:36.288921","level":"info","event":"Filling up the DagBag from /opt/airflow/dags/create_dag_with_python_operator.py","logger":"airflow.models.dagbag.DagBag"}
{"timestamp":"2025-05-28T20:36:06.542377","level":"info","event":"Filling up the DagBag from /opt/airflow/dags/create_dag_with_python_operator.py","logger":"airflow.models.dagbag.DagBag"}
{"timestamp":"2025-05-28T20:36:36.807803","level":"info","event":"Filling up the DagBag from /opt/airflow/dags/create_dag_with_python_operator.py","logger":"airflow.models.dagbag.DagBag"}
{"timestamp":"2025-05-28T20:37:07.062085","level":"info","event":"Filling up the DagBag from /opt/airflow/dags/create_dag_with_python_operator.py","logger":"airflow.models.dagbag.DagBag"}
{"timestamp":"2025-05-28T20:37:37.352469","level":"info","event":"Filling up the DagBag from /opt/airflow/dags/create_dag_with_python_operator.py","logger":"airflow.models.dagbag.DagBag"}
{"timestamp":"2025-05-28T20:38:07.676679","level":"info","event":"Filling up the DagBag from /opt/airflow/dags/create_dag_with_python_operator.py","logger":"airflow.models.dagbag.DagBag"}
{"timestamp":"2025-05-28T20:38:37.934197","level":"info","event":"Filling up the DagBag from /opt/airflow/dags/create_dag_with_python_operator.py","logger":"airflow.models.dagbag.DagBag"}
{"timestamp":"2025-05-28T20:39:08.211315","level":"info","event":"Filling up the DagBag from /opt/airflow/dags/create_dag_with_python_operator.py","logger":"airflow.models.dagbag.DagBag"}
{"timestamp":"2025-05-28T20:39:38.501002","level":"info","event":"Filling up the DagBag from /opt/airflow/dags/create_dag_with_python_operator.py","logger":"airflow.models.dagbag.DagBag"}
{"timestamp":"2025-05-28T20:40:08.788147","level":"info","event":"Filling up the DagBag from /opt/airflow/dags/create_dag_with_python_operator.py","logger":"airflow.models.dagbag.DagBag"}
{"timestamp":"2025-05-28T20:40:39.054270","level":"info","event":"Filling up the DagBag from /opt/airflow/dags/create_dag_with_python_operator.py","logger":"airflow.models.dagbag.DagBag"}
{"timestamp":"2025-05-28T20:41:09.307482","level":"info","event":"Filling up the DagBag from /opt/airflow/dags/create_dag_with_python_operator.py","logger":"airflow.models.dagbag.DagBag"}
{"timestamp":"2025-05-28T20:41:39.569411","level":"info","event":"Filling up the DagBag from /opt/airflow/dags/create_dag_with_python_operator.py","logger":"airflow.models.dagbag.DagBag"}
{"timestamp":"2025-05-28T20:42:09.821901","level":"info","event":"Filling up the DagBag from /opt/airflow/dags/create_dag_with_python_operator.py","logger":"airflow.models.dagbag.DagBag"}
{"timestamp":"2025-05-28T20:42:40.101698","level":"info","event":"Filling up the DagBag from /opt/airflow/dags/create_dag_with_python_operator.py","logger":"airflow.models.dagbag.DagBag"}
{"timestamp":"2025-05-28T20:43:10.347894","level":"info","event":"Filling up the DagBag from /opt/airflow/dags/create_dag_with_python_operator.py","logger":"airflow.models.dagbag.DagBag"}
{"timestamp":"2025-05-28T20:43:40.603458","level":"info","event":"Filling up the DagBag from /opt/airflow/dags/create_dag_with_python_operator.py","logger":"airflow.models.dagbag.DagBag"}
{"timestamp":"2025-05-28T20:44:10.858033","level":"info","event":"Filling up the DagBag from /opt/airflow/dags/create_dag_with_python_operator.py","logger":"airflow.models.dagbag.DagBag"}
{"timestamp":"2025-05-28T20:44:41.263770","level":"info","event":"Filling up the DagBag from /opt/airflow/dags/create_dag_with_python_operator.py","logger":"airflow.models.dagbag.DagBag"}
{"timestamp":"2025-05-28T20:45:11.525290","level":"info","event":"Filling up the DagBag from /opt/airflow/dags/create_dag_with_python_operator.py","logger":"airflow.models.dagbag.DagBag"}
{"timestamp":"2025-05-28T20:45:41.793853","level":"info","event":"Filling up the DagBag from /opt/airflow/dags/create_dag_with_python_operator.py","logger":"airflow.models.dagbag.DagBag"}
{"timestamp":"2025-05-28T20:46:12.221918","level":"info","event":"Filling up the DagBag from /opt/airflow/dags/create_dag_with_python_operator.py","logger":"airflow.models.dagbag.DagBag"}
{"timestamp":"2025-05-28T20:46:42.474530","level":"info","event":"Filling up the DagBag from /opt/airflow/dags/create_dag_with_python_operator.py","logger":"airflow.models.dagbag.DagBag"}
{"timestamp":"2025-05-28T20:47:12.761905","level":"info","event":"Filling up the DagBag from /opt/airflow/dags/create_dag_with_python_operator.py","logger":"airflow.models.dagbag.DagBag"}
{"timestamp":"2025-05-28T20:47:43.045326","level":"info","event":"Filling up the DagBag from /opt/airflow/dags/create_dag_with_python_operator.py","logger":"airflow.models.dagbag.DagBag"}
{"timestamp":"2025-05-28T20:48:13.319233","level":"info","event":"Filling up the DagBag from /opt/airflow/dags/create_dag_with_python_operator.py","logger":"airflow.models.dagbag.DagBag"}
{"timestamp":"2025-05-28T20:48:43.580331","level":"info","event":"Filling up the DagBag from /opt/airflow/dags/create_dag_with_python_operator.py","logger":"airflow.models.dagbag.DagBag"}
{"timestamp":"2025-05-28T20:49:13.884424","level":"info","event":"Filling up the DagBag from /opt/airflow/dags/create_dag_with_python_operator.py","logger":"airflow.models.dagbag.DagBag"}
{"timestamp":"2025-05-28T20:49:44.154830","level":"info","event":"Filling up the DagBag from /opt/airflow/dags/create_dag_with_python_operator.py","logger":"airflow.models.dagbag.DagBag"}
{"timestamp":"2025-05-28T20:50:14.412708","level":"info","event":"Filling up the DagBag from /opt/airflow/dags/create_dag_with_python_operator.py","logger":"airflow.models.dagbag.DagBag"}
{"timestamp":"2025-05-28T20:50:44.681307","level":"info","event":"Filling up the DagBag from /opt/airflow/dags/create_dag_with_python_operator.py","logger":"airflow.models.dagbag.DagBag"}
{"timestamp":"2025-05-28T20:51:14.941630","level":"info","event":"Filling up the DagBag from /opt/airflow/dags/create_dag_with_python_operator.py","logger":"airflow.models.dagbag.DagBag"}
{"timestamp":"2025-05-28T20:51:45.228020","level":"info","event":"Filling up the DagBag from /opt/airflow/dags/create_dag_with_python_operator.py","logger":"airflow.models.dagbag.DagBag"}
{"timestamp":"2025-05-28T20:52:15.501543","level":"info","event":"Filling up the DagBag from /opt/airflow/dags/create_dag_with_python_operator.py","logger":"airflow.models.dagbag.DagBag"}
{"timestamp":"2025-05-28T20:52:45.809028","level":"info","event":"Filling up the DagBag from /opt/airflow/dags/create_dag_with_python_operator.py","logger":"airflow.models.dagbag.DagBag"}
{"timestamp":"2025-05-28T20:53:16.088730","level":"info","event":"Filling up the DagBag from /opt/airflow/dags/create_dag_with_python_operator.py","logger":"airflow.models.dagbag.DagBag"}
{"timestamp":"2025-05-28T20:53:46.372554","level":"info","event":"Filling up the DagBag from /opt/airflow/dags/create_dag_with_python_operator.py","logger":"airflow.models.dagbag.DagBag"}
{"timestamp":"2025-05-28T20:54:16.637014","level":"info","event":"Filling up the DagBag from /opt/airflow/dags/create_dag_with_python_operator.py","logger":"airflow.models.dagbag.DagBag"}
{"timestamp":"2025-05-28T20:54:46.893832","level":"info","event":"Filling up the DagBag from /opt/airflow/dags/create_dag_with_python_operator.py","logger":"airflow.models.dagbag.DagBag"}
{"timestamp":"2025-05-28T20:55:17.166788","level":"info","event":"Filling up the DagBag from /opt/airflow/dags/create_dag_with_python_operator.py","logger":"airflow.models.dagbag.DagBag"}
{"timestamp":"2025-05-28T20:55:47.423977","level":"info","event":"Filling up the DagBag from /opt/airflow/dags/create_dag_with_python_operator.py","logger":"airflow.models.dagbag.DagBag"}
{"timestamp":"2025-05-28T20:56:17.702307","level":"info","event":"Filling up the DagBag from /opt/airflow/dags/create_dag_with_python_operator.py","logger":"airflow.models.dagbag.DagBag"}
{"timestamp":"2025-05-28T20:56:47.970366","level":"info","event":"Filling up the DagBag from /opt/airflow/dags/create_dag_with_python_operator.py","logger":"airflow.models.dagbag.DagBag"}
{"timestamp":"2025-05-28T20:57:18.277115","level":"info","event":"Filling up the DagBag from /opt/airflow/dags/create_dag_with_python_operator.py","logger":"airflow.models.dagbag.DagBag"}
{"timestamp":"2025-05-28T20:57:48.569933","level":"info","event":"Filling up the DagBag from /opt/airflow/dags/create_dag_with_python_operator.py","logger":"airflow.models.dagbag.DagBag"}
{"timestamp":"2025-05-28T20:58:18.822748","level":"info","event":"Filling up the DagBag from /opt/airflow/dags/create_dag_with_python_operator.py","logger":"airflow.models.dagbag.DagBag"}
{"timestamp":"2025-05-28T20:58:49.078627","level":"info","event":"Filling up the DagBag from /opt/airflow/dags/create_dag_with_python_operator.py","logger":"airflow.models.dagbag.DagBag"}
{"timestamp":"2025-05-28T20:59:19.336232","level":"info","event":"Filling up the DagBag from /opt/airflow/dags/create_dag_with_python_operator.py","logger":"airflow.models.dagbag.DagBag"}
{"timestamp":"2025-05-28T20:59:49.595294","level":"info","event":"Filling up the DagBag from /opt/airflow/dags/create_dag_with_python_operator.py","logger":"airflow.models.dagbag.DagBag"}
{"timestamp":"2025-05-28T21:00:19.852237","level":"info","event":"Filling up the DagBag from /opt/airflow/dags/create_dag_with_python_operator.py","logger":"airflow.models.dagbag.DagBag"}
{"timestamp":"2025-05-28T21:00:50.178934","level":"info","event":"Filling up the DagBag from /opt/airflow/dags/create_dag_with_python_operator.py","logger":"airflow.models.dagbag.DagBag"}
{"timestamp":"2025-05-28T21:01:20.464356","level":"info","event":"Filling up the DagBag from /opt/airflow/dags/create_dag_with_python_operator.py","logger":"airflow.models.dagbag.DagBag"}
{"timestamp":"2025-05-28T21:01:50.724660","level":"info","event":"Filling up the DagBag from /opt/airflow/dags/create_dag_with_python_operator.py","logger":"airflow.models.dagbag.DagBag"}
{"timestamp":"2025-05-28T21:02:20.988840","level":"info","event":"Filling up the DagBag from /opt/airflow/dags/create_dag_with_python_operator.py","logger":"airflow.models.dagbag.DagBag"}
{"timestamp":"2025-05-28T21:02:51.249090","level":"info","event":"Filling up the DagBag from /opt/airflow/dags/create_dag_with_python_operator.py","logger":"airflow.models.dagbag.DagBag"}
{"timestamp":"2025-05-28T21:03:21.504349","level":"info","event":"Filling up the DagBag from /opt/airflow/dags/create_dag_with_python_operator.py","logger":"airflow.models.dagbag.DagBag"}
{"timestamp":"2025-05-28T21:03:51.760696","level":"info","event":"Filling up the DagBag from /opt/airflow/dags/create_dag_with_python_operator.py","logger":"airflow.models.dagbag.DagBag"}
{"timestamp":"2025-05-28T21:04:22.016438","level":"info","event":"Filling up the DagBag from /opt/airflow/dags/create_dag_with_python_operator.py","logger":"airflow.models.dagbag.DagBag"}
{"timestamp":"2025-05-28T21:04:52.269896","level":"info","event":"Filling up the DagBag from /opt/airflow/dags/create_dag_with_python_operator.py","logger":"airflow.models.dagbag.DagBag"}
{"timestamp":"2025-05-28T21:05:22.594999","level":"info","event":"Filling up the DagBag from /opt/airflow/dags/create_dag_with_python_operator.py","logger":"airflow.models.dagbag.DagBag"}
{"timestamp":"2025-05-28T21:05:52.874547","level":"info","event":"Filling up the DagBag from /opt/airflow/dags/create_dag_with_python_operator.py","logger":"airflow.models.dagbag.DagBag"}
{"timestamp":"2025-05-28T21:06:23.149886","level":"info","event":"Filling up the DagBag from /opt/airflow/dags/create_dag_with_python_operator.py","logger":"airflow.models.dagbag.DagBag"}
{"timestamp":"2025-05-28T21:06:53.438340","level":"info","event":"Filling up the DagBag from /opt/airflow/dags/create_dag_with_python_operator.py","logger":"airflow.models.dagbag.DagBag"}
