{"timestamp":"2025-06-06T17:16:43.048984","level":"info","event":"DAG bundles loaded: dags-folder","logger":"airflow.dag_processing.bundles.manager.DagBundlesManager"}
{"timestamp":"2025-06-06T17:16:43.049563","level":"info","event":"Filling up the DagBag from /opt/airflow/dags/projeto_airflow/projeto_airflow.py","logger":"airflow.models.dagbag.DagBag"}
{"timestamp":"2025-06-06T17:16:43.944608Z","level":"error","event":"WARNING: Using incubator modules: jdk.incubator.vector","chan":"stderr","logger":"task"}
{"timestamp":"2025-06-06T17:16:45.113642Z","level":"error","event":"Using Spark's default log4j profile: org/apache/spark/log4j2-defaults.properties","chan":"stderr","logger":"task"}
{"timestamp":"2025-06-06T17:16:45.113868Z","level":"error","event":"Setting default log level to \"WARN\".","chan":"stderr","logger":"task"}
{"timestamp":"2025-06-06T17:16:45.113945Z","level":"error","event":"To adjust logging level use sc.setLogLevel(newLevel). For SparkR, use setLogLevel(newLevel).","chan":"stderr","logger":"task"}
{"timestamp":"2025-06-06T17:16:45.382970Z","level":"error","event":"25/06/06 17:16:45 WARN NativeCodeLoader: Unable to load native-hadoop library for your platform... using builtin-java classes where applicable","chan":"stderr","logger":"task"}
{"timestamp":"2025-06-06T17:16:50.981978Z","level":"info","event":"45","chan":"stdout","logger":"task"}
{"timestamp":"2025-06-06T17:16:51.283807Z","level":"info","event":"+---+----+-------------------+-------------------+","chan":"stdout","logger":"task"}
{"timestamp":"2025-06-06T17:16:51.283986Z","level":"info","event":"| ID| Age|              Email|           JoinDate|","chan":"stdout","logger":"task"}
{"timestamp":"2025-06-06T17:16:51.284060Z","level":"info","event":"+---+----+-------------------+-------------------+","chan":"stdout","logger":"task"}
{"timestamp":"2025-06-06T17:16:51.284118Z","level":"info","event":"|  0|  52|     grace@mail.com|2023-05-11 00:00:00|","chan":"stdout","logger":"task"}
{"timestamp":"2025-06-06T17:16:51.284179Z","level":"info","event":"|  1|  45|       bob@mail.com|2022-06-18 00:00:00|","chan":"stdout","logger":"task"}
{"timestamp":"2025-06-06T17:16:51.284262Z","level":"info","event":"|  2|  41|  grace@example.com|2020-01-17 00:00:00|","chan":"stdout","logger":"task"}
{"timestamp":"2025-06-06T17:16:51.284319Z","level":"info","event":"|  3|  38|   charlie@test.org|2022-07-24 00:00:00|","chan":"stdout","logger":"task"}
{"timestamp":"2025-06-06T17:16:51.284380Z","level":"info","event":"|  4|  57|       eli@mail.com|2022-05-30 00:00:00|","chan":"stdout","logger":"task"}
{"timestamp":"2025-06-06T17:16:51.284440Z","level":"info","event":"|  5|  20|     grace@mail.com|2022-12-12 00:00:00|","chan":"stdout","logger":"task"}
{"timestamp":"2025-06-06T17:16:51.284492Z","level":"info","event":"|  8|  68|     grace@test.org|2023-06-14 00:00:00|","chan":"stdout","logger":"task"}
{"timestamp":"2025-06-06T17:16:51.284550Z","level":"info","event":"|  9|  55|       eli@test.org|2020-08-25 00:00:00|","chan":"stdout","logger":"task"}
{"timestamp":"2025-06-06T17:16:51.284614Z","level":"info","event":"| 12|  27|    ian@example.com|2021-06-02 00:00:00|","chan":"stdout","logger":"task"}
{"timestamp":"2025-06-06T17:16:51.284673Z","level":"info","event":"| 13|  43|    bob@example.com|2022-01-11 00:00:00|","chan":"stdout","logger":"task"}
{"timestamp":"2025-06-06T17:16:51.284730Z","level":"info","event":"| 17|  26|     grace@mail.com|2023-01-18 00:00:00|","chan":"stdout","logger":"task"}
{"timestamp":"2025-06-06T17:16:51.284785Z","level":"info","event":"| 18|  38|  grace@example.com|2022-12-02 00:00:00|","chan":"stdout","logger":"task"}
{"timestamp":"2025-06-06T17:16:51.284846Z","level":"info","event":"| 19|  58|     frank@test.org|2022-05-18 00:00:00|","chan":"stdout","logger":"task"}
{"timestamp":"2025-06-06T17:16:51.284910Z","level":"info","event":"| 21|  70|  frank@example.com|2021-01-24 00:00:00|","chan":"stdout","logger":"task"}
{"timestamp":"2025-06-06T17:16:51.284967Z","level":"info","event":"| 22|  20|       ian@mail.com|2020-06-25 00:00:00|","chan":"stdout","logger":"task"}
{"timestamp":"2025-06-06T17:16:51.285034Z","level":"info","event":"| 23|  45|user[at]example.com|2023-04-11 00:00:00|","chan":"stdout","logger":"task"}
{"timestamp":"2025-06-06T17:16:51.285071Z","level":"info","event":"| 24|  26|  frank@example.com|2023-10-26 00:00:00|","chan":"stdout","logger":"task"}
{"timestamp":"2025-06-06T17:16:51.285106Z","level":"info","event":"| 25|  37|user[at]example.com|2023-12-27 00:00:00|","chan":"stdout","logger":"task"}
{"timestamp":"2025-06-06T17:16:51.285140Z","level":"info","event":"| 26|  58|   user[at]mail.com|2021-05-25 00:00:00|","chan":"stdout","logger":"task"}
{"timestamp":"2025-06-06T17:16:51.285173Z","level":"info","event":"| 27|  36|    hannah@test.org|2020-06-23 00:00:00|","chan":"stdout","logger":"task"}
{"timestamp":"2025-06-06T17:16:51.285237Z","level":"info","event":"| 29|NULL|      dana@mail.com|2022-11-08 00:00:00|","chan":"stdout","logger":"task"}
{"timestamp":"2025-06-06T17:16:51.285281Z","level":"info","event":"| 30|  40|       eli@mail.com|2023-06-05 00:00:00|","chan":"stdout","logger":"task"}
{"timestamp":"2025-06-06T17:16:51.285318Z","level":"info","event":"| 31|NULL|   charlie@mail.com|2020-09-03 00:00:00|","chan":"stdout","logger":"task"}
{"timestamp":"2025-06-06T17:16:51.285364Z","level":"info","event":"| 33|  64|  grace@example.com|2021-07-11 00:00:00|","chan":"stdout","logger":"task"}
{"timestamp":"2025-06-06T17:16:51.285399Z","level":"info","event":"| 34|NULL|       ian@test.org|2022-09-01 00:00:00|","chan":"stdout","logger":"task"}
{"timestamp":"2025-06-06T17:16:51.285438Z","level":"info","event":"| 35|  43|       bob@test.org|2021-03-24 00:00:00|","chan":"stdout","logger":"task"}
{"timestamp":"2025-06-06T17:16:51.285473Z","level":"info","event":"| 36|  59| hannah@example.com|2020-10-27 00:00:00|","chan":"stdout","logger":"task"}
{"timestamp":"2025-06-06T17:16:51.285510Z","level":"info","event":"| 38|  35|    ian@example.com|2022-02-12 00:00:00|","chan":"stdout","logger":"task"}
{"timestamp":"2025-06-06T17:16:51.285542Z","level":"info","event":"| 39|  63|    bob@example.com|2020-12-07 00:00:00|","chan":"stdout","logger":"task"}
{"timestamp":"2025-06-06T17:16:51.285575Z","level":"info","event":"| 40|  30|  frank@example.com|2022-10-04 00:00:00|","chan":"stdout","logger":"task"}
{"timestamp":"2025-06-06T17:16:51.285608Z","level":"info","event":"| 42|  55|       eli@test.org|2021-09-14 00:00:00|","chan":"stdout","logger":"task"}
{"timestamp":"2025-06-06T17:16:51.285644Z","level":"info","event":"| 44|  42|     alice@test.org|2020-04-24 00:00:00|","chan":"stdout","logger":"task"}
{"timestamp":"2025-06-06T17:16:51.285677Z","level":"info","event":"| 46|  36|    hannah@test.org|2022-12-25 00:00:00|","chan":"stdout","logger":"task"}
{"timestamp":"2025-06-06T17:16:51.285710Z","level":"info","event":"| 47|NULL|       eli@test.org|2021-09-11 00:00:00|","chan":"stdout","logger":"task"}
{"timestamp":"2025-06-06T17:16:51.285743Z","level":"info","event":"| 48|NULL|     frank@test.org|2021-01-25 00:00:00|","chan":"stdout","logger":"task"}
{"timestamp":"2025-06-06T17:16:51.285776Z","level":"info","event":"| 49|  46|     alice@test.org|2022-12-15 00:00:00|","chan":"stdout","logger":"task"}
{"timestamp":"2025-06-06T17:16:51.285813Z","level":"info","event":"| 50|  27|       eli@mail.com|2020-09-12 00:00:00|","chan":"stdout","logger":"task"}
{"timestamp":"2025-06-06T17:16:51.285857Z","level":"info","event":"| 51|  22|     grace@mail.com|2022-07-04 00:00:00|","chan":"stdout","logger":"task"}
{"timestamp":"2025-06-06T17:16:51.285892Z","level":"info","event":"| 52|  29|  grace@example.com|2021-07-10 00:00:00|","chan":"stdout","logger":"task"}
{"timestamp":"2025-06-06T17:16:51.285937Z","level":"info","event":"| 53|  30|    ian@example.com|2022-10-07 00:00:00|","chan":"stdout","logger":"task"}
{"timestamp":"2025-06-06T17:16:51.285982Z","level":"info","event":"| 54|  52|     grace@test.org|2020-08-17 00:00:00|","chan":"stdout","logger":"task"}
{"timestamp":"2025-06-06T17:16:51.286018Z","level":"info","event":"| 55|  32|  alice@example.com|2021-10-26 00:00:00|","chan":"stdout","logger":"task"}
{"timestamp":"2025-06-06T17:16:51.286079Z","level":"info","event":"| 56|  57|       bob@mail.com|2021-08-28 00:00:00|","chan":"stdout","logger":"task"}
{"timestamp":"2025-06-06T17:16:51.286139Z","level":"info","event":"| 58|  47|charlie@example.com|2020-10-10 00:00:00|","chan":"stdout","logger":"task"}
{"timestamp":"2025-06-06T17:16:51.286189Z","level":"info","event":"| 59|  64|    hannah@mail.com|2022-06-11 00:00:00|","chan":"stdout","logger":"task"}
{"timestamp":"2025-06-06T17:16:51.286254Z","level":"info","event":"| 64|  51|       eli@mail.com|2023-03-15 00:00:00|","chan":"stdout","logger":"task"}
{"timestamp":"2025-06-06T17:16:51.286291Z","level":"info","event":"| 65|NULL|   user[at]mail.com|2023-01-28 00:00:00|","chan":"stdout","logger":"task"}
{"timestamp":"2025-06-06T17:16:51.286325Z","level":"info","event":"| 66|  53|     alice@mail.com|2022-04-13 00:00:00|","chan":"stdout","logger":"task"}
{"timestamp":"2025-06-06T17:16:51.286359Z","level":"info","event":"| 67|  56|      dana@mail.com|2023-01-10 00:00:00|","chan":"stdout","logger":"task"}
{"timestamp":"2025-06-06T17:16:51.286405Z","level":"info","event":"| 68|  59|       eli@mail.com|2023-10-15 00:00:00|","chan":"stdout","logger":"task"}
{"timestamp":"2025-06-06T17:16:51.286454Z","level":"info","event":"| 70|  44|  grace@example.com|2022-12-09 00:00:00|","chan":"stdout","logger":"task"}
{"timestamp":"2025-06-06T17:16:51.286516Z","level":"info","event":"| 72|  43|       ian@test.org|2023-05-10 00:00:00|","chan":"stdout","logger":"task"}
{"timestamp":"2025-06-06T17:16:51.286573Z","level":"info","event":"| 73|  47|     grace@test.org|2020-05-18 00:00:00|","chan":"stdout","logger":"task"}
{"timestamp":"2025-06-06T17:16:51.286627Z","level":"info","event":"| 74|  45|charlie@example.com|2022-03-28 00:00:00|","chan":"stdout","logger":"task"}
{"timestamp":"2025-06-06T17:16:51.286679Z","level":"info","event":"| 75|  42|       ian@mail.com|2023-10-15 00:00:00|","chan":"stdout","logger":"task"}
{"timestamp":"2025-06-06T17:16:51.286726Z","level":"info","event":"| 76|  45|       ian@mail.com|2020-05-24 00:00:00|","chan":"stdout","logger":"task"}
{"timestamp":"2025-06-06T17:16:51.286776Z","level":"info","event":"| 77|  56|    hannah@test.org|2022-06-15 00:00:00|","chan":"stdout","logger":"task"}
{"timestamp":"2025-06-06T17:16:51.286827Z","level":"info","event":"| 78|  46|    hannah@test.org|2022-08-21 00:00:00|","chan":"stdout","logger":"task"}
{"timestamp":"2025-06-06T17:16:51.286880Z","level":"info","event":"| 81|  54|   dana@example.com|2021-04-23 00:00:00|","chan":"stdout","logger":"task"}
{"timestamp":"2025-06-06T17:16:51.286918Z","level":"info","event":"| 82|  54|   user[at]test.org|2020-06-28 00:00:00|","chan":"stdout","logger":"task"}
{"timestamp":"2025-06-06T17:16:51.286954Z","level":"info","event":"| 83|  38|   user[at]mail.com|2022-07-01 00:00:00|","chan":"stdout","logger":"task"}
{"timestamp":"2025-06-06T17:16:51.286994Z","level":"info","event":"| 84|  40|   user[at]mail.com|2020-08-18 00:00:00|","chan":"stdout","logger":"task"}
{"timestamp":"2025-06-06T17:16:51.287040Z","level":"info","event":"| 89|  42|    hannah@mail.com|2021-07-27 00:00:00|","chan":"stdout","logger":"task"}
{"timestamp":"2025-06-06T17:16:51.287077Z","level":"info","event":"| 90|  53|     grace@mail.com|2020-02-16 00:00:00|","chan":"stdout","logger":"task"}
{"timestamp":"2025-06-06T17:16:51.287110Z","level":"info","event":"| 94|  23|      jill@mail.com|2023-03-09 00:00:00|","chan":"stdout","logger":"task"}
{"timestamp":"2025-06-06T17:16:51.287152Z","level":"info","event":"| 95|  64|     grace@mail.com|2021-04-30 00:00:00|","chan":"stdout","logger":"task"}
{"timestamp":"2025-06-06T17:16:51.287201Z","level":"info","event":"| 96|  30|       eli@test.org|2022-08-10 00:00:00|","chan":"stdout","logger":"task"}
{"timestamp":"2025-06-06T17:16:51.287284Z","level":"info","event":"| 99|  38|    ian@example.com|2021-02-23 00:00:00|","chan":"stdout","logger":"task"}
{"timestamp":"2025-06-06T17:16:51.287326Z","level":"info","event":"+---+----+-------------------+-------------------+","chan":"stdout","logger":"task"}
{"timestamp":"2025-06-06T17:16:51.287394Z","level":"info","event":"","chan":"stdout","logger":"task"}
{"timestamp":"2025-06-06T17:16:51.324267Z","level":"info","event":"root","chan":"stdout","logger":"task"}
{"timestamp":"2025-06-06T17:16:51.324399Z","level":"info","event":" |-- ID: integer (nullable = true)","chan":"stdout","logger":"task"}
{"timestamp":"2025-06-06T17:16:51.324440Z","level":"info","event":" |-- Age: integer (nullable = true)","chan":"stdout","logger":"task"}
{"timestamp":"2025-06-06T17:16:51.324476Z","level":"info","event":" |-- Email: string (nullable = true)","chan":"stdout","logger":"task"}
{"timestamp":"2025-06-06T17:16:51.324514Z","level":"info","event":" |-- JoinDate: date (nullable = true)","chan":"stdout","logger":"task"}
{"timestamp":"2025-06-06T17:16:51.324549Z","level":"info","event":"","chan":"stdout","logger":"task"}
{"timestamp":"2025-06-06T17:16:52.107176","level":"info","event":"Done. Returned value was: None","logger":"airflow.task.operators.airflow.providers.standard.operators.python.PythonOperator"}
