{"timestamp":"2025-06-06T17:29:56.186553","level":"info","event":"DAG bundles loaded: dags-folder","logger":"airflow.dag_processing.bundles.manager.DagBundlesManager"}
{"timestamp":"2025-06-06T17:29:56.187434","level":"info","event":"Filling up the DagBag from /opt/airflow/dags/projeto_airflow/projeto_airflow.py","logger":"airflow.models.dagbag.DagBag"}
{"timestamp":"2025-06-06T17:29:57.134016Z","level":"error","event":"WARNING: Using incubator modules: jdk.incubator.vector","chan":"stderr","logger":"task"}
{"timestamp":"2025-06-06T17:29:58.668983Z","level":"error","event":"Using Spark's default log4j profile: org/apache/spark/log4j2-defaults.properties","chan":"stderr","logger":"task"}
{"timestamp":"2025-06-06T17:29:58.669173Z","level":"error","event":"Setting default log level to \"WARN\".","chan":"stderr","logger":"task"}
{"timestamp":"2025-06-06T17:29:58.669244Z","level":"error","event":"To adjust logging level use sc.setLogLevel(newLevel). For SparkR, use setLogLevel(newLevel).","chan":"stderr","logger":"task"}
{"timestamp":"2025-06-06T17:29:58.979369Z","level":"error","event":"25/06/06 17:29:58 WARN NativeCodeLoader: Unable to load native-hadoop library for your platform... using builtin-java classes where applicable","chan":"stderr","logger":"task"}
{"timestamp":"2025-06-06T17:30:05.300666Z","level":"info","event":"45","chan":"stdout","logger":"task"}
{"timestamp":"2025-06-06T17:30:05.620003Z","level":"info","event":"+----+---+-------------------+-------------------+","chan":"stdout","logger":"task"}
{"timestamp":"2025-06-06T17:30:05.620163Z","level":"info","event":"|  ID|Age|              Email|           JoinDate|","chan":"stdout","logger":"task"}
{"timestamp":"2025-06-06T17:30:05.620256Z","level":"info","event":"+----+---+-------------------+-------------------+","chan":"stdout","logger":"task"}
{"timestamp":"2025-06-06T17:30:05.620299Z","level":"info","event":"|   0| 52|     grace@mail.com|2023-05-11 00:00:00|","chan":"stdout","logger":"task"}
{"timestamp":"2025-06-06T17:30:05.620341Z","level":"info","event":"|ID_1| 45|       bob@mail.com|2022-06-18 00:00:00|","chan":"stdout","logger":"task"}
{"timestamp":"2025-06-06T17:30:05.620395Z","level":"info","event":"|   2| 41|  grace@example.com|2020-01-17 00:00:00|","chan":"stdout","logger":"task"}
{"timestamp":"2025-06-06T17:30:05.620454Z","level":"info","event":"|   3| 38|   charlie@test.org|2022-07-24 00:00:00|","chan":"stdout","logger":"task"}
{"timestamp":"2025-06-06T17:30:05.620499Z","level":"info","event":"|   4| 57|       eli@mail.com|2022-05-30 00:00:00|","chan":"stdout","logger":"task"}
{"timestamp":"2025-06-06T17:30:05.620535Z","level":"info","event":"|ID_5| 20|     grace@mail.com|2022-12-12 00:00:00|","chan":"stdout","logger":"task"}
{"timestamp":"2025-06-06T17:30:05.620570Z","level":"info","event":"|   8| 68|     grace@test.org|2023-06-14 00:00:00|","chan":"stdout","logger":"task"}
{"timestamp":"2025-06-06T17:30:05.620605Z","level":"info","event":"|   9| 55|       eli@test.org|2020-08-25 00:00:00|","chan":"stdout","logger":"task"}
{"timestamp":"2025-06-06T17:30:05.620639Z","level":"info","event":"|  12| 27|    ian@example.com|2021-06-02 00:00:00|","chan":"stdout","logger":"task"}
{"timestamp":"2025-06-06T17:30:05.620676Z","level":"info","event":"|  13| 43|    bob@example.com|2022-01-11 00:00:00|","chan":"stdout","logger":"task"}
{"timestamp":"2025-06-06T17:30:05.620710Z","level":"info","event":"|  17| 26|     grace@mail.com|2023-01-18 00:00:00|","chan":"stdout","logger":"task"}
{"timestamp":"2025-06-06T17:30:05.620749Z","level":"info","event":"|  18| 38|  grace@example.com|2022-12-02 00:00:00|","chan":"stdout","logger":"task"}
{"timestamp":"2025-06-06T17:30:05.620808Z","level":"info","event":"|  19| 58|     frank@test.org|2022-05-18 00:00:00|","chan":"stdout","logger":"task"}
{"timestamp":"2025-06-06T17:30:05.620866Z","level":"info","event":"|  21| 70|  frank@example.com|2021-01-24 00:00:00|","chan":"stdout","logger":"task"}
{"timestamp":"2025-06-06T17:30:05.620912Z","level":"info","event":"|  22| 20|       ian@mail.com|2020-06-25 00:00:00|","chan":"stdout","logger":"task"}
{"timestamp":"2025-06-06T17:30:05.620987Z","level":"info","event":"|  23| 45|user[at]example.com|2023-04-11 00:00:00|","chan":"stdout","logger":"task"}
{"timestamp":"2025-06-06T17:30:05.621030Z","level":"info","event":"|  24| 26|  frank@example.com|2023-10-26 00:00:00|","chan":"stdout","logger":"task"}
{"timestamp":"2025-06-06T17:30:05.621071Z","level":"info","event":"|  25| 37|user[at]example.com|2023-12-27 00:00:00|","chan":"stdout","logger":"task"}
{"timestamp":"2025-06-06T17:30:05.621123Z","level":"info","event":"|  26| 58|   user[at]mail.com|2021-05-25 00:00:00|","chan":"stdout","logger":"task"}
{"timestamp":"2025-06-06T17:30:05.621176Z","level":"info","event":"|  27| 36|    hannah@test.org|2020-06-23 00:00:00|","chan":"stdout","logger":"task"}
{"timestamp":"2025-06-06T17:30:05.621228Z","level":"info","event":"+----+---+-------------------+-------------------+","chan":"stdout","logger":"task"}
{"timestamp":"2025-06-06T17:30:05.621264Z","level":"info","event":"only showing top 20 rows","chan":"stdout","logger":"task"}
{"timestamp":"2025-06-06T17:30:05.687218Z","level":"info","event":"root","chan":"stdout","logger":"task"}
{"timestamp":"2025-06-06T17:30:05.687406Z","level":"info","event":" |-- ID: integer (nullable = true)","chan":"stdout","logger":"task"}
{"timestamp":"2025-06-06T17:30:05.687464Z","level":"info","event":" |-- Age: integer (nullable = true)","chan":"stdout","logger":"task"}
{"timestamp":"2025-06-06T17:30:05.687511Z","level":"info","event":" |-- Email: string (nullable = true)","chan":"stdout","logger":"task"}
{"timestamp":"2025-06-06T17:30:05.687559Z","level":"info","event":" |-- JoinDate: date (nullable = true)","chan":"stdout","logger":"task"}
{"timestamp":"2025-06-06T17:30:05.687605Z","level":"info","event":"","chan":"stdout","logger":"task"}
{"timestamp":"2025-06-06T17:30:06.521988","level":"info","event":"Done. Returned value was: None","logger":"airflow.task.operators.airflow.providers.standard.operators.python.PythonOperator"}
{"timestamp":"2025-06-06T17:30:06.990813Z","level":"error","event":"\r[Stage 5:>                                                          (0 + 1) / 1]","chan":"stderr","logger":"task"}
