{"timestamp":"2025-05-31T16:55:13.462700","level":"info","event":"DAG bundles loaded: dags-folder","logger":"airflow.dag_processing.bundles.manager.DagBundlesManager"}
{"timestamp":"2025-05-31T16:55:13.463139","level":"info","event":"Filling up the DagBag from /opt/airflow/dags/projeto1/projeto1.py","logger":"airflow.models.dagbag.DagBag"}
{"timestamp":"2025-05-31T16:55:13.847003Z","level":"error","event":"WARNING: Using incubator modules: jdk.incubator.vector","chan":"stderr","logger":"task"}
{"timestamp":"2025-05-31T16:55:15.069490Z","level":"error","event":"Using Spark's default log4j profile: org/apache/spark/log4j2-defaults.properties","chan":"stderr","logger":"task"}
{"timestamp":"2025-05-31T16:55:15.070073Z","level":"error","event":"Setting default log level to \"WARN\".","chan":"stderr","logger":"task"}
{"timestamp":"2025-05-31T16:55:15.070240Z","level":"error","event":"To adjust logging level use sc.setLogLevel(newLevel). For SparkR, use setLogLevel(newLevel).","chan":"stderr","logger":"task"}
{"timestamp":"2025-05-31T16:55:15.778630Z","level":"error","event":"25/05/31 16:55:15 WARN NativeCodeLoader: Unable to load native-hadoop library for your platform... using builtin-java classes where applicable","chan":"stderr","logger":"task"}
{"timestamp":"2025-05-31T16:55:21.215643Z","level":"info","event":"+----+------+-------+-----------------+----------+","chan":"stdout","logger":"task"}
{"timestamp":"2025-05-31T16:55:21.215868Z","level":"info","event":"|  ID|  Name|    Age|            Email|  JoinDate|","chan":"stdout","logger":"task"}
{"timestamp":"2025-05-31T16:55:21.215981Z","level":"info","event":"+----+------+-------+-----------------+----------+","chan":"stdout","logger":"task"}
{"timestamp":"2025-05-31T16:55:21.216046Z","level":"info","event":"|   0|  NULL|     52|   grace@mail.com|2023-05-11|","chan":"stdout","logger":"task"}
{"timestamp":"2025-05-31T16:55:21.216105Z","level":"info","event":"|ID_1|   Ian|unknown|     bob@mail.com|2022-06-18|","chan":"stdout","logger":"task"}
{"timestamp":"2025-05-31T16:55:21.216163Z","level":"info","event":"|   2|  Dana|     41|grace@example.com|2020-01-17|","chan":"stdout","logger":"task"}
{"timestamp":"2025-05-31T16:55:21.216220Z","level":"info","event":"|   3| Frank|     38| charlie@test.org|2022-07-24|","chan":"stdout","logger":"task"}
{"timestamp":"2025-05-31T16:55:21.216274Z","level":"info","event":"|   4|Hannah|     57|     eli@mail.com|2022-05-30|","chan":"stdout","logger":"task"}
{"timestamp":"2025-05-31T16:55:21.216329Z","level":"info","event":"+----+------+-------+-----------------+----------+","chan":"stdout","logger":"task"}
{"timestamp":"2025-05-31T16:55:21.216386Z","level":"info","event":"only showing top 5 rows","chan":"stdout","logger":"task"}
{"timestamp":"2025-05-31T16:55:21.218198Z","level":"info","event":"root","chan":"stdout","logger":"task"}
{"timestamp":"2025-05-31T16:55:21.218369Z","level":"info","event":" |-- ID: string (nullable = true)","chan":"stdout","logger":"task"}
{"timestamp":"2025-05-31T16:55:21.218451Z","level":"info","event":" |-- Name: string (nullable = true)","chan":"stdout","logger":"task"}
{"timestamp":"2025-05-31T16:55:21.218522Z","level":"info","event":" |-- Age: string (nullable = true)","chan":"stdout","logger":"task"}
{"timestamp":"2025-05-31T16:55:21.218584Z","level":"info","event":" |-- Email: string (nullable = true)","chan":"stdout","logger":"task"}
{"timestamp":"2025-05-31T16:55:21.218643Z","level":"info","event":" |-- JoinDate: string (nullable = true)","chan":"stdout","logger":"task"}
{"timestamp":"2025-05-31T16:55:21.218702Z","level":"info","event":"","chan":"stdout","logger":"task"}
{"timestamp":"2025-05-31T16:55:21.229961Z","level":"info","event":"1","chan":"stdout","logger":"task"}
{"timestamp":"2025-05-31T16:55:21.230119Z","level":"info","event":"1","chan":"stdout","logger":"task"}
{"timestamp":"2025-05-31T16:55:21.230187Z","level":"info","event":"1","chan":"stdout","logger":"task"}
{"timestamp":"2025-05-31T16:55:21.230249Z","level":"info","event":"1","chan":"stdout","logger":"task"}
{"timestamp":"2025-05-31T16:55:21.230309Z","level":"info","event":"1","chan":"stdout","logger":"task"}
{"timestamp":"2025-05-31T16:55:21.230377","level":"info","event":"Done. Returned value was: None","logger":"airflow.task.operators.airflow.providers.standard.operators.python.PythonOperator"}
