{"timestamp":"2025-06-06T17:09:58.812437","level":"info","event":"DAG bundles loaded: dags-folder","logger":"airflow.dag_processing.bundles.manager.DagBundlesManager"}
{"timestamp":"2025-06-06T17:09:58.813116","level":"info","event":"Filling up the DagBag from /opt/airflow/dags/projeto_airflow/projeto_airflow.py","logger":"airflow.models.dagbag.DagBag"}
{"timestamp":"2025-06-06T17:10:00.079129Z","level":"error","event":"WARNING: Using incubator modules: jdk.incubator.vector","chan":"stderr","logger":"task"}
{"timestamp":"2025-06-06T17:10:01.346666Z","level":"error","event":"Using Spark's default log4j profile: org/apache/spark/log4j2-defaults.properties","chan":"stderr","logger":"task"}
{"timestamp":"2025-06-06T17:10:01.347028Z","level":"error","event":"Setting default log level to \"WARN\".","chan":"stderr","logger":"task"}
{"timestamp":"2025-06-06T17:10:01.347190Z","level":"error","event":"To adjust logging level use sc.setLogLevel(newLevel). For SparkR, use setLogLevel(newLevel).","chan":"stderr","logger":"task"}
{"timestamp":"2025-06-06T17:10:01.671848Z","level":"error","event":"25/06/06 17:10:01 WARN NativeCodeLoader: Unable to load native-hadoop library for your platform... using builtin-java classes where applicable","chan":"stderr","logger":"task"}
{"timestamp":"2025-06-06T17:10:07.892176Z","level":"info","event":"+---+----+-------------------+-------------------+","chan":"stdout","logger":"task"}
{"timestamp":"2025-06-06T17:10:07.892394Z","level":"info","event":"| ID| Age|              Email|           JoinDate|","chan":"stdout","logger":"task"}
{"timestamp":"2025-06-06T17:10:07.892471Z","level":"info","event":"+---+----+-------------------+-------------------+","chan":"stdout","logger":"task"}
{"timestamp":"2025-06-06T17:10:07.892537Z","level":"info","event":"|  0|NULL|     grace@mail.com|2023-05-11 00:00:00|","chan":"stdout","logger":"task"}
{"timestamp":"2025-06-06T17:10:07.892598Z","level":"info","event":"|  1|NULL|       bob@mail.com|2022-06-18 00:00:00|","chan":"stdout","logger":"task"}
{"timestamp":"2025-06-06T17:10:07.892657Z","level":"info","event":"|  2|NULL|  grace@example.com|2020-01-17 00:00:00|","chan":"stdout","logger":"task"}
{"timestamp":"2025-06-06T17:10:07.892716Z","level":"info","event":"|  3|NULL|   charlie@test.org|2022-07-24 00:00:00|","chan":"stdout","logger":"task"}
{"timestamp":"2025-06-06T17:10:07.892785Z","level":"info","event":"|  4|NULL|       eli@mail.com|2022-05-30 00:00:00|","chan":"stdout","logger":"task"}
{"timestamp":"2025-06-06T17:10:07.892843Z","level":"info","event":"|  5|NULL|     grace@mail.com|2022-12-12 00:00:00|","chan":"stdout","logger":"task"}
{"timestamp":"2025-06-06T17:10:07.892901Z","level":"info","event":"|  8|NULL|     grace@test.org|2023-06-14 00:00:00|","chan":"stdout","logger":"task"}
{"timestamp":"2025-06-06T17:10:07.892962Z","level":"info","event":"|  9|NULL|       eli@test.org|2020-08-25 00:00:00|","chan":"stdout","logger":"task"}
{"timestamp":"2025-06-06T17:10:07.893019Z","level":"info","event":"| 12|NULL|    ian@example.com|2021-06-02 00:00:00|","chan":"stdout","logger":"task"}
{"timestamp":"2025-06-06T17:10:07.893077Z","level":"info","event":"| 13|NULL|    bob@example.com|2022-01-11 00:00:00|","chan":"stdout","logger":"task"}
{"timestamp":"2025-06-06T17:10:07.893135Z","level":"info","event":"| 17|NULL|     grace@mail.com|2023-01-18 00:00:00|","chan":"stdout","logger":"task"}
{"timestamp":"2025-06-06T17:10:07.893193Z","level":"info","event":"| 18|NULL|  grace@example.com|2022-12-02 00:00:00|","chan":"stdout","logger":"task"}
{"timestamp":"2025-06-06T17:10:07.893321Z","level":"info","event":"| 19|NULL|     frank@test.org|2022-05-18 00:00:00|","chan":"stdout","logger":"task"}
{"timestamp":"2025-06-06T17:10:07.893382Z","level":"info","event":"| 21|NULL|  frank@example.com|2021-01-24 00:00:00|","chan":"stdout","logger":"task"}
{"timestamp":"2025-06-06T17:10:07.893433Z","level":"info","event":"| 22|NULL|       ian@mail.com|2020-06-25 00:00:00|","chan":"stdout","logger":"task"}
{"timestamp":"2025-06-06T17:10:07.893484Z","level":"info","event":"| 23|NULL|user[at]example.com|2023-04-11 00:00:00|","chan":"stdout","logger":"task"}
{"timestamp":"2025-06-06T17:10:07.893555Z","level":"info","event":"| 24|NULL|  frank@example.com|2023-10-26 00:00:00|","chan":"stdout","logger":"task"}
{"timestamp":"2025-06-06T17:10:07.893608Z","level":"info","event":"| 25|NULL|user[at]example.com|2023-12-27 00:00:00|","chan":"stdout","logger":"task"}
{"timestamp":"2025-06-06T17:10:07.893662Z","level":"info","event":"| 26|NULL|   user[at]mail.com|2021-05-25 00:00:00|","chan":"stdout","logger":"task"}
{"timestamp":"2025-06-06T17:10:07.893716Z","level":"info","event":"| 27|NULL|    hannah@test.org|2020-06-23 00:00:00|","chan":"stdout","logger":"task"}
{"timestamp":"2025-06-06T17:10:07.893775Z","level":"info","event":"| 29|NULL|      dana@mail.com|2022-11-08 00:00:00|","chan":"stdout","logger":"task"}
{"timestamp":"2025-06-06T17:10:07.893838Z","level":"info","event":"| 30|NULL|       eli@mail.com|2023-06-05 00:00:00|","chan":"stdout","logger":"task"}
{"timestamp":"2025-06-06T17:10:07.893896Z","level":"info","event":"| 31|NULL|   charlie@mail.com|2020-09-03 00:00:00|","chan":"stdout","logger":"task"}
{"timestamp":"2025-06-06T17:10:07.893950Z","level":"info","event":"| 33|NULL|  grace@example.com|2021-07-11 00:00:00|","chan":"stdout","logger":"task"}
{"timestamp":"2025-06-06T17:10:07.894007Z","level":"info","event":"| 34|NULL|       ian@test.org|2022-09-01 00:00:00|","chan":"stdout","logger":"task"}
{"timestamp":"2025-06-06T17:10:07.894062Z","level":"info","event":"| 35|NULL|       bob@test.org|2021-03-24 00:00:00|","chan":"stdout","logger":"task"}
{"timestamp":"2025-06-06T17:10:07.894120Z","level":"info","event":"| 36|NULL| hannah@example.com|2020-10-27 00:00:00|","chan":"stdout","logger":"task"}
{"timestamp":"2025-06-06T17:10:07.894177Z","level":"info","event":"| 38|NULL|    ian@example.com|2022-02-12 00:00:00|","chan":"stdout","logger":"task"}
{"timestamp":"2025-06-06T17:10:07.894263Z","level":"info","event":"| 39|NULL|    bob@example.com|2020-12-07 00:00:00|","chan":"stdout","logger":"task"}
{"timestamp":"2025-06-06T17:10:07.894323Z","level":"info","event":"| 40|NULL|  frank@example.com|2022-10-04 00:00:00|","chan":"stdout","logger":"task"}
{"timestamp":"2025-06-06T17:10:07.894377Z","level":"info","event":"| 42|NULL|       eli@test.org|2021-09-14 00:00:00|","chan":"stdout","logger":"task"}
{"timestamp":"2025-06-06T17:10:07.894432Z","level":"info","event":"| 44|NULL|     alice@test.org|2020-04-24 00:00:00|","chan":"stdout","logger":"task"}
{"timestamp":"2025-06-06T17:10:07.894485Z","level":"info","event":"| 46|NULL|    hannah@test.org|2022-12-25 00:00:00|","chan":"stdout","logger":"task"}
{"timestamp":"2025-06-06T17:10:07.894539Z","level":"info","event":"| 47|NULL|       eli@test.org|2021-09-11 00:00:00|","chan":"stdout","logger":"task"}
{"timestamp":"2025-06-06T17:10:07.894594Z","level":"info","event":"| 48|NULL|     frank@test.org|2021-01-25 00:00:00|","chan":"stdout","logger":"task"}
{"timestamp":"2025-06-06T17:10:07.894650Z","level":"info","event":"| 49|NULL|     alice@test.org|2022-12-15 00:00:00|","chan":"stdout","logger":"task"}
{"timestamp":"2025-06-06T17:10:07.894704Z","level":"info","event":"| 50|NULL|       eli@mail.com|2020-09-12 00:00:00|","chan":"stdout","logger":"task"}
{"timestamp":"2025-06-06T17:10:07.894760Z","level":"info","event":"| 51|NULL|     grace@mail.com|2022-07-04 00:00:00|","chan":"stdout","logger":"task"}
{"timestamp":"2025-06-06T17:10:07.894976Z","level":"info","event":"| 52|NULL|  grace@example.com|2021-07-10 00:00:00|","chan":"stdout","logger":"task"}
{"timestamp":"2025-06-06T17:10:07.895038Z","level":"info","event":"| 53|NULL|    ian@example.com|2022-10-07 00:00:00|","chan":"stdout","logger":"task"}
{"timestamp":"2025-06-06T17:10:07.895094Z","level":"info","event":"| 54|NULL|     grace@test.org|2020-08-17 00:00:00|","chan":"stdout","logger":"task"}
{"timestamp":"2025-06-06T17:10:07.895150Z","level":"info","event":"| 55|NULL|  alice@example.com|2021-10-26 00:00:00|","chan":"stdout","logger":"task"}
{"timestamp":"2025-06-06T17:10:07.895205Z","level":"info","event":"| 56|NULL|       bob@mail.com|2021-08-28 00:00:00|","chan":"stdout","logger":"task"}
{"timestamp":"2025-06-06T17:10:07.895308Z","level":"info","event":"| 58|NULL|charlie@example.com|2020-10-10 00:00:00|","chan":"stdout","logger":"task"}
{"timestamp":"2025-06-06T17:10:07.895364Z","level":"info","event":"| 59|NULL|    hannah@mail.com|2022-06-11 00:00:00|","chan":"stdout","logger":"task"}
{"timestamp":"2025-06-06T17:10:07.895418Z","level":"info","event":"| 64|NULL|       eli@mail.com|2023-03-15 00:00:00|","chan":"stdout","logger":"task"}
{"timestamp":"2025-06-06T17:10:07.895474Z","level":"info","event":"| 65|NULL|   user[at]mail.com|2023-01-28 00:00:00|","chan":"stdout","logger":"task"}
{"timestamp":"2025-06-06T17:10:07.895686Z","level":"info","event":"| 66|NULL|     alice@mail.com|2022-04-13 00:00:00|","chan":"stdout","logger":"task"}
{"timestamp":"2025-06-06T17:10:07.895793Z","level":"info","event":"| 67|NULL|      dana@mail.com|2023-01-10 00:00:00|","chan":"stdout","logger":"task"}
{"timestamp":"2025-06-06T17:10:07.895858Z","level":"info","event":"| 68|NULL|       eli@mail.com|2023-10-15 00:00:00|","chan":"stdout","logger":"task"}
{"timestamp":"2025-06-06T17:10:07.895909Z","level":"info","event":"| 70|NULL|  grace@example.com|2022-12-09 00:00:00|","chan":"stdout","logger":"task"}
{"timestamp":"2025-06-06T17:10:07.895960Z","level":"info","event":"| 72|NULL|       ian@test.org|2023-05-10 00:00:00|","chan":"stdout","logger":"task"}
{"timestamp":"2025-06-06T17:10:07.896012Z","level":"info","event":"| 73|NULL|     grace@test.org|2020-05-18 00:00:00|","chan":"stdout","logger":"task"}
{"timestamp":"2025-06-06T17:10:07.896463Z","level":"info","event":"| 74|NULL|charlie@example.com|2022-03-28 00:00:00|","chan":"stdout","logger":"task"}
{"timestamp":"2025-06-06T17:10:07.896937Z","level":"info","event":"| 75|NULL|       ian@mail.com|2023-10-15 00:00:00|","chan":"stdout","logger":"task"}
{"timestamp":"2025-06-06T17:10:07.897295Z","level":"info","event":"| 76|NULL|       ian@mail.com|2020-05-24 00:00:00|","chan":"stdout","logger":"task"}
{"timestamp":"2025-06-06T17:10:07.897516Z","level":"info","event":"| 77|NULL|    hannah@test.org|2022-06-15 00:00:00|","chan":"stdout","logger":"task"}
{"timestamp":"2025-06-06T17:10:07.897650Z","level":"info","event":"| 78|NULL|    hannah@test.org|2022-08-21 00:00:00|","chan":"stdout","logger":"task"}
{"timestamp":"2025-06-06T17:10:07.897751Z","level":"info","event":"| 81|NULL|   dana@example.com|2021-04-23 00:00:00|","chan":"stdout","logger":"task"}
{"timestamp":"2025-06-06T17:10:07.897846Z","level":"info","event":"| 82|NULL|   user[at]test.org|2020-06-28 00:00:00|","chan":"stdout","logger":"task"}
{"timestamp":"2025-06-06T17:10:07.897937Z","level":"info","event":"| 83|NULL|   user[at]mail.com|2022-07-01 00:00:00|","chan":"stdout","logger":"task"}
{"timestamp":"2025-06-06T17:10:07.898037Z","level":"info","event":"| 84|NULL|   user[at]mail.com|2020-08-18 00:00:00|","chan":"stdout","logger":"task"}
{"timestamp":"2025-06-06T17:10:07.898135Z","level":"info","event":"| 89|NULL|    hannah@mail.com|2021-07-27 00:00:00|","chan":"stdout","logger":"task"}
{"timestamp":"2025-06-06T17:10:07.898234Z","level":"info","event":"| 90|NULL|     grace@mail.com|2020-02-16 00:00:00|","chan":"stdout","logger":"task"}
{"timestamp":"2025-06-06T17:10:07.898305Z","level":"info","event":"| 94|NULL|      jill@mail.com|2023-03-09 00:00:00|","chan":"stdout","logger":"task"}
{"timestamp":"2025-06-06T17:10:07.898355Z","level":"info","event":"| 95|NULL|     grace@mail.com|2021-04-30 00:00:00|","chan":"stdout","logger":"task"}
{"timestamp":"2025-06-06T17:10:07.898444Z","level":"info","event":"| 96|NULL|       eli@test.org|2022-08-10 00:00:00|","chan":"stdout","logger":"task"}
{"timestamp":"2025-06-06T17:10:07.898535Z","level":"info","event":"| 99|NULL|    ian@example.com|2021-02-23 00:00:00|","chan":"stdout","logger":"task"}
{"timestamp":"2025-06-06T17:10:07.898629Z","level":"info","event":"+---+----+-------------------+-------------------+","chan":"stdout","logger":"task"}
{"timestamp":"2025-06-06T17:10:07.898728Z","level":"info","event":"","chan":"stdout","logger":"task"}
{"timestamp":"2025-06-06T17:10:07.936376Z","level":"info","event":"root","chan":"stdout","logger":"task"}
{"timestamp":"2025-06-06T17:10:07.936581Z","level":"info","event":" |-- ID: integer (nullable = true)","chan":"stdout","logger":"task"}
{"timestamp":"2025-06-06T17:10:07.936663Z","level":"info","event":" |-- Age: integer (nullable = true)","chan":"stdout","logger":"task"}
{"timestamp":"2025-06-06T17:10:07.936720Z","level":"info","event":" |-- Email: string (nullable = true)","chan":"stdout","logger":"task"}
{"timestamp":"2025-06-06T17:10:07.936767Z","level":"info","event":" |-- JoinDate: date (nullable = true)","chan":"stdout","logger":"task"}
{"timestamp":"2025-06-06T17:10:07.936808Z","level":"info","event":"","chan":"stdout","logger":"task"}
{"timestamp":"2025-06-06T17:10:08.715985","level":"info","event":"Done. Returned value was: None","logger":"airflow.task.operators.airflow.providers.standard.operators.python.PythonOperator"}
{"timestamp":"2025-06-06T17:10:09.179838Z","level":"error","event":"\r[Stage 5:>                                                          (0 + 1) / 1]","chan":"stderr","logger":"task"}
