{"timestamp":"2025-05-30T17:03:52.791996","level":"info","event":"Filling up the DagBag from /opt/airflow/dags/dag_with_python_dependencies.py","logger":"airflow.models.dagbag.DagBag"}
{"timestamp":"2025-05-30T17:03:52.793509","level":"error","event":"Failed to import: /opt/airflow/dags/dag_with_python_dependencies.py","logger":"airflow.models.dagbag.DagBag","error_detail":[{"exc_type":"ModuleNotFoundError","exc_value":"No module named 'airflow.decoratos'","exc_notes":[],"syntax_error":null,"is_cause":false,"frames":[{"filename":"/home/airflow/.local/lib/python3.12/site-packages/airflow/models/dagbag.py","lineno":382,"name":"parse"},{"filename":"<frozen importlib._bootstrap_external>","lineno":999,"name":"exec_module"},{"filename":"<frozen importlib._bootstrap>","lineno":488,"name":"_call_with_frames_removed"},{"filename":"/opt/airflow/dags/dag_with_python_dependencies.py","lineno":1,"name":"<module>"}]}]}
{"timestamp":"2025-05-30T17:04:11.320397","level":"info","event":"Filling up the DagBag from /opt/airflow/dags/dag_with_python_dependencies.py","logger":"airflow.models.dagbag.DagBag"}
{"timestamp":"2025-05-30T17:04:41.924897","level":"info","event":"Filling up the DagBag from /opt/airflow/dags/dag_with_python_dependencies.py","logger":"airflow.models.dagbag.DagBag"}
{"timestamp":"2025-05-30T17:04:44.998658","level":"info","event":"Filling up the DagBag from /opt/airflow/dags/dag_with_python_dependencies.py","logger":"airflow.models.dagbag.DagBag"}
{"timestamp":"2025-05-30T17:05:15.633449","level":"info","event":"Filling up the DagBag from /opt/airflow/dags/dag_with_python_dependencies.py","logger":"airflow.models.dagbag.DagBag"}
{"timestamp":"2025-05-30T17:05:46.366306","level":"info","event":"Filling up the DagBag from /opt/airflow/dags/dag_with_python_dependencies.py","logger":"airflow.models.dagbag.DagBag"}
{"timestamp":"2025-05-30T17:06:16.928618","level":"info","event":"Filling up the DagBag from /opt/airflow/dags/dag_with_python_dependencies.py","logger":"airflow.models.dagbag.DagBag"}
{"timestamp":"2025-05-30T17:06:47.582852","level":"info","event":"Filling up the DagBag from /opt/airflow/dags/dag_with_python_dependencies.py","logger":"airflow.models.dagbag.DagBag"}
{"timestamp":"2025-05-30T17:07:18.201282","level":"info","event":"Filling up the DagBag from /opt/airflow/dags/dag_with_python_dependencies.py","logger":"airflow.models.dagbag.DagBag"}
{"timestamp":"2025-05-30T17:07:45.804220","level":"info","event":"Filling up the DagBag from /opt/airflow/dags/dag_with_python_dependencies.py","logger":"airflow.models.dagbag.DagBag"}
{"timestamp":"2025-05-30T17:07:50.900103","level":"info","event":"Filling up the DagBag from /opt/airflow/dags/dag_with_python_dependencies.py","logger":"airflow.models.dagbag.DagBag"}
{"timestamp":"2025-05-30T17:07:57.047078","level":"info","event":"Filling up the DagBag from /opt/airflow/dags/dag_with_python_dependencies.py","logger":"airflow.models.dagbag.DagBag"}
{"timestamp":"2025-05-30T17:08:00.401126","level":"info","event":"Filling up the DagBag from /opt/airflow/dags/dag_with_python_dependencies.py","logger":"airflow.models.dagbag.DagBag"}
{"timestamp":"2025-05-30T17:08:06.498962","level":"info","event":"Filling up the DagBag from /opt/airflow/dags/dag_with_python_dependencies.py","logger":"airflow.models.dagbag.DagBag"}
{"timestamp":"2025-05-30T17:08:12.606332","level":"info","event":"Filling up the DagBag from /opt/airflow/dags/dag_with_python_dependencies.py","logger":"airflow.models.dagbag.DagBag"}
{"timestamp":"2025-05-30T17:08:18.775337","level":"info","event":"Filling up the DagBag from /opt/airflow/dags/dag_with_python_dependencies.py","logger":"airflow.models.dagbag.DagBag"}
{"timestamp":"2025-05-30T17:08:21.853374","level":"info","event":"Filling up the DagBag from /opt/airflow/dags/dag_with_python_dependencies.py","logger":"airflow.models.dagbag.DagBag"}
{"timestamp":"2025-05-30T17:08:21.854645","level":"error","event":"Failed to import: /opt/airflow/dags/dag_with_python_dependencies.py","logger":"airflow.models.dagbag.DagBag","error_detail":[{"exc_type":"SyntaxError","exc_value":"invalid syntax (dag_with_python_dependencies.py, line 28)","exc_notes":[],"syntax_error":{"offset":16,"filename":"/opt/airflow/dags/dag_with_python_dependencies.py","line":"        import \n","lineno":28,"msg":"invalid syntax"},"is_cause":false,"frames":[{"filename":"/home/airflow/.local/lib/python3.12/site-packages/airflow/models/dagbag.py","lineno":382,"name":"parse"},{"filename":"<frozen importlib._bootstrap_external>","lineno":995,"name":"exec_module"},{"filename":"<frozen importlib._bootstrap_external>","lineno":1133,"name":"get_code"},{"filename":"<frozen importlib._bootstrap_external>","lineno":1063,"name":"source_to_code"},{"filename":"<frozen importlib._bootstrap>","lineno":488,"name":"_call_with_frames_removed"}]}]}
{"timestamp":"2025-05-30T17:08:26.931251","level":"info","event":"Filling up the DagBag from /opt/airflow/dags/dag_with_python_dependencies.py","logger":"airflow.models.dagbag.DagBag"}
{"timestamp":"2025-05-30T17:08:30.015570","level":"info","event":"Filling up the DagBag from /opt/airflow/dags/dag_with_python_dependencies.py","logger":"airflow.models.dagbag.DagBag"}
{"timestamp":"2025-05-30T17:08:31.083850","level":"info","event":"Filling up the DagBag from /opt/airflow/dags/dag_with_python_dependencies.py","logger":"airflow.models.dagbag.DagBag"}
{"timestamp":"2025-05-30T17:08:35.422518","level":"info","event":"Filling up the DagBag from /opt/airflow/dags/dag_with_python_dependencies.py","logger":"airflow.models.dagbag.DagBag"}
{"timestamp":"2025-05-30T17:08:37.497838","level":"info","event":"Filling up the DagBag from /opt/airflow/dags/dag_with_python_dependencies.py","logger":"airflow.models.dagbag.DagBag"}
{"timestamp":"2025-05-30T17:08:37.499128","level":"error","event":"Failed to import: /opt/airflow/dags/dag_with_python_dependencies.py","logger":"airflow.models.dagbag.DagBag","error_detail":[{"exc_type":"SyntaxError","exc_value":"f-string: expecting a valid expression after '{' (dag_with_python_dependencies.py, line 29)","exc_notes":[],"syntax_error":{"offset":38,"filename":"/opt/airflow/dags/dag_with_python_dependencies.py","line":"        print(f'matplotlib version: {.__version__}')\n","lineno":29,"msg":"f-string: expecting a valid expression after '{'"},"is_cause":false,"frames":[{"filename":"/home/airflow/.local/lib/python3.12/site-packages/airflow/models/dagbag.py","lineno":382,"name":"parse"},{"filename":"<frozen importlib._bootstrap_external>","lineno":995,"name":"exec_module"},{"filename":"<frozen importlib._bootstrap_external>","lineno":1133,"name":"get_code"},{"filename":"<frozen importlib._bootstrap_external>","lineno":1063,"name":"source_to_code"},{"filename":"<frozen importlib._bootstrap>","lineno":488,"name":"_call_with_frames_removed"}]}]}
{"timestamp":"2025-05-30T17:08:40.570591","level":"info","event":"Filling up the DagBag from /opt/airflow/dags/dag_with_python_dependencies.py","logger":"airflow.models.dagbag.DagBag"}
{"timestamp":"2025-05-30T17:08:44.657158","level":"info","event":"Filling up the DagBag from /opt/airflow/dags/dag_with_python_dependencies.py","logger":"airflow.models.dagbag.DagBag"}
{"timestamp":"2025-05-30T17:08:52.888093","level":"info","event":"Filling up the DagBag from /opt/airflow/dags/dag_with_python_dependencies.py","logger":"airflow.models.dagbag.DagBag"}
{"timestamp":"2025-05-30T17:09:23.449990","level":"info","event":"Filling up the DagBag from /opt/airflow/dags/dag_with_python_dependencies.py","logger":"airflow.models.dagbag.DagBag"}
{"timestamp":"2025-05-30T17:09:54.048523","level":"info","event":"Filling up the DagBag from /opt/airflow/dags/dag_with_python_dependencies.py","logger":"airflow.models.dagbag.DagBag"}
{"timestamp":"2025-05-30T17:10:24.660983","level":"info","event":"Filling up the DagBag from /opt/airflow/dags/dag_with_python_dependencies.py","logger":"airflow.models.dagbag.DagBag"}
{"timestamp":"2025-05-30T17:10:55.259693","level":"info","event":"Filling up the DagBag from /opt/airflow/dags/dag_with_python_dependencies.py","logger":"airflow.models.dagbag.DagBag"}
{"timestamp":"2025-05-30T17:11:59.969109","level":"info","event":"Filling up the DagBag from /opt/airflow/dags/dag_with_python_dependencies.py","logger":"airflow.models.dagbag.DagBag"}
{"timestamp":"2025-05-30T17:12:32.417501","level":"info","event":"Filling up the DagBag from /opt/airflow/dags/dag_with_python_dependencies.py","logger":"airflow.models.dagbag.DagBag"}
{"timestamp":"2025-05-30T17:13:02.946532","level":"info","event":"Filling up the DagBag from /opt/airflow/dags/dag_with_python_dependencies.py","logger":"airflow.models.dagbag.DagBag"}
{"timestamp":"2025-05-30T17:13:33.490681","level":"info","event":"Filling up the DagBag from /opt/airflow/dags/dag_with_python_dependencies.py","logger":"airflow.models.dagbag.DagBag"}
{"timestamp":"2025-05-30T17:14:04.040601","level":"info","event":"Filling up the DagBag from /opt/airflow/dags/dag_with_python_dependencies.py","logger":"airflow.models.dagbag.DagBag"}
{"timestamp":"2025-05-30T17:14:34.589535","level":"info","event":"Filling up the DagBag from /opt/airflow/dags/dag_with_python_dependencies.py","logger":"airflow.models.dagbag.DagBag"}
{"timestamp":"2025-05-30T17:15:05.149491","level":"info","event":"Filling up the DagBag from /opt/airflow/dags/dag_with_python_dependencies.py","logger":"airflow.models.dagbag.DagBag"}
{"timestamp":"2025-05-30T17:15:35.704117","level":"info","event":"Filling up the DagBag from /opt/airflow/dags/dag_with_python_dependencies.py","logger":"airflow.models.dagbag.DagBag"}
{"timestamp":"2025-05-30T17:16:06.261874","level":"info","event":"Filling up the DagBag from /opt/airflow/dags/dag_with_python_dependencies.py","logger":"airflow.models.dagbag.DagBag"}
{"timestamp":"2025-05-30T17:16:36.813834","level":"info","event":"Filling up the DagBag from /opt/airflow/dags/dag_with_python_dependencies.py","logger":"airflow.models.dagbag.DagBag"}
{"timestamp":"2025-05-30T17:17:07.361398","level":"info","event":"Filling up the DagBag from /opt/airflow/dags/dag_with_python_dependencies.py","logger":"airflow.models.dagbag.DagBag"}
{"timestamp":"2025-05-30T17:17:37.903803","level":"info","event":"Filling up the DagBag from /opt/airflow/dags/dag_with_python_dependencies.py","logger":"airflow.models.dagbag.DagBag"}
{"timestamp":"2025-05-30T17:18:08.462590","level":"info","event":"Filling up the DagBag from /opt/airflow/dags/dag_with_python_dependencies.py","logger":"airflow.models.dagbag.DagBag"}
{"timestamp":"2025-05-30T17:18:39.081342","level":"info","event":"Filling up the DagBag from /opt/airflow/dags/dag_with_python_dependencies.py","logger":"airflow.models.dagbag.DagBag"}
{"timestamp":"2025-05-30T17:19:09.619858","level":"info","event":"Filling up the DagBag from /opt/airflow/dags/dag_with_python_dependencies.py","logger":"airflow.models.dagbag.DagBag"}
{"timestamp":"2025-05-30T17:19:40.152750","level":"info","event":"Filling up the DagBag from /opt/airflow/dags/dag_with_python_dependencies.py","logger":"airflow.models.dagbag.DagBag"}
{"timestamp":"2025-05-30T17:20:10.686129","level":"info","event":"Filling up the DagBag from /opt/airflow/dags/dag_with_python_dependencies.py","logger":"airflow.models.dagbag.DagBag"}
{"timestamp":"2025-05-30T17:20:41.234582","level":"info","event":"Filling up the DagBag from /opt/airflow/dags/dag_with_python_dependencies.py","logger":"airflow.models.dagbag.DagBag"}
{"timestamp":"2025-05-30T17:21:11.777383","level":"info","event":"Filling up the DagBag from /opt/airflow/dags/dag_with_python_dependencies.py","logger":"airflow.models.dagbag.DagBag"}
{"timestamp":"2025-05-30T17:21:42.337342","level":"info","event":"Filling up the DagBag from /opt/airflow/dags/dag_with_python_dependencies.py","logger":"airflow.models.dagbag.DagBag"}
{"timestamp":"2025-05-30T17:22:12.889033","level":"info","event":"Filling up the DagBag from /opt/airflow/dags/dag_with_python_dependencies.py","logger":"airflow.models.dagbag.DagBag"}
{"timestamp":"2025-05-30T17:22:43.423444","level":"info","event":"Filling up the DagBag from /opt/airflow/dags/dag_with_python_dependencies.py","logger":"airflow.models.dagbag.DagBag"}
{"timestamp":"2025-05-30T17:23:13.992335","level":"info","event":"Filling up the DagBag from /opt/airflow/dags/dag_with_python_dependencies.py","logger":"airflow.models.dagbag.DagBag"}
{"timestamp":"2025-05-30T17:23:44.531301","level":"info","event":"Filling up the DagBag from /opt/airflow/dags/dag_with_python_dependencies.py","logger":"airflow.models.dagbag.DagBag"}
{"timestamp":"2025-05-30T17:24:15.088498","level":"info","event":"Filling up the DagBag from /opt/airflow/dags/dag_with_python_dependencies.py","logger":"airflow.models.dagbag.DagBag"}
{"timestamp":"2025-05-30T17:24:45.669053","level":"info","event":"Filling up the DagBag from /opt/airflow/dags/dag_with_python_dependencies.py","logger":"airflow.models.dagbag.DagBag"}
{"timestamp":"2025-05-30T17:25:16.215577","level":"info","event":"Filling up the DagBag from /opt/airflow/dags/dag_with_python_dependencies.py","logger":"airflow.models.dagbag.DagBag"}
{"timestamp":"2025-05-30T17:25:46.774236","level":"info","event":"Filling up the DagBag from /opt/airflow/dags/dag_with_python_dependencies.py","logger":"airflow.models.dagbag.DagBag"}
{"timestamp":"2025-05-30T17:26:17.312297","level":"info","event":"Filling up the DagBag from /opt/airflow/dags/dag_with_python_dependencies.py","logger":"airflow.models.dagbag.DagBag"}
{"timestamp":"2025-05-30T17:26:47.837654","level":"info","event":"Filling up the DagBag from /opt/airflow/dags/dag_with_python_dependencies.py","logger":"airflow.models.dagbag.DagBag"}
{"timestamp":"2025-05-30T17:27:18.483550","level":"info","event":"Filling up the DagBag from /opt/airflow/dags/dag_with_python_dependencies.py","logger":"airflow.models.dagbag.DagBag"}
{"timestamp":"2025-05-30T17:27:49.130004","level":"info","event":"Filling up the DagBag from /opt/airflow/dags/dag_with_python_dependencies.py","logger":"airflow.models.dagbag.DagBag"}
{"timestamp":"2025-05-30T17:28:19.765999","level":"info","event":"Filling up the DagBag from /opt/airflow/dags/dag_with_python_dependencies.py","logger":"airflow.models.dagbag.DagBag"}
{"timestamp":"2025-05-30T17:28:50.385213","level":"info","event":"Filling up the DagBag from /opt/airflow/dags/dag_with_python_dependencies.py","logger":"airflow.models.dagbag.DagBag"}
{"timestamp":"2025-05-30T17:29:20.976025","level":"info","event":"Filling up the DagBag from /opt/airflow/dags/dag_with_python_dependencies.py","logger":"airflow.models.dagbag.DagBag"}
{"timestamp":"2025-05-30T17:29:51.617336","level":"info","event":"Filling up the DagBag from /opt/airflow/dags/dag_with_python_dependencies.py","logger":"airflow.models.dagbag.DagBag"}
{"timestamp":"2025-05-30T17:30:22.236437","level":"info","event":"Filling up the DagBag from /opt/airflow/dags/dag_with_python_dependencies.py","logger":"airflow.models.dagbag.DagBag"}
{"timestamp":"2025-05-30T17:30:53.070902","level":"info","event":"Filling up the DagBag from /opt/airflow/dags/dag_with_python_dependencies.py","logger":"airflow.models.dagbag.DagBag"}
{"timestamp":"2025-05-30T17:31:23.203674","level":"info","event":"Filling up the DagBag from /opt/airflow/dags/dag_with_python_dependencies.py","logger":"airflow.models.dagbag.DagBag"}
{"timestamp":"2025-05-30T17:31:54.098130","level":"info","event":"Filling up the DagBag from /opt/airflow/dags/dag_with_python_dependencies.py","logger":"airflow.models.dagbag.DagBag"}
{"timestamp":"2025-05-30T17:32:24.977582","level":"info","event":"Filling up the DagBag from /opt/airflow/dags/dag_with_python_dependencies.py","logger":"airflow.models.dagbag.DagBag"}
{"timestamp":"2025-05-30T17:32:55.695029","level":"info","event":"Filling up the DagBag from /opt/airflow/dags/dag_with_python_dependencies.py","logger":"airflow.models.dagbag.DagBag"}
{"timestamp":"2025-05-30T17:33:26.407967","level":"info","event":"Filling up the DagBag from /opt/airflow/dags/dag_with_python_dependencies.py","logger":"airflow.models.dagbag.DagBag"}
{"timestamp":"2025-05-30T17:33:57.116715","level":"info","event":"Filling up the DagBag from /opt/airflow/dags/dag_with_python_dependencies.py","logger":"airflow.models.dagbag.DagBag"}
{"timestamp":"2025-05-30T17:34:27.794790","level":"info","event":"Filling up the DagBag from /opt/airflow/dags/dag_with_python_dependencies.py","logger":"airflow.models.dagbag.DagBag"}
{"timestamp":"2025-05-30T17:34:58.509308","level":"info","event":"Filling up the DagBag from /opt/airflow/dags/dag_with_python_dependencies.py","logger":"airflow.models.dagbag.DagBag"}
{"timestamp":"2025-05-30T17:35:29.226446","level":"info","event":"Filling up the DagBag from /opt/airflow/dags/dag_with_python_dependencies.py","logger":"airflow.models.dagbag.DagBag"}
{"timestamp":"2025-05-30T17:35:59.950706","level":"info","event":"Filling up the DagBag from /opt/airflow/dags/dag_with_python_dependencies.py","logger":"airflow.models.dagbag.DagBag"}
{"timestamp":"2025-05-30T17:36:30.652725","level":"info","event":"Filling up the DagBag from /opt/airflow/dags/dag_with_python_dependencies.py","logger":"airflow.models.dagbag.DagBag"}
{"timestamp":"2025-05-30T17:37:01.401714","level":"info","event":"Filling up the DagBag from /opt/airflow/dags/dag_with_python_dependencies.py","logger":"airflow.models.dagbag.DagBag"}
{"timestamp":"2025-05-30T17:37:32.145648","level":"info","event":"Filling up the DagBag from /opt/airflow/dags/dag_with_python_dependencies.py","logger":"airflow.models.dagbag.DagBag"}
{"timestamp":"2025-05-30T17:38:02.906782","level":"info","event":"Filling up the DagBag from /opt/airflow/dags/dag_with_python_dependencies.py","logger":"airflow.models.dagbag.DagBag"}
{"timestamp":"2025-05-30T17:38:33.674629","level":"info","event":"Filling up the DagBag from /opt/airflow/dags/dag_with_python_dependencies.py","logger":"airflow.models.dagbag.DagBag"}
{"timestamp":"2025-05-30T17:39:04.390661","level":"info","event":"Filling up the DagBag from /opt/airflow/dags/dag_with_python_dependencies.py","logger":"airflow.models.dagbag.DagBag"}
{"timestamp":"2025-05-30T17:39:35.070561","level":"info","event":"Filling up the DagBag from /opt/airflow/dags/dag_with_python_dependencies.py","logger":"airflow.models.dagbag.DagBag"}
{"timestamp":"2025-05-30T17:40:05.789009","level":"info","event":"Filling up the DagBag from /opt/airflow/dags/dag_with_python_dependencies.py","logger":"airflow.models.dagbag.DagBag"}
{"timestamp":"2025-05-30T17:40:36.460697","level":"info","event":"Filling up the DagBag from /opt/airflow/dags/dag_with_python_dependencies.py","logger":"airflow.models.dagbag.DagBag"}
{"timestamp":"2025-05-30T17:41:07.133689","level":"info","event":"Filling up the DagBag from /opt/airflow/dags/dag_with_python_dependencies.py","logger":"airflow.models.dagbag.DagBag"}
{"timestamp":"2025-05-30T17:41:37.805070","level":"info","event":"Filling up the DagBag from /opt/airflow/dags/dag_with_python_dependencies.py","logger":"airflow.models.dagbag.DagBag"}
{"timestamp":"2025-05-30T17:42:08.521164","level":"info","event":"Filling up the DagBag from /opt/airflow/dags/dag_with_python_dependencies.py","logger":"airflow.models.dagbag.DagBag"}
{"timestamp":"2025-05-30T17:42:39.217143","level":"info","event":"Filling up the DagBag from /opt/airflow/dags/dag_with_python_dependencies.py","logger":"airflow.models.dagbag.DagBag"}
{"timestamp":"2025-05-30T17:43:09.971492","level":"info","event":"Filling up the DagBag from /opt/airflow/dags/dag_with_python_dependencies.py","logger":"airflow.models.dagbag.DagBag"}
{"timestamp":"2025-05-30T17:43:40.675832","level":"info","event":"Filling up the DagBag from /opt/airflow/dags/dag_with_python_dependencies.py","logger":"airflow.models.dagbag.DagBag"}
{"timestamp":"2025-05-30T17:44:11.393031","level":"info","event":"Filling up the DagBag from /opt/airflow/dags/dag_with_python_dependencies.py","logger":"airflow.models.dagbag.DagBag"}
{"timestamp":"2025-05-30T17:44:42.088659","level":"info","event":"Filling up the DagBag from /opt/airflow/dags/dag_with_python_dependencies.py","logger":"airflow.models.dagbag.DagBag"}
{"timestamp":"2025-05-30T17:45:12.214286","level":"info","event":"Filling up the DagBag from /opt/airflow/dags/dag_with_python_dependencies.py","logger":"airflow.models.dagbag.DagBag"}
{"timestamp":"2025-05-30T17:45:43.191827","level":"info","event":"Filling up the DagBag from /opt/airflow/dags/dag_with_python_dependencies.py","logger":"airflow.models.dagbag.DagBag"}
{"timestamp":"2025-05-30T17:46:14.055147","level":"info","event":"Filling up the DagBag from /opt/airflow/dags/dag_with_python_dependencies.py","logger":"airflow.models.dagbag.DagBag"}
{"timestamp":"2025-05-30T17:46:44.894100","level":"info","event":"Filling up the DagBag from /opt/airflow/dags/dag_with_python_dependencies.py","logger":"airflow.models.dagbag.DagBag"}
{"timestamp":"2025-05-30T17:47:15.737603","level":"info","event":"Filling up the DagBag from /opt/airflow/dags/dag_with_python_dependencies.py","logger":"airflow.models.dagbag.DagBag"}
{"timestamp":"2025-05-30T17:47:46.632042","level":"info","event":"Filling up the DagBag from /opt/airflow/dags/dag_with_python_dependencies.py","logger":"airflow.models.dagbag.DagBag"}
{"timestamp":"2025-05-30T17:48:17.489255","level":"info","event":"Filling up the DagBag from /opt/airflow/dags/dag_with_python_dependencies.py","logger":"airflow.models.dagbag.DagBag"}
{"timestamp":"2025-05-30T17:48:48.329464","level":"info","event":"Filling up the DagBag from /opt/airflow/dags/dag_with_python_dependencies.py","logger":"airflow.models.dagbag.DagBag"}
{"timestamp":"2025-05-30T17:49:19.238859","level":"info","event":"Filling up the DagBag from /opt/airflow/dags/dag_with_python_dependencies.py","logger":"airflow.models.dagbag.DagBag"}
{"timestamp":"2025-05-30T17:49:50.087198","level":"info","event":"Filling up the DagBag from /opt/airflow/dags/dag_with_python_dependencies.py","logger":"airflow.models.dagbag.DagBag"}
{"timestamp":"2025-05-30T17:50:20.933892","level":"info","event":"Filling up the DagBag from /opt/airflow/dags/dag_with_python_dependencies.py","logger":"airflow.models.dagbag.DagBag"}
{"timestamp":"2025-05-30T17:50:51.773862","level":"info","event":"Filling up the DagBag from /opt/airflow/dags/dag_with_python_dependencies.py","logger":"airflow.models.dagbag.DagBag"}
{"timestamp":"2025-05-30T17:51:22.618781","level":"info","event":"Filling up the DagBag from /opt/airflow/dags/dag_with_python_dependencies.py","logger":"airflow.models.dagbag.DagBag"}
{"timestamp":"2025-05-30T17:51:53.539911","level":"info","event":"Filling up the DagBag from /opt/airflow/dags/dag_with_python_dependencies.py","logger":"airflow.models.dagbag.DagBag"}
{"timestamp":"2025-05-30T17:52:24.414464","level":"info","event":"Filling up the DagBag from /opt/airflow/dags/dag_with_python_dependencies.py","logger":"airflow.models.dagbag.DagBag"}
{"timestamp":"2025-05-30T17:52:55.272730","level":"info","event":"Filling up the DagBag from /opt/airflow/dags/dag_with_python_dependencies.py","logger":"airflow.models.dagbag.DagBag"}
{"timestamp":"2025-05-30T17:53:26.114269","level":"info","event":"Filling up the DagBag from /opt/airflow/dags/dag_with_python_dependencies.py","logger":"airflow.models.dagbag.DagBag"}
{"timestamp":"2025-05-30T17:53:57.137083","level":"info","event":"Filling up the DagBag from /opt/airflow/dags/dag_with_python_dependencies.py","logger":"airflow.models.dagbag.DagBag"}
{"timestamp":"2025-05-30T17:54:27.277923","level":"info","event":"Filling up the DagBag from /opt/airflow/dags/dag_with_python_dependencies.py","logger":"airflow.models.dagbag.DagBag"}
{"timestamp":"2025-05-30T17:54:57.472091","level":"info","event":"Filling up the DagBag from /opt/airflow/dags/dag_with_python_dependencies.py","logger":"airflow.models.dagbag.DagBag"}
{"timestamp":"2025-05-30T17:55:28.494682","level":"info","event":"Filling up the DagBag from /opt/airflow/dags/dag_with_python_dependencies.py","logger":"airflow.models.dagbag.DagBag"}
{"timestamp":"2025-05-30T17:55:59.364174","level":"info","event":"Filling up the DagBag from /opt/airflow/dags/dag_with_python_dependencies.py","logger":"airflow.models.dagbag.DagBag"}
{"timestamp":"2025-05-30T17:56:30.059169","level":"info","event":"Filling up the DagBag from /opt/airflow/dags/dag_with_python_dependencies.py","logger":"airflow.models.dagbag.DagBag"}
{"timestamp":"2025-05-30T17:57:00.791319","level":"info","event":"Filling up the DagBag from /opt/airflow/dags/dag_with_python_dependencies.py","logger":"airflow.models.dagbag.DagBag"}
{"timestamp":"2025-05-30T17:57:31.503080","level":"info","event":"Filling up the DagBag from /opt/airflow/dags/dag_with_python_dependencies.py","logger":"airflow.models.dagbag.DagBag"}
{"timestamp":"2025-05-30T17:58:02.242594","level":"info","event":"Filling up the DagBag from /opt/airflow/dags/dag_with_python_dependencies.py","logger":"airflow.models.dagbag.DagBag"}
{"timestamp":"2025-05-30T17:58:32.925341","level":"info","event":"Filling up the DagBag from /opt/airflow/dags/dag_with_python_dependencies.py","logger":"airflow.models.dagbag.DagBag"}
{"timestamp":"2025-05-30T17:59:03.654897","level":"info","event":"Filling up the DagBag from /opt/airflow/dags/dag_with_python_dependencies.py","logger":"airflow.models.dagbag.DagBag"}
{"timestamp":"2025-05-30T17:59:34.349269","level":"info","event":"Filling up the DagBag from /opt/airflow/dags/dag_with_python_dependencies.py","logger":"airflow.models.dagbag.DagBag"}
{"timestamp":"2025-05-30T18:00:05.029474","level":"info","event":"Filling up the DagBag from /opt/airflow/dags/dag_with_python_dependencies.py","logger":"airflow.models.dagbag.DagBag"}
{"timestamp":"2025-05-30T18:00:35.780228","level":"info","event":"Filling up the DagBag from /opt/airflow/dags/dag_with_python_dependencies.py","logger":"airflow.models.dagbag.DagBag"}
{"timestamp":"2025-05-30T18:01:06.501304","level":"info","event":"Filling up the DagBag from /opt/airflow/dags/dag_with_python_dependencies.py","logger":"airflow.models.dagbag.DagBag"}
{"timestamp":"2025-05-30T18:01:37.198050","level":"info","event":"Filling up the DagBag from /opt/airflow/dags/dag_with_python_dependencies.py","logger":"airflow.models.dagbag.DagBag"}
{"timestamp":"2025-05-30T18:02:07.916003","level":"info","event":"Filling up the DagBag from /opt/airflow/dags/dag_with_python_dependencies.py","logger":"airflow.models.dagbag.DagBag"}
{"timestamp":"2025-05-30T18:02:38.619482","level":"info","event":"Filling up the DagBag from /opt/airflow/dags/dag_with_python_dependencies.py","logger":"airflow.models.dagbag.DagBag"}
{"timestamp":"2025-05-30T18:03:09.355091","level":"info","event":"Filling up the DagBag from /opt/airflow/dags/dag_with_python_dependencies.py","logger":"airflow.models.dagbag.DagBag"}
{"timestamp":"2025-05-30T18:03:40.084191","level":"info","event":"Filling up the DagBag from /opt/airflow/dags/dag_with_python_dependencies.py","logger":"airflow.models.dagbag.DagBag"}
{"timestamp":"2025-05-30T18:04:10.806355","level":"info","event":"Filling up the DagBag from /opt/airflow/dags/dag_with_python_dependencies.py","logger":"airflow.models.dagbag.DagBag"}
{"timestamp":"2025-05-30T18:04:41.513054","level":"info","event":"Filling up the DagBag from /opt/airflow/dags/dag_with_python_dependencies.py","logger":"airflow.models.dagbag.DagBag"}
{"timestamp":"2025-05-30T18:05:12.254165","level":"info","event":"Filling up the DagBag from /opt/airflow/dags/dag_with_python_dependencies.py","logger":"airflow.models.dagbag.DagBag"}
{"timestamp":"2025-05-30T18:05:42.944833","level":"info","event":"Filling up the DagBag from /opt/airflow/dags/dag_with_python_dependencies.py","logger":"airflow.models.dagbag.DagBag"}
{"timestamp":"2025-05-30T18:06:13.674063","level":"info","event":"Filling up the DagBag from /opt/airflow/dags/dag_with_python_dependencies.py","logger":"airflow.models.dagbag.DagBag"}
{"timestamp":"2025-05-30T18:06:44.387257","level":"info","event":"Filling up the DagBag from /opt/airflow/dags/dag_with_python_dependencies.py","logger":"airflow.models.dagbag.DagBag"}
{"timestamp":"2025-05-30T18:07:15.103531","level":"info","event":"Filling up the DagBag from /opt/airflow/dags/dag_with_python_dependencies.py","logger":"airflow.models.dagbag.DagBag"}
{"timestamp":"2025-05-30T18:07:45.867433","level":"info","event":"Filling up the DagBag from /opt/airflow/dags/dag_with_python_dependencies.py","logger":"airflow.models.dagbag.DagBag"}
{"timestamp":"2025-05-30T18:08:16.592319","level":"info","event":"Filling up the DagBag from /opt/airflow/dags/dag_with_python_dependencies.py","logger":"airflow.models.dagbag.DagBag"}
{"timestamp":"2025-05-30T18:08:47.313720","level":"info","event":"Filling up the DagBag from /opt/airflow/dags/dag_with_python_dependencies.py","logger":"airflow.models.dagbag.DagBag"}
{"timestamp":"2025-05-30T18:09:18.041308","level":"info","event":"Filling up the DagBag from /opt/airflow/dags/dag_with_python_dependencies.py","logger":"airflow.models.dagbag.DagBag"}
{"timestamp":"2025-05-30T18:09:48.744248","level":"info","event":"Filling up the DagBag from /opt/airflow/dags/dag_with_python_dependencies.py","logger":"airflow.models.dagbag.DagBag"}
{"timestamp":"2025-05-30T18:10:19.479316","level":"info","event":"Filling up the DagBag from /opt/airflow/dags/dag_with_python_dependencies.py","logger":"airflow.models.dagbag.DagBag"}
{"timestamp":"2025-05-30T18:10:50.237303","level":"info","event":"Filling up the DagBag from /opt/airflow/dags/dag_with_python_dependencies.py","logger":"airflow.models.dagbag.DagBag"}
{"timestamp":"2025-05-30T18:11:21.040604","level":"info","event":"Filling up the DagBag from /opt/airflow/dags/dag_with_python_dependencies.py","logger":"airflow.models.dagbag.DagBag"}
{"timestamp":"2025-05-30T18:11:51.780178","level":"info","event":"Filling up the DagBag from /opt/airflow/dags/dag_with_python_dependencies.py","logger":"airflow.models.dagbag.DagBag"}
{"timestamp":"2025-05-30T18:12:22.486592","level":"info","event":"Filling up the DagBag from /opt/airflow/dags/dag_with_python_dependencies.py","logger":"airflow.models.dagbag.DagBag"}
{"timestamp":"2025-05-30T18:12:53.213878","level":"info","event":"Filling up the DagBag from /opt/airflow/dags/dag_with_python_dependencies.py","logger":"airflow.models.dagbag.DagBag"}
{"timestamp":"2025-05-30T18:13:23.937659","level":"info","event":"Filling up the DagBag from /opt/airflow/dags/dag_with_python_dependencies.py","logger":"airflow.models.dagbag.DagBag"}
{"timestamp":"2025-05-30T18:13:54.660995","level":"info","event":"Filling up the DagBag from /opt/airflow/dags/dag_with_python_dependencies.py","logger":"airflow.models.dagbag.DagBag"}
{"timestamp":"2025-05-30T18:14:25.391950","level":"info","event":"Filling up the DagBag from /opt/airflow/dags/dag_with_python_dependencies.py","logger":"airflow.models.dagbag.DagBag"}
{"timestamp":"2025-05-30T18:14:56.158687","level":"info","event":"Filling up the DagBag from /opt/airflow/dags/dag_with_python_dependencies.py","logger":"airflow.models.dagbag.DagBag"}
{"timestamp":"2025-05-30T18:15:26.899993","level":"info","event":"Filling up the DagBag from /opt/airflow/dags/dag_with_python_dependencies.py","logger":"airflow.models.dagbag.DagBag"}
{"timestamp":"2025-05-30T18:15:57.668942","level":"info","event":"Filling up the DagBag from /opt/airflow/dags/dag_with_python_dependencies.py","logger":"airflow.models.dagbag.DagBag"}
{"timestamp":"2025-05-30T18:16:28.379741","level":"info","event":"Filling up the DagBag from /opt/airflow/dags/dag_with_python_dependencies.py","logger":"airflow.models.dagbag.DagBag"}
{"timestamp":"2025-05-30T18:16:59.080398","level":"info","event":"Filling up the DagBag from /opt/airflow/dags/dag_with_python_dependencies.py","logger":"airflow.models.dagbag.DagBag"}
{"timestamp":"2025-05-30T18:17:29.814388","level":"info","event":"Filling up the DagBag from /opt/airflow/dags/dag_with_python_dependencies.py","logger":"airflow.models.dagbag.DagBag"}
{"timestamp":"2025-05-30T18:18:00.655667","level":"info","event":"Filling up the DagBag from /opt/airflow/dags/dag_with_python_dependencies.py","logger":"airflow.models.dagbag.DagBag"}
{"timestamp":"2025-05-30T18:18:31.408431","level":"info","event":"Filling up the DagBag from /opt/airflow/dags/dag_with_python_dependencies.py","logger":"airflow.models.dagbag.DagBag"}
{"timestamp":"2025-05-30T18:19:02.131601","level":"info","event":"Filling up the DagBag from /opt/airflow/dags/dag_with_python_dependencies.py","logger":"airflow.models.dagbag.DagBag"}
{"timestamp":"2025-05-30T18:19:32.835191","level":"info","event":"Filling up the DagBag from /opt/airflow/dags/dag_with_python_dependencies.py","logger":"airflow.models.dagbag.DagBag"}
{"timestamp":"2025-05-30T18:20:03.583360","level":"info","event":"Filling up the DagBag from /opt/airflow/dags/dag_with_python_dependencies.py","logger":"airflow.models.dagbag.DagBag"}
{"timestamp":"2025-05-30T18:20:34.351201","level":"info","event":"Filling up the DagBag from /opt/airflow/dags/dag_with_python_dependencies.py","logger":"airflow.models.dagbag.DagBag"}
{"timestamp":"2025-05-30T18:21:05.093260","level":"info","event":"Filling up the DagBag from /opt/airflow/dags/dag_with_python_dependencies.py","logger":"airflow.models.dagbag.DagBag"}
{"timestamp":"2025-05-30T18:21:35.853611","level":"info","event":"Filling up the DagBag from /opt/airflow/dags/dag_with_python_dependencies.py","logger":"airflow.models.dagbag.DagBag"}
{"timestamp":"2025-05-30T18:22:06.623911","level":"info","event":"Filling up the DagBag from /opt/airflow/dags/dag_with_python_dependencies.py","logger":"airflow.models.dagbag.DagBag"}
{"timestamp":"2025-05-30T18:22:37.360809","level":"info","event":"Filling up the DagBag from /opt/airflow/dags/dag_with_python_dependencies.py","logger":"airflow.models.dagbag.DagBag"}
{"timestamp":"2025-05-30T18:23:08.073011","level":"info","event":"Filling up the DagBag from /opt/airflow/dags/dag_with_python_dependencies.py","logger":"airflow.models.dagbag.DagBag"}
{"timestamp":"2025-05-30T18:23:38.758265","level":"info","event":"Filling up the DagBag from /opt/airflow/dags/dag_with_python_dependencies.py","logger":"airflow.models.dagbag.DagBag"}
{"timestamp":"2025-05-30T18:24:09.472237","level":"info","event":"Filling up the DagBag from /opt/airflow/dags/dag_with_python_dependencies.py","logger":"airflow.models.dagbag.DagBag"}
{"timestamp":"2025-05-30T18:24:40.173348","level":"info","event":"Filling up the DagBag from /opt/airflow/dags/dag_with_python_dependencies.py","logger":"airflow.models.dagbag.DagBag"}
{"timestamp":"2025-05-30T18:25:10.905752","level":"info","event":"Filling up the DagBag from /opt/airflow/dags/dag_with_python_dependencies.py","logger":"airflow.models.dagbag.DagBag"}
{"timestamp":"2025-05-30T18:25:41.587005","level":"info","event":"Filling up the DagBag from /opt/airflow/dags/dag_with_python_dependencies.py","logger":"airflow.models.dagbag.DagBag"}
{"timestamp":"2025-05-30T18:26:12.294156","level":"info","event":"Filling up the DagBag from /opt/airflow/dags/dag_with_python_dependencies.py","logger":"airflow.models.dagbag.DagBag"}
{"timestamp":"2025-05-30T18:26:43.020679","level":"info","event":"Filling up the DagBag from /opt/airflow/dags/dag_with_python_dependencies.py","logger":"airflow.models.dagbag.DagBag"}
{"timestamp":"2025-05-30T18:27:13.783850","level":"info","event":"Filling up the DagBag from /opt/airflow/dags/dag_with_python_dependencies.py","logger":"airflow.models.dagbag.DagBag"}
{"timestamp":"2025-05-30T18:27:44.481565","level":"info","event":"Filling up the DagBag from /opt/airflow/dags/dag_with_python_dependencies.py","logger":"airflow.models.dagbag.DagBag"}
{"timestamp":"2025-05-30T18:28:15.220832","level":"info","event":"Filling up the DagBag from /opt/airflow/dags/dag_with_python_dependencies.py","logger":"airflow.models.dagbag.DagBag"}
{"timestamp":"2025-05-30T18:28:45.941217","level":"info","event":"Filling up the DagBag from /opt/airflow/dags/dag_with_python_dependencies.py","logger":"airflow.models.dagbag.DagBag"}
{"timestamp":"2025-05-30T18:29:16.673728","level":"info","event":"Filling up the DagBag from /opt/airflow/dags/dag_with_python_dependencies.py","logger":"airflow.models.dagbag.DagBag"}
{"timestamp":"2025-05-30T18:29:47.406218","level":"info","event":"Filling up the DagBag from /opt/airflow/dags/dag_with_python_dependencies.py","logger":"airflow.models.dagbag.DagBag"}
{"timestamp":"2025-05-30T18:30:18.106047","level":"info","event":"Filling up the DagBag from /opt/airflow/dags/dag_with_python_dependencies.py","logger":"airflow.models.dagbag.DagBag"}
{"timestamp":"2025-05-30T18:30:48.818137","level":"info","event":"Filling up the DagBag from /opt/airflow/dags/dag_with_python_dependencies.py","logger":"airflow.models.dagbag.DagBag"}
{"timestamp":"2025-05-30T18:31:19.547966","level":"info","event":"Filling up the DagBag from /opt/airflow/dags/dag_with_python_dependencies.py","logger":"airflow.models.dagbag.DagBag"}
{"timestamp":"2025-05-30T18:31:50.261083","level":"info","event":"Filling up the DagBag from /opt/airflow/dags/dag_with_python_dependencies.py","logger":"airflow.models.dagbag.DagBag"}
{"timestamp":"2025-05-30T18:32:20.981321","level":"info","event":"Filling up the DagBag from /opt/airflow/dags/dag_with_python_dependencies.py","logger":"airflow.models.dagbag.DagBag"}
{"timestamp":"2025-05-30T18:32:51.697150","level":"info","event":"Filling up the DagBag from /opt/airflow/dags/dag_with_python_dependencies.py","logger":"airflow.models.dagbag.DagBag"}
{"timestamp":"2025-05-30T18:33:22.383441","level":"info","event":"Filling up the DagBag from /opt/airflow/dags/dag_with_python_dependencies.py","logger":"airflow.models.dagbag.DagBag"}
{"timestamp":"2025-05-30T18:33:53.095297","level":"info","event":"Filling up the DagBag from /opt/airflow/dags/dag_with_python_dependencies.py","logger":"airflow.models.dagbag.DagBag"}
{"timestamp":"2025-05-30T18:34:23.767672","level":"info","event":"Filling up the DagBag from /opt/airflow/dags/dag_with_python_dependencies.py","logger":"airflow.models.dagbag.DagBag"}
{"timestamp":"2025-05-30T18:34:54.506835","level":"info","event":"Filling up the DagBag from /opt/airflow/dags/dag_with_python_dependencies.py","logger":"airflow.models.dagbag.DagBag"}
{"timestamp":"2025-05-30T18:35:25.211868","level":"info","event":"Filling up the DagBag from /opt/airflow/dags/dag_with_python_dependencies.py","logger":"airflow.models.dagbag.DagBag"}
{"timestamp":"2025-05-30T18:35:55.946730","level":"info","event":"Filling up the DagBag from /opt/airflow/dags/dag_with_python_dependencies.py","logger":"airflow.models.dagbag.DagBag"}
{"timestamp":"2025-05-30T18:36:26.707970","level":"info","event":"Filling up the DagBag from /opt/airflow/dags/dag_with_python_dependencies.py","logger":"airflow.models.dagbag.DagBag"}
{"timestamp":"2025-05-30T18:36:57.413316","level":"info","event":"Filling up the DagBag from /opt/airflow/dags/dag_with_python_dependencies.py","logger":"airflow.models.dagbag.DagBag"}
{"timestamp":"2025-05-30T18:37:28.158031","level":"info","event":"Filling up the DagBag from /opt/airflow/dags/dag_with_python_dependencies.py","logger":"airflow.models.dagbag.DagBag"}
{"timestamp":"2025-05-30T18:37:58.943948","level":"info","event":"Filling up the DagBag from /opt/airflow/dags/dag_with_python_dependencies.py","logger":"airflow.models.dagbag.DagBag"}
{"timestamp":"2025-05-30T18:38:29.655278","level":"info","event":"Filling up the DagBag from /opt/airflow/dags/dag_with_python_dependencies.py","logger":"airflow.models.dagbag.DagBag"}
{"timestamp":"2025-05-30T18:39:00.372417","level":"info","event":"Filling up the DagBag from /opt/airflow/dags/dag_with_python_dependencies.py","logger":"airflow.models.dagbag.DagBag"}
{"timestamp":"2025-05-30T18:39:31.051612","level":"info","event":"Filling up the DagBag from /opt/airflow/dags/dag_with_python_dependencies.py","logger":"airflow.models.dagbag.DagBag"}
{"timestamp":"2025-05-30T18:40:01.753533","level":"info","event":"Filling up the DagBag from /opt/airflow/dags/dag_with_python_dependencies.py","logger":"airflow.models.dagbag.DagBag"}
{"timestamp":"2025-05-30T18:40:32.460319","level":"info","event":"Filling up the DagBag from /opt/airflow/dags/dag_with_python_dependencies.py","logger":"airflow.models.dagbag.DagBag"}
{"timestamp":"2025-05-30T18:41:03.160955","level":"info","event":"Filling up the DagBag from /opt/airflow/dags/dag_with_python_dependencies.py","logger":"airflow.models.dagbag.DagBag"}
{"timestamp":"2025-05-30T18:41:33.888107","level":"info","event":"Filling up the DagBag from /opt/airflow/dags/dag_with_python_dependencies.py","logger":"airflow.models.dagbag.DagBag"}
{"timestamp":"2025-05-30T18:42:04.647423","level":"info","event":"Filling up the DagBag from /opt/airflow/dags/dag_with_python_dependencies.py","logger":"airflow.models.dagbag.DagBag"}
{"timestamp":"2025-05-30T18:42:35.343245","level":"info","event":"Filling up the DagBag from /opt/airflow/dags/dag_with_python_dependencies.py","logger":"airflow.models.dagbag.DagBag"}
{"timestamp":"2025-05-30T18:43:06.144411","level":"info","event":"Filling up the DagBag from /opt/airflow/dags/dag_with_python_dependencies.py","logger":"airflow.models.dagbag.DagBag"}
{"timestamp":"2025-05-30T18:43:36.985850","level":"info","event":"Filling up the DagBag from /opt/airflow/dags/dag_with_python_dependencies.py","logger":"airflow.models.dagbag.DagBag"}
{"timestamp":"2025-05-30T18:44:07.760852","level":"info","event":"Filling up the DagBag from /opt/airflow/dags/dag_with_python_dependencies.py","logger":"airflow.models.dagbag.DagBag"}
{"timestamp":"2025-05-30T18:44:37.842065","level":"info","event":"Filling up the DagBag from /opt/airflow/dags/dag_with_python_dependencies.py","logger":"airflow.models.dagbag.DagBag"}
{"timestamp":"2025-05-30T18:45:08.670043","level":"info","event":"Filling up the DagBag from /opt/airflow/dags/dag_with_python_dependencies.py","logger":"airflow.models.dagbag.DagBag"}
{"timestamp":"2025-05-30T18:45:39.555085","level":"info","event":"Filling up the DagBag from /opt/airflow/dags/dag_with_python_dependencies.py","logger":"airflow.models.dagbag.DagBag"}
{"timestamp":"2025-05-30T18:46:10.246426","level":"info","event":"Filling up the DagBag from /opt/airflow/dags/dag_with_python_dependencies.py","logger":"airflow.models.dagbag.DagBag"}
{"timestamp":"2025-05-30T18:46:40.985591","level":"info","event":"Filling up the DagBag from /opt/airflow/dags/dag_with_python_dependencies.py","logger":"airflow.models.dagbag.DagBag"}
{"timestamp":"2025-05-30T18:47:11.762091","level":"info","event":"Filling up the DagBag from /opt/airflow/dags/dag_with_python_dependencies.py","logger":"airflow.models.dagbag.DagBag"}
{"timestamp":"2025-05-30T18:47:42.655029","level":"info","event":"Filling up the DagBag from /opt/airflow/dags/dag_with_python_dependencies.py","logger":"airflow.models.dagbag.DagBag"}
{"timestamp":"2025-05-30T18:48:13.539922","level":"info","event":"Filling up the DagBag from /opt/airflow/dags/dag_with_python_dependencies.py","logger":"airflow.models.dagbag.DagBag"}
{"timestamp":"2025-05-30T18:48:44.280504","level":"info","event":"Filling up the DagBag from /opt/airflow/dags/dag_with_python_dependencies.py","logger":"airflow.models.dagbag.DagBag"}
{"timestamp":"2025-05-30T18:49:15.123044","level":"info","event":"Filling up the DagBag from /opt/airflow/dags/dag_with_python_dependencies.py","logger":"airflow.models.dagbag.DagBag"}
{"timestamp":"2025-05-30T18:49:46.038668","level":"info","event":"Filling up the DagBag from /opt/airflow/dags/dag_with_python_dependencies.py","logger":"airflow.models.dagbag.DagBag"}
{"timestamp":"2025-05-30T18:50:16.909729","level":"info","event":"Filling up the DagBag from /opt/airflow/dags/dag_with_python_dependencies.py","logger":"airflow.models.dagbag.DagBag"}
{"timestamp":"2025-05-30T18:50:47.788012","level":"info","event":"Filling up the DagBag from /opt/airflow/dags/dag_with_python_dependencies.py","logger":"airflow.models.dagbag.DagBag"}
{"timestamp":"2025-05-30T18:51:18.595095","level":"info","event":"Filling up the DagBag from /opt/airflow/dags/dag_with_python_dependencies.py","logger":"airflow.models.dagbag.DagBag"}
{"timestamp":"2025-05-30T18:51:49.452169","level":"info","event":"Filling up the DagBag from /opt/airflow/dags/dag_with_python_dependencies.py","logger":"airflow.models.dagbag.DagBag"}
{"timestamp":"2025-05-30T18:52:20.294618","level":"info","event":"Filling up the DagBag from /opt/airflow/dags/dag_with_python_dependencies.py","logger":"airflow.models.dagbag.DagBag"}
{"timestamp":"2025-05-30T18:52:51.234964","level":"info","event":"Filling up the DagBag from /opt/airflow/dags/dag_with_python_dependencies.py","logger":"airflow.models.dagbag.DagBag"}
{"timestamp":"2025-05-30T18:53:22.099413","level":"info","event":"Filling up the DagBag from /opt/airflow/dags/dag_with_python_dependencies.py","logger":"airflow.models.dagbag.DagBag"}
{"timestamp":"2025-05-30T18:53:53.039370","level":"info","event":"Filling up the DagBag from /opt/airflow/dags/dag_with_python_dependencies.py","logger":"airflow.models.dagbag.DagBag"}
{"timestamp":"2025-05-30T18:54:23.970160","level":"info","event":"Filling up the DagBag from /opt/airflow/dags/dag_with_python_dependencies.py","logger":"airflow.models.dagbag.DagBag"}
{"timestamp":"2025-05-30T18:54:54.772250","level":"info","event":"Filling up the DagBag from /opt/airflow/dags/dag_with_python_dependencies.py","logger":"airflow.models.dagbag.DagBag"}
{"timestamp":"2025-05-30T18:55:25.743976","level":"info","event":"Filling up the DagBag from /opt/airflow/dags/dag_with_python_dependencies.py","logger":"airflow.models.dagbag.DagBag"}
{"timestamp":"2025-05-30T18:55:56.531443","level":"info","event":"Filling up the DagBag from /opt/airflow/dags/dag_with_python_dependencies.py","logger":"airflow.models.dagbag.DagBag"}
{"timestamp":"2025-05-30T18:56:27.377051","level":"info","event":"Filling up the DagBag from /opt/airflow/dags/dag_with_python_dependencies.py","logger":"airflow.models.dagbag.DagBag"}
{"timestamp":"2025-05-30T18:56:58.146816","level":"info","event":"Filling up the DagBag from /opt/airflow/dags/dag_with_python_dependencies.py","logger":"airflow.models.dagbag.DagBag"}
{"timestamp":"2025-05-30T18:57:29.102480","level":"info","event":"Filling up the DagBag from /opt/airflow/dags/dag_with_python_dependencies.py","logger":"airflow.models.dagbag.DagBag"}
{"timestamp":"2025-05-30T18:57:59.196572","level":"info","event":"Filling up the DagBag from /opt/airflow/dags/dag_with_python_dependencies.py","logger":"airflow.models.dagbag.DagBag"}
{"timestamp":"2025-05-30T18:58:30.141571","level":"info","event":"Filling up the DagBag from /opt/airflow/dags/dag_with_python_dependencies.py","logger":"airflow.models.dagbag.DagBag"}
{"timestamp":"2025-05-30T18:59:00.989536","level":"info","event":"Filling up the DagBag from /opt/airflow/dags/dag_with_python_dependencies.py","logger":"airflow.models.dagbag.DagBag"}
{"timestamp":"2025-05-30T18:59:31.777840","level":"info","event":"Filling up the DagBag from /opt/airflow/dags/dag_with_python_dependencies.py","logger":"airflow.models.dagbag.DagBag"}
{"timestamp":"2025-05-30T19:00:02.573432","level":"info","event":"Filling up the DagBag from /opt/airflow/dags/dag_with_python_dependencies.py","logger":"airflow.models.dagbag.DagBag"}
{"timestamp":"2025-05-30T19:00:32.727305","level":"info","event":"Filling up the DagBag from /opt/airflow/dags/dag_with_python_dependencies.py","logger":"airflow.models.dagbag.DagBag"}
{"timestamp":"2025-05-30T19:01:03.674720","level":"info","event":"Filling up the DagBag from /opt/airflow/dags/dag_with_python_dependencies.py","logger":"airflow.models.dagbag.DagBag"}
{"timestamp":"2025-05-30T19:01:33.786638","level":"info","event":"Filling up the DagBag from /opt/airflow/dags/dag_with_python_dependencies.py","logger":"airflow.models.dagbag.DagBag"}
{"timestamp":"2025-05-30T19:02:03.893659","level":"info","event":"Filling up the DagBag from /opt/airflow/dags/dag_with_python_dependencies.py","logger":"airflow.models.dagbag.DagBag"}
{"timestamp":"2025-05-30T19:02:34.009894","level":"info","event":"Filling up the DagBag from /opt/airflow/dags/dag_with_python_dependencies.py","logger":"airflow.models.dagbag.DagBag"}
{"timestamp":"2025-05-30T19:03:04.094811","level":"info","event":"Filling up the DagBag from /opt/airflow/dags/dag_with_python_dependencies.py","logger":"airflow.models.dagbag.DagBag"}
{"timestamp":"2025-05-30T19:03:34.272863","level":"info","event":"Filling up the DagBag from /opt/airflow/dags/dag_with_python_dependencies.py","logger":"airflow.models.dagbag.DagBag"}
{"timestamp":"2025-05-30T19:04:05.281370","level":"info","event":"Filling up the DagBag from /opt/airflow/dags/dag_with_python_dependencies.py","logger":"airflow.models.dagbag.DagBag"}
{"timestamp":"2025-05-30T19:04:36.243586","level":"info","event":"Filling up the DagBag from /opt/airflow/dags/dag_with_python_dependencies.py","logger":"airflow.models.dagbag.DagBag"}
{"timestamp":"2025-05-30T19:05:06.386260","level":"info","event":"Filling up the DagBag from /opt/airflow/dags/dag_with_python_dependencies.py","logger":"airflow.models.dagbag.DagBag"}
{"timestamp":"2025-05-30T19:05:36.544119","level":"info","event":"Filling up the DagBag from /opt/airflow/dags/dag_with_python_dependencies.py","logger":"airflow.models.dagbag.DagBag"}
{"timestamp":"2025-05-30T19:06:06.763236","level":"info","event":"Filling up the DagBag from /opt/airflow/dags/dag_with_python_dependencies.py","logger":"airflow.models.dagbag.DagBag"}
{"timestamp":"2025-05-30T19:06:36.848153","level":"info","event":"Filling up the DagBag from /opt/airflow/dags/dag_with_python_dependencies.py","logger":"airflow.models.dagbag.DagBag"}
{"timestamp":"2025-05-30T19:07:07.040377","level":"info","event":"Filling up the DagBag from /opt/airflow/dags/dag_with_python_dependencies.py","logger":"airflow.models.dagbag.DagBag"}
{"timestamp":"2025-05-30T19:07:38.009452","level":"info","event":"Filling up the DagBag from /opt/airflow/dags/dag_with_python_dependencies.py","logger":"airflow.models.dagbag.DagBag"}
{"timestamp":"2025-05-30T19:08:08.133556","level":"info","event":"Filling up the DagBag from /opt/airflow/dags/dag_with_python_dependencies.py","logger":"airflow.models.dagbag.DagBag"}
{"timestamp":"2025-05-30T19:08:39.129156","level":"info","event":"Filling up the DagBag from /opt/airflow/dags/dag_with_python_dependencies.py","logger":"airflow.models.dagbag.DagBag"}
{"timestamp":"2025-05-30T19:09:10.061320","level":"info","event":"Filling up the DagBag from /opt/airflow/dags/dag_with_python_dependencies.py","logger":"airflow.models.dagbag.DagBag"}
{"timestamp":"2025-05-30T19:09:41.031339","level":"info","event":"Filling up the DagBag from /opt/airflow/dags/dag_with_python_dependencies.py","logger":"airflow.models.dagbag.DagBag"}
{"timestamp":"2025-05-30T19:10:11.960189","level":"info","event":"Filling up the DagBag from /opt/airflow/dags/dag_with_python_dependencies.py","logger":"airflow.models.dagbag.DagBag"}
{"timestamp":"2025-05-30T19:10:42.913466","level":"info","event":"Filling up the DagBag from /opt/airflow/dags/dag_with_python_dependencies.py","logger":"airflow.models.dagbag.DagBag"}
{"timestamp":"2025-05-30T19:11:13.015754","level":"info","event":"Filling up the DagBag from /opt/airflow/dags/dag_with_python_dependencies.py","logger":"airflow.models.dagbag.DagBag"}
{"timestamp":"2025-05-30T19:11:43.089585","level":"info","event":"Filling up the DagBag from /opt/airflow/dags/dag_with_python_dependencies.py","logger":"airflow.models.dagbag.DagBag"}
{"timestamp":"2025-05-30T19:12:13.276403","level":"info","event":"Filling up the DagBag from /opt/airflow/dags/dag_with_python_dependencies.py","logger":"airflow.models.dagbag.DagBag"}
{"timestamp":"2025-05-30T19:12:43.616221","level":"info","event":"Filling up the DagBag from /opt/airflow/dags/dag_with_python_dependencies.py","logger":"airflow.models.dagbag.DagBag"}
{"timestamp":"2025-05-30T19:13:13.956037","level":"info","event":"Filling up the DagBag from /opt/airflow/dags/dag_with_python_dependencies.py","logger":"airflow.models.dagbag.DagBag"}
{"timestamp":"2025-05-30T19:13:44.920652","level":"info","event":"Filling up the DagBag from /opt/airflow/dags/dag_with_python_dependencies.py","logger":"airflow.models.dagbag.DagBag"}
{"timestamp":"2025-05-30T19:14:15.074748","level":"info","event":"Filling up the DagBag from /opt/airflow/dags/dag_with_python_dependencies.py","logger":"airflow.models.dagbag.DagBag"}
{"timestamp":"2025-05-30T19:14:45.423168","level":"info","event":"Filling up the DagBag from /opt/airflow/dags/dag_with_python_dependencies.py","logger":"airflow.models.dagbag.DagBag"}
{"timestamp":"2025-05-30T19:15:15.756613","level":"info","event":"Filling up the DagBag from /opt/airflow/dags/dag_with_python_dependencies.py","logger":"airflow.models.dagbag.DagBag"}
{"timestamp":"2025-05-30T19:15:46.622237","level":"info","event":"Filling up the DagBag from /opt/airflow/dags/dag_with_python_dependencies.py","logger":"airflow.models.dagbag.DagBag"}
{"timestamp":"2025-05-30T19:16:17.525327","level":"info","event":"Filling up the DagBag from /opt/airflow/dags/dag_with_python_dependencies.py","logger":"airflow.models.dagbag.DagBag"}
{"timestamp":"2025-05-30T19:16:48.336615","level":"info","event":"Filling up the DagBag from /opt/airflow/dags/dag_with_python_dependencies.py","logger":"airflow.models.dagbag.DagBag"}
{"timestamp":"2025-05-30T19:17:19.183876","level":"info","event":"Filling up the DagBag from /opt/airflow/dags/dag_with_python_dependencies.py","logger":"airflow.models.dagbag.DagBag"}
{"timestamp":"2025-05-30T19:17:50.031842","level":"info","event":"Filling up the DagBag from /opt/airflow/dags/dag_with_python_dependencies.py","logger":"airflow.models.dagbag.DagBag"}
{"timestamp":"2025-05-30T19:18:20.930794","level":"info","event":"Filling up the DagBag from /opt/airflow/dags/dag_with_python_dependencies.py","logger":"airflow.models.dagbag.DagBag"}
{"timestamp":"2025-05-30T19:18:51.790186","level":"info","event":"Filling up the DagBag from /opt/airflow/dags/dag_with_python_dependencies.py","logger":"airflow.models.dagbag.DagBag"}
{"timestamp":"2025-05-30T19:19:22.632661","level":"info","event":"Filling up the DagBag from /opt/airflow/dags/dag_with_python_dependencies.py","logger":"airflow.models.dagbag.DagBag"}
{"timestamp":"2025-05-30T19:19:53.455464","level":"info","event":"Filling up the DagBag from /opt/airflow/dags/dag_with_python_dependencies.py","logger":"airflow.models.dagbag.DagBag"}
{"timestamp":"2025-05-30T19:20:24.263079","level":"info","event":"Filling up the DagBag from /opt/airflow/dags/dag_with_python_dependencies.py","logger":"airflow.models.dagbag.DagBag"}
{"timestamp":"2025-05-30T19:20:55.079451","level":"info","event":"Filling up the DagBag from /opt/airflow/dags/dag_with_python_dependencies.py","logger":"airflow.models.dagbag.DagBag"}
{"timestamp":"2025-05-30T19:21:25.913503","level":"info","event":"Filling up the DagBag from /opt/airflow/dags/dag_with_python_dependencies.py","logger":"airflow.models.dagbag.DagBag"}
{"timestamp":"2025-05-30T19:21:56.716513","level":"info","event":"Filling up the DagBag from /opt/airflow/dags/dag_with_python_dependencies.py","logger":"airflow.models.dagbag.DagBag"}
{"timestamp":"2025-05-30T19:22:27.559694","level":"info","event":"Filling up the DagBag from /opt/airflow/dags/dag_with_python_dependencies.py","logger":"airflow.models.dagbag.DagBag"}
{"timestamp":"2025-05-30T19:22:58.360380","level":"info","event":"Filling up the DagBag from /opt/airflow/dags/dag_with_python_dependencies.py","logger":"airflow.models.dagbag.DagBag"}
{"timestamp":"2025-05-30T19:23:29.195446","level":"info","event":"Filling up the DagBag from /opt/airflow/dags/dag_with_python_dependencies.py","logger":"airflow.models.dagbag.DagBag"}
{"timestamp":"2025-05-30T19:24:00.030419","level":"info","event":"Filling up the DagBag from /opt/airflow/dags/dag_with_python_dependencies.py","logger":"airflow.models.dagbag.DagBag"}
{"timestamp":"2025-05-30T19:24:30.829409","level":"info","event":"Filling up the DagBag from /opt/airflow/dags/dag_with_python_dependencies.py","logger":"airflow.models.dagbag.DagBag"}
{"timestamp":"2025-05-30T19:25:01.671417","level":"info","event":"Filling up the DagBag from /opt/airflow/dags/dag_with_python_dependencies.py","logger":"airflow.models.dagbag.DagBag"}
{"timestamp":"2025-05-30T19:25:32.492922","level":"info","event":"Filling up the DagBag from /opt/airflow/dags/dag_with_python_dependencies.py","logger":"airflow.models.dagbag.DagBag"}
{"timestamp":"2025-05-30T19:26:03.261368","level":"info","event":"Filling up the DagBag from /opt/airflow/dags/dag_with_python_dependencies.py","logger":"airflow.models.dagbag.DagBag"}
{"timestamp":"2025-05-30T19:26:34.066088","level":"info","event":"Filling up the DagBag from /opt/airflow/dags/dag_with_python_dependencies.py","logger":"airflow.models.dagbag.DagBag"}
{"timestamp":"2025-05-30T19:27:04.852457","level":"info","event":"Filling up the DagBag from /opt/airflow/dags/dag_with_python_dependencies.py","logger":"airflow.models.dagbag.DagBag"}
{"timestamp":"2025-05-30T19:27:35.637515","level":"info","event":"Filling up the DagBag from /opt/airflow/dags/dag_with_python_dependencies.py","logger":"airflow.models.dagbag.DagBag"}
{"timestamp":"2025-05-30T19:28:06.412810","level":"info","event":"Filling up the DagBag from /opt/airflow/dags/dag_with_python_dependencies.py","logger":"airflow.models.dagbag.DagBag"}
{"timestamp":"2025-05-30T19:28:37.182643","level":"info","event":"Filling up the DagBag from /opt/airflow/dags/dag_with_python_dependencies.py","logger":"airflow.models.dagbag.DagBag"}
{"timestamp":"2025-05-30T19:29:07.969007","level":"info","event":"Filling up the DagBag from /opt/airflow/dags/dag_with_python_dependencies.py","logger":"airflow.models.dagbag.DagBag"}
{"timestamp":"2025-05-30T19:29:38.743420","level":"info","event":"Filling up the DagBag from /opt/airflow/dags/dag_with_python_dependencies.py","logger":"airflow.models.dagbag.DagBag"}
{"timestamp":"2025-05-30T19:30:09.581897","level":"info","event":"Filling up the DagBag from /opt/airflow/dags/dag_with_python_dependencies.py","logger":"airflow.models.dagbag.DagBag"}
{"timestamp":"2025-05-30T19:30:40.368196","level":"info","event":"Filling up the DagBag from /opt/airflow/dags/dag_with_python_dependencies.py","logger":"airflow.models.dagbag.DagBag"}
{"timestamp":"2025-05-30T19:31:11.188495","level":"info","event":"Filling up the DagBag from /opt/airflow/dags/dag_with_python_dependencies.py","logger":"airflow.models.dagbag.DagBag"}
{"timestamp":"2025-05-30T19:31:41.982960","level":"info","event":"Filling up the DagBag from /opt/airflow/dags/dag_with_python_dependencies.py","logger":"airflow.models.dagbag.DagBag"}
{"timestamp":"2025-05-30T19:32:12.767288","level":"info","event":"Filling up the DagBag from /opt/airflow/dags/dag_with_python_dependencies.py","logger":"airflow.models.dagbag.DagBag"}
{"timestamp":"2025-05-30T19:32:43.563185","level":"info","event":"Filling up the DagBag from /opt/airflow/dags/dag_with_python_dependencies.py","logger":"airflow.models.dagbag.DagBag"}
{"timestamp":"2025-05-30T19:33:14.407319","level":"info","event":"Filling up the DagBag from /opt/airflow/dags/dag_with_python_dependencies.py","logger":"airflow.models.dagbag.DagBag"}
{"timestamp":"2025-05-30T19:33:45.241062","level":"info","event":"Filling up the DagBag from /opt/airflow/dags/dag_with_python_dependencies.py","logger":"airflow.models.dagbag.DagBag"}
{"timestamp":"2025-05-30T19:34:16.149739","level":"info","event":"Filling up the DagBag from /opt/airflow/dags/dag_with_python_dependencies.py","logger":"airflow.models.dagbag.DagBag"}
{"timestamp":"2025-05-30T19:34:46.278529","level":"info","event":"Filling up the DagBag from /opt/airflow/dags/dag_with_python_dependencies.py","logger":"airflow.models.dagbag.DagBag"}
{"timestamp":"2025-05-30T19:35:17.192419","level":"info","event":"Filling up the DagBag from /opt/airflow/dags/dag_with_python_dependencies.py","logger":"airflow.models.dagbag.DagBag"}
{"timestamp":"2025-05-30T19:35:48.126093","level":"info","event":"Filling up the DagBag from /opt/airflow/dags/dag_with_python_dependencies.py","logger":"airflow.models.dagbag.DagBag"}
{"timestamp":"2025-05-30T19:36:18.214050","level":"info","event":"Filling up the DagBag from /opt/airflow/dags/dag_with_python_dependencies.py","logger":"airflow.models.dagbag.DagBag"}
{"timestamp":"2025-05-30T19:36:48.296864","level":"info","event":"Filling up the DagBag from /opt/airflow/dags/dag_with_python_dependencies.py","logger":"airflow.models.dagbag.DagBag"}
{"timestamp":"2025-05-30T19:37:19.330372","level":"info","event":"Filling up the DagBag from /opt/airflow/dags/dag_with_python_dependencies.py","logger":"airflow.models.dagbag.DagBag"}
{"timestamp":"2025-05-30T19:37:50.205478","level":"info","event":"Filling up the DagBag from /opt/airflow/dags/dag_with_python_dependencies.py","logger":"airflow.models.dagbag.DagBag"}
{"timestamp":"2025-05-30T19:38:21.144189","level":"info","event":"Filling up the DagBag from /opt/airflow/dags/dag_with_python_dependencies.py","logger":"airflow.models.dagbag.DagBag"}
{"timestamp":"2025-05-30T19:38:51.993825","level":"info","event":"Filling up the DagBag from /opt/airflow/dags/dag_with_python_dependencies.py","logger":"airflow.models.dagbag.DagBag"}
{"timestamp":"2025-05-30T19:39:22.983105","level":"info","event":"Filling up the DagBag from /opt/airflow/dags/dag_with_python_dependencies.py","logger":"airflow.models.dagbag.DagBag"}
{"timestamp":"2025-05-30T19:39:53.911817","level":"info","event":"Filling up the DagBag from /opt/airflow/dags/dag_with_python_dependencies.py","logger":"airflow.models.dagbag.DagBag"}
{"timestamp":"2025-05-30T19:40:24.823162","level":"info","event":"Filling up the DagBag from /opt/airflow/dags/dag_with_python_dependencies.py","logger":"airflow.models.dagbag.DagBag"}
{"timestamp":"2025-05-30T19:40:54.933558","level":"info","event":"Filling up the DagBag from /opt/airflow/dags/dag_with_python_dependencies.py","logger":"airflow.models.dagbag.DagBag"}
{"timestamp":"2025-05-30T19:41:25.835005","level":"info","event":"Filling up the DagBag from /opt/airflow/dags/dag_with_python_dependencies.py","logger":"airflow.models.dagbag.DagBag"}
{"timestamp":"2025-05-30T19:41:56.049021","level":"info","event":"Filling up the DagBag from /opt/airflow/dags/dag_with_python_dependencies.py","logger":"airflow.models.dagbag.DagBag"}
{"timestamp":"2025-05-30T19:42:26.159662","level":"info","event":"Filling up the DagBag from /opt/airflow/dags/dag_with_python_dependencies.py","logger":"airflow.models.dagbag.DagBag"}
{"timestamp":"2025-05-30T19:42:57.141225","level":"info","event":"Filling up the DagBag from /opt/airflow/dags/dag_with_python_dependencies.py","logger":"airflow.models.dagbag.DagBag"}
{"timestamp":"2025-05-30T19:43:27.259327","level":"info","event":"Filling up the DagBag from /opt/airflow/dags/dag_with_python_dependencies.py","logger":"airflow.models.dagbag.DagBag"}
{"timestamp":"2025-05-30T19:43:58.071757","level":"info","event":"Filling up the DagBag from /opt/airflow/dags/dag_with_python_dependencies.py","logger":"airflow.models.dagbag.DagBag"}
{"timestamp":"2025-05-30T19:44:28.902438","level":"info","event":"Filling up the DagBag from /opt/airflow/dags/dag_with_python_dependencies.py","logger":"airflow.models.dagbag.DagBag"}
{"timestamp":"2025-05-30T19:44:59.679467","level":"info","event":"Filling up the DagBag from /opt/airflow/dags/dag_with_python_dependencies.py","logger":"airflow.models.dagbag.DagBag"}
{"timestamp":"2025-05-30T19:45:30.415233","level":"info","event":"Filling up the DagBag from /opt/airflow/dags/dag_with_python_dependencies.py","logger":"airflow.models.dagbag.DagBag"}
{"timestamp":"2025-05-30T19:46:01.186122","level":"info","event":"Filling up the DagBag from /opt/airflow/dags/dag_with_python_dependencies.py","logger":"airflow.models.dagbag.DagBag"}
{"timestamp":"2025-05-30T19:46:31.968692","level":"info","event":"Filling up the DagBag from /opt/airflow/dags/dag_with_python_dependencies.py","logger":"airflow.models.dagbag.DagBag"}
{"timestamp":"2025-05-30T19:47:02.777306","level":"info","event":"Filling up the DagBag from /opt/airflow/dags/dag_with_python_dependencies.py","logger":"airflow.models.dagbag.DagBag"}
{"timestamp":"2025-05-30T19:47:33.533882","level":"info","event":"Filling up the DagBag from /opt/airflow/dags/dag_with_python_dependencies.py","logger":"airflow.models.dagbag.DagBag"}
{"timestamp":"2025-05-30T19:48:04.327832","level":"info","event":"Filling up the DagBag from /opt/airflow/dags/dag_with_python_dependencies.py","logger":"airflow.models.dagbag.DagBag"}
{"timestamp":"2025-05-30T19:48:35.137118","level":"info","event":"Filling up the DagBag from /opt/airflow/dags/dag_with_python_dependencies.py","logger":"airflow.models.dagbag.DagBag"}
{"timestamp":"2025-05-30T19:49:05.883029","level":"info","event":"Filling up the DagBag from /opt/airflow/dags/dag_with_python_dependencies.py","logger":"airflow.models.dagbag.DagBag"}
{"timestamp":"2025-05-30T19:49:36.637715","level":"info","event":"Filling up the DagBag from /opt/airflow/dags/dag_with_python_dependencies.py","logger":"airflow.models.dagbag.DagBag"}
{"timestamp":"2025-05-30T19:50:07.409378","level":"info","event":"Filling up the DagBag from /opt/airflow/dags/dag_with_python_dependencies.py","logger":"airflow.models.dagbag.DagBag"}
{"timestamp":"2025-05-30T19:50:38.175592","level":"info","event":"Filling up the DagBag from /opt/airflow/dags/dag_with_python_dependencies.py","logger":"airflow.models.dagbag.DagBag"}
{"timestamp":"2025-05-30T19:51:08.955630","level":"info","event":"Filling up the DagBag from /opt/airflow/dags/dag_with_python_dependencies.py","logger":"airflow.models.dagbag.DagBag"}
{"timestamp":"2025-05-30T19:51:39.724963","level":"info","event":"Filling up the DagBag from /opt/airflow/dags/dag_with_python_dependencies.py","logger":"airflow.models.dagbag.DagBag"}
{"timestamp":"2025-05-30T19:52:10.584720","level":"info","event":"Filling up the DagBag from /opt/airflow/dags/dag_with_python_dependencies.py","logger":"airflow.models.dagbag.DagBag"}
{"timestamp":"2025-05-30T19:52:41.399206","level":"info","event":"Filling up the DagBag from /opt/airflow/dags/dag_with_python_dependencies.py","logger":"airflow.models.dagbag.DagBag"}
{"timestamp":"2025-05-30T19:53:12.177287","level":"info","event":"Filling up the DagBag from /opt/airflow/dags/dag_with_python_dependencies.py","logger":"airflow.models.dagbag.DagBag"}
{"timestamp":"2025-05-30T19:53:43.050694","level":"info","event":"Filling up the DagBag from /opt/airflow/dags/dag_with_python_dependencies.py","logger":"airflow.models.dagbag.DagBag"}
{"timestamp":"2025-05-30T19:54:13.890961","level":"info","event":"Filling up the DagBag from /opt/airflow/dags/dag_with_python_dependencies.py","logger":"airflow.models.dagbag.DagBag"}
{"timestamp":"2025-05-30T19:54:44.659223","level":"info","event":"Filling up the DagBag from /opt/airflow/dags/dag_with_python_dependencies.py","logger":"airflow.models.dagbag.DagBag"}
{"timestamp":"2025-05-30T19:55:15.459516","level":"info","event":"Filling up the DagBag from /opt/airflow/dags/dag_with_python_dependencies.py","logger":"airflow.models.dagbag.DagBag"}
{"timestamp":"2025-05-30T19:55:46.251550","level":"info","event":"Filling up the DagBag from /opt/airflow/dags/dag_with_python_dependencies.py","logger":"airflow.models.dagbag.DagBag"}
{"timestamp":"2025-05-30T19:56:17.061809","level":"info","event":"Filling up the DagBag from /opt/airflow/dags/dag_with_python_dependencies.py","logger":"airflow.models.dagbag.DagBag"}
{"timestamp":"2025-05-30T19:56:47.810662","level":"info","event":"Filling up the DagBag from /opt/airflow/dags/dag_with_python_dependencies.py","logger":"airflow.models.dagbag.DagBag"}
{"timestamp":"2025-05-30T19:57:18.598194","level":"info","event":"Filling up the DagBag from /opt/airflow/dags/dag_with_python_dependencies.py","logger":"airflow.models.dagbag.DagBag"}
{"timestamp":"2025-05-30T19:57:49.370753","level":"info","event":"Filling up the DagBag from /opt/airflow/dags/dag_with_python_dependencies.py","logger":"airflow.models.dagbag.DagBag"}
{"timestamp":"2025-05-30T19:58:20.129819","level":"info","event":"Filling up the DagBag from /opt/airflow/dags/dag_with_python_dependencies.py","logger":"airflow.models.dagbag.DagBag"}
{"timestamp":"2025-05-30T19:58:50.900062","level":"info","event":"Filling up the DagBag from /opt/airflow/dags/dag_with_python_dependencies.py","logger":"airflow.models.dagbag.DagBag"}
{"timestamp":"2025-05-30T19:59:21.666830","level":"info","event":"Filling up the DagBag from /opt/airflow/dags/dag_with_python_dependencies.py","logger":"airflow.models.dagbag.DagBag"}
{"timestamp":"2025-05-30T19:59:52.389836","level":"info","event":"Filling up the DagBag from /opt/airflow/dags/dag_with_python_dependencies.py","logger":"airflow.models.dagbag.DagBag"}
{"timestamp":"2025-05-30T20:00:23.141275","level":"info","event":"Filling up the DagBag from /opt/airflow/dags/dag_with_python_dependencies.py","logger":"airflow.models.dagbag.DagBag"}
{"timestamp":"2025-05-30T20:00:53.929767","level":"info","event":"Filling up the DagBag from /opt/airflow/dags/dag_with_python_dependencies.py","logger":"airflow.models.dagbag.DagBag"}
{"timestamp":"2025-05-30T20:01:24.729449","level":"info","event":"Filling up the DagBag from /opt/airflow/dags/dag_with_python_dependencies.py","logger":"airflow.models.dagbag.DagBag"}
{"timestamp":"2025-05-30T20:01:55.516740","level":"info","event":"Filling up the DagBag from /opt/airflow/dags/dag_with_python_dependencies.py","logger":"airflow.models.dagbag.DagBag"}
{"timestamp":"2025-05-30T20:02:26.250371","level":"info","event":"Filling up the DagBag from /opt/airflow/dags/dag_with_python_dependencies.py","logger":"airflow.models.dagbag.DagBag"}
