{"timestamp":"2025-06-01T00:00:13.773696","level":"info","event":"Filling up the DagBag from /opt/airflow/dags/projeto1/projeto1.py","logger":"airflow.models.dagbag.DagBag"}
{"timestamp":"2025-06-01T00:00:45.295491","level":"info","event":"Filling up the DagBag from /opt/airflow/dags/projeto1/projeto1.py","logger":"airflow.models.dagbag.DagBag"}
{"timestamp":"2025-06-01T00:00:59.246028","level":"info","event":"Filling up the DagBag from /opt/airflow/dags/projeto1/projeto1.py","logger":"airflow.models.dagbag.DagBag"}
{"timestamp":"2025-06-01T00:00:59.778263","level":"warning","event":"invalid escape sequence '\\d'","category":"SyntaxWarning","filename":"/opt/airflow/dags/projeto1/projeto1.py","lineno":34,"logger":"py.warnings"}
{"timestamp":"2025-06-01T00:00:59.778351","level":"warning","event":"invalid escape sequence '\\D'","category":"SyntaxWarning","filename":"/opt/airflow/dags/projeto1/projeto1.py","lineno":40,"logger":"py.warnings"}
{"timestamp":"2025-06-01T00:01:00.839020","level":"info","event":"Filling up the DagBag from /opt/airflow/dags/projeto1/projeto1.py","logger":"airflow.models.dagbag.DagBag"}
{"timestamp":"2025-06-01T00:01:01.378931","level":"warning","event":"invalid escape sequence '\\d'","category":"SyntaxWarning","filename":"/opt/airflow/dags/projeto1/projeto1.py","lineno":34,"logger":"py.warnings"}
{"timestamp":"2025-06-01T00:01:01.379022","level":"warning","event":"invalid escape sequence '\\D'","category":"SyntaxWarning","filename":"/opt/airflow/dags/projeto1/projeto1.py","lineno":40,"logger":"py.warnings"}
{"timestamp":"2025-06-01T00:01:32.381503","level":"info","event":"Filling up the DagBag from /opt/airflow/dags/projeto1/projeto1.py","logger":"airflow.models.dagbag.DagBag"}
{"timestamp":"2025-06-01T00:02:03.841441","level":"info","event":"Filling up the DagBag from /opt/airflow/dags/projeto1/projeto1.py","logger":"airflow.models.dagbag.DagBag"}
{"timestamp":"2025-06-01T00:02:35.377559","level":"info","event":"Filling up the DagBag from /opt/airflow/dags/projeto1/projeto1.py","logger":"airflow.models.dagbag.DagBag"}
{"timestamp":"2025-06-01T00:03:06.862733","level":"info","event":"Filling up the DagBag from /opt/airflow/dags/projeto1/projeto1.py","logger":"airflow.models.dagbag.DagBag"}
{"timestamp":"2025-06-01T00:03:38.404541","level":"info","event":"Filling up the DagBag from /opt/airflow/dags/projeto1/projeto1.py","logger":"airflow.models.dagbag.DagBag"}
{"timestamp":"2025-06-01T00:04:09.905970","level":"info","event":"Filling up the DagBag from /opt/airflow/dags/projeto1/projeto1.py","logger":"airflow.models.dagbag.DagBag"}
{"timestamp":"2025-06-01T00:04:40.505592","level":"info","event":"Filling up the DagBag from /opt/airflow/dags/projeto1/projeto1.py","logger":"airflow.models.dagbag.DagBag"}
{"timestamp":"2025-06-01T00:05:12.097461","level":"info","event":"Filling up the DagBag from /opt/airflow/dags/projeto1/projeto1.py","logger":"airflow.models.dagbag.DagBag"}
{"timestamp":"2025-06-01T00:05:43.587085","level":"info","event":"Filling up the DagBag from /opt/airflow/dags/projeto1/projeto1.py","logger":"airflow.models.dagbag.DagBag"}
{"timestamp":"2025-06-01T00:06:15.120113","level":"info","event":"Filling up the DagBag from /opt/airflow/dags/projeto1/projeto1.py","logger":"airflow.models.dagbag.DagBag"}
{"timestamp":"2025-06-01T00:06:45.716726","level":"info","event":"Filling up the DagBag from /opt/airflow/dags/projeto1/projeto1.py","logger":"airflow.models.dagbag.DagBag"}
{"timestamp":"2025-06-01T00:07:17.188483","level":"info","event":"Filling up the DagBag from /opt/airflow/dags/projeto1/projeto1.py","logger":"airflow.models.dagbag.DagBag"}
{"timestamp":"2025-06-01T00:07:28.113959","level":"info","event":"Filling up the DagBag from /opt/airflow/dags/projeto1/projeto1.py","logger":"airflow.models.dagbag.DagBag"}
{"timestamp":"2025-06-01T00:07:28.642087","level":"warning","event":"invalid escape sequence '\\d'","category":"SyntaxWarning","filename":"/opt/airflow/dags/projeto1/projeto1.py","lineno":36,"logger":"py.warnings"}
{"timestamp":"2025-06-01T00:07:28.642180","level":"warning","event":"invalid escape sequence '\\D'","category":"SyntaxWarning","filename":"/opt/airflow/dags/projeto1/projeto1.py","lineno":42,"logger":"py.warnings"}
{"timestamp":"2025-06-01T00:07:37.125536","level":"info","event":"Filling up the DagBag from /opt/airflow/dags/projeto1/projeto1.py","logger":"airflow.models.dagbag.DagBag"}
{"timestamp":"2025-06-01T00:07:37.648554","level":"warning","event":"invalid escape sequence '\\d'","category":"SyntaxWarning","filename":"/opt/airflow/dags/projeto1/projeto1.py","lineno":36,"logger":"py.warnings"}
{"timestamp":"2025-06-01T00:07:37.648660","level":"warning","event":"invalid escape sequence '\\D'","category":"SyntaxWarning","filename":"/opt/airflow/dags/projeto1/projeto1.py","lineno":42,"logger":"py.warnings"}
{"timestamp":"2025-06-01T00:08:08.654018","level":"info","event":"Filling up the DagBag from /opt/airflow/dags/projeto1/projeto1.py","logger":"airflow.models.dagbag.DagBag"}
{"timestamp":"2025-06-01T00:08:13.410827","level":"info","event":"Filling up the DagBag from /opt/airflow/dags/projeto1/projeto1.py","logger":"airflow.models.dagbag.DagBag"}
{"timestamp":"2025-06-01T00:08:13.950247","level":"warning","event":"invalid escape sequence '\\d'","category":"SyntaxWarning","filename":"/opt/airflow/dags/projeto1/projeto1.py","lineno":36,"logger":"py.warnings"}
{"timestamp":"2025-06-01T00:08:13.950357","level":"warning","event":"invalid escape sequence '\\D'","category":"SyntaxWarning","filename":"/opt/airflow/dags/projeto1/projeto1.py","lineno":42,"logger":"py.warnings"}
{"timestamp":"2025-06-01T00:08:44.053629","level":"info","event":"Filling up the DagBag from /opt/airflow/dags/projeto1/projeto1.py","logger":"airflow.models.dagbag.DagBag"}
{"timestamp":"2025-06-01T00:09:15.524965","level":"info","event":"Filling up the DagBag from /opt/airflow/dags/projeto1/projeto1.py","logger":"airflow.models.dagbag.DagBag"}
{"timestamp":"2025-06-01T00:09:25.440184","level":"info","event":"Filling up the DagBag from /opt/airflow/dags/projeto1/projeto1.py","logger":"airflow.models.dagbag.DagBag"}
{"timestamp":"2025-06-01T00:09:26.015909","level":"warning","event":"invalid escape sequence '\\d'","category":"SyntaxWarning","filename":"/opt/airflow/dags/projeto1/projeto1.py","lineno":36,"logger":"py.warnings"}
{"timestamp":"2025-06-01T00:09:26.016005","level":"warning","event":"invalid escape sequence '\\D'","category":"SyntaxWarning","filename":"/opt/airflow/dags/projeto1/projeto1.py","lineno":42,"logger":"py.warnings"}
{"timestamp":"2025-06-01T00:09:56.115878","level":"info","event":"Filling up the DagBag from /opt/airflow/dags/projeto1/projeto1.py","logger":"airflow.models.dagbag.DagBag"}
{"timestamp":"2025-06-01T00:10:20.297686","level":"info","event":"Filling up the DagBag from /opt/airflow/dags/projeto1/projeto1.py","logger":"airflow.models.dagbag.DagBag"}
{"timestamp":"2025-06-01T00:10:20.829057","level":"warning","event":"invalid escape sequence '\\d'","category":"SyntaxWarning","filename":"/opt/airflow/dags/projeto1/projeto1.py","lineno":36,"logger":"py.warnings"}
{"timestamp":"2025-06-01T00:10:20.829147","level":"warning","event":"invalid escape sequence '\\D'","category":"SyntaxWarning","filename":"/opt/airflow/dags/projeto1/projeto1.py","lineno":42,"logger":"py.warnings"}
{"timestamp":"2025-06-01T00:10:22.044242","level":"info","event":"Filling up the DagBag from /opt/airflow/dags/projeto1/projeto1.py","logger":"airflow.models.dagbag.DagBag"}
{"timestamp":"2025-06-01T00:10:22.565858","level":"warning","event":"invalid escape sequence '\\d'","category":"SyntaxWarning","filename":"/opt/airflow/dags/projeto1/projeto1.py","lineno":36,"logger":"py.warnings"}
{"timestamp":"2025-06-01T00:10:22.565957","level":"warning","event":"invalid escape sequence '\\D'","category":"SyntaxWarning","filename":"/opt/airflow/dags/projeto1/projeto1.py","lineno":42,"logger":"py.warnings"}
{"timestamp":"2025-06-01T00:10:25.647417","level":"info","event":"Filling up the DagBag from /opt/airflow/dags/projeto1/projeto1.py","logger":"airflow.models.dagbag.DagBag"}
{"timestamp":"2025-06-01T00:10:26.178813","level":"warning","event":"invalid escape sequence '\\d'","category":"SyntaxWarning","filename":"/opt/airflow/dags/projeto1/projeto1.py","lineno":36,"logger":"py.warnings"}
{"timestamp":"2025-06-01T00:10:26.178906","level":"warning","event":"invalid escape sequence '\\D'","category":"SyntaxWarning","filename":"/opt/airflow/dags/projeto1/projeto1.py","lineno":42,"logger":"py.warnings"}
{"timestamp":"2025-06-01T00:10:29.255744","level":"info","event":"Filling up the DagBag from /opt/airflow/dags/projeto1/projeto1.py","logger":"airflow.models.dagbag.DagBag"}
{"timestamp":"2025-06-01T00:10:29.789344","level":"warning","event":"invalid escape sequence '\\d'","category":"SyntaxWarning","filename":"/opt/airflow/dags/projeto1/projeto1.py","lineno":36,"logger":"py.warnings"}
{"timestamp":"2025-06-01T00:10:29.789431","level":"warning","event":"invalid escape sequence '\\D'","category":"SyntaxWarning","filename":"/opt/airflow/dags/projeto1/projeto1.py","lineno":42,"logger":"py.warnings"}
{"timestamp":"2025-06-01T00:10:34.873432","level":"info","event":"Filling up the DagBag from /opt/airflow/dags/projeto1/projeto1.py","logger":"airflow.models.dagbag.DagBag"}
{"timestamp":"2025-06-01T00:10:35.424859","level":"warning","event":"invalid escape sequence '\\d'","category":"SyntaxWarning","filename":"/opt/airflow/dags/projeto1/projeto1.py","lineno":35,"logger":"py.warnings"}
{"timestamp":"2025-06-01T00:10:35.424950","level":"warning","event":"invalid escape sequence '\\D'","category":"SyntaxWarning","filename":"/opt/airflow/dags/projeto1/projeto1.py","lineno":41,"logger":"py.warnings"}
{"timestamp":"2025-06-01T00:10:36.513317","level":"info","event":"Filling up the DagBag from /opt/airflow/dags/projeto1/projeto1.py","logger":"airflow.models.dagbag.DagBag"}
{"timestamp":"2025-06-01T00:10:37.054424","level":"warning","event":"invalid escape sequence '\\d'","category":"SyntaxWarning","filename":"/opt/airflow/dags/projeto1/projeto1.py","lineno":34,"logger":"py.warnings"}
{"timestamp":"2025-06-01T00:10:37.054510","level":"warning","event":"invalid escape sequence '\\D'","category":"SyntaxWarning","filename":"/opt/airflow/dags/projeto1/projeto1.py","lineno":40,"logger":"py.warnings"}
{"timestamp":"2025-06-01T00:10:57.733084","level":"info","event":"Filling up the DagBag from /opt/airflow/dags/projeto1/projeto1.py","logger":"airflow.models.dagbag.DagBag"}
{"timestamp":"2025-06-01T00:10:58.272011","level":"warning","event":"invalid escape sequence '\\d'","category":"SyntaxWarning","filename":"/opt/airflow/dags/projeto1/projeto1.py","lineno":34,"logger":"py.warnings"}
{"timestamp":"2025-06-01T00:10:58.272103","level":"warning","event":"invalid escape sequence '\\D'","category":"SyntaxWarning","filename":"/opt/airflow/dags/projeto1/projeto1.py","lineno":40,"logger":"py.warnings"}
{"timestamp":"2025-06-01T00:11:01.344088","level":"info","event":"Filling up the DagBag from /opt/airflow/dags/projeto1/projeto1.py","logger":"airflow.models.dagbag.DagBag"}
{"timestamp":"2025-06-01T00:11:01.892425","level":"warning","event":"invalid escape sequence '\\d'","category":"SyntaxWarning","filename":"/opt/airflow/dags/projeto1/projeto1.py","lineno":34,"logger":"py.warnings"}
{"timestamp":"2025-06-01T00:11:01.892513","level":"warning","event":"invalid escape sequence '\\D'","category":"SyntaxWarning","filename":"/opt/airflow/dags/projeto1/projeto1.py","lineno":40,"logger":"py.warnings"}
{"timestamp":"2025-06-01T00:11:16.517808","level":"info","event":"Filling up the DagBag from /opt/airflow/dags/projeto1/projeto1.py","logger":"airflow.models.dagbag.DagBag"}
{"timestamp":"2025-06-01T00:11:17.035804","level":"warning","event":"invalid escape sequence '\\d'","category":"SyntaxWarning","filename":"/opt/airflow/dags/projeto1/projeto1.py","lineno":34,"logger":"py.warnings"}
{"timestamp":"2025-06-01T00:11:17.035900","level":"warning","event":"invalid escape sequence '\\D'","category":"SyntaxWarning","filename":"/opt/airflow/dags/projeto1/projeto1.py","lineno":40,"logger":"py.warnings"}
{"timestamp":"2025-06-01T00:11:23.430882","level":"info","event":"Filling up the DagBag from /opt/airflow/dags/projeto1/projeto1.py","logger":"airflow.models.dagbag.DagBag"}
{"timestamp":"2025-06-01T00:11:23.974595","level":"warning","event":"invalid escape sequence '\\d'","category":"SyntaxWarning","filename":"/opt/airflow/dags/projeto1/projeto1.py","lineno":34,"logger":"py.warnings"}
{"timestamp":"2025-06-01T00:11:23.974695","level":"warning","event":"invalid escape sequence '\\D'","category":"SyntaxWarning","filename":"/opt/airflow/dags/projeto1/projeto1.py","lineno":40,"logger":"py.warnings"}
{"timestamp":"2025-06-01T00:11:54.054534","level":"info","event":"Filling up the DagBag from /opt/airflow/dags/projeto1/projeto1.py","logger":"airflow.models.dagbag.DagBag"}
{"timestamp":"2025-06-01T00:12:24.679863","level":"info","event":"Filling up the DagBag from /opt/airflow/dags/projeto1/projeto1.py","logger":"airflow.models.dagbag.DagBag"}
{"timestamp":"2025-06-01T00:12:43.637752","level":"info","event":"Filling up the DagBag from /opt/airflow/dags/projeto1/projeto1.py","logger":"airflow.models.dagbag.DagBag"}
{"timestamp":"2025-06-01T00:12:44.194181","level":"warning","event":"invalid escape sequence '\\d'","category":"SyntaxWarning","filename":"/opt/airflow/dags/projeto1/projeto1.py","lineno":34,"logger":"py.warnings"}
{"timestamp":"2025-06-01T00:12:44.194276","level":"warning","event":"invalid escape sequence '\\D'","category":"SyntaxWarning","filename":"/opt/airflow/dags/projeto1/projeto1.py","lineno":40,"logger":"py.warnings"}
{"timestamp":"2025-06-01T00:13:14.281652","level":"info","event":"Filling up the DagBag from /opt/airflow/dags/projeto1/projeto1.py","logger":"airflow.models.dagbag.DagBag"}
{"timestamp":"2025-06-01T00:13:45.770186","level":"info","event":"Filling up the DagBag from /opt/airflow/dags/projeto1/projeto1.py","logger":"airflow.models.dagbag.DagBag"}
{"timestamp":"2025-06-01T00:14:17.271600","level":"info","event":"Filling up the DagBag from /opt/airflow/dags/projeto1/projeto1.py","logger":"airflow.models.dagbag.DagBag"}
{"timestamp":"2025-06-01T00:14:17.273905","level":"error","event":"Failed to import: /opt/airflow/dags/projeto1/projeto1.py","logger":"airflow.models.dagbag.DagBag","error_detail":[{"exc_type":"SyntaxError","exc_value":"invalid syntax (projeto1.py, line 75)","exc_notes":[],"syntax_error":{"offset":41,"filename":"/opt/airflow/dags/projeto1/projeto1.py","line":"    part_files = [f for f in files if f.with(\"part-\")]\n","lineno":75,"msg":"invalid syntax"},"is_cause":false,"frames":[{"filename":"/home/airflow/.local/lib/python3.12/site-packages/airflow/models/dagbag.py","lineno":382,"name":"parse"},{"filename":"<frozen importlib._bootstrap_external>","lineno":995,"name":"exec_module"},{"filename":"<frozen importlib._bootstrap_external>","lineno":1133,"name":"get_code"},{"filename":"<frozen importlib._bootstrap_external>","lineno":1063,"name":"source_to_code"},{"filename":"<frozen importlib._bootstrap>","lineno":488,"name":"_call_with_frames_removed"}]}]}
{"timestamp":"2025-06-01T00:14:17.274550","level":"warning","event":"invalid escape sequence '\\d'","category":"SyntaxWarning","filename":"/opt/airflow/dags/projeto1/projeto1.py","lineno":34,"logger":"py.warnings"}
{"timestamp":"2025-06-01T00:14:17.274648","level":"warning","event":"invalid escape sequence '\\D'","category":"SyntaxWarning","filename":"/opt/airflow/dags/projeto1/projeto1.py","lineno":40,"logger":"py.warnings"}
{"timestamp":"2025-06-01T00:14:19.335031","level":"info","event":"Filling up the DagBag from /opt/airflow/dags/projeto1/projeto1.py","logger":"airflow.models.dagbag.DagBag"}
{"timestamp":"2025-06-01T00:14:19.881367","level":"warning","event":"invalid escape sequence '\\d'","category":"SyntaxWarning","filename":"/opt/airflow/dags/projeto1/projeto1.py","lineno":34,"logger":"py.warnings"}
{"timestamp":"2025-06-01T00:14:19.881455","level":"warning","event":"invalid escape sequence '\\D'","category":"SyntaxWarning","filename":"/opt/airflow/dags/projeto1/projeto1.py","lineno":40,"logger":"py.warnings"}
{"timestamp":"2025-06-01T00:14:24.966188","level":"info","event":"Filling up the DagBag from /opt/airflow/dags/projeto1/projeto1.py","logger":"airflow.models.dagbag.DagBag"}
{"timestamp":"2025-06-01T00:14:25.538834","level":"warning","event":"invalid escape sequence '\\d'","category":"SyntaxWarning","filename":"/opt/airflow/dags/projeto1/projeto1.py","lineno":34,"logger":"py.warnings"}
{"timestamp":"2025-06-01T00:14:25.538922","level":"warning","event":"invalid escape sequence '\\D'","category":"SyntaxWarning","filename":"/opt/airflow/dags/projeto1/projeto1.py","lineno":40,"logger":"py.warnings"}
{"timestamp":"2025-06-01T00:14:27.879134","level":"info","event":"Filling up the DagBag from /opt/airflow/dags/projeto1/projeto1.py","logger":"airflow.models.dagbag.DagBag"}
{"timestamp":"2025-06-01T00:14:28.402562","level":"warning","event":"invalid escape sequence '\\d'","category":"SyntaxWarning","filename":"/opt/airflow/dags/projeto1/projeto1.py","lineno":34,"logger":"py.warnings"}
{"timestamp":"2025-06-01T00:14:28.402656","level":"warning","event":"invalid escape sequence '\\D'","category":"SyntaxWarning","filename":"/opt/airflow/dags/projeto1/projeto1.py","lineno":40,"logger":"py.warnings"}
{"timestamp":"2025-06-01T00:14:59.386180","level":"info","event":"Filling up the DagBag from /opt/airflow/dags/projeto1/projeto1.py","logger":"airflow.models.dagbag.DagBag"}
{"timestamp":"2025-06-01T00:15:11.141176","level":"info","event":"Filling up the DagBag from /opt/airflow/dags/projeto1/projeto1.py","logger":"airflow.models.dagbag.DagBag"}
{"timestamp":"2025-06-01T00:15:11.682381","level":"warning","event":"invalid escape sequence '\\d'","category":"SyntaxWarning","filename":"/opt/airflow/dags/projeto1/projeto1.py","lineno":34,"logger":"py.warnings"}
{"timestamp":"2025-06-01T00:15:11.682484","level":"warning","event":"invalid escape sequence '\\D'","category":"SyntaxWarning","filename":"/opt/airflow/dags/projeto1/projeto1.py","lineno":40,"logger":"py.warnings"}
{"timestamp":"2025-06-01T00:15:24.975514","level":"info","event":"Filling up the DagBag from /opt/airflow/dags/projeto1/projeto1.py","logger":"airflow.models.dagbag.DagBag"}
{"timestamp":"2025-06-01T00:15:24.977343","level":"error","event":"Failed to import: /opt/airflow/dags/projeto1/projeto1.py","logger":"airflow.models.dagbag.DagBag","error_detail":[{"exc_type":"SyntaxError","exc_value":"unmatched ']' (projeto1.py, line 118)","exc_notes":[],"syntax_error":{"offset":26,"filename":"/opt/airflow/dags/projeto1/projeto1.py","line":"    task1 >> task2, task3] ","lineno":118,"msg":"unmatched ']'"},"is_cause":false,"frames":[{"filename":"/home/airflow/.local/lib/python3.12/site-packages/airflow/models/dagbag.py","lineno":382,"name":"parse"},{"filename":"<frozen importlib._bootstrap_external>","lineno":995,"name":"exec_module"},{"filename":"<frozen importlib._bootstrap_external>","lineno":1133,"name":"get_code"},{"filename":"<frozen importlib._bootstrap_external>","lineno":1063,"name":"source_to_code"},{"filename":"<frozen importlib._bootstrap>","lineno":488,"name":"_call_with_frames_removed"}]}]}
{"timestamp":"2025-06-01T00:15:24.977982","level":"warning","event":"invalid escape sequence '\\d'","category":"SyntaxWarning","filename":"/opt/airflow/dags/projeto1/projeto1.py","lineno":34,"logger":"py.warnings"}
{"timestamp":"2025-06-01T00:15:24.978070","level":"warning","event":"invalid escape sequence '\\D'","category":"SyntaxWarning","filename":"/opt/airflow/dags/projeto1/projeto1.py","lineno":40,"logger":"py.warnings"}
{"timestamp":"2025-06-01T00:15:27.039997","level":"info","event":"Filling up the DagBag from /opt/airflow/dags/projeto1/projeto1.py","logger":"airflow.models.dagbag.DagBag"}
{"timestamp":"2025-06-01T00:15:27.042259","level":"error","event":"Failed to import: /opt/airflow/dags/projeto1/projeto1.py","logger":"airflow.models.dagbag.DagBag","error_detail":[{"exc_type":"SyntaxError","exc_value":"unmatched ']' (projeto1.py, line 118)","exc_notes":[],"syntax_error":{"offset":25,"filename":"/opt/airflow/dags/projeto1/projeto1.py","line":"    task1 >> task2 task3] ","lineno":118,"msg":"unmatched ']'"},"is_cause":false,"frames":[{"filename":"/home/airflow/.local/lib/python3.12/site-packages/airflow/models/dagbag.py","lineno":382,"name":"parse"},{"filename":"<frozen importlib._bootstrap_external>","lineno":995,"name":"exec_module"},{"filename":"<frozen importlib._bootstrap_external>","lineno":1133,"name":"get_code"},{"filename":"<frozen importlib._bootstrap_external>","lineno":1063,"name":"source_to_code"},{"filename":"<frozen importlib._bootstrap>","lineno":488,"name":"_call_with_frames_removed"}]}]}
{"timestamp":"2025-06-01T00:15:27.042880","level":"warning","event":"invalid escape sequence '\\d'","category":"SyntaxWarning","filename":"/opt/airflow/dags/projeto1/projeto1.py","lineno":34,"logger":"py.warnings"}
{"timestamp":"2025-06-01T00:15:27.042962","level":"warning","event":"invalid escape sequence '\\D'","category":"SyntaxWarning","filename":"/opt/airflow/dags/projeto1/projeto1.py","lineno":40,"logger":"py.warnings"}
{"timestamp":"2025-06-01T00:15:28.099219","level":"info","event":"Filling up the DagBag from /opt/airflow/dags/projeto1/projeto1.py","logger":"airflow.models.dagbag.DagBag"}
{"timestamp":"2025-06-01T00:15:28.101447","level":"error","event":"Failed to import: /opt/airflow/dags/projeto1/projeto1.py","logger":"airflow.models.dagbag.DagBag","error_detail":[{"exc_type":"SyntaxError","exc_value":"unmatched ']' (projeto1.py, line 118)","exc_notes":[],"syntax_error":{"offset":28,"filename":"/opt/airflow/dags/projeto1/projeto1.py","line":"    task1 >> task2 >> task3] ","lineno":118,"msg":"unmatched ']'"},"is_cause":false,"frames":[{"filename":"/home/airflow/.local/lib/python3.12/site-packages/airflow/models/dagbag.py","lineno":382,"name":"parse"},{"filename":"<frozen importlib._bootstrap_external>","lineno":995,"name":"exec_module"},{"filename":"<frozen importlib._bootstrap_external>","lineno":1133,"name":"get_code"},{"filename":"<frozen importlib._bootstrap_external>","lineno":1063,"name":"source_to_code"},{"filename":"<frozen importlib._bootstrap>","lineno":488,"name":"_call_with_frames_removed"}]}]}
{"timestamp":"2025-06-01T00:15:28.102160","level":"warning","event":"invalid escape sequence '\\d'","category":"SyntaxWarning","filename":"/opt/airflow/dags/projeto1/projeto1.py","lineno":34,"logger":"py.warnings"}
{"timestamp":"2025-06-01T00:15:28.102278","level":"warning","event":"invalid escape sequence '\\D'","category":"SyntaxWarning","filename":"/opt/airflow/dags/projeto1/projeto1.py","lineno":40,"logger":"py.warnings"}
{"timestamp":"2025-06-01T00:15:31.427893","level":"info","event":"Filling up the DagBag from /opt/airflow/dags/projeto1/projeto1.py","logger":"airflow.models.dagbag.DagBag"}
{"timestamp":"2025-06-01T00:15:31.987474","level":"warning","event":"invalid escape sequence '\\d'","category":"SyntaxWarning","filename":"/opt/airflow/dags/projeto1/projeto1.py","lineno":34,"logger":"py.warnings"}
{"timestamp":"2025-06-01T00:15:31.987566","level":"warning","event":"invalid escape sequence '\\D'","category":"SyntaxWarning","filename":"/opt/airflow/dags/projeto1/projeto1.py","lineno":40,"logger":"py.warnings"}
{"timestamp":"2025-06-01T00:16:02.280526","level":"info","event":"Filling up the DagBag from /opt/airflow/dags/projeto1/projeto1.py","logger":"airflow.models.dagbag.DagBag"}
{"timestamp":"2025-06-01T00:16:33.864078","level":"info","event":"Filling up the DagBag from /opt/airflow/dags/projeto1/projeto1.py","logger":"airflow.models.dagbag.DagBag"}
