{"timestamp":"2025-05-31T21:58:44.885658","level":"info","event":"DAG bundles loaded: dags-folder","logger":"airflow.dag_processing.bundles.manager.DagBundlesManager"}
{"timestamp":"2025-05-31T21:58:44.886228","level":"info","event":"Filling up the DagBag from /opt/airflow/dags/projeto1/projeto1.py","logger":"airflow.models.dagbag.DagBag"}
{"timestamp":"2025-05-31T21:58:45.211812Z","level":"error","event":"WARNING: Using incubator modules: jdk.incubator.vector","chan":"stderr","logger":"task"}
{"timestamp":"2025-05-31T21:58:46.295534Z","level":"error","event":"Using Spark's default log4j profile: org/apache/spark/log4j2-defaults.properties","chan":"stderr","logger":"task"}
{"timestamp":"2025-05-31T21:58:46.295750Z","level":"error","event":"Setting default log level to \"WARN\".","chan":"stderr","logger":"task"}
{"timestamp":"2025-05-31T21:58:46.295810Z","level":"error","event":"To adjust logging level use sc.setLogLevel(newLevel). For SparkR, use setLogLevel(newLevel).","chan":"stderr","logger":"task"}
{"timestamp":"2025-05-31T21:58:46.958349Z","level":"error","event":"25/05/31 21:58:46 WARN NativeCodeLoader: Unable to load native-hadoop library for your platform... using builtin-java classes where applicable","chan":"stderr","logger":"task"}
{"timestamp":"2025-05-31T21:58:52.262593Z","level":"info","event":"44","chan":"stdout","logger":"task"}
{"timestamp":"2025-05-31T21:58:52.512069Z","level":"info","event":"+---+-----------------+-------------------+----------+","chan":"stdout","logger":"task"}
{"timestamp":"2025-05-31T21:58:52.512232Z","level":"info","event":"| ID|              Age|              Email|  JoinDate|","chan":"stdout","logger":"task"}
{"timestamp":"2025-05-31T21:58:52.512303Z","level":"info","event":"+---+-----------------+-------------------+----------+","chan":"stdout","logger":"task"}
{"timestamp":"2025-05-31T21:58:52.512367Z","level":"info","event":"|  0|               52|     grace@mail.com|2023-05-11|","chan":"stdout","logger":"task"}
{"timestamp":"2025-05-31T21:58:52.512427Z","level":"info","event":"|  1|43.76470588235294|       bob@mail.com|2022-06-18|","chan":"stdout","logger":"task"}
{"timestamp":"2025-05-31T21:58:52.512479Z","level":"info","event":"|  2|               41|  grace@example.com|2020-01-17|","chan":"stdout","logger":"task"}
{"timestamp":"2025-05-31T21:58:52.512541Z","level":"info","event":"|  3|               38|   charlie@test.org|2022-07-24|","chan":"stdout","logger":"task"}
{"timestamp":"2025-05-31T21:58:52.512599Z","level":"info","event":"|  4|               57|       eli@mail.com|2022-05-30|","chan":"stdout","logger":"task"}
{"timestamp":"2025-05-31T21:58:52.512670Z","level":"info","event":"|  5|               20|     grace@mail.com|2022-12-12|","chan":"stdout","logger":"task"}
{"timestamp":"2025-05-31T21:58:52.512724Z","level":"info","event":"|  7|               45|       ian@test.org|not_a_date|","chan":"stdout","logger":"task"}
{"timestamp":"2025-05-31T21:58:52.512785Z","level":"info","event":"|  8|               68|     grace@test.org|2023-06-14|","chan":"stdout","logger":"task"}
{"timestamp":"2025-05-31T21:58:52.512845Z","level":"info","event":"|  9|               55|       eli@test.org|2020-08-25|","chan":"stdout","logger":"task"}
{"timestamp":"2025-05-31T21:58:52.512903Z","level":"info","event":"| 11|               19|   charlie@mail.com|not_a_date|","chan":"stdout","logger":"task"}
{"timestamp":"2025-05-31T21:58:52.512964Z","level":"info","event":"| 12|               27|    ian@example.com|2021-06-02|","chan":"stdout","logger":"task"}
{"timestamp":"2025-05-31T21:58:52.513018Z","level":"info","event":"| 13|               43|    bob@example.com|2022-01-11|","chan":"stdout","logger":"task"}
{"timestamp":"2025-05-31T21:58:52.513077Z","level":"info","event":"| 16|               27|       ian@test.org|2021/12/01|","chan":"stdout","logger":"task"}
{"timestamp":"2025-05-31T21:58:52.513136Z","level":"info","event":"| 17|               26|     grace@mail.com|2023-01-18|","chan":"stdout","logger":"task"}
{"timestamp":"2025-05-31T21:58:52.513193Z","level":"info","event":"| 18|               38|  grace@example.com|2022-12-02|","chan":"stdout","logger":"task"}
{"timestamp":"2025-05-31T21:58:52.513264Z","level":"info","event":"| 19|               58|     frank@test.org|2022-05-18|","chan":"stdout","logger":"task"}
{"timestamp":"2025-05-31T21:58:52.513320Z","level":"info","event":"| 21|               70|  frank@example.com|2021-01-24|","chan":"stdout","logger":"task"}
{"timestamp":"2025-05-31T21:58:52.513373Z","level":"info","event":"| 22|               20|       ian@mail.com|2020-06-25|","chan":"stdout","logger":"task"}
{"timestamp":"2025-05-31T21:58:52.513426Z","level":"info","event":"| 23|43.76470588235294|user[at]example.com|2023-04-11|","chan":"stdout","logger":"task"}
{"timestamp":"2025-05-31T21:58:52.513480Z","level":"info","event":"| 24|               26|  frank@example.com|2023-10-26|","chan":"stdout","logger":"task"}
{"timestamp":"2025-05-31T21:58:52.513533Z","level":"info","event":"+---+-----------------+-------------------+----------+","chan":"stdout","logger":"task"}
{"timestamp":"2025-05-31T21:58:52.513587Z","level":"info","event":"only showing top 20 rows","chan":"stdout","logger":"task"}
{"timestamp":"2025-05-31T21:58:52.512578","level":"info","event":"Done. Returned value was: None","logger":"airflow.task.operators.airflow.providers.standard.operators.python.PythonOperator"}
