{"timestamp":"2025-06-06T17:09:38.795284","level":"info","event":"Filling up the DagBag from /opt/airflow/dags/projeto_airflow/projeto_airflow.py","logger":"airflow.models.dagbag.DagBag"}
{"timestamp":"2025-06-06T17:09:39.383378","level":"warning","event":"invalid escape sequence '\\d'","category":"SyntaxWarning","filename":"/opt/airflow/dags/projeto_airflow/projeto_airflow.py","lineno":34,"logger":"py.warnings"}
{"timestamp":"2025-06-06T17:10:09.777803","level":"info","event":"Filling up the DagBag from /opt/airflow/dags/projeto_airflow/projeto_airflow.py","logger":"airflow.models.dagbag.DagBag"}
{"timestamp":"2025-06-06T17:10:41.511768","level":"info","event":"Filling up the DagBag from /opt/airflow/dags/projeto_airflow/projeto_airflow.py","logger":"airflow.models.dagbag.DagBag"}
{"timestamp":"2025-06-06T17:11:12.262388","level":"info","event":"Filling up the DagBag from /opt/airflow/dags/projeto_airflow/projeto_airflow.py","logger":"airflow.models.dagbag.DagBag"}
{"timestamp":"2025-06-06T17:11:42.980980","level":"info","event":"Filling up the DagBag from /opt/airflow/dags/projeto_airflow/projeto_airflow.py","logger":"airflow.models.dagbag.DagBag"}
{"timestamp":"2025-06-06T17:12:13.849930","level":"info","event":"Filling up the DagBag from /opt/airflow/dags/projeto_airflow/projeto_airflow.py","logger":"airflow.models.dagbag.DagBag"}
{"timestamp":"2025-06-06T17:12:40.905576","level":"info","event":"Filling up the DagBag from /opt/airflow/dags/projeto_airflow/projeto_airflow.py","logger":"airflow.models.dagbag.DagBag"}
{"timestamp":"2025-06-06T17:12:41.426694","level":"warning","event":"invalid escape sequence '\\d'","category":"SyntaxWarning","filename":"/opt/airflow/dags/projeto_airflow/projeto_airflow.py","lineno":34,"logger":"py.warnings"}
{"timestamp":"2025-06-06T17:12:42.490917","level":"info","event":"Filling up the DagBag from /opt/airflow/dags/projeto_airflow/projeto_airflow.py","logger":"airflow.models.dagbag.DagBag"}
{"timestamp":"2025-06-06T17:12:43.073758","level":"warning","event":"invalid escape sequence '\\d'","category":"SyntaxWarning","filename":"/opt/airflow/dags/projeto_airflow/projeto_airflow.py","lineno":34,"logger":"py.warnings"}
{"timestamp":"2025-06-06T17:12:44.140449","level":"info","event":"Filling up the DagBag from /opt/airflow/dags/projeto_airflow/projeto_airflow.py","logger":"airflow.models.dagbag.DagBag"}
{"timestamp":"2025-06-06T17:12:44.142237","level":"error","event":"Failed to import: /opt/airflow/dags/projeto_airflow/projeto_airflow.py","logger":"airflow.models.dagbag.DagBag","error_detail":[{"exc_type":"SyntaxError","exc_value":"unterminated string literal (detected at line 40) (projeto_airflow.py, line 40)","exc_notes":[],"syntax_error":{"offset":53,"filename":"/opt/airflow/dags/projeto_airflow/projeto_airflow.py","line":"    df = df.withColumn('Age', regexp_replace('Age', ', avg))","lineno":40,"msg":"unterminated string literal (detected at line 40)"},"is_cause":false,"frames":[{"filename":"/home/airflow/.local/lib/python3.12/site-packages/airflow/models/dagbag.py","lineno":382,"name":"parse"},{"filename":"<frozen importlib._bootstrap_external>","lineno":995,"name":"exec_module"},{"filename":"<frozen importlib._bootstrap_external>","lineno":1133,"name":"get_code"},{"filename":"<frozen importlib._bootstrap_external>","lineno":1063,"name":"source_to_code"},{"filename":"<frozen importlib._bootstrap>","lineno":488,"name":"_call_with_frames_removed"}]}]}
{"timestamp":"2025-06-06T17:12:44.143149","level":"warning","event":"invalid escape sequence '\\d'","category":"SyntaxWarning","filename":"/opt/airflow/dags/projeto_airflow/projeto_airflow.py","lineno":34,"logger":"py.warnings"}
{"timestamp":"2025-06-06T17:12:45.211194","level":"info","event":"Filling up the DagBag from /opt/airflow/dags/projeto_airflow/projeto_airflow.py","logger":"airflow.models.dagbag.DagBag"}
{"timestamp":"2025-06-06T17:12:45.830917","level":"warning","event":"invalid escape sequence '\\d'","category":"SyntaxWarning","filename":"/opt/airflow/dags/projeto_airflow/projeto_airflow.py","lineno":34,"logger":"py.warnings"}
{"timestamp":"2025-06-06T17:12:45.973876","level":"info","event":"Filling up the DagBag from /opt/airflow/dags/projeto_airflow/projeto_airflow.py","logger":"airflow.models.dagbag.DagBag"}
{"timestamp":"2025-06-06T17:12:46.600660","level":"warning","event":"invalid escape sequence '\\d'","category":"SyntaxWarning","filename":"/opt/airflow/dags/projeto_airflow/projeto_airflow.py","lineno":34,"logger":"py.warnings"}
{"timestamp":"2025-06-06T17:12:46.600757","level":"warning","event":"invalid escape sequence '\\D'","category":"SyntaxWarning","filename":"/opt/airflow/dags/projeto_airflow/projeto_airflow.py","lineno":40,"logger":"py.warnings"}
{"timestamp":"2025-06-06T17:12:47.670652","level":"info","event":"Filling up the DagBag from /opt/airflow/dags/projeto_airflow/projeto_airflow.py","logger":"airflow.models.dagbag.DagBag"}
{"timestamp":"2025-06-06T17:12:48.221877","level":"warning","event":"invalid escape sequence '\\d'","category":"SyntaxWarning","filename":"/opt/airflow/dags/projeto_airflow/projeto_airflow.py","lineno":34,"logger":"py.warnings"}
{"timestamp":"2025-06-06T17:12:48.221967","level":"warning","event":"invalid escape sequence '\\D'","category":"SyntaxWarning","filename":"/opt/airflow/dags/projeto_airflow/projeto_airflow.py","lineno":40,"logger":"py.warnings"}
{"timestamp":"2025-06-06T17:13:02.388989","level":"info","event":"Filling up the DagBag from /opt/airflow/dags/projeto_airflow/projeto_airflow.py","logger":"airflow.models.dagbag.DagBag"}
{"timestamp":"2025-06-06T17:13:02.391175","level":"error","event":"Failed to import: /opt/airflow/dags/projeto_airflow/projeto_airflow.py","logger":"airflow.models.dagbag.DagBag","error_detail":[{"exc_type":"SyntaxError","exc_value":"unterminated triple-quoted string literal (detected at line 120) (projeto_airflow.py, line 108)","exc_notes":[],"syntax_error":{"offset":5,"filename":"/opt/airflow/dags/projeto_airflow/projeto_airflow.py","line":"    \"\"\"task2 = PythonOperator(","lineno":108,"msg":"unterminated triple-quoted string literal (detected at line 120)"},"is_cause":false,"frames":[{"filename":"/home/airflow/.local/lib/python3.12/site-packages/airflow/models/dagbag.py","lineno":382,"name":"parse"},{"filename":"<frozen importlib._bootstrap_external>","lineno":995,"name":"exec_module"},{"filename":"<frozen importlib._bootstrap_external>","lineno":1133,"name":"get_code"},{"filename":"<frozen importlib._bootstrap_external>","lineno":1063,"name":"source_to_code"},{"filename":"<frozen importlib._bootstrap>","lineno":488,"name":"_call_with_frames_removed"}]}]}
{"timestamp":"2025-06-06T17:13:02.391804","level":"warning","event":"invalid escape sequence '\\d'","category":"SyntaxWarning","filename":"/opt/airflow/dags/projeto_airflow/projeto_airflow.py","lineno":34,"logger":"py.warnings"}
{"timestamp":"2025-06-06T17:13:02.391884","level":"warning","event":"invalid escape sequence '\\D'","category":"SyntaxWarning","filename":"/opt/airflow/dags/projeto_airflow/projeto_airflow.py","lineno":40,"logger":"py.warnings"}
{"timestamp":"2025-06-06T17:13:08.641594","level":"info","event":"Filling up the DagBag from /opt/airflow/dags/projeto_airflow/projeto_airflow.py","logger":"airflow.models.dagbag.DagBag"}
{"timestamp":"2025-06-06T17:13:09.090299","level":"error","event":"Failed to import: /opt/airflow/dags/projeto_airflow/projeto_airflow.py","logger":"airflow.models.dagbag.DagBag","error_detail":[{"exc_type":"NameError","exc_value":"name 'task2' is not defined","exc_notes":[],"syntax_error":null,"is_cause":false,"frames":[{"filename":"/home/airflow/.local/lib/python3.12/site-packages/airflow/models/dagbag.py","lineno":382,"name":"parse"},{"filename":"<frozen importlib._bootstrap_external>","lineno":999,"name":"exec_module"},{"filename":"<frozen importlib._bootstrap>","lineno":488,"name":"_call_with_frames_removed"},{"filename":"/opt/airflow/dags/projeto_airflow/projeto_airflow.py","lineno":118,"name":"<module>"}]}]}
{"timestamp":"2025-06-06T17:13:09.091623","level":"warning","event":"invalid escape sequence '\\d'","category":"SyntaxWarning","filename":"/opt/airflow/dags/projeto_airflow/projeto_airflow.py","lineno":34,"logger":"py.warnings"}
{"timestamp":"2025-06-06T17:13:09.091763","level":"warning","event":"invalid escape sequence '\\D'","category":"SyntaxWarning","filename":"/opt/airflow/dags/projeto_airflow/projeto_airflow.py","lineno":40,"logger":"py.warnings"}
{"timestamp":"2025-06-06T17:13:12.162821","level":"info","event":"Filling up the DagBag from /opt/airflow/dags/projeto_airflow/projeto_airflow.py","logger":"airflow.models.dagbag.DagBag"}
{"timestamp":"2025-06-06T17:13:12.584559","level":"warning","event":"invalid escape sequence '\\d'","category":"SyntaxWarning","filename":"/opt/airflow/dags/projeto_airflow/projeto_airflow.py","lineno":34,"logger":"py.warnings"}
{"timestamp":"2025-06-06T17:13:12.584668","level":"warning","event":"invalid escape sequence '\\D'","category":"SyntaxWarning","filename":"/opt/airflow/dags/projeto_airflow/projeto_airflow.py","lineno":40,"logger":"py.warnings"}
{"timestamp":"2025-06-06T17:13:14.653478","level":"info","event":"Filling up the DagBag from /opt/airflow/dags/projeto_airflow/projeto_airflow.py","logger":"airflow.models.dagbag.DagBag"}
{"timestamp":"2025-06-06T17:13:15.090037","level":"warning","event":"invalid escape sequence '\\d'","category":"SyntaxWarning","filename":"/opt/airflow/dags/projeto_airflow/projeto_airflow.py","lineno":34,"logger":"py.warnings"}
{"timestamp":"2025-06-06T17:13:15.090194","level":"warning","event":"invalid escape sequence '\\D'","category":"SyntaxWarning","filename":"/opt/airflow/dags/projeto_airflow/projeto_airflow.py","lineno":40,"logger":"py.warnings"}
{"timestamp":"2025-06-06T17:13:29.256722","level":"info","event":"Filling up the DagBag from /opt/airflow/dags/projeto_airflow/projeto_airflow.py","logger":"airflow.models.dagbag.DagBag"}
{"timestamp":"2025-06-06T17:13:29.688866","level":"warning","event":"invalid escape sequence '\\d'","category":"SyntaxWarning","filename":"/opt/airflow/dags/projeto_airflow/projeto_airflow.py","lineno":34,"logger":"py.warnings"}
{"timestamp":"2025-06-06T17:13:29.688982","level":"warning","event":"invalid escape sequence '\\D'","category":"SyntaxWarning","filename":"/opt/airflow/dags/projeto_airflow/projeto_airflow.py","lineno":42,"logger":"py.warnings"}
{"timestamp":"2025-06-06T17:13:32.763489","level":"info","event":"Filling up the DagBag from /opt/airflow/dags/projeto_airflow/projeto_airflow.py","logger":"airflow.models.dagbag.DagBag"}
{"timestamp":"2025-06-06T17:13:33.166487","level":"warning","event":"invalid escape sequence '\\d'","category":"SyntaxWarning","filename":"/opt/airflow/dags/projeto_airflow/projeto_airflow.py","lineno":34,"logger":"py.warnings"}
{"timestamp":"2025-06-06T17:13:33.166585","level":"warning","event":"invalid escape sequence '\\D'","category":"SyntaxWarning","filename":"/opt/airflow/dags/projeto_airflow/projeto_airflow.py","lineno":42,"logger":"py.warnings"}
{"timestamp":"2025-06-06T17:14:04.051665","level":"info","event":"Filling up the DagBag from /opt/airflow/dags/projeto_airflow/projeto_airflow.py","logger":"airflow.models.dagbag.DagBag"}
{"timestamp":"2025-06-06T17:14:16.330320","level":"info","event":"Filling up the DagBag from /opt/airflow/dags/projeto_airflow/projeto_airflow.py","logger":"airflow.models.dagbag.DagBag"}
{"timestamp":"2025-06-06T17:14:16.774893","level":"warning","event":"invalid escape sequence '\\d'","category":"SyntaxWarning","filename":"/opt/airflow/dags/projeto_airflow/projeto_airflow.py","lineno":34,"logger":"py.warnings"}
{"timestamp":"2025-06-06T17:14:45.691561","level":"info","event":"Filling up the DagBag from /opt/airflow/dags/projeto_airflow/projeto_airflow.py","logger":"airflow.models.dagbag.DagBag"}
{"timestamp":"2025-06-06T17:14:46.120188","level":"warning","event":"invalid escape sequence '\\d'","category":"SyntaxWarning","filename":"/opt/airflow/dags/projeto_airflow/projeto_airflow.py","lineno":34,"logger":"py.warnings"}
{"timestamp":"2025-06-06T17:14:46.120359","level":"warning","event":"invalid escape sequence '\\D'","category":"SyntaxWarning","filename":"/opt/airflow/dags/projeto_airflow/projeto_airflow.py","lineno":42,"logger":"py.warnings"}
{"timestamp":"2025-06-06T17:15:16.983940","level":"info","event":"Filling up the DagBag from /opt/airflow/dags/projeto_airflow/projeto_airflow.py","logger":"airflow.models.dagbag.DagBag"}
{"timestamp":"2025-06-06T17:15:48.403736","level":"info","event":"Filling up the DagBag from /opt/airflow/dags/projeto_airflow/projeto_airflow.py","logger":"airflow.models.dagbag.DagBag"}
{"timestamp":"2025-06-06T17:16:19.680331","level":"info","event":"Filling up the DagBag from /opt/airflow/dags/projeto_airflow/projeto_airflow.py","logger":"airflow.models.dagbag.DagBag"}
{"timestamp":"2025-06-06T17:16:24.171486","level":"info","event":"Filling up the DagBag from /opt/airflow/dags/projeto_airflow/projeto_airflow.py","logger":"airflow.models.dagbag.DagBag"}
{"timestamp":"2025-06-06T17:16:24.576947","level":"warning","event":"invalid escape sequence '\\d'","category":"SyntaxWarning","filename":"/opt/airflow/dags/projeto_airflow/projeto_airflow.py","lineno":34,"logger":"py.warnings"}
{"timestamp":"2025-06-06T17:16:24.577042","level":"warning","event":"invalid escape sequence '\\D'","category":"SyntaxWarning","filename":"/opt/airflow/dags/projeto_airflow/projeto_airflow.py","lineno":42,"logger":"py.warnings"}
{"timestamp":"2025-06-06T17:16:55.478162","level":"info","event":"Filling up the DagBag from /opt/airflow/dags/projeto_airflow/projeto_airflow.py","logger":"airflow.models.dagbag.DagBag"}
{"timestamp":"2025-06-06T17:17:07.638485","level":"info","event":"Filling up the DagBag from /opt/airflow/dags/projeto_airflow/projeto_airflow.py","logger":"airflow.models.dagbag.DagBag"}
{"timestamp":"2025-06-06T17:17:08.080009","level":"warning","event":"invalid escape sequence '\\d'","category":"SyntaxWarning","filename":"/opt/airflow/dags/projeto_airflow/projeto_airflow.py","lineno":34,"logger":"py.warnings"}
{"timestamp":"2025-06-06T17:17:08.080117","level":"warning","event":"invalid escape sequence '\\D'","category":"SyntaxWarning","filename":"/opt/airflow/dags/projeto_airflow/projeto_airflow.py","lineno":42,"logger":"py.warnings"}
{"timestamp":"2025-06-06T17:17:09.168843","level":"info","event":"Filling up the DagBag from /opt/airflow/dags/projeto_airflow/projeto_airflow.py","logger":"airflow.models.dagbag.DagBag"}
{"timestamp":"2025-06-06T17:17:09.608050","level":"warning","event":"invalid escape sequence '\\d'","category":"SyntaxWarning","filename":"/opt/airflow/dags/projeto_airflow/projeto_airflow.py","lineno":34,"logger":"py.warnings"}
{"timestamp":"2025-06-06T17:17:09.608163","level":"warning","event":"invalid escape sequence '\\D'","category":"SyntaxWarning","filename":"/opt/airflow/dags/projeto_airflow/projeto_airflow.py","lineno":42,"logger":"py.warnings"}
{"timestamp":"2025-06-06T17:17:17.717765","level":"info","event":"Filling up the DagBag from /opt/airflow/dags/projeto_airflow/projeto_airflow.py","logger":"airflow.models.dagbag.DagBag"}
{"timestamp":"2025-06-06T17:17:18.149525","level":"warning","event":"invalid escape sequence '\\d'","category":"SyntaxWarning","filename":"/opt/airflow/dags/projeto_airflow/projeto_airflow.py","lineno":34,"logger":"py.warnings"}
{"timestamp":"2025-06-06T17:17:18.149635","level":"warning","event":"invalid escape sequence '\\D'","category":"SyntaxWarning","filename":"/opt/airflow/dags/projeto_airflow/projeto_airflow.py","lineno":42,"logger":"py.warnings"}
{"timestamp":"2025-06-06T17:17:20.220203","level":"info","event":"Filling up the DagBag from /opt/airflow/dags/projeto_airflow/projeto_airflow.py","logger":"airflow.models.dagbag.DagBag"}
{"timestamp":"2025-06-06T17:17:20.621631","level":"warning","event":"invalid escape sequence '\\d'","category":"SyntaxWarning","filename":"/opt/airflow/dags/projeto_airflow/projeto_airflow.py","lineno":34,"logger":"py.warnings"}
{"timestamp":"2025-06-06T17:17:20.621756","level":"warning","event":"invalid escape sequence '\\D'","category":"SyntaxWarning","filename":"/opt/airflow/dags/projeto_airflow/projeto_airflow.py","lineno":42,"logger":"py.warnings"}
{"timestamp":"2025-06-06T17:17:28.742693","level":"info","event":"Filling up the DagBag from /opt/airflow/dags/projeto_airflow/projeto_airflow.py","logger":"airflow.models.dagbag.DagBag"}
{"timestamp":"2025-06-06T17:17:29.214576","level":"warning","event":"invalid escape sequence '\\d'","category":"SyntaxWarning","filename":"/opt/airflow/dags/projeto_airflow/projeto_airflow.py","lineno":34,"logger":"py.warnings"}
{"timestamp":"2025-06-06T17:17:29.214677","level":"warning","event":"invalid escape sequence '\\D'","category":"SyntaxWarning","filename":"/opt/airflow/dags/projeto_airflow/projeto_airflow.py","lineno":42,"logger":"py.warnings"}
{"timestamp":"2025-06-06T17:17:59.340192","level":"info","event":"Filling up the DagBag from /opt/airflow/dags/projeto_airflow/projeto_airflow.py","logger":"airflow.models.dagbag.DagBag"}
{"timestamp":"2025-06-06T17:18:30.665839","level":"info","event":"Filling up the DagBag from /opt/airflow/dags/projeto_airflow/projeto_airflow.py","logger":"airflow.models.dagbag.DagBag"}
{"timestamp":"2025-06-06T17:19:02.030333","level":"info","event":"Filling up the DagBag from /opt/airflow/dags/projeto_airflow/projeto_airflow.py","logger":"airflow.models.dagbag.DagBag"}
{"timestamp":"2025-06-06T17:19:33.277033","level":"info","event":"Filling up the DagBag from /opt/airflow/dags/projeto_airflow/projeto_airflow.py","logger":"airflow.models.dagbag.DagBag"}
{"timestamp":"2025-06-06T17:20:04.575998","level":"info","event":"Filling up the DagBag from /opt/airflow/dags/projeto_airflow/projeto_airflow.py","logger":"airflow.models.dagbag.DagBag"}
{"timestamp":"2025-06-06T17:20:35.836522","level":"info","event":"Filling up the DagBag from /opt/airflow/dags/projeto_airflow/projeto_airflow.py","logger":"airflow.models.dagbag.DagBag"}
{"timestamp":"2025-06-06T17:21:07.102350","level":"info","event":"Filling up the DagBag from /opt/airflow/dags/projeto_airflow/projeto_airflow.py","logger":"airflow.models.dagbag.DagBag"}
{"timestamp":"2025-06-06T17:21:20.382240","level":"info","event":"Filling up the DagBag from /opt/airflow/dags/projeto_airflow/projeto_airflow.py","logger":"airflow.models.dagbag.DagBag"}
{"timestamp":"2025-06-06T17:21:20.383553","level":"error","event":"Failed to import: /opt/airflow/dags/projeto_airflow/projeto_airflow.py","logger":"airflow.models.dagbag.DagBag","error_detail":[{"exc_type":"IndentationError","exc_value":"unindent does not match any outer indentation level (projeto_airflow.py, line 27)","exc_notes":[],"syntax_error":{"offset":7,"filename":"/opt/airflow/dags/projeto_airflow/projeto_airflow.py","line":"   70 \n","lineno":27,"msg":"unindent does not match any outer indentation level"},"is_cause":false,"frames":[{"filename":"/home/airflow/.local/lib/python3.12/site-packages/airflow/models/dagbag.py","lineno":382,"name":"parse"},{"filename":"<frozen importlib._bootstrap_external>","lineno":995,"name":"exec_module"},{"filename":"<frozen importlib._bootstrap_external>","lineno":1133,"name":"get_code"},{"filename":"<frozen importlib._bootstrap_external>","lineno":1063,"name":"source_to_code"},{"filename":"<frozen importlib._bootstrap>","lineno":488,"name":"_call_with_frames_removed"}]}]}
{"timestamp":"2025-06-06T17:21:22.451114","level":"info","event":"Filling up the DagBag from /opt/airflow/dags/projeto_airflow/projeto_airflow.py","logger":"airflow.models.dagbag.DagBag"}
{"timestamp":"2025-06-06T17:21:22.452485","level":"error","event":"Failed to import: /opt/airflow/dags/projeto_airflow/projeto_airflow.py","logger":"airflow.models.dagbag.DagBag","error_detail":[{"exc_type":"IndentationError","exc_value":"unindent does not match any outer indentation level (projeto_airflow.py, line 27)","exc_notes":[],"syntax_error":{"offset":7,"filename":"/opt/airflow/dags/projeto_airflow/projeto_airflow.py","line":"   70 \n","lineno":27,"msg":"unindent does not match any outer indentation level"},"is_cause":false,"frames":[{"filename":"/home/airflow/.local/lib/python3.12/site-packages/airflow/models/dagbag.py","lineno":382,"name":"parse"},{"filename":"<frozen importlib._bootstrap_external>","lineno":995,"name":"exec_module"},{"filename":"<frozen importlib._bootstrap_external>","lineno":1133,"name":"get_code"},{"filename":"<frozen importlib._bootstrap_external>","lineno":1063,"name":"source_to_code"},{"filename":"<frozen importlib._bootstrap>","lineno":488,"name":"_call_with_frames_removed"}]}]}
{"timestamp":"2025-06-06T17:21:23.510906","level":"info","event":"Filling up the DagBag from /opt/airflow/dags/projeto_airflow/projeto_airflow.py","logger":"airflow.models.dagbag.DagBag"}
{"timestamp":"2025-06-06T17:21:23.908739","level":"warning","event":"invalid escape sequence '\\d'","category":"SyntaxWarning","filename":"/opt/airflow/dags/projeto_airflow/projeto_airflow.py","lineno":34,"logger":"py.warnings"}
{"timestamp":"2025-06-06T17:21:23.908835","level":"warning","event":"invalid escape sequence '\\D'","category":"SyntaxWarning","filename":"/opt/airflow/dags/projeto_airflow/projeto_airflow.py","lineno":42,"logger":"py.warnings"}
{"timestamp":"2025-06-06T17:21:54.839682","level":"info","event":"Filling up the DagBag from /opt/airflow/dags/projeto_airflow/projeto_airflow.py","logger":"airflow.models.dagbag.DagBag"}
{"timestamp":"2025-06-06T17:22:26.090068","level":"info","event":"Filling up the DagBag from /opt/airflow/dags/projeto_airflow/projeto_airflow.py","logger":"airflow.models.dagbag.DagBag"}
{"timestamp":"2025-06-06T17:22:57.371007","level":"info","event":"Filling up the DagBag from /opt/airflow/dags/projeto_airflow/projeto_airflow.py","logger":"airflow.models.dagbag.DagBag"}
{"timestamp":"2025-06-06T17:23:28.673188","level":"info","event":"Filling up the DagBag from /opt/airflow/dags/projeto_airflow/projeto_airflow.py","logger":"airflow.models.dagbag.DagBag"}
{"timestamp":"2025-06-06T17:24:00.988594","level":"info","event":"Filling up the DagBag from /opt/airflow/dags/projeto_airflow/projeto_airflow.py","logger":"airflow.models.dagbag.DagBag"}
{"timestamp":"2025-06-06T17:24:32.260494","level":"info","event":"Filling up the DagBag from /opt/airflow/dags/projeto_airflow/projeto_airflow.py","logger":"airflow.models.dagbag.DagBag"}
{"timestamp":"2025-06-06T17:25:03.528891","level":"info","event":"Filling up the DagBag from /opt/airflow/dags/projeto_airflow/projeto_airflow.py","logger":"airflow.models.dagbag.DagBag"}
{"timestamp":"2025-06-06T17:25:34.837578","level":"info","event":"Filling up the DagBag from /opt/airflow/dags/projeto_airflow/projeto_airflow.py","logger":"airflow.models.dagbag.DagBag"}
{"timestamp":"2025-06-06T17:26:06.060999","level":"info","event":"Filling up the DagBag from /opt/airflow/dags/projeto_airflow/projeto_airflow.py","logger":"airflow.models.dagbag.DagBag"}
{"timestamp":"2025-06-06T17:26:37.370498","level":"info","event":"Filling up the DagBag from /opt/airflow/dags/projeto_airflow/projeto_airflow.py","logger":"airflow.models.dagbag.DagBag"}
{"timestamp":"2025-06-06T17:26:44.500781","level":"info","event":"Filling up the DagBag from /opt/airflow/dags/projeto_airflow/projeto_airflow.py","logger":"airflow.models.dagbag.DagBag"}
{"timestamp":"2025-06-06T17:26:44.900027","level":"warning","event":"invalid escape sequence '\\d'","category":"SyntaxWarning","filename":"/opt/airflow/dags/projeto_airflow/projeto_airflow.py","lineno":34,"logger":"py.warnings"}
{"timestamp":"2025-06-06T17:26:44.900134","level":"warning","event":"invalid escape sequence '\\D'","category":"SyntaxWarning","filename":"/opt/airflow/dags/projeto_airflow/projeto_airflow.py","lineno":42,"logger":"py.warnings"}
{"timestamp":"2025-06-06T17:27:15.858951","level":"info","event":"Filling up the DagBag from /opt/airflow/dags/projeto_airflow/projeto_airflow.py","logger":"airflow.models.dagbag.DagBag"}
{"timestamp":"2025-06-06T17:27:47.162451","level":"info","event":"Filling up the DagBag from /opt/airflow/dags/projeto_airflow/projeto_airflow.py","logger":"airflow.models.dagbag.DagBag"}
{"timestamp":"2025-06-06T17:27:53.699844","level":"info","event":"Filling up the DagBag from /opt/airflow/dags/projeto_airflow/projeto_airflow.py","logger":"airflow.models.dagbag.DagBag"}
{"timestamp":"2025-06-06T17:27:53.701223","level":"error","event":"Failed to import: /opt/airflow/dags/projeto_airflow/projeto_airflow.py","logger":"airflow.models.dagbag.DagBag","error_detail":[{"exc_type":"IndentationError","exc_value":"expected an indented block after function definition on line 20 (projeto_airflow.py, line 22)","exc_notes":[],"syntax_error":{"offset":1,"filename":"/opt/airflow/dags/projeto_airflow/projeto_airflow.py","line":"def insert_minio():\n","lineno":22,"msg":"expected an indented block after function definition on line 20"},"is_cause":false,"frames":[{"filename":"/home/airflow/.local/lib/python3.12/site-packages/airflow/models/dagbag.py","lineno":382,"name":"parse"},{"filename":"<frozen importlib._bootstrap_external>","lineno":995,"name":"exec_module"},{"filename":"<frozen importlib._bootstrap_external>","lineno":1133,"name":"get_code"},{"filename":"<frozen importlib._bootstrap_external>","lineno":1063,"name":"source_to_code"},{"filename":"<frozen importlib._bootstrap>","lineno":488,"name":"_call_with_frames_removed"}]}]}
{"timestamp":"2025-06-06T17:27:54.764107","level":"info","event":"Filling up the DagBag from /opt/airflow/dags/projeto_airflow/projeto_airflow.py","logger":"airflow.models.dagbag.DagBag"}
{"timestamp":"2025-06-06T17:27:55.166285","level":"warning","event":"invalid escape sequence '\\d'","category":"SyntaxWarning","filename":"/opt/airflow/dags/projeto_airflow/projeto_airflow.py","lineno":34,"logger":"py.warnings"}
{"timestamp":"2025-06-06T17:27:55.166398","level":"warning","event":"invalid escape sequence '\\D'","category":"SyntaxWarning","filename":"/opt/airflow/dags/projeto_airflow/projeto_airflow.py","lineno":42,"logger":"py.warnings"}
{"timestamp":"2025-06-06T17:28:07.289532","level":"info","event":"Filling up the DagBag from /opt/airflow/dags/projeto_airflow/projeto_airflow.py","logger":"airflow.models.dagbag.DagBag"}
{"timestamp":"2025-06-06T17:28:08.761574","level":"info","event":"Filling up the DagBag from /opt/airflow/dags/projeto_airflow/projeto_airflow.py","logger":"airflow.models.dagbag.DagBag"}
{"timestamp":"2025-06-06T17:28:09.185022","level":"warning","event":"invalid escape sequence '\\d'","category":"SyntaxWarning","filename":"/opt/airflow/dags/projeto_airflow/projeto_airflow.py","lineno":34,"logger":"py.warnings"}
{"timestamp":"2025-06-06T17:28:09.185119","level":"warning","event":"invalid escape sequence '\\D'","category":"SyntaxWarning","filename":"/opt/airflow/dags/projeto_airflow/projeto_airflow.py","lineno":42,"logger":"py.warnings"}
{"timestamp":"2025-06-06T17:28:40.064878","level":"info","event":"Filling up the DagBag from /opt/airflow/dags/projeto_airflow/projeto_airflow.py","logger":"airflow.models.dagbag.DagBag"}
{"timestamp":"2025-06-06T17:29:11.419355","level":"info","event":"Filling up the DagBag from /opt/airflow/dags/projeto_airflow/projeto_airflow.py","logger":"airflow.models.dagbag.DagBag"}
{"timestamp":"2025-06-06T17:29:42.632160","level":"info","event":"Filling up the DagBag from /opt/airflow/dags/projeto_airflow/projeto_airflow.py","logger":"airflow.models.dagbag.DagBag"}
{"timestamp":"2025-06-06T17:29:47.733925","level":"info","event":"Filling up the DagBag from /opt/airflow/dags/projeto_airflow/projeto_airflow.py","logger":"airflow.models.dagbag.DagBag"}
{"timestamp":"2025-06-06T17:29:48.146571","level":"warning","event":"invalid escape sequence '\\d'","category":"SyntaxWarning","filename":"/opt/airflow/dags/projeto_airflow/projeto_airflow.py","lineno":34,"logger":"py.warnings"}
{"timestamp":"2025-06-06T17:29:48.146670","level":"warning","event":"invalid escape sequence '\\D'","category":"SyntaxWarning","filename":"/opt/airflow/dags/projeto_airflow/projeto_airflow.py","lineno":42,"logger":"py.warnings"}
{"timestamp":"2025-06-06T17:30:16.025142","level":"info","event":"Filling up the DagBag from /opt/airflow/dags/projeto_airflow/projeto_airflow.py","logger":"airflow.models.dagbag.DagBag"}
{"timestamp":"2025-06-06T17:30:16.501589","level":"warning","event":"invalid escape sequence '\\d'","category":"SyntaxWarning","filename":"/opt/airflow/dags/projeto_airflow/projeto_airflow.py","lineno":34,"logger":"py.warnings"}
{"timestamp":"2025-06-06T17:30:16.501706","level":"warning","event":"invalid escape sequence '\\D'","category":"SyntaxWarning","filename":"/opt/airflow/dags/projeto_airflow/projeto_airflow.py","lineno":42,"logger":"py.warnings"}
{"timestamp":"2025-06-06T17:30:45.753017","level":"info","event":"Filling up the DagBag from /opt/airflow/dags/projeto_airflow/projeto_airflow.py","logger":"airflow.models.dagbag.DagBag"}
{"timestamp":"2025-06-06T17:30:46.205766","level":"warning","event":"invalid escape sequence '\\d'","category":"SyntaxWarning","filename":"/opt/airflow/dags/projeto_airflow/projeto_airflow.py","lineno":34,"logger":"py.warnings"}
{"timestamp":"2025-06-06T17:30:46.205869","level":"warning","event":"invalid escape sequence '\\D'","category":"SyntaxWarning","filename":"/opt/airflow/dags/projeto_airflow/projeto_airflow.py","lineno":42,"logger":"py.warnings"}
{"timestamp":"2025-06-06T17:30:49.780088","level":"info","event":"Filling up the DagBag from /opt/airflow/dags/projeto_airflow/projeto_airflow.py","logger":"airflow.models.dagbag.DagBag"}
{"timestamp":"2025-06-06T17:30:50.194523","level":"warning","event":"invalid escape sequence '\\d'","category":"SyntaxWarning","filename":"/opt/airflow/dags/projeto_airflow/projeto_airflow.py","lineno":34,"logger":"py.warnings"}
{"timestamp":"2025-06-06T17:30:50.194645","level":"warning","event":"invalid escape sequence '\\D'","category":"SyntaxWarning","filename":"/opt/airflow/dags/projeto_airflow/projeto_airflow.py","lineno":42,"logger":"py.warnings"}
{"timestamp":"2025-06-06T17:31:21.108581","level":"info","event":"Filling up the DagBag from /opt/airflow/dags/projeto_airflow/projeto_airflow.py","logger":"airflow.models.dagbag.DagBag"}
{"timestamp":"2025-06-06T17:31:52.495530","level":"info","event":"Filling up the DagBag from /opt/airflow/dags/projeto_airflow/projeto_airflow.py","logger":"airflow.models.dagbag.DagBag"}
{"timestamp":"2025-06-06T17:31:54.236198","level":"info","event":"Filling up the DagBag from /opt/airflow/dags/projeto_airflow/projeto_airflow.py","logger":"airflow.models.dagbag.DagBag"}
{"timestamp":"2025-06-06T17:31:54.754755","level":"warning","event":"invalid escape sequence '\\d'","category":"SyntaxWarning","filename":"/opt/airflow/dags/projeto_airflow/projeto_airflow.py","lineno":34,"logger":"py.warnings"}
{"timestamp":"2025-06-06T17:31:54.756096","level":"warning","event":"invalid escape sequence '\\D'","category":"SyntaxWarning","filename":"/opt/airflow/dags/projeto_airflow/projeto_airflow.py","lineno":40,"logger":"py.warnings"}
{"timestamp":"2025-06-06T17:32:08.922616","level":"info","event":"Filling up the DagBag from /opt/airflow/dags/projeto_airflow/projeto_airflow.py","logger":"airflow.models.dagbag.DagBag"}
{"timestamp":"2025-06-06T17:32:08.925320","level":"error","event":"Failed to import: /opt/airflow/dags/projeto_airflow/projeto_airflow.py","logger":"airflow.models.dagbag.DagBag","error_detail":[{"exc_type":"SyntaxError","exc_value":"unterminated triple-quoted string literal (detected at line 120) (projeto_airflow.py, line 115)","exc_notes":[],"syntax_error":{"offset":6,"filename":"/opt/airflow/dags/projeto_airflow/projeto_airflow.py","line":"    )\"\"\"","lineno":115,"msg":"unterminated triple-quoted string literal (detected at line 120)"},"is_cause":false,"frames":[{"filename":"/home/airflow/.local/lib/python3.12/site-packages/airflow/models/dagbag.py","lineno":382,"name":"parse"},{"filename":"<frozen importlib._bootstrap_external>","lineno":995,"name":"exec_module"},{"filename":"<frozen importlib._bootstrap_external>","lineno":1133,"name":"get_code"},{"filename":"<frozen importlib._bootstrap_external>","lineno":1063,"name":"source_to_code"},{"filename":"<frozen importlib._bootstrap>","lineno":488,"name":"_call_with_frames_removed"}]}]}
{"timestamp":"2025-06-06T17:32:08.925942","level":"warning","event":"invalid escape sequence '\\d'","category":"SyntaxWarning","filename":"/opt/airflow/dags/projeto_airflow/projeto_airflow.py","lineno":34,"logger":"py.warnings"}
{"timestamp":"2025-06-06T17:32:08.926022","level":"warning","event":"invalid escape sequence '\\D'","category":"SyntaxWarning","filename":"/opt/airflow/dags/projeto_airflow/projeto_airflow.py","lineno":40,"logger":"py.warnings"}
{"timestamp":"2025-06-06T17:32:10.022706","level":"info","event":"Filling up the DagBag from /opt/airflow/dags/projeto_airflow/projeto_airflow.py","logger":"airflow.models.dagbag.DagBag"}
{"timestamp":"2025-06-06T17:32:10.025121","level":"error","event":"Failed to import: /opt/airflow/dags/projeto_airflow/projeto_airflow.py","logger":"airflow.models.dagbag.DagBag","error_detail":[{"exc_type":"SyntaxError","exc_value":"unterminated triple-quoted string literal (detected at line 120) (projeto_airflow.py, line 115)","exc_notes":[],"syntax_error":{"offset":6,"filename":"/opt/airflow/dags/projeto_airflow/projeto_airflow.py","line":"    )\"\"\"","lineno":115,"msg":"unterminated triple-quoted string literal (detected at line 120)"},"is_cause":false,"frames":[{"filename":"/home/airflow/.local/lib/python3.12/site-packages/airflow/models/dagbag.py","lineno":382,"name":"parse"},{"filename":"<frozen importlib._bootstrap_external>","lineno":995,"name":"exec_module"},{"filename":"<frozen importlib._bootstrap_external>","lineno":1133,"name":"get_code"},{"filename":"<frozen importlib._bootstrap_external>","lineno":1063,"name":"source_to_code"},{"filename":"<frozen importlib._bootstrap>","lineno":488,"name":"_call_with_frames_removed"}]}]}
{"timestamp":"2025-06-06T17:32:10.025941","level":"warning","event":"invalid escape sequence '\\d'","category":"SyntaxWarning","filename":"/opt/airflow/dags/projeto_airflow/projeto_airflow.py","lineno":34,"logger":"py.warnings"}
{"timestamp":"2025-06-06T17:32:10.026064","level":"warning","event":"invalid escape sequence '\\D'","category":"SyntaxWarning","filename":"/opt/airflow/dags/projeto_airflow/projeto_airflow.py","lineno":40,"logger":"py.warnings"}
{"timestamp":"2025-06-06T17:32:11.095737","level":"info","event":"Filling up the DagBag from /opt/airflow/dags/projeto_airflow/projeto_airflow.py","logger":"airflow.models.dagbag.DagBag"}
{"timestamp":"2025-06-06T17:32:11.097653","level":"error","event":"Failed to import: /opt/airflow/dags/projeto_airflow/projeto_airflow.py","logger":"airflow.models.dagbag.DagBag","error_detail":[{"exc_type":"SyntaxError","exc_value":"unterminated string literal (detected at line 115) (projeto_airflow.py, line 115)","exc_notes":[],"syntax_error":{"offset":6,"filename":"/opt/airflow/dags/projeto_airflow/projeto_airflow.py","line":"    )\"","lineno":115,"msg":"unterminated string literal (detected at line 115)"},"is_cause":false,"frames":[{"filename":"/home/airflow/.local/lib/python3.12/site-packages/airflow/models/dagbag.py","lineno":382,"name":"parse"},{"filename":"<frozen importlib._bootstrap_external>","lineno":995,"name":"exec_module"},{"filename":"<frozen importlib._bootstrap_external>","lineno":1133,"name":"get_code"},{"filename":"<frozen importlib._bootstrap_external>","lineno":1063,"name":"source_to_code"},{"filename":"<frozen importlib._bootstrap>","lineno":488,"name":"_call_with_frames_removed"}]}]}
{"timestamp":"2025-06-06T17:32:11.098375","level":"warning","event":"invalid escape sequence '\\d'","category":"SyntaxWarning","filename":"/opt/airflow/dags/projeto_airflow/projeto_airflow.py","lineno":34,"logger":"py.warnings"}
{"timestamp":"2025-06-06T17:32:11.098481","level":"warning","event":"invalid escape sequence '\\D'","category":"SyntaxWarning","filename":"/opt/airflow/dags/projeto_airflow/projeto_airflow.py","lineno":40,"logger":"py.warnings"}
{"timestamp":"2025-06-06T17:32:12.168452","level":"info","event":"Filling up the DagBag from /opt/airflow/dags/projeto_airflow/projeto_airflow.py","logger":"airflow.models.dagbag.DagBag"}
{"timestamp":"2025-06-06T17:32:12.784409","level":"warning","event":"invalid escape sequence '\\d'","category":"SyntaxWarning","filename":"/opt/airflow/dags/projeto_airflow/projeto_airflow.py","lineno":34,"logger":"py.warnings"}
{"timestamp":"2025-06-06T17:32:12.784530","level":"warning","event":"invalid escape sequence '\\D'","category":"SyntaxWarning","filename":"/opt/airflow/dags/projeto_airflow/projeto_airflow.py","lineno":40,"logger":"py.warnings"}
{"timestamp":"2025-06-06T17:32:13.880152","level":"info","event":"Filling up the DagBag from /opt/airflow/dags/projeto_airflow/projeto_airflow.py","logger":"airflow.models.dagbag.DagBag"}
{"timestamp":"2025-06-06T17:32:14.497561","level":"warning","event":"invalid escape sequence '\\d'","category":"SyntaxWarning","filename":"/opt/airflow/dags/projeto_airflow/projeto_airflow.py","lineno":34,"logger":"py.warnings"}
{"timestamp":"2025-06-06T17:32:14.497669","level":"warning","event":"invalid escape sequence '\\D'","category":"SyntaxWarning","filename":"/opt/airflow/dags/projeto_airflow/projeto_airflow.py","lineno":40,"logger":"py.warnings"}
{"timestamp":"2025-06-06T17:32:16.567496","level":"info","event":"Filling up the DagBag from /opt/airflow/dags/projeto_airflow/projeto_airflow.py","logger":"airflow.models.dagbag.DagBag"}
{"timestamp":"2025-06-06T17:32:17.135544","level":"warning","event":"invalid escape sequence '\\d'","category":"SyntaxWarning","filename":"/opt/airflow/dags/projeto_airflow/projeto_airflow.py","lineno":34,"logger":"py.warnings"}
{"timestamp":"2025-06-06T17:32:17.135658","level":"warning","event":"invalid escape sequence '\\D'","category":"SyntaxWarning","filename":"/opt/airflow/dags/projeto_airflow/projeto_airflow.py","lineno":40,"logger":"py.warnings"}
{"timestamp":"2025-06-06T17:32:48.030160","level":"info","event":"Filling up the DagBag from /opt/airflow/dags/projeto_airflow/projeto_airflow.py","logger":"airflow.models.dagbag.DagBag"}
{"timestamp":"2025-06-06T17:33:18.972645","level":"info","event":"Filling up the DagBag from /opt/airflow/dags/projeto_airflow/projeto_airflow.py","logger":"airflow.models.dagbag.DagBag"}
{"timestamp":"2025-06-06T17:33:50.479431","level":"info","event":"Filling up the DagBag from /opt/airflow/dags/projeto_airflow/projeto_airflow.py","logger":"airflow.models.dagbag.DagBag"}
{"timestamp":"2025-06-06T17:34:21.920546","level":"info","event":"Filling up the DagBag from /opt/airflow/dags/projeto_airflow/projeto_airflow.py","logger":"airflow.models.dagbag.DagBag"}
{"timestamp":"2025-06-06T17:34:53.439900","level":"info","event":"Filling up the DagBag from /opt/airflow/dags/projeto_airflow/projeto_airflow.py","logger":"airflow.models.dagbag.DagBag"}
{"timestamp":"2025-06-06T17:35:25.021641","level":"info","event":"Filling up the DagBag from /opt/airflow/dags/projeto_airflow/projeto_airflow.py","logger":"airflow.models.dagbag.DagBag"}
{"timestamp":"2025-06-06T17:35:56.528781","level":"info","event":"Filling up the DagBag from /opt/airflow/dags/projeto_airflow/projeto_airflow.py","logger":"airflow.models.dagbag.DagBag"}
{"timestamp":"2025-06-06T17:36:28.092930","level":"info","event":"Filling up the DagBag from /opt/airflow/dags/projeto_airflow/projeto_airflow.py","logger":"airflow.models.dagbag.DagBag"}
{"timestamp":"2025-06-06T17:36:59.637812","level":"info","event":"Filling up the DagBag from /opt/airflow/dags/projeto_airflow/projeto_airflow.py","logger":"airflow.models.dagbag.DagBag"}
{"timestamp":"2025-06-06T17:37:31.134558","level":"info","event":"Filling up the DagBag from /opt/airflow/dags/projeto_airflow/projeto_airflow.py","logger":"airflow.models.dagbag.DagBag"}
{"timestamp":"2025-06-06T17:38:02.628240","level":"info","event":"Filling up the DagBag from /opt/airflow/dags/projeto_airflow/projeto_airflow.py","logger":"airflow.models.dagbag.DagBag"}
{"timestamp":"2025-06-06T17:38:34.115817","level":"info","event":"Filling up the DagBag from /opt/airflow/dags/projeto_airflow/projeto_airflow.py","logger":"airflow.models.dagbag.DagBag"}
{"timestamp":"2025-06-06T17:39:05.619933","level":"info","event":"Filling up the DagBag from /opt/airflow/dags/projeto_airflow/projeto_airflow.py","logger":"airflow.models.dagbag.DagBag"}
{"timestamp":"2025-06-06T17:39:37.082167","level":"info","event":"Filling up the DagBag from /opt/airflow/dags/projeto_airflow/projeto_airflow.py","logger":"airflow.models.dagbag.DagBag"}
{"timestamp":"2025-06-06T17:40:08.450753","level":"info","event":"Filling up the DagBag from /opt/airflow/dags/projeto_airflow/projeto_airflow.py","logger":"airflow.models.dagbag.DagBag"}
{"timestamp":"2025-06-06T17:40:39.905537","level":"info","event":"Filling up the DagBag from /opt/airflow/dags/projeto_airflow/projeto_airflow.py","logger":"airflow.models.dagbag.DagBag"}
{"timestamp":"2025-06-06T17:41:11.348867","level":"info","event":"Filling up the DagBag from /opt/airflow/dags/projeto_airflow/projeto_airflow.py","logger":"airflow.models.dagbag.DagBag"}
{"timestamp":"2025-06-06T17:41:42.777218","level":"info","event":"Filling up the DagBag from /opt/airflow/dags/projeto_airflow/projeto_airflow.py","logger":"airflow.models.dagbag.DagBag"}
{"timestamp":"2025-06-06T17:42:14.199853","level":"info","event":"Filling up the DagBag from /opt/airflow/dags/projeto_airflow/projeto_airflow.py","logger":"airflow.models.dagbag.DagBag"}
{"timestamp":"2025-06-06T17:42:45.653735","level":"info","event":"Filling up the DagBag from /opt/airflow/dags/projeto_airflow/projeto_airflow.py","logger":"airflow.models.dagbag.DagBag"}
