{"timestamp":"2025-05-31T17:24:17.859094","level":"info","event":"DAG bundles loaded: dags-folder","logger":"airflow.dag_processing.bundles.manager.DagBundlesManager"}
{"timestamp":"2025-05-31T17:24:17.859582","level":"info","event":"Filling up the DagBag from /opt/airflow/dags/projeto1/projeto1.py","logger":"airflow.models.dagbag.DagBag"}
{"timestamp":"2025-05-31T17:24:18.240837Z","level":"error","event":"WARNING: Using incubator modules: jdk.incubator.vector","chan":"stderr","logger":"task"}
{"timestamp":"2025-05-31T17:24:19.457510Z","level":"error","event":"Using Spark's default log4j profile: org/apache/spark/log4j2-defaults.properties","chan":"stderr","logger":"task"}
{"timestamp":"2025-05-31T17:24:19.457758Z","level":"error","event":"Setting default log level to \"WARN\".","chan":"stderr","logger":"task"}
{"timestamp":"2025-05-31T17:24:19.457865Z","level":"error","event":"To adjust logging level use sc.setLogLevel(newLevel). For SparkR, use setLogLevel(newLevel).","chan":"stderr","logger":"task"}
{"timestamp":"2025-05-31T17:24:20.189993Z","level":"error","event":"25/05/31 17:24:20 WARN NativeCodeLoader: Unable to load native-hadoop library for your platform... using builtin-java classes where applicable","chan":"stderr","logger":"task"}
{"timestamp":"2025-05-31T17:24:25.526891Z","level":"info","event":"+----+------+-------+-----------------+----------+","chan":"stdout","logger":"task"}
{"timestamp":"2025-05-31T17:24:25.527090Z","level":"info","event":"|  ID|  Name|    Age|            Email|  JoinDate|","chan":"stdout","logger":"task"}
{"timestamp":"2025-05-31T17:24:25.527165Z","level":"info","event":"+----+------+-------+-----------------+----------+","chan":"stdout","logger":"task"}
{"timestamp":"2025-05-31T17:24:25.527237Z","level":"info","event":"|   0|  NULL|     52|   grace@mail.com|2023-05-11|","chan":"stdout","logger":"task"}
{"timestamp":"2025-05-31T17:24:25.527302Z","level":"info","event":"|ID_1|   Ian|unknown|     bob@mail.com|2022-06-18|","chan":"stdout","logger":"task"}
{"timestamp":"2025-05-31T17:24:25.527377Z","level":"info","event":"|   2|  Dana|     41|grace@example.com|2020-01-17|","chan":"stdout","logger":"task"}
{"timestamp":"2025-05-31T17:24:25.527450Z","level":"info","event":"|   3| Frank|     38| charlie@test.org|2022-07-24|","chan":"stdout","logger":"task"}
{"timestamp":"2025-05-31T17:24:25.527515Z","level":"info","event":"|   4|Hannah|     57|     eli@mail.com|2022-05-30|","chan":"stdout","logger":"task"}
{"timestamp":"2025-05-31T17:24:25.527578Z","level":"info","event":"+----+------+-------+-----------------+----------+","chan":"stdout","logger":"task"}
{"timestamp":"2025-05-31T17:24:25.527640Z","level":"info","event":"only showing top 5 rows","chan":"stdout","logger":"task"}
{"timestamp":"2025-05-31T17:24:25.528915Z","level":"info","event":"root","chan":"stdout","logger":"task"}
{"timestamp":"2025-05-31T17:24:25.529092Z","level":"info","event":" |-- ID: string (nullable = true)","chan":"stdout","logger":"task"}
{"timestamp":"2025-05-31T17:24:25.529170Z","level":"info","event":" |-- Name: string (nullable = true)","chan":"stdout","logger":"task"}
{"timestamp":"2025-05-31T17:24:25.529231Z","level":"info","event":" |-- Age: string (nullable = true)","chan":"stdout","logger":"task"}
{"timestamp":"2025-05-31T17:24:25.529290Z","level":"info","event":" |-- Email: string (nullable = true)","chan":"stdout","logger":"task"}
{"timestamp":"2025-05-31T17:24:25.529349Z","level":"info","event":" |-- JoinDate: string (nullable = true)","chan":"stdout","logger":"task"}
{"timestamp":"2025-05-31T17:24:25.529409Z","level":"info","event":"","chan":"stdout","logger":"task"}
{"timestamp":"2025-05-31T17:24:26.040927Z","level":"info","event":"ID 0","chan":"stdout","logger":"task"}
{"timestamp":"2025-05-31T17:24:26.204095Z","level":"info","event":"Name 10","chan":"stdout","logger":"task"}
{"timestamp":"2025-05-31T17:24:26.369625Z","level":"info","event":"Age 8","chan":"stdout","logger":"task"}
{"timestamp":"2025-05-31T17:24:26.514634Z","level":"info","event":"Email 16","chan":"stdout","logger":"task"}
{"timestamp":"2025-05-31T17:24:26.658379Z","level":"info","event":"JoinDate 5","chan":"stdout","logger":"task"}
{"timestamp":"2025-05-31T17:24:26.659029","level":"info","event":"Done. Returned value was: None","logger":"airflow.task.operators.airflow.providers.standard.operators.python.PythonOperator"}
