{"timestamp":"2025-05-31T21:20:04.952039","level":"info","event":"DAG bundles loaded: dags-folder","logger":"airflow.dag_processing.bundles.manager.DagBundlesManager"}
{"timestamp":"2025-05-31T21:20:04.952543","level":"info","event":"Filling up the DagBag from /opt/airflow/dags/projeto1/projeto1.py","logger":"airflow.models.dagbag.DagBag"}
{"timestamp":"2025-05-31T21:20:06.364557Z","level":"error","event":"WARNING: Using incubator modules: jdk.incubator.vector","chan":"stderr","logger":"task"}
{"timestamp":"2025-05-31T21:20:06.979597Z","level":"error","event":"Using Spark's default log4j profile: org/apache/spark/log4j2-defaults.properties","chan":"stderr","logger":"task"}
{"timestamp":"2025-05-31T21:20:06.980005Z","level":"error","event":"Setting default log level to \"WARN\".","chan":"stderr","logger":"task"}
{"timestamp":"2025-05-31T21:20:06.980218Z","level":"error","event":"To adjust logging level use sc.setLogLevel(newLevel). For SparkR, use setLogLevel(newLevel).","chan":"stderr","logger":"task"}
{"timestamp":"2025-05-31T21:20:08.630634Z","level":"error","event":"25/05/31 21:20:08 WARN NativeCodeLoader: Unable to load native-hadoop library for your platform... using builtin-java classes where applicable","chan":"stderr","logger":"task"}
{"timestamp":"2025-05-31T21:20:14.247233Z","level":"info","event":"Row(ID='0', Age='52', Email='grace@mail.com', JoinDate='2023-05-11')","chan":"stdout","logger":"task"}
{"timestamp":"2025-05-31T21:20:14.247388Z","level":"info","event":"Row(ID='ID_1', Age='unknown', Email='bob@mail.com', JoinDate='2022-06-18')","chan":"stdout","logger":"task"}
{"timestamp":"2025-05-31T21:20:14.247459Z","level":"info","event":"Row(ID='2', Age='41', Email='grace@example.com', JoinDate='2020-01-17')","chan":"stdout","logger":"task"}
{"timestamp":"2025-05-31T21:20:14.247528Z","level":"info","event":"Row(ID='3', Age='38', Email='charlie@test.org', JoinDate='2022-07-24')","chan":"stdout","logger":"task"}
{"timestamp":"2025-05-31T21:20:14.247622Z","level":"info","event":"Row(ID='4', Age='57', Email='eli@mail.com', JoinDate='2022-05-30')","chan":"stdout","logger":"task"}
{"timestamp":"2025-05-31T21:20:14.247708Z","level":"info","event":"Row(ID='ID_5', Age='20', Email='grace@mail.com', JoinDate='2022-12-12')","chan":"stdout","logger":"task"}
{"timestamp":"2025-05-31T21:20:14.247766Z","level":"info","event":"Row(ID='7', Age='45', Email='ian@test.org', JoinDate='not_a_date')","chan":"stdout","logger":"task"}
{"timestamp":"2025-05-31T21:20:14.247819Z","level":"info","event":"Row(ID='8', Age='68', Email='grace@test.org', JoinDate='2023-06-14')","chan":"stdout","logger":"task"}
{"timestamp":"2025-05-31T21:20:14.247871Z","level":"info","event":"Row(ID='9', Age='55', Email='eli@test.org', JoinDate='2020-08-25')","chan":"stdout","logger":"task"}
{"timestamp":"2025-05-31T21:20:14.247922Z","level":"info","event":"Row(ID='11', Age='19', Email='charlie@mail.com', JoinDate='not_a_date')","chan":"stdout","logger":"task"}
{"timestamp":"2025-05-31T21:20:14.247973Z","level":"info","event":"Row(ID='12', Age='27', Email='ian@example.com', JoinDate='2021-06-02')","chan":"stdout","logger":"task"}
{"timestamp":"2025-05-31T21:20:14.248024Z","level":"info","event":"Row(ID='13', Age='43', Email='bob@example.com', JoinDate='2022-01-11')","chan":"stdout","logger":"task"}
{"timestamp":"2025-05-31T21:20:14.248075Z","level":"info","event":"Row(ID='16', Age='27', Email='ian@test.org', JoinDate='2021/12/01')","chan":"stdout","logger":"task"}
{"timestamp":"2025-05-31T21:20:14.248242Z","level":"info","event":"Row(ID='17', Age='26', Email='grace@mail.com', JoinDate='2023-01-18')","chan":"stdout","logger":"task"}
{"timestamp":"2025-05-31T21:20:14.248308Z","level":"info","event":"Row(ID='18', Age='38', Email='grace@example.com', JoinDate='2022-12-02')","chan":"stdout","logger":"task"}
{"timestamp":"2025-05-31T21:20:14.248363Z","level":"info","event":"Row(ID='19', Age='58', Email='frank@test.org', JoinDate='2022-05-18')","chan":"stdout","logger":"task"}
{"timestamp":"2025-05-31T21:20:14.248417Z","level":"info","event":"Row(ID='21', Age='70', Email='frank@example.com', JoinDate='2021-01-24')","chan":"stdout","logger":"task"}
{"timestamp":"2025-05-31T21:20:14.248488Z","level":"info","event":"Row(ID='22', Age='20', Email='ian@mail.com', JoinDate='2020-06-25')","chan":"stdout","logger":"task"}
{"timestamp":"2025-05-31T21:20:14.248541Z","level":"info","event":"Row(ID='23', Age='unknown', Email='user[at]example.com', JoinDate='2023-04-11')","chan":"stdout","logger":"task"}
{"timestamp":"2025-05-31T21:20:14.248592Z","level":"info","event":"Row(ID='24', Age='26', Email='frank@example.com', JoinDate='2023-10-26')","chan":"stdout","logger":"task"}
{"timestamp":"2025-05-31T21:20:14.248668Z","level":"info","event":"Row(ID='25', Age='37', Email='user[at]example.com', JoinDate='2023-12-27')","chan":"stdout","logger":"task"}
{"timestamp":"2025-05-31T21:20:14.248712Z","level":"info","event":"Row(ID='26', Age='58', Email='user[at]mail.com', JoinDate='2021-05-25')","chan":"stdout","logger":"task"}
{"timestamp":"2025-05-31T21:20:14.248748Z","level":"info","event":"Row(ID='27', Age='36', Email='hannah@test.org', JoinDate='2020-06-23')","chan":"stdout","logger":"task"}
{"timestamp":"2025-05-31T21:20:14.248781Z","level":"info","event":"Row(ID='28', Age='51', Email='user[at]test.org', JoinDate='2021/12/01')","chan":"stdout","logger":"task"}
{"timestamp":"2025-05-31T21:20:14.248815Z","level":"info","event":"Row(ID='30', Age='40', Email='eli@mail.com', JoinDate='2023-06-05')","chan":"stdout","logger":"task"}
{"timestamp":"2025-05-31T21:20:14.248850Z","level":"info","event":"Row(ID='32', Age='65', Email='dana@mail.com', JoinDate='not_a_date')","chan":"stdout","logger":"task"}
{"timestamp":"2025-05-31T21:20:14.248884Z","level":"info","event":"Row(ID='33', Age='64', Email='grace@example.com', JoinDate='2021-07-11')","chan":"stdout","logger":"task"}
{"timestamp":"2025-05-31T21:20:14.248917Z","level":"info","event":"Row(ID='35', Age='43', Email='bob@test.org', JoinDate='2021-03-24')","chan":"stdout","logger":"task"}
{"timestamp":"2025-05-31T21:20:14.248951Z","level":"info","event":"Row(ID='36', Age='59', Email='hannah@example.com', JoinDate='2020-10-27')","chan":"stdout","logger":"task"}
{"timestamp":"2025-05-31T21:20:14.248984Z","level":"info","event":"Row(ID='38', Age='35', Email='ian@example.com', JoinDate='2022-02-12')","chan":"stdout","logger":"task"}
{"timestamp":"2025-05-31T21:20:14.249018Z","level":"info","event":"Row(ID='39', Age='63', Email='bob@example.com', JoinDate='2020-12-07')","chan":"stdout","logger":"task"}
{"timestamp":"2025-05-31T21:20:14.249052Z","level":"info","event":"Row(ID='40', Age='30', Email='frank@example.com', JoinDate='2022-10-04')","chan":"stdout","logger":"task"}
{"timestamp":"2025-05-31T21:20:14.249086Z","level":"info","event":"Row(ID='41', Age='46', Email='eli@test.org', JoinDate='not_a_date')","chan":"stdout","logger":"task"}
{"timestamp":"2025-05-31T21:20:14.249119Z","level":"info","event":"Row(ID='42', Age='55', Email='eli@test.org', JoinDate='2021-09-14')","chan":"stdout","logger":"task"}
{"timestamp":"2025-05-31T21:20:14.249153Z","level":"info","event":"Row(ID='44', Age='42', Email='alice@test.org', JoinDate='2020-04-24')","chan":"stdout","logger":"task"}
{"timestamp":"2025-05-31T21:20:14.249187Z","level":"info","event":"Row(ID='46', Age='36', Email='hannah@test.org', JoinDate='2022-12-25')","chan":"stdout","logger":"task"}
{"timestamp":"2025-05-31T21:20:14.249234Z","level":"info","event":"Row(ID='49', Age='46', Email='alice@test.org', JoinDate='2022-12-15')","chan":"stdout","logger":"task"}
{"timestamp":"2025-05-31T21:20:14.249287Z","level":"info","event":"Row(ID='50', Age='27', Email='eli@mail.com', JoinDate='2020-09-12')","chan":"stdout","logger":"task"}
{"timestamp":"2025-05-31T21:20:14.249325Z","level":"info","event":"Row(ID='51', Age='22', Email='grace@mail.com', JoinDate='2022-07-04')","chan":"stdout","logger":"task"}
{"timestamp":"2025-05-31T21:20:14.249359Z","level":"info","event":"Row(ID='52', Age='29', Email='grace@example.com', JoinDate='2021-07-10')","chan":"stdout","logger":"task"}
{"timestamp":"2025-05-31T21:20:14.249393Z","level":"info","event":"Row(ID='53', Age='30', Email='ian@example.com', JoinDate='2022-10-07')","chan":"stdout","logger":"task"}
{"timestamp":"2025-05-31T21:20:14.249439Z","level":"info","event":"Row(ID='54', Age='52', Email='grace@test.org', JoinDate='2020-08-17')","chan":"stdout","logger":"task"}
{"timestamp":"2025-05-31T21:20:14.249474Z","level":"info","event":"Row(ID='55', Age='32', Email='alice@example.com', JoinDate='2021-10-26')","chan":"stdout","logger":"task"}
{"timestamp":"2025-05-31T21:20:14.249508Z","level":"info","event":"Row(ID='56', Age='57', Email='bob@mail.com', JoinDate='2021-08-28')","chan":"stdout","logger":"task"}
{"timestamp":"2025-05-31T21:20:14.249542Z","level":"info","event":"Row(ID='58', Age='47', Email='charlie@example.com', JoinDate='2020-10-10')","chan":"stdout","logger":"task"}
{"timestamp":"2025-05-31T21:20:14.249575Z","level":"info","event":"Row(ID='59', Age='64', Email='hannah@mail.com', JoinDate='2022-06-11')","chan":"stdout","logger":"task"}
{"timestamp":"2025-05-31T21:20:14.249629Z","level":"info","event":"Row(ID='64', Age='51', Email='eli@mail.com', JoinDate='2023-03-15')","chan":"stdout","logger":"task"}
{"timestamp":"2025-05-31T21:20:14.249664Z","level":"info","event":"Row(ID='66', Age='53', Email='alice@mail.com', JoinDate='2022-04-13')","chan":"stdout","logger":"task"}
{"timestamp":"2025-05-31T21:20:14.249702Z","level":"info","event":"Row(ID='67', Age='56', Email='dana@mail.com', JoinDate='2023-01-10')","chan":"stdout","logger":"task"}
{"timestamp":"2025-05-31T21:20:14.249736Z","level":"info","event":"Row(ID='ID_68', Age='59', Email='eli@mail.com', JoinDate='2023-10-15')","chan":"stdout","logger":"task"}
{"timestamp":"2025-05-31T21:20:14.249783Z","level":"info","event":"Row(ID='69', Age='26', Email='eli@example.com', JoinDate='2021/12/01')","chan":"stdout","logger":"task"}
{"timestamp":"2025-05-31T21:20:14.249822Z","level":"info","event":"Row(ID='70', Age='44', Email='grace@example.com', JoinDate='2022-12-09')","chan":"stdout","logger":"task"}
{"timestamp":"2025-05-31T21:20:14.249871Z","level":"info","event":"Row(ID='71', Age='38', Email='grace@example.com', JoinDate='not_a_date')","chan":"stdout","logger":"task"}
{"timestamp":"2025-05-31T21:20:14.249909Z","level":"info","event":"Row(ID='72', Age='43', Email='ian@test.org', JoinDate='2023-05-10')","chan":"stdout","logger":"task"}
{"timestamp":"2025-05-31T21:20:14.249943Z","level":"info","event":"Row(ID='73', Age='47', Email='grace@test.org', JoinDate='2020-05-18')","chan":"stdout","logger":"task"}
{"timestamp":"2025-05-31T21:20:14.249987Z","level":"info","event":"Row(ID='74', Age='unknown', Email='charlie@example.com', JoinDate='2022-03-28')","chan":"stdout","logger":"task"}
{"timestamp":"2025-05-31T21:20:14.250023Z","level":"info","event":"Row(ID='75', Age='42', Email='ian@mail.com', JoinDate='2023-10-15')","chan":"stdout","logger":"task"}
{"timestamp":"2025-05-31T21:20:14.250058Z","level":"info","event":"Row(ID='76', Age='unknown', Email='ian@mail.com', JoinDate='2020-05-24')","chan":"stdout","logger":"task"}
{"timestamp":"2025-05-31T21:20:14.250092Z","level":"info","event":"Row(ID='77', Age='56', Email='hannah@test.org', JoinDate='2022-06-15')","chan":"stdout","logger":"task"}
{"timestamp":"2025-05-31T21:20:14.250125Z","level":"info","event":"Row(ID='78', Age='46', Email='hannah@test.org', JoinDate='2022-08-21')","chan":"stdout","logger":"task"}
{"timestamp":"2025-05-31T21:20:14.250159Z","level":"info","event":"Row(ID='81', Age='54', Email='dana@example.com', JoinDate='2021-04-23')","chan":"stdout","logger":"task"}
{"timestamp":"2025-05-31T21:20:14.250194Z","level":"info","event":"Row(ID='82', Age='54', Email='user[at]test.org', JoinDate='2020-06-28')","chan":"stdout","logger":"task"}
{"timestamp":"2025-05-31T21:20:14.250228Z","level":"info","event":"Row(ID='83', Age='38', Email='user[at]mail.com', JoinDate='2022-07-01')","chan":"stdout","logger":"task"}
{"timestamp":"2025-05-31T21:20:14.250266Z","level":"info","event":"Row(ID='84', Age='40', Email='user[at]mail.com', JoinDate='2020-08-18')","chan":"stdout","logger":"task"}
{"timestamp":"2025-05-31T21:20:14.250310Z","level":"info","event":"Row(ID='85', Age='44', Email='dana@test.org', JoinDate='not_a_date')","chan":"stdout","logger":"task"}
{"timestamp":"2025-05-31T21:20:14.250363Z","level":"info","event":"Row(ID='88', Age='39', Email='bob@test.org', JoinDate='not_a_date')","chan":"stdout","logger":"task"}
{"timestamp":"2025-05-31T21:20:14.250398Z","level":"info","event":"Row(ID='89', Age='42', Email='hannah@mail.com', JoinDate='2021-07-27')","chan":"stdout","logger":"task"}
{"timestamp":"2025-05-31T21:20:14.250431Z","level":"info","event":"Row(ID='90', Age='53', Email='grace@mail.com', JoinDate='2020-02-16')","chan":"stdout","logger":"task"}
{"timestamp":"2025-05-31T21:20:14.250464Z","level":"info","event":"Row(ID='94', Age='23', Email='jill@mail.com', JoinDate='2023-03-09')","chan":"stdout","logger":"task"}
{"timestamp":"2025-05-31T21:20:14.250498Z","level":"info","event":"Row(ID='95', Age='64', Email='grace@mail.com', JoinDate='2021-04-30')","chan":"stdout","logger":"task"}
{"timestamp":"2025-05-31T21:20:14.250583Z","level":"info","event":"Row(ID='96', Age='30', Email='eli@test.org', JoinDate='2022-08-10')","chan":"stdout","logger":"task"}
{"timestamp":"2025-05-31T21:20:14.250647Z","level":"info","event":"Row(ID='99', Age='38', Email='ian@example.com', JoinDate='2021-02-23')","chan":"stdout","logger":"task"}
{"timestamp":"2025-05-31T21:20:14.249566","level":"error","event":"Task failed with exception","logger":"task","error_detail":[{"exc_type":"PySparkAttributeError","exc_value":"[ATTRIBUTE_NOT_SUPPORTED] Attribute `regexp_replace` is not supported.","exc_notes":[],"syntax_error":null,"is_cause":false,"frames":[{"filename":"/home/airflow/.local/lib/python3.12/site-packages/airflow/sdk/execution_time/task_runner.py","lineno":838,"name":"run"},{"filename":"/home/airflow/.local/lib/python3.12/site-packages/airflow/sdk/execution_time/task_runner.py","lineno":1130,"name":"_execute_task"},{"filename":"/home/airflow/.local/lib/python3.12/site-packages/airflow/sdk/bases/operator.py","lineno":408,"name":"wrapper"},{"filename":"/home/airflow/.local/lib/python3.12/site-packages/airflow/providers/standard/operators/python.py","lineno":212,"name":"execute"},{"filename":"/home/airflow/.local/lib/python3.12/site-packages/airflow/providers/standard/operators/python.py","lineno":235,"name":"execute_callable"},{"filename":"/home/airflow/.local/lib/python3.12/site-packages/airflow/sdk/execution_time/callback_runner.py","lineno":81,"name":"run"},{"filename":"/opt/airflow/dags/projeto1/projeto1.py","lineno":32,"name":"start_spark"},{"filename":"/home/airflow/.local/lib/python3.12/site-packages/pyspark/sql/classic/dataframe.py","lineno":971,"name":"__getattr__"}]}]}
