{"timestamp":"2025-05-31T21:21:14.926654","level":"info","event":"DAG bundles loaded: dags-folder","logger":"airflow.dag_processing.bundles.manager.DagBundlesManager"}
{"timestamp":"2025-05-31T21:21:14.927126","level":"info","event":"Filling up the DagBag from /opt/airflow/dags/projeto1/projeto1.py","logger":"airflow.models.dagbag.DagBag"}
{"timestamp":"2025-05-31T21:21:15.274486Z","level":"error","event":"WARNING: Using incubator modules: jdk.incubator.vector","chan":"stderr","logger":"task"}
{"timestamp":"2025-05-31T21:21:16.405817Z","level":"error","event":"Using Spark's default log4j profile: org/apache/spark/log4j2-defaults.properties","chan":"stderr","logger":"task"}
{"timestamp":"2025-05-31T21:21:16.406140Z","level":"error","event":"Setting default log level to \"WARN\".","chan":"stderr","logger":"task"}
{"timestamp":"2025-05-31T21:21:16.406269Z","level":"error","event":"To adjust logging level use sc.setLogLevel(newLevel). For SparkR, use setLogLevel(newLevel).","chan":"stderr","logger":"task"}
{"timestamp":"2025-05-31T21:21:17.021114Z","level":"error","event":"25/05/31 21:21:17 WARN NativeCodeLoader: Unable to load native-hadoop library for your platform... using builtin-java classes where applicable","chan":"stderr","logger":"task"}
{"timestamp":"2025-05-31T21:21:22.227928Z","level":"info","event":"52","chan":"stdout","logger":"task"}
{"timestamp":"2025-05-31T21:21:22.228055Z","level":"info","event":"unknown","chan":"stdout","logger":"task"}
{"timestamp":"2025-05-31T21:21:22.228098Z","level":"info","event":"41","chan":"stdout","logger":"task"}
{"timestamp":"2025-05-31T21:21:22.228146Z","level":"info","event":"38","chan":"stdout","logger":"task"}
{"timestamp":"2025-05-31T21:21:22.228200Z","level":"info","event":"57","chan":"stdout","logger":"task"}
{"timestamp":"2025-05-31T21:21:22.228251Z","level":"info","event":"20","chan":"stdout","logger":"task"}
{"timestamp":"2025-05-31T21:21:22.228301Z","level":"info","event":"45","chan":"stdout","logger":"task"}
{"timestamp":"2025-05-31T21:21:22.228352Z","level":"info","event":"68","chan":"stdout","logger":"task"}
{"timestamp":"2025-05-31T21:21:22.228402Z","level":"info","event":"55","chan":"stdout","logger":"task"}
{"timestamp":"2025-05-31T21:21:22.228456Z","level":"info","event":"19","chan":"stdout","logger":"task"}
{"timestamp":"2025-05-31T21:21:22.228511Z","level":"info","event":"27","chan":"stdout","logger":"task"}
{"timestamp":"2025-05-31T21:21:22.228565Z","level":"info","event":"43","chan":"stdout","logger":"task"}
{"timestamp":"2025-05-31T21:21:22.228643Z","level":"info","event":"27","chan":"stdout","logger":"task"}
{"timestamp":"2025-05-31T21:21:22.228684Z","level":"info","event":"26","chan":"stdout","logger":"task"}
{"timestamp":"2025-05-31T21:21:22.228733Z","level":"info","event":"38","chan":"stdout","logger":"task"}
{"timestamp":"2025-05-31T21:21:22.228790Z","level":"info","event":"58","chan":"stdout","logger":"task"}
{"timestamp":"2025-05-31T21:21:22.228841Z","level":"info","event":"70","chan":"stdout","logger":"task"}
{"timestamp":"2025-05-31T21:21:22.229003Z","level":"info","event":"20","chan":"stdout","logger":"task"}
{"timestamp":"2025-05-31T21:21:22.229072Z","level":"info","event":"unknown","chan":"stdout","logger":"task"}
{"timestamp":"2025-05-31T21:21:22.229135Z","level":"info","event":"26","chan":"stdout","logger":"task"}
{"timestamp":"2025-05-31T21:21:22.229201Z","level":"info","event":"37","chan":"stdout","logger":"task"}
{"timestamp":"2025-05-31T21:21:22.229261Z","level":"info","event":"58","chan":"stdout","logger":"task"}
{"timestamp":"2025-05-31T21:21:22.229319Z","level":"info","event":"36","chan":"stdout","logger":"task"}
{"timestamp":"2025-05-31T21:21:22.229388Z","level":"info","event":"51","chan":"stdout","logger":"task"}
{"timestamp":"2025-05-31T21:21:22.229448Z","level":"info","event":"40","chan":"stdout","logger":"task"}
{"timestamp":"2025-05-31T21:21:22.229501Z","level":"info","event":"65","chan":"stdout","logger":"task"}
{"timestamp":"2025-05-31T21:21:22.229556Z","level":"info","event":"64","chan":"stdout","logger":"task"}
{"timestamp":"2025-05-31T21:21:22.229596Z","level":"info","event":"43","chan":"stdout","logger":"task"}
{"timestamp":"2025-05-31T21:21:22.229676Z","level":"info","event":"59","chan":"stdout","logger":"task"}
{"timestamp":"2025-05-31T21:21:22.229714Z","level":"info","event":"35","chan":"stdout","logger":"task"}
{"timestamp":"2025-05-31T21:21:22.229747Z","level":"info","event":"63","chan":"stdout","logger":"task"}
{"timestamp":"2025-05-31T21:21:22.229781Z","level":"info","event":"30","chan":"stdout","logger":"task"}
{"timestamp":"2025-05-31T21:21:22.229814Z","level":"info","event":"46","chan":"stdout","logger":"task"}
{"timestamp":"2025-05-31T21:21:22.229847Z","level":"info","event":"55","chan":"stdout","logger":"task"}
{"timestamp":"2025-05-31T21:21:22.229881Z","level":"info","event":"42","chan":"stdout","logger":"task"}
{"timestamp":"2025-05-31T21:21:22.229914Z","level":"info","event":"36","chan":"stdout","logger":"task"}
{"timestamp":"2025-05-31T21:21:22.229947Z","level":"info","event":"46","chan":"stdout","logger":"task"}
{"timestamp":"2025-05-31T21:21:22.229980Z","level":"info","event":"27","chan":"stdout","logger":"task"}
{"timestamp":"2025-05-31T21:21:22.230014Z","level":"info","event":"22","chan":"stdout","logger":"task"}
{"timestamp":"2025-05-31T21:21:22.230047Z","level":"info","event":"29","chan":"stdout","logger":"task"}
{"timestamp":"2025-05-31T21:21:22.230080Z","level":"info","event":"30","chan":"stdout","logger":"task"}
{"timestamp":"2025-05-31T21:21:22.230113Z","level":"info","event":"52","chan":"stdout","logger":"task"}
{"timestamp":"2025-05-31T21:21:22.230146Z","level":"info","event":"32","chan":"stdout","logger":"task"}
{"timestamp":"2025-05-31T21:21:22.230179Z","level":"info","event":"57","chan":"stdout","logger":"task"}
{"timestamp":"2025-05-31T21:21:22.230212Z","level":"info","event":"47","chan":"stdout","logger":"task"}
{"timestamp":"2025-05-31T21:21:22.230245Z","level":"info","event":"64","chan":"stdout","logger":"task"}
{"timestamp":"2025-05-31T21:21:22.230278Z","level":"info","event":"51","chan":"stdout","logger":"task"}
{"timestamp":"2025-05-31T21:21:22.230311Z","level":"info","event":"53","chan":"stdout","logger":"task"}
{"timestamp":"2025-05-31T21:21:22.230343Z","level":"info","event":"56","chan":"stdout","logger":"task"}
{"timestamp":"2025-05-31T21:21:22.230376Z","level":"info","event":"59","chan":"stdout","logger":"task"}
{"timestamp":"2025-05-31T21:21:22.230409Z","level":"info","event":"26","chan":"stdout","logger":"task"}
{"timestamp":"2025-05-31T21:21:22.230441Z","level":"info","event":"44","chan":"stdout","logger":"task"}
{"timestamp":"2025-05-31T21:21:22.230474Z","level":"info","event":"38","chan":"stdout","logger":"task"}
{"timestamp":"2025-05-31T21:21:22.230507Z","level":"info","event":"43","chan":"stdout","logger":"task"}
{"timestamp":"2025-05-31T21:21:22.230539Z","level":"info","event":"47","chan":"stdout","logger":"task"}
{"timestamp":"2025-05-31T21:21:22.230574Z","level":"info","event":"unknown","chan":"stdout","logger":"task"}
{"timestamp":"2025-05-31T21:21:22.230631Z","level":"info","event":"42","chan":"stdout","logger":"task"}
{"timestamp":"2025-05-31T21:21:22.230666Z","level":"info","event":"unknown","chan":"stdout","logger":"task"}
{"timestamp":"2025-05-31T21:21:22.230700Z","level":"info","event":"56","chan":"stdout","logger":"task"}
{"timestamp":"2025-05-31T21:21:22.230734Z","level":"info","event":"46","chan":"stdout","logger":"task"}
{"timestamp":"2025-05-31T21:21:22.230767Z","level":"info","event":"54","chan":"stdout","logger":"task"}
{"timestamp":"2025-05-31T21:21:22.230800Z","level":"info","event":"54","chan":"stdout","logger":"task"}
{"timestamp":"2025-05-31T21:21:22.230833Z","level":"info","event":"38","chan":"stdout","logger":"task"}
{"timestamp":"2025-05-31T21:21:22.230867Z","level":"info","event":"40","chan":"stdout","logger":"task"}
{"timestamp":"2025-05-31T21:21:22.230900Z","level":"info","event":"44","chan":"stdout","logger":"task"}
{"timestamp":"2025-05-31T21:21:22.230932Z","level":"info","event":"39","chan":"stdout","logger":"task"}
{"timestamp":"2025-05-31T21:21:22.230965Z","level":"info","event":"42","chan":"stdout","logger":"task"}
{"timestamp":"2025-05-31T21:21:22.231012Z","level":"info","event":"53","chan":"stdout","logger":"task"}
{"timestamp":"2025-05-31T21:21:22.231046Z","level":"info","event":"23","chan":"stdout","logger":"task"}
{"timestamp":"2025-05-31T21:21:22.231079Z","level":"info","event":"64","chan":"stdout","logger":"task"}
{"timestamp":"2025-05-31T21:21:22.231112Z","level":"info","event":"30","chan":"stdout","logger":"task"}
{"timestamp":"2025-05-31T21:21:22.231145Z","level":"info","event":"38","chan":"stdout","logger":"task"}
{"timestamp":"2025-05-31T21:21:22.229958","level":"error","event":"Task failed with exception","logger":"task","error_detail":[{"exc_type":"PySparkAttributeError","exc_value":"[ATTRIBUTE_NOT_SUPPORTED] Attribute `regexp_replace` is not supported.","exc_notes":[],"syntax_error":null,"is_cause":false,"frames":[{"filename":"/home/airflow/.local/lib/python3.12/site-packages/airflow/sdk/execution_time/task_runner.py","lineno":838,"name":"run"},{"filename":"/home/airflow/.local/lib/python3.12/site-packages/airflow/sdk/execution_time/task_runner.py","lineno":1130,"name":"_execute_task"},{"filename":"/home/airflow/.local/lib/python3.12/site-packages/airflow/sdk/bases/operator.py","lineno":408,"name":"wrapper"},{"filename":"/home/airflow/.local/lib/python3.12/site-packages/airflow/providers/standard/operators/python.py","lineno":212,"name":"execute"},{"filename":"/home/airflow/.local/lib/python3.12/site-packages/airflow/providers/standard/operators/python.py","lineno":235,"name":"execute_callable"},{"filename":"/home/airflow/.local/lib/python3.12/site-packages/airflow/sdk/execution_time/callback_runner.py","lineno":81,"name":"run"},{"filename":"/opt/airflow/dags/projeto1/projeto1.py","lineno":33,"name":"start_spark"},{"filename":"/home/airflow/.local/lib/python3.12/site-packages/pyspark/sql/classic/dataframe.py","lineno":971,"name":"__getattr__"}]}]}
